2026-02-19 12:55:07,025 - root - INFO - ======================================================================
2026-02-19 12:55:07,026 - root - INFO - Logging initialized: D:\Projects\SIMBA-RUNBOOKS\FREIGHTINFO_MARAD_Runbook\logs\20260219_125506\freightinfo_marad_20260219_125506.log
2026-02-19 12:55:07,026 - root - INFO - ======================================================================
2026-02-19 12:55:07,027 - __main__ - INFO - ======================================================================
2026-02-19 12:55:07,027 - __main__ - INFO - STEP 1: Checking Master Data
2026-02-19 12:55:07,027 - __main__ - INFO - ======================================================================
2026-02-19 12:55:07,028 - parser - INFO - Loaded master: 52 data rows
2026-02-19 12:55:07,028 - parser - INFO -   Date range: 2025-01 to 2026-08
2026-02-19 12:55:07,028 - __main__ - INFO - Last week in master: 2026-08
2026-02-19 12:55:07,028 - __main__ - INFO - ======================================================================
2026-02-19 12:55:07,028 - __main__ - INFO - STEP 2: Fetching Week Mapping Data
2026-02-19 12:55:07,029 - __main__ - INFO - ======================================================================
2026-02-19 12:55:07,029 - scraper - INFO - Week mapping file not found, will fetch fresh data
2026-02-19 12:55:07,029 - scraper - INFO - Fetching week mapping data from epochconverter.com...
2026-02-19 12:55:07,029 - scraper - INFO -   Fetching week data for 2026: https://www.epochconverter.com/weeks/2026
2026-02-19 12:55:07,034 - urllib3.connectionpool - DEBUG - Starting new HTTPS connection (1): www.epochconverter.com:443
2026-02-19 12:55:08,471 - urllib3.connectionpool - DEBUG - https://www.epochconverter.com:443 "GET /weeks/2026 HTTP/1.1" 200 None
2026-02-19 12:55:08,718 - scraper - WARNING - Could not parse date in week 1: time data 'December29, 2025' does not match format '%B %d, %Y'
2026-02-19 12:55:08,718 - scraper - WARNING - Could not parse date in week 2: time data 'January5, 2026' does not match format '%B %d, %Y'
2026-02-19 12:55:08,718 - scraper - WARNING - Could not parse date in week 3: time data 'January12, 2026' does not match format '%B %d, %Y'
2026-02-19 12:55:08,719 - scraper - WARNING - Could not parse date in week 4: time data 'January19, 2026' does not match format '%B %d, %Y'
2026-02-19 12:55:08,719 - scraper - WARNING - Could not parse date in week 5: time data 'January26, 2026' does not match format '%B %d, %Y'
2026-02-19 12:55:08,719 - scraper - WARNING - Could not parse date in week 6: time data 'February2, 2026' does not match format '%B %d, %Y'
2026-02-19 12:55:08,719 - scraper - WARNING - Could not parse date in week 7: time data 'February9, 2026' does not match format '%B %d, %Y'
2026-02-19 12:55:08,719 - scraper - WARNING - Could not parse date in week 8: time data 'February16, 2026' does not match format '%B %d, %Y'
2026-02-19 12:55:08,719 - scraper - WARNING - Could not parse date in week 9: time data 'February23, 2026' does not match format '%B %d, %Y'
2026-02-19 12:55:08,719 - scraper - WARNING - Could not parse date in week 10: time data 'March2, 2026' does not match format '%B %d, %Y'
2026-02-19 12:55:08,720 - scraper - WARNING - Could not parse date in week 11: time data 'March9, 2026' does not match format '%B %d, %Y'
2026-02-19 12:55:08,720 - scraper - WARNING - Could not parse date in week 12: time data 'March16, 2026' does not match format '%B %d, %Y'
2026-02-19 12:55:08,720 - scraper - WARNING - Could not parse date in week 13: time data 'March23, 2026' does not match format '%B %d, %Y'
2026-02-19 12:55:08,720 - scraper - WARNING - Could not parse date in week 14: time data 'March30, 2026' does not match format '%B %d, %Y'
2026-02-19 12:55:08,720 - scraper - WARNING - Could not parse date in week 15: time data 'April6, 2026' does not match format '%B %d, %Y'
2026-02-19 12:55:08,720 - scraper - WARNING - Could not parse date in week 16: time data 'April13, 2026' does not match format '%B %d, %Y'
2026-02-19 12:55:08,720 - scraper - WARNING - Could not parse date in week 17: time data 'April20, 2026' does not match format '%B %d, %Y'
2026-02-19 12:55:08,721 - scraper - WARNING - Could not parse date in week 18: time data 'April27, 2026' does not match format '%B %d, %Y'
2026-02-19 12:55:08,721 - scraper - WARNING - Could not parse date in week 19: time data 'May4, 2026' does not match format '%B %d, %Y'
2026-02-19 12:55:08,721 - scraper - WARNING - Could not parse date in week 20: time data 'May11, 2026' does not match format '%B %d, %Y'
2026-02-19 12:55:08,721 - scraper - WARNING - Could not parse date in week 21: time data 'May18, 2026' does not match format '%B %d, %Y'
2026-02-19 12:55:08,721 - scraper - WARNING - Could not parse date in week 22: time data 'May25, 2026' does not match format '%B %d, %Y'
2026-02-19 12:55:08,721 - scraper - WARNING - Could not parse date in week 23: time data 'June1, 2026' does not match format '%B %d, %Y'
2026-02-19 12:55:08,721 - scraper - WARNING - Could not parse date in week 24: time data 'June8, 2026' does not match format '%B %d, %Y'
2026-02-19 12:55:08,722 - scraper - WARNING - Could not parse date in week 25: time data 'June15, 2026' does not match format '%B %d, %Y'
2026-02-19 12:55:08,722 - scraper - WARNING - Could not parse date in week 26: time data 'June22, 2026' does not match format '%B %d, %Y'
2026-02-19 12:55:08,722 - scraper - WARNING - Could not parse date in week 27: time data 'June29, 2026' does not match format '%B %d, %Y'
2026-02-19 12:55:08,722 - scraper - WARNING - Could not parse date in week 28: time data 'July6, 2026' does not match format '%B %d, %Y'
2026-02-19 12:55:08,722 - scraper - WARNING - Could not parse date in week 29: time data 'July13, 2026' does not match format '%B %d, %Y'
2026-02-19 12:55:08,723 - scraper - WARNING - Could not parse date in week 30: time data 'July20, 2026' does not match format '%B %d, %Y'
2026-02-19 12:55:08,723 - scraper - WARNING - Could not parse date in week 31: time data 'July27, 2026' does not match format '%B %d, %Y'
2026-02-19 12:55:08,723 - scraper - WARNING - Could not parse date in week 32: time data 'August3, 2026' does not match format '%B %d, %Y'
2026-02-19 12:55:08,723 - scraper - WARNING - Could not parse date in week 33: time data 'August10, 2026' does not match format '%B %d, %Y'
2026-02-19 12:55:08,723 - scraper - WARNING - Could not parse date in week 34: time data 'August17, 2026' does not match format '%B %d, %Y'
2026-02-19 12:55:08,723 - scraper - WARNING - Could not parse date in week 35: time data 'August24, 2026' does not match format '%B %d, %Y'
2026-02-19 12:55:08,723 - scraper - WARNING - Could not parse date in week 36: time data 'August31, 2026' does not match format '%B %d, %Y'
2026-02-19 12:55:08,724 - scraper - WARNING - Could not parse date in week 37: time data 'September7, 2026' does not match format '%B %d, %Y'
2026-02-19 12:55:08,724 - scraper - WARNING - Could not parse date in week 38: time data 'September14, 2026' does not match format '%B %d, %Y'
2026-02-19 12:55:08,724 - scraper - WARNING - Could not parse date in week 39: time data 'September21, 2026' does not match format '%B %d, %Y'
2026-02-19 12:55:08,724 - scraper - WARNING - Could not parse date in week 40: time data 'September28, 2026' does not match format '%B %d, %Y'
2026-02-19 12:55:08,724 - scraper - WARNING - Could not parse date in week 41: time data 'October5, 2026' does not match format '%B %d, %Y'
2026-02-19 12:55:08,724 - scraper - WARNING - Could not parse date in week 42: time data 'October12, 2026' does not match format '%B %d, %Y'
2026-02-19 12:55:08,724 - scraper - WARNING - Could not parse date in week 43: time data 'October19, 2026' does not match format '%B %d, %Y'
2026-02-19 12:55:08,724 - scraper - WARNING - Could not parse date in week 44: time data 'October26, 2026' does not match format '%B %d, %Y'
2026-02-19 12:55:08,725 - scraper - WARNING - Could not parse date in week 45: time data 'November2, 2026' does not match format '%B %d, %Y'
2026-02-19 12:55:08,725 - scraper - WARNING - Could not parse date in week 46: time data 'November9, 2026' does not match format '%B %d, %Y'
2026-02-19 12:55:08,725 - scraper - WARNING - Could not parse date in week 47: time data 'November16, 2026' does not match format '%B %d, %Y'
2026-02-19 12:55:08,725 - scraper - WARNING - Could not parse date in week 48: time data 'November23, 2026' does not match format '%B %d, %Y'
2026-02-19 12:55:08,725 - scraper - WARNING - Could not parse date in week 49: time data 'November30, 2026' does not match format '%B %d, %Y'
2026-02-19 12:55:08,726 - scraper - WARNING - Could not parse date in week 50: time data 'December7, 2026' does not match format '%B %d, %Y'
2026-02-19 12:55:08,726 - scraper - WARNING - Could not parse date in week 51: time data 'December14, 2026' does not match format '%B %d, %Y'
2026-02-19 12:55:08,726 - scraper - WARNING - Could not parse date in week 52: time data 'December21, 2026' does not match format '%B %d, %Y'
2026-02-19 12:55:08,726 - scraper - WARNING - Could not parse date in week 53: time data 'December28, 2026' does not match format '%B %d, %Y'
2026-02-19 12:55:08,726 - scraper - INFO -   Parsed 0 weeks for year 2026
2026-02-19 12:55:08,726 - scraper - WARNING -   No weeks parsed for 2026, attempt 1
2026-02-19 12:55:08,741 - urllib3.connectionpool - DEBUG - https://www.epochconverter.com:443 "GET /weeks/2026 HTTP/1.1" 200 None
2026-02-19 12:55:08,761 - scraper - WARNING - Could not parse date in week 1: time data 'December29, 2025' does not match format '%B %d, %Y'
2026-02-19 12:55:08,761 - scraper - WARNING - Could not parse date in week 2: time data 'January5, 2026' does not match format '%B %d, %Y'
2026-02-19 12:55:08,761 - scraper - WARNING - Could not parse date in week 3: time data 'January12, 2026' does not match format '%B %d, %Y'
2026-02-19 12:55:08,761 - scraper - WARNING - Could not parse date in week 4: time data 'January19, 2026' does not match format '%B %d, %Y'
2026-02-19 12:55:08,762 - scraper - WARNING - Could not parse date in week 5: time data 'January26, 2026' does not match format '%B %d, %Y'
2026-02-19 12:55:08,762 - scraper - WARNING - Could not parse date in week 6: time data 'February2, 2026' does not match format '%B %d, %Y'
2026-02-19 12:55:08,762 - scraper - WARNING - Could not parse date in week 7: time data 'February9, 2026' does not match format '%B %d, %Y'
2026-02-19 12:55:08,762 - scraper - WARNING - Could not parse date in week 8: time data 'February16, 2026' does not match format '%B %d, %Y'
2026-02-19 12:55:08,762 - scraper - WARNING - Could not parse date in week 9: time data 'February23, 2026' does not match format '%B %d, %Y'
2026-02-19 12:55:08,762 - scraper - WARNING - Could not parse date in week 10: time data 'March2, 2026' does not match format '%B %d, %Y'
2026-02-19 12:55:08,763 - scraper - WARNING - Could not parse date in week 11: time data 'March9, 2026' does not match format '%B %d, %Y'
2026-02-19 12:55:08,763 - scraper - WARNING - Could not parse date in week 12: time data 'March16, 2026' does not match format '%B %d, %Y'
2026-02-19 12:55:08,763 - scraper - WARNING - Could not parse date in week 13: time data 'March23, 2026' does not match format '%B %d, %Y'
2026-02-19 12:55:08,763 - scraper - WARNING - Could not parse date in week 14: time data 'March30, 2026' does not match format '%B %d, %Y'
2026-02-19 12:55:08,763 - scraper - WARNING - Could not parse date in week 15: time data 'April6, 2026' does not match format '%B %d, %Y'
2026-02-19 12:55:08,763 - scraper - WARNING - Could not parse date in week 16: time data 'April13, 2026' does not match format '%B %d, %Y'
2026-02-19 12:55:08,763 - scraper - WARNING - Could not parse date in week 17: time data 'April20, 2026' does not match format '%B %d, %Y'
2026-02-19 12:55:08,763 - scraper - WARNING - Could not parse date in week 18: time data 'April27, 2026' does not match format '%B %d, %Y'
2026-02-19 12:55:08,764 - scraper - WARNING - Could not parse date in week 19: time data 'May4, 2026' does not match format '%B %d, %Y'
2026-02-19 12:55:08,764 - scraper - WARNING - Could not parse date in week 20: time data 'May11, 2026' does not match format '%B %d, %Y'
2026-02-19 12:55:08,764 - scraper - WARNING - Could not parse date in week 21: time data 'May18, 2026' does not match format '%B %d, %Y'
2026-02-19 12:55:08,764 - scraper - WARNING - Could not parse date in week 22: time data 'May25, 2026' does not match format '%B %d, %Y'
2026-02-19 12:55:08,764 - scraper - WARNING - Could not parse date in week 23: time data 'June1, 2026' does not match format '%B %d, %Y'
2026-02-19 12:55:08,764 - scraper - WARNING - Could not parse date in week 24: time data 'June8, 2026' does not match format '%B %d, %Y'
2026-02-19 12:55:08,764 - scraper - WARNING - Could not parse date in week 25: time data 'June15, 2026' does not match format '%B %d, %Y'
2026-02-19 12:55:08,764 - scraper - WARNING - Could not parse date in week 26: time data 'June22, 2026' does not match format '%B %d, %Y'
2026-02-19 12:55:08,765 - scraper - WARNING - Could not parse date in week 27: time data 'June29, 2026' does not match format '%B %d, %Y'
2026-02-19 12:55:08,765 - scraper - WARNING - Could not parse date in week 28: time data 'July6, 2026' does not match format '%B %d, %Y'
2026-02-19 12:55:08,765 - scraper - WARNING - Could not parse date in week 29: time data 'July13, 2026' does not match format '%B %d, %Y'
2026-02-19 12:55:08,765 - scraper - WARNING - Could not parse date in week 30: time data 'July20, 2026' does not match format '%B %d, %Y'
2026-02-19 12:55:08,765 - scraper - WARNING - Could not parse date in week 31: time data 'July27, 2026' does not match format '%B %d, %Y'
2026-02-19 12:55:08,765 - scraper - WARNING - Could not parse date in week 32: time data 'August3, 2026' does not match format '%B %d, %Y'
2026-02-19 12:55:08,765 - scraper - WARNING - Could not parse date in week 33: time data 'August10, 2026' does not match format '%B %d, %Y'
2026-02-19 12:55:08,766 - scraper - WARNING - Could not parse date in week 34: time data 'August17, 2026' does not match format '%B %d, %Y'
2026-02-19 12:55:08,766 - scraper - WARNING - Could not parse date in week 35: time data 'August24, 2026' does not match format '%B %d, %Y'
2026-02-19 12:55:08,766 - scraper - WARNING - Could not parse date in week 36: time data 'August31, 2026' does not match format '%B %d, %Y'
2026-02-19 12:55:08,766 - scraper - WARNING - Could not parse date in week 37: time data 'September7, 2026' does not match format '%B %d, %Y'
2026-02-19 12:55:08,766 - scraper - WARNING - Could not parse date in week 38: time data 'September14, 2026' does not match format '%B %d, %Y'
2026-02-19 12:55:08,766 - scraper - WARNING - Could not parse date in week 39: time data 'September21, 2026' does not match format '%B %d, %Y'
2026-02-19 12:55:08,766 - scraper - WARNING - Could not parse date in week 40: time data 'September28, 2026' does not match format '%B %d, %Y'
2026-02-19 12:55:08,766 - scraper - WARNING - Could not parse date in week 41: time data 'October5, 2026' does not match format '%B %d, %Y'
2026-02-19 12:55:08,767 - scraper - WARNING - Could not parse date in week 42: time data 'October12, 2026' does not match format '%B %d, %Y'
2026-02-19 12:55:08,767 - scraper - WARNING - Could not parse date in week 43: time data 'October19, 2026' does not match format '%B %d, %Y'
2026-02-19 12:55:08,767 - scraper - WARNING - Could not parse date in week 44: time data 'October26, 2026' does not match format '%B %d, %Y'
2026-02-19 12:55:08,767 - scraper - WARNING - Could not parse date in week 45: time data 'November2, 2026' does not match format '%B %d, %Y'
2026-02-19 12:55:08,767 - scraper - WARNING - Could not parse date in week 46: time data 'November9, 2026' does not match format '%B %d, %Y'
2026-02-19 12:55:08,768 - scraper - WARNING - Could not parse date in week 47: time data 'November16, 2026' does not match format '%B %d, %Y'
2026-02-19 12:55:08,768 - scraper - WARNING - Could not parse date in week 48: time data 'November23, 2026' does not match format '%B %d, %Y'
2026-02-19 12:55:08,768 - scraper - WARNING - Could not parse date in week 49: time data 'November30, 2026' does not match format '%B %d, %Y'
2026-02-19 12:55:08,768 - scraper - WARNING - Could not parse date in week 50: time data 'December7, 2026' does not match format '%B %d, %Y'
2026-02-19 12:55:08,768 - scraper - WARNING - Could not parse date in week 51: time data 'December14, 2026' does not match format '%B %d, %Y'
2026-02-19 12:55:08,769 - scraper - WARNING - Could not parse date in week 52: time data 'December21, 2026' does not match format '%B %d, %Y'
2026-02-19 12:55:08,769 - scraper - WARNING - Could not parse date in week 53: time data 'December28, 2026' does not match format '%B %d, %Y'
2026-02-19 12:55:08,769 - scraper - INFO -   Parsed 0 weeks for year 2026
2026-02-19 12:55:08,769 - scraper - WARNING -   No weeks parsed for 2026, attempt 2
2026-02-19 12:55:08,780 - urllib3.connectionpool - DEBUG - https://www.epochconverter.com:443 "GET /weeks/2026 HTTP/1.1" 200 None
2026-02-19 12:55:08,799 - scraper - WARNING - Could not parse date in week 1: time data 'December29, 2025' does not match format '%B %d, %Y'
2026-02-19 12:55:08,799 - scraper - WARNING - Could not parse date in week 2: time data 'January5, 2026' does not match format '%B %d, %Y'
2026-02-19 12:55:08,799 - scraper - WARNING - Could not parse date in week 3: time data 'January12, 2026' does not match format '%B %d, %Y'
2026-02-19 12:55:08,799 - scraper - WARNING - Could not parse date in week 4: time data 'January19, 2026' does not match format '%B %d, %Y'
2026-02-19 12:55:08,800 - scraper - WARNING - Could not parse date in week 5: time data 'January26, 2026' does not match format '%B %d, %Y'
2026-02-19 12:55:08,800 - scraper - WARNING - Could not parse date in week 6: time data 'February2, 2026' does not match format '%B %d, %Y'
2026-02-19 12:55:08,800 - scraper - WARNING - Could not parse date in week 7: time data 'February9, 2026' does not match format '%B %d, %Y'
2026-02-19 12:55:08,800 - scraper - WARNING - Could not parse date in week 8: time data 'February16, 2026' does not match format '%B %d, %Y'
2026-02-19 12:55:08,800 - scraper - WARNING - Could not parse date in week 9: time data 'February23, 2026' does not match format '%B %d, %Y'
2026-02-19 12:55:08,800 - scraper - WARNING - Could not parse date in week 10: time data 'March2, 2026' does not match format '%B %d, %Y'
2026-02-19 12:55:08,800 - scraper - WARNING - Could not parse date in week 11: time data 'March9, 2026' does not match format '%B %d, %Y'
2026-02-19 12:55:08,801 - scraper - WARNING - Could not parse date in week 12: time data 'March16, 2026' does not match format '%B %d, %Y'
2026-02-19 12:55:08,801 - scraper - WARNING - Could not parse date in week 13: time data 'March23, 2026' does not match format '%B %d, %Y'
2026-02-19 12:55:08,801 - scraper - WARNING - Could not parse date in week 14: time data 'March30, 2026' does not match format '%B %d, %Y'
2026-02-19 12:55:08,801 - scraper - WARNING - Could not parse date in week 15: time data 'April6, 2026' does not match format '%B %d, %Y'
2026-02-19 12:55:08,801 - scraper - WARNING - Could not parse date in week 16: time data 'April13, 2026' does not match format '%B %d, %Y'
2026-02-19 12:55:08,801 - scraper - WARNING - Could not parse date in week 17: time data 'April20, 2026' does not match format '%B %d, %Y'
2026-02-19 12:55:08,801 - scraper - WARNING - Could not parse date in week 18: time data 'April27, 2026' does not match format '%B %d, %Y'
2026-02-19 12:55:08,802 - scraper - WARNING - Could not parse date in week 19: time data 'May4, 2026' does not match format '%B %d, %Y'
2026-02-19 12:55:08,802 - scraper - WARNING - Could not parse date in week 20: time data 'May11, 2026' does not match format '%B %d, %Y'
2026-02-19 12:55:08,802 - scraper - WARNING - Could not parse date in week 21: time data 'May18, 2026' does not match format '%B %d, %Y'
2026-02-19 12:55:08,802 - scraper - WARNING - Could not parse date in week 22: time data 'May25, 2026' does not match format '%B %d, %Y'
2026-02-19 12:55:08,802 - scraper - WARNING - Could not parse date in week 23: time data 'June1, 2026' does not match format '%B %d, %Y'
2026-02-19 12:55:08,802 - scraper - WARNING - Could not parse date in week 24: time data 'June8, 2026' does not match format '%B %d, %Y'
2026-02-19 12:55:08,803 - scraper - WARNING - Could not parse date in week 25: time data 'June15, 2026' does not match format '%B %d, %Y'
2026-02-19 12:55:08,803 - scraper - WARNING - Could not parse date in week 26: time data 'June22, 2026' does not match format '%B %d, %Y'
2026-02-19 12:55:08,803 - scraper - WARNING - Could not parse date in week 27: time data 'June29, 2026' does not match format '%B %d, %Y'
2026-02-19 12:55:08,804 - scraper - WARNING - Could not parse date in week 28: time data 'July6, 2026' does not match format '%B %d, %Y'
2026-02-19 12:55:08,804 - scraper - WARNING - Could not parse date in week 29: time data 'July13, 2026' does not match format '%B %d, %Y'
2026-02-19 12:55:08,804 - scraper - WARNING - Could not parse date in week 30: time data 'July20, 2026' does not match format '%B %d, %Y'
2026-02-19 12:55:08,804 - scraper - WARNING - Could not parse date in week 31: time data 'July27, 2026' does not match format '%B %d, %Y'
2026-02-19 12:55:08,804 - scraper - WARNING - Could not parse date in week 32: time data 'August3, 2026' does not match format '%B %d, %Y'
2026-02-19 12:55:08,805 - scraper - WARNING - Could not parse date in week 33: time data 'August10, 2026' does not match format '%B %d, %Y'
2026-02-19 12:55:08,805 - scraper - WARNING - Could not parse date in week 34: time data 'August17, 2026' does not match format '%B %d, %Y'
2026-02-19 12:55:08,805 - scraper - WARNING - Could not parse date in week 35: time data 'August24, 2026' does not match format '%B %d, %Y'
2026-02-19 12:55:08,805 - scraper - WARNING - Could not parse date in week 36: time data 'August31, 2026' does not match format '%B %d, %Y'
2026-02-19 12:55:08,806 - scraper - WARNING - Could not parse date in week 37: time data 'September7, 2026' does not match format '%B %d, %Y'
2026-02-19 12:55:08,806 - scraper - WARNING - Could not parse date in week 38: time data 'September14, 2026' does not match format '%B %d, %Y'
2026-02-19 12:55:08,806 - scraper - WARNING - Could not parse date in week 39: time data 'September21, 2026' does not match format '%B %d, %Y'
2026-02-19 12:55:08,806 - scraper - WARNING - Could not parse date in week 40: time data 'September28, 2026' does not match format '%B %d, %Y'
2026-02-19 12:55:08,807 - scraper - WARNING - Could not parse date in week 41: time data 'October5, 2026' does not match format '%B %d, %Y'
2026-02-19 12:55:08,807 - scraper - WARNING - Could not parse date in week 42: time data 'October12, 2026' does not match format '%B %d, %Y'
2026-02-19 12:55:08,807 - scraper - WARNING - Could not parse date in week 43: time data 'October19, 2026' does not match format '%B %d, %Y'
2026-02-19 12:55:08,807 - scraper - WARNING - Could not parse date in week 44: time data 'October26, 2026' does not match format '%B %d, %Y'
2026-02-19 12:55:08,807 - scraper - WARNING - Could not parse date in week 45: time data 'November2, 2026' does not match format '%B %d, %Y'
2026-02-19 12:55:08,808 - scraper - WARNING - Could not parse date in week 46: time data 'November9, 2026' does not match format '%B %d, %Y'
2026-02-19 12:55:08,808 - scraper - WARNING - Could not parse date in week 47: time data 'November16, 2026' does not match format '%B %d, %Y'
2026-02-19 12:55:08,808 - scraper - WARNING - Could not parse date in week 48: time data 'November23, 2026' does not match format '%B %d, %Y'
2026-02-19 12:55:08,809 - scraper - WARNING - Could not parse date in week 49: time data 'November30, 2026' does not match format '%B %d, %Y'
2026-02-19 12:55:08,809 - scraper - WARNING - Could not parse date in week 50: time data 'December7, 2026' does not match format '%B %d, %Y'
2026-02-19 12:55:08,809 - scraper - WARNING - Could not parse date in week 51: time data 'December14, 2026' does not match format '%B %d, %Y'
2026-02-19 12:55:08,809 - scraper - WARNING - Could not parse date in week 52: time data 'December21, 2026' does not match format '%B %d, %Y'
2026-02-19 12:55:08,809 - scraper - WARNING - Could not parse date in week 53: time data 'December28, 2026' does not match format '%B %d, %Y'
2026-02-19 12:55:08,809 - scraper - INFO -   Parsed 0 weeks for year 2026
2026-02-19 12:55:08,810 - scraper - WARNING -   No weeks parsed for 2026, attempt 3
2026-02-19 12:55:08,810 - scraper - INFO -   Fetching week data for 2027: https://www.epochconverter.com/weeks/2027
2026-02-19 12:55:09,051 - urllib3.connectionpool - DEBUG - https://www.epochconverter.com:443 "GET /weeks/2027 HTTP/1.1" 200 None
2026-02-19 12:55:09,085 - scraper - WARNING - Could not parse date in week 1: time data 'January4, 2027' does not match format '%B %d, %Y'
2026-02-19 12:55:09,086 - scraper - WARNING - Could not parse date in week 2: time data 'January11, 2027' does not match format '%B %d, %Y'
2026-02-19 12:55:09,086 - scraper - WARNING - Could not parse date in week 3: time data 'January18, 2027' does not match format '%B %d, %Y'
2026-02-19 12:55:09,086 - scraper - WARNING - Could not parse date in week 4: time data 'January25, 2027' does not match format '%B %d, %Y'
2026-02-19 12:55:09,087 - scraper - WARNING - Could not parse date in week 5: time data 'February1, 2027' does not match format '%B %d, %Y'
2026-02-19 12:55:09,087 - scraper - WARNING - Could not parse date in week 6: time data 'February8, 2027' does not match format '%B %d, %Y'
2026-02-19 12:55:09,087 - scraper - WARNING - Could not parse date in week 7: time data 'February15, 2027' does not match format '%B %d, %Y'
2026-02-19 12:55:09,087 - scraper - WARNING - Could not parse date in week 8: time data 'February22, 2027' does not match format '%B %d, %Y'
2026-02-19 12:55:09,088 - scraper - WARNING - Could not parse date in week 9: time data 'March1, 2027' does not match format '%B %d, %Y'
2026-02-19 12:55:09,088 - scraper - WARNING - Could not parse date in week 10: time data 'March8, 2027' does not match format '%B %d, %Y'
2026-02-19 12:55:09,088 - scraper - WARNING - Could not parse date in week 11: time data 'March15, 2027' does not match format '%B %d, %Y'
2026-02-19 12:55:09,088 - scraper - WARNING - Could not parse date in week 12: time data 'March22, 2027' does not match format '%B %d, %Y'
2026-02-19 12:55:09,088 - scraper - WARNING - Could not parse date in week 13: time data 'March29, 2027' does not match format '%B %d, %Y'
2026-02-19 12:55:09,089 - scraper - WARNING - Could not parse date in week 14: time data 'April5, 2027' does not match format '%B %d, %Y'
2026-02-19 12:55:09,089 - scraper - WARNING - Could not parse date in week 15: time data 'April12, 2027' does not match format '%B %d, %Y'
2026-02-19 12:55:09,089 - scraper - WARNING - Could not parse date in week 16: time data 'April19, 2027' does not match format '%B %d, %Y'
2026-02-19 12:55:09,089 - scraper - WARNING - Could not parse date in week 17: time data 'April26, 2027' does not match format '%B %d, %Y'
2026-02-19 12:55:09,089 - scraper - WARNING - Could not parse date in week 18: time data 'May3, 2027' does not match format '%B %d, %Y'
2026-02-19 12:55:09,090 - scraper - WARNING - Could not parse date in week 19: time data 'May10, 2027' does not match format '%B %d, %Y'
2026-02-19 12:55:09,090 - scraper - WARNING - Could not parse date in week 20: time data 'May17, 2027' does not match format '%B %d, %Y'
2026-02-19 12:55:09,090 - scraper - WARNING - Could not parse date in week 21: time data 'May24, 2027' does not match format '%B %d, %Y'
2026-02-19 12:55:09,090 - scraper - WARNING - Could not parse date in week 22: time data 'May31, 2027' does not match format '%B %d, %Y'
2026-02-19 12:55:09,090 - scraper - WARNING - Could not parse date in week 23: time data 'June7, 2027' does not match format '%B %d, %Y'
2026-02-19 12:55:09,091 - scraper - WARNING - Could not parse date in week 24: time data 'June14, 2027' does not match format '%B %d, %Y'
2026-02-19 12:55:09,091 - scraper - WARNING - Could not parse date in week 25: time data 'June21, 2027' does not match format '%B %d, %Y'
2026-02-19 12:55:09,091 - scraper - WARNING - Could not parse date in week 26: time data 'June28, 2027' does not match format '%B %d, %Y'
2026-02-19 12:55:09,091 - scraper - WARNING - Could not parse date in week 27: time data 'July5, 2027' does not match format '%B %d, %Y'
2026-02-19 12:55:09,091 - scraper - WARNING - Could not parse date in week 28: time data 'July12, 2027' does not match format '%B %d, %Y'
2026-02-19 12:55:09,092 - scraper - WARNING - Could not parse date in week 29: time data 'July19, 2027' does not match format '%B %d, %Y'
2026-02-19 12:55:09,092 - scraper - WARNING - Could not parse date in week 30: time data 'July26, 2027' does not match format '%B %d, %Y'
2026-02-19 12:55:09,092 - scraper - WARNING - Could not parse date in week 31: time data 'August2, 2027' does not match format '%B %d, %Y'
2026-02-19 12:55:09,092 - scraper - WARNING - Could not parse date in week 32: time data 'August9, 2027' does not match format '%B %d, %Y'
2026-02-19 12:55:09,092 - scraper - WARNING - Could not parse date in week 33: time data 'August16, 2027' does not match format '%B %d, %Y'
2026-02-19 12:55:09,093 - scraper - WARNING - Could not parse date in week 34: time data 'August23, 2027' does not match format '%B %d, %Y'
2026-02-19 12:55:09,093 - scraper - WARNING - Could not parse date in week 35: time data 'August30, 2027' does not match format '%B %d, %Y'
2026-02-19 12:55:09,093 - scraper - WARNING - Could not parse date in week 36: time data 'September6, 2027' does not match format '%B %d, %Y'
2026-02-19 12:55:09,093 - scraper - WARNING - Could not parse date in week 37: time data 'September13, 2027' does not match format '%B %d, %Y'
2026-02-19 12:55:09,093 - scraper - WARNING - Could not parse date in week 38: time data 'September20, 2027' does not match format '%B %d, %Y'
2026-02-19 12:55:09,093 - scraper - WARNING - Could not parse date in week 39: time data 'September27, 2027' does not match format '%B %d, %Y'
2026-02-19 12:55:09,093 - scraper - WARNING - Could not parse date in week 40: time data 'October4, 2027' does not match format '%B %d, %Y'
2026-02-19 12:55:09,094 - scraper - WARNING - Could not parse date in week 41: time data 'October11, 2027' does not match format '%B %d, %Y'
2026-02-19 12:55:09,094 - scraper - WARNING - Could not parse date in week 42: time data 'October18, 2027' does not match format '%B %d, %Y'
2026-02-19 12:55:09,094 - scraper - WARNING - Could not parse date in week 43: time data 'October25, 2027' does not match format '%B %d, %Y'
2026-02-19 12:55:09,094 - scraper - WARNING - Could not parse date in week 44: time data 'November1, 2027' does not match format '%B %d, %Y'
2026-02-19 12:55:09,094 - scraper - WARNING - Could not parse date in week 45: time data 'November8, 2027' does not match format '%B %d, %Y'
2026-02-19 12:55:09,094 - scraper - WARNING - Could not parse date in week 46: time data 'November15, 2027' does not match format '%B %d, %Y'
2026-02-19 12:55:09,094 - scraper - WARNING - Could not parse date in week 47: time data 'November22, 2027' does not match format '%B %d, %Y'
2026-02-19 12:55:09,094 - scraper - WARNING - Could not parse date in week 48: time data 'November29, 2027' does not match format '%B %d, %Y'
2026-02-19 12:55:09,095 - scraper - WARNING - Could not parse date in week 49: time data 'December6, 2027' does not match format '%B %d, %Y'
2026-02-19 12:55:09,095 - scraper - WARNING - Could not parse date in week 50: time data 'December13, 2027' does not match format '%B %d, %Y'
2026-02-19 12:55:09,095 - scraper - WARNING - Could not parse date in week 51: time data 'December20, 2027' does not match format '%B %d, %Y'
2026-02-19 12:55:09,095 - scraper - WARNING - Could not parse date in week 52: time data 'December27, 2027' does not match format '%B %d, %Y'
2026-02-19 12:55:09,095 - scraper - INFO -   Parsed 0 weeks for year 2027
2026-02-19 12:55:09,095 - scraper - WARNING -   No weeks parsed for 2027, attempt 1
2026-02-19 12:55:09,110 - urllib3.connectionpool - DEBUG - https://www.epochconverter.com:443 "GET /weeks/2027 HTTP/1.1" 200 None
2026-02-19 12:55:09,129 - scraper - WARNING - Could not parse date in week 1: time data 'January4, 2027' does not match format '%B %d, %Y'
2026-02-19 12:55:09,130 - scraper - WARNING - Could not parse date in week 2: time data 'January11, 2027' does not match format '%B %d, %Y'
2026-02-19 12:55:09,130 - scraper - WARNING - Could not parse date in week 3: time data 'January18, 2027' does not match format '%B %d, %Y'
2026-02-19 12:55:09,130 - scraper - WARNING - Could not parse date in week 4: time data 'January25, 2027' does not match format '%B %d, %Y'
2026-02-19 12:55:09,130 - scraper - WARNING - Could not parse date in week 5: time data 'February1, 2027' does not match format '%B %d, %Y'
2026-02-19 12:55:09,130 - scraper - WARNING - Could not parse date in week 6: time data 'February8, 2027' does not match format '%B %d, %Y'
2026-02-19 12:55:09,131 - scraper - WARNING - Could not parse date in week 7: time data 'February15, 2027' does not match format '%B %d, %Y'
2026-02-19 12:55:09,131 - scraper - WARNING - Could not parse date in week 8: time data 'February22, 2027' does not match format '%B %d, %Y'
2026-02-19 12:55:09,131 - scraper - WARNING - Could not parse date in week 9: time data 'March1, 2027' does not match format '%B %d, %Y'
2026-02-19 12:55:09,131 - scraper - WARNING - Could not parse date in week 10: time data 'March8, 2027' does not match format '%B %d, %Y'
2026-02-19 12:55:09,131 - scraper - WARNING - Could not parse date in week 11: time data 'March15, 2027' does not match format '%B %d, %Y'
2026-02-19 12:55:09,131 - scraper - WARNING - Could not parse date in week 12: time data 'March22, 2027' does not match format '%B %d, %Y'
2026-02-19 12:55:09,131 - scraper - WARNING - Could not parse date in week 13: time data 'March29, 2027' does not match format '%B %d, %Y'
2026-02-19 12:55:09,131 - scraper - WARNING - Could not parse date in week 14: time data 'April5, 2027' does not match format '%B %d, %Y'
2026-02-19 12:55:09,132 - scraper - WARNING - Could not parse date in week 15: time data 'April12, 2027' does not match format '%B %d, %Y'
2026-02-19 12:55:09,132 - scraper - WARNING - Could not parse date in week 16: time data 'April19, 2027' does not match format '%B %d, %Y'
2026-02-19 12:55:09,132 - scraper - WARNING - Could not parse date in week 17: time data 'April26, 2027' does not match format '%B %d, %Y'
2026-02-19 12:55:09,132 - scraper - WARNING - Could not parse date in week 18: time data 'May3, 2027' does not match format '%B %d, %Y'
2026-02-19 12:55:09,132 - scraper - WARNING - Could not parse date in week 19: time data 'May10, 2027' does not match format '%B %d, %Y'
2026-02-19 12:55:09,132 - scraper - WARNING - Could not parse date in week 20: time data 'May17, 2027' does not match format '%B %d, %Y'
2026-02-19 12:55:09,132 - scraper - WARNING - Could not parse date in week 21: time data 'May24, 2027' does not match format '%B %d, %Y'
2026-02-19 12:55:09,133 - scraper - WARNING - Could not parse date in week 22: time data 'May31, 2027' does not match format '%B %d, %Y'
2026-02-19 12:55:09,133 - scraper - WARNING - Could not parse date in week 23: time data 'June7, 2027' does not match format '%B %d, %Y'
2026-02-19 12:55:09,133 - scraper - WARNING - Could not parse date in week 24: time data 'June14, 2027' does not match format '%B %d, %Y'
2026-02-19 12:55:09,133 - scraper - WARNING - Could not parse date in week 25: time data 'June21, 2027' does not match format '%B %d, %Y'
2026-02-19 12:55:09,133 - scraper - WARNING - Could not parse date in week 26: time data 'June28, 2027' does not match format '%B %d, %Y'
2026-02-19 12:55:09,133 - scraper - WARNING - Could not parse date in week 27: time data 'July5, 2027' does not match format '%B %d, %Y'
2026-02-19 12:55:09,133 - scraper - WARNING - Could not parse date in week 28: time data 'July12, 2027' does not match format '%B %d, %Y'
2026-02-19 12:55:09,133 - scraper - WARNING - Could not parse date in week 29: time data 'July19, 2027' does not match format '%B %d, %Y'
2026-02-19 12:55:09,134 - scraper - WARNING - Could not parse date in week 30: time data 'July26, 2027' does not match format '%B %d, %Y'
2026-02-19 12:55:09,134 - scraper - WARNING - Could not parse date in week 31: time data 'August2, 2027' does not match format '%B %d, %Y'
2026-02-19 12:55:09,134 - scraper - WARNING - Could not parse date in week 32: time data 'August9, 2027' does not match format '%B %d, %Y'
2026-02-19 12:55:09,134 - scraper - WARNING - Could not parse date in week 33: time data 'August16, 2027' does not match format '%B %d, %Y'
2026-02-19 12:55:09,134 - scraper - WARNING - Could not parse date in week 34: time data 'August23, 2027' does not match format '%B %d, %Y'
2026-02-19 12:55:09,134 - scraper - WARNING - Could not parse date in week 35: time data 'August30, 2027' does not match format '%B %d, %Y'
2026-02-19 12:55:09,134 - scraper - WARNING - Could not parse date in week 36: time data 'September6, 2027' does not match format '%B %d, %Y'
2026-02-19 12:55:09,134 - scraper - WARNING - Could not parse date in week 37: time data 'September13, 2027' does not match format '%B %d, %Y'
2026-02-19 12:55:09,135 - scraper - WARNING - Could not parse date in week 38: time data 'September20, 2027' does not match format '%B %d, %Y'
2026-02-19 12:55:09,135 - scraper - WARNING - Could not parse date in week 39: time data 'September27, 2027' does not match format '%B %d, %Y'
2026-02-19 12:55:09,135 - scraper - WARNING - Could not parse date in week 40: time data 'October4, 2027' does not match format '%B %d, %Y'
2026-02-19 12:55:09,135 - scraper - WARNING - Could not parse date in week 41: time data 'October11, 2027' does not match format '%B %d, %Y'
2026-02-19 12:55:09,135 - scraper - WARNING - Could not parse date in week 42: time data 'October18, 2027' does not match format '%B %d, %Y'
2026-02-19 12:55:09,135 - scraper - WARNING - Could not parse date in week 43: time data 'October25, 2027' does not match format '%B %d, %Y'
2026-02-19 12:55:09,135 - scraper - WARNING - Could not parse date in week 44: time data 'November1, 2027' does not match format '%B %d, %Y'
2026-02-19 12:55:09,136 - scraper - WARNING - Could not parse date in week 45: time data 'November8, 2027' does not match format '%B %d, %Y'
2026-02-19 12:55:09,136 - scraper - WARNING - Could not parse date in week 46: time data 'November15, 2027' does not match format '%B %d, %Y'
2026-02-19 12:55:09,136 - scraper - WARNING - Could not parse date in week 47: time data 'November22, 2027' does not match format '%B %d, %Y'
2026-02-19 12:55:09,136 - scraper - WARNING - Could not parse date in week 48: time data 'November29, 2027' does not match format '%B %d, %Y'
2026-02-19 12:55:09,136 - scraper - WARNING - Could not parse date in week 49: time data 'December6, 2027' does not match format '%B %d, %Y'
2026-02-19 12:55:09,136 - scraper - WARNING - Could not parse date in week 50: time data 'December13, 2027' does not match format '%B %d, %Y'
2026-02-19 12:55:09,136 - scraper - WARNING - Could not parse date in week 51: time data 'December20, 2027' does not match format '%B %d, %Y'
2026-02-19 12:55:09,136 - scraper - WARNING - Could not parse date in week 52: time data 'December27, 2027' does not match format '%B %d, %Y'
2026-02-19 12:55:09,137 - scraper - INFO -   Parsed 0 weeks for year 2027
2026-02-19 12:55:09,137 - scraper - WARNING -   No weeks parsed for 2027, attempt 2
2026-02-19 12:55:09,148 - urllib3.connectionpool - DEBUG - https://www.epochconverter.com:443 "GET /weeks/2027 HTTP/1.1" 200 None
2026-02-19 12:55:09,167 - scraper - WARNING - Could not parse date in week 1: time data 'January4, 2027' does not match format '%B %d, %Y'
2026-02-19 12:55:09,167 - scraper - WARNING - Could not parse date in week 2: time data 'January11, 2027' does not match format '%B %d, %Y'
2026-02-19 12:55:09,167 - scraper - WARNING - Could not parse date in week 3: time data 'January18, 2027' does not match format '%B %d, %Y'
2026-02-19 12:55:09,168 - scraper - WARNING - Could not parse date in week 4: time data 'January25, 2027' does not match format '%B %d, %Y'
2026-02-19 12:55:09,168 - scraper - WARNING - Could not parse date in week 5: time data 'February1, 2027' does not match format '%B %d, %Y'
2026-02-19 12:55:09,168 - scraper - WARNING - Could not parse date in week 6: time data 'February8, 2027' does not match format '%B %d, %Y'
2026-02-19 12:55:09,168 - scraper - WARNING - Could not parse date in week 7: time data 'February15, 2027' does not match format '%B %d, %Y'
2026-02-19 12:55:09,168 - scraper - WARNING - Could not parse date in week 8: time data 'February22, 2027' does not match format '%B %d, %Y'
2026-02-19 12:55:09,168 - scraper - WARNING - Could not parse date in week 9: time data 'March1, 2027' does not match format '%B %d, %Y'
2026-02-19 12:55:09,168 - scraper - WARNING - Could not parse date in week 10: time data 'March8, 2027' does not match format '%B %d, %Y'
2026-02-19 12:55:09,168 - scraper - WARNING - Could not parse date in week 11: time data 'March15, 2027' does not match format '%B %d, %Y'
2026-02-19 12:55:09,169 - scraper - WARNING - Could not parse date in week 12: time data 'March22, 2027' does not match format '%B %d, %Y'
2026-02-19 12:55:09,169 - scraper - WARNING - Could not parse date in week 13: time data 'March29, 2027' does not match format '%B %d, %Y'
2026-02-19 12:55:09,169 - scraper - WARNING - Could not parse date in week 14: time data 'April5, 2027' does not match format '%B %d, %Y'
2026-02-19 12:55:09,169 - scraper - WARNING - Could not parse date in week 15: time data 'April12, 2027' does not match format '%B %d, %Y'
2026-02-19 12:55:09,169 - scraper - WARNING - Could not parse date in week 16: time data 'April19, 2027' does not match format '%B %d, %Y'
2026-02-19 12:55:09,169 - scraper - WARNING - Could not parse date in week 17: time data 'April26, 2027' does not match format '%B %d, %Y'
2026-02-19 12:55:09,169 - scraper - WARNING - Could not parse date in week 18: time data 'May3, 2027' does not match format '%B %d, %Y'
2026-02-19 12:55:09,169 - scraper - WARNING - Could not parse date in week 19: time data 'May10, 2027' does not match format '%B %d, %Y'
2026-02-19 12:55:09,170 - scraper - WARNING - Could not parse date in week 20: time data 'May17, 2027' does not match format '%B %d, %Y'
2026-02-19 12:55:09,170 - scraper - WARNING - Could not parse date in week 21: time data 'May24, 2027' does not match format '%B %d, %Y'
2026-02-19 12:55:09,170 - scraper - WARNING - Could not parse date in week 22: time data 'May31, 2027' does not match format '%B %d, %Y'
2026-02-19 12:55:09,170 - scraper - WARNING - Could not parse date in week 23: time data 'June7, 2027' does not match format '%B %d, %Y'
2026-02-19 12:55:09,170 - scraper - WARNING - Could not parse date in week 24: time data 'June14, 2027' does not match format '%B %d, %Y'
2026-02-19 12:55:09,170 - scraper - WARNING - Could not parse date in week 25: time data 'June21, 2027' does not match format '%B %d, %Y'
2026-02-19 12:55:09,170 - scraper - WARNING - Could not parse date in week 26: time data 'June28, 2027' does not match format '%B %d, %Y'
2026-02-19 12:55:09,170 - scraper - WARNING - Could not parse date in week 27: time data 'July5, 2027' does not match format '%B %d, %Y'
2026-02-19 12:55:09,171 - scraper - WARNING - Could not parse date in week 28: time data 'July12, 2027' does not match format '%B %d, %Y'
2026-02-19 12:55:09,171 - scraper - WARNING - Could not parse date in week 29: time data 'July19, 2027' does not match format '%B %d, %Y'
2026-02-19 12:55:09,171 - scraper - WARNING - Could not parse date in week 30: time data 'July26, 2027' does not match format '%B %d, %Y'
2026-02-19 12:55:09,171 - scraper - WARNING - Could not parse date in week 31: time data 'August2, 2027' does not match format '%B %d, %Y'
2026-02-19 12:55:09,171 - scraper - WARNING - Could not parse date in week 32: time data 'August9, 2027' does not match format '%B %d, %Y'
2026-02-19 12:55:09,171 - scraper - WARNING - Could not parse date in week 33: time data 'August16, 2027' does not match format '%B %d, %Y'
2026-02-19 12:55:09,171 - scraper - WARNING - Could not parse date in week 34: time data 'August23, 2027' does not match format '%B %d, %Y'
2026-02-19 12:55:09,171 - scraper - WARNING - Could not parse date in week 35: time data 'August30, 2027' does not match format '%B %d, %Y'
2026-02-19 12:55:09,172 - scraper - WARNING - Could not parse date in week 36: time data 'September6, 2027' does not match format '%B %d, %Y'
2026-02-19 12:55:09,172 - scraper - WARNING - Could not parse date in week 37: time data 'September13, 2027' does not match format '%B %d, %Y'
2026-02-19 12:55:09,172 - scraper - WARNING - Could not parse date in week 38: time data 'September20, 2027' does not match format '%B %d, %Y'
2026-02-19 12:55:09,172 - scraper - WARNING - Could not parse date in week 39: time data 'September27, 2027' does not match format '%B %d, %Y'
2026-02-19 12:55:09,172 - scraper - WARNING - Could not parse date in week 40: time data 'October4, 2027' does not match format '%B %d, %Y'
2026-02-19 12:55:09,172 - scraper - WARNING - Could not parse date in week 41: time data 'October11, 2027' does not match format '%B %d, %Y'
2026-02-19 12:55:09,172 - scraper - WARNING - Could not parse date in week 42: time data 'October18, 2027' does not match format '%B %d, %Y'
2026-02-19 12:55:09,173 - scraper - WARNING - Could not parse date in week 43: time data 'October25, 2027' does not match format '%B %d, %Y'
2026-02-19 12:55:09,173 - scraper - WARNING - Could not parse date in week 44: time data 'November1, 2027' does not match format '%B %d, %Y'
2026-02-19 12:55:09,173 - scraper - WARNING - Could not parse date in week 45: time data 'November8, 2027' does not match format '%B %d, %Y'
2026-02-19 12:55:09,173 - scraper - WARNING - Could not parse date in week 46: time data 'November15, 2027' does not match format '%B %d, %Y'
2026-02-19 12:55:09,173 - scraper - WARNING - Could not parse date in week 47: time data 'November22, 2027' does not match format '%B %d, %Y'
2026-02-19 12:55:09,173 - scraper - WARNING - Could not parse date in week 48: time data 'November29, 2027' does not match format '%B %d, %Y'
2026-02-19 12:55:09,173 - scraper - WARNING - Could not parse date in week 49: time data 'December6, 2027' does not match format '%B %d, %Y'
2026-02-19 12:55:09,173 - scraper - WARNING - Could not parse date in week 50: time data 'December13, 2027' does not match format '%B %d, %Y'
2026-02-19 12:55:09,174 - scraper - WARNING - Could not parse date in week 51: time data 'December20, 2027' does not match format '%B %d, %Y'
2026-02-19 12:55:09,174 - scraper - WARNING - Could not parse date in week 52: time data 'December27, 2027' does not match format '%B %d, %Y'
2026-02-19 12:55:09,174 - scraper - INFO -   Parsed 0 weeks for year 2027
2026-02-19 12:55:09,174 - scraper - WARNING -   No weeks parsed for 2027, attempt 3
2026-02-19 12:55:09,174 - scraper - INFO -   Fetching week data for 2028: https://www.epochconverter.com/weeks/2028
2026-02-19 12:55:09,831 - urllib3.connectionpool - DEBUG - https://www.epochconverter.com:443 "GET /weeks/2028 HTTP/1.1" 200 None
2026-02-19 12:55:10,089 - scraper - WARNING - Could not parse date in week 1: time data 'January3, 2028' does not match format '%B %d, %Y'
2026-02-19 12:55:10,089 - scraper - WARNING - Could not parse date in week 2: time data 'January10, 2028' does not match format '%B %d, %Y'
2026-02-19 12:55:10,090 - scraper - WARNING - Could not parse date in week 3: time data 'January17, 2028' does not match format '%B %d, %Y'
2026-02-19 12:55:10,090 - scraper - WARNING - Could not parse date in week 4: time data 'January24, 2028' does not match format '%B %d, %Y'
2026-02-19 12:55:10,090 - scraper - WARNING - Could not parse date in week 5: time data 'January31, 2028' does not match format '%B %d, %Y'
2026-02-19 12:55:10,091 - scraper - WARNING - Could not parse date in week 6: time data 'February7, 2028' does not match format '%B %d, %Y'
2026-02-19 12:55:10,091 - scraper - WARNING - Could not parse date in week 7: time data 'February14, 2028' does not match format '%B %d, %Y'
2026-02-19 12:55:10,091 - scraper - WARNING - Could not parse date in week 8: time data 'February21, 2028' does not match format '%B %d, %Y'
2026-02-19 12:55:10,091 - scraper - WARNING - Could not parse date in week 9: time data 'February28, 2028' does not match format '%B %d, %Y'
2026-02-19 12:55:10,092 - scraper - WARNING - Could not parse date in week 10: time data 'March6, 2028' does not match format '%B %d, %Y'
2026-02-19 12:55:10,092 - scraper - WARNING - Could not parse date in week 11: time data 'March13, 2028' does not match format '%B %d, %Y'
2026-02-19 12:55:10,092 - scraper - WARNING - Could not parse date in week 12: time data 'March20, 2028' does not match format '%B %d, %Y'
2026-02-19 12:55:10,092 - scraper - WARNING - Could not parse date in week 13: time data 'March27, 2028' does not match format '%B %d, %Y'
2026-02-19 12:55:10,092 - scraper - WARNING - Could not parse date in week 14: time data 'April3, 2028' does not match format '%B %d, %Y'
2026-02-19 12:55:10,093 - scraper - WARNING - Could not parse date in week 15: time data 'April10, 2028' does not match format '%B %d, %Y'
2026-02-19 12:55:10,093 - scraper - WARNING - Could not parse date in week 16: time data 'April17, 2028' does not match format '%B %d, %Y'
2026-02-19 12:55:10,093 - scraper - WARNING - Could not parse date in week 17: time data 'April24, 2028' does not match format '%B %d, %Y'
2026-02-19 12:55:10,093 - scraper - WARNING - Could not parse date in week 18: time data 'May1, 2028' does not match format '%B %d, %Y'
2026-02-19 12:55:10,093 - scraper - WARNING - Could not parse date in week 19: time data 'May8, 2028' does not match format '%B %d, %Y'
2026-02-19 12:55:10,093 - scraper - WARNING - Could not parse date in week 20: time data 'May15, 2028' does not match format '%B %d, %Y'
2026-02-19 12:55:10,094 - scraper - WARNING - Could not parse date in week 21: time data 'May22, 2028' does not match format '%B %d, %Y'
2026-02-19 12:55:10,094 - scraper - WARNING - Could not parse date in week 22: time data 'May29, 2028' does not match format '%B %d, %Y'
2026-02-19 12:55:10,094 - scraper - WARNING - Could not parse date in week 23: time data 'June5, 2028' does not match format '%B %d, %Y'
2026-02-19 12:55:10,094 - scraper - WARNING - Could not parse date in week 24: time data 'June12, 2028' does not match format '%B %d, %Y'
2026-02-19 12:55:10,094 - scraper - WARNING - Could not parse date in week 25: time data 'June19, 2028' does not match format '%B %d, %Y'
2026-02-19 12:55:10,094 - scraper - WARNING - Could not parse date in week 26: time data 'June26, 2028' does not match format '%B %d, %Y'
2026-02-19 12:55:10,095 - scraper - WARNING - Could not parse date in week 27: time data 'July3, 2028' does not match format '%B %d, %Y'
2026-02-19 12:55:10,095 - scraper - WARNING - Could not parse date in week 28: time data 'July10, 2028' does not match format '%B %d, %Y'
2026-02-19 12:55:10,095 - scraper - WARNING - Could not parse date in week 29: time data 'July17, 2028' does not match format '%B %d, %Y'
2026-02-19 12:55:10,095 - scraper - WARNING - Could not parse date in week 30: time data 'July24, 2028' does not match format '%B %d, %Y'
2026-02-19 12:55:10,096 - scraper - WARNING - Could not parse date in week 31: time data 'July31, 2028' does not match format '%B %d, %Y'
2026-02-19 12:55:10,096 - scraper - WARNING - Could not parse date in week 32: time data 'August7, 2028' does not match format '%B %d, %Y'
2026-02-19 12:55:10,096 - scraper - WARNING - Could not parse date in week 33: time data 'August14, 2028' does not match format '%B %d, %Y'
2026-02-19 12:55:10,096 - scraper - WARNING - Could not parse date in week 34: time data 'August21, 2028' does not match format '%B %d, %Y'
2026-02-19 12:55:10,096 - scraper - WARNING - Could not parse date in week 35: time data 'August28, 2028' does not match format '%B %d, %Y'
2026-02-19 12:55:10,097 - scraper - WARNING - Could not parse date in week 36: time data 'September4, 2028' does not match format '%B %d, %Y'
2026-02-19 12:55:10,097 - scraper - WARNING - Could not parse date in week 37: time data 'September11, 2028' does not match format '%B %d, %Y'
2026-02-19 12:55:10,097 - scraper - WARNING - Could not parse date in week 38: time data 'September18, 2028' does not match format '%B %d, %Y'
2026-02-19 12:55:10,097 - scraper - WARNING - Could not parse date in week 39: time data 'September25, 2028' does not match format '%B %d, %Y'
2026-02-19 12:55:10,097 - scraper - WARNING - Could not parse date in week 40: time data 'October2, 2028' does not match format '%B %d, %Y'
2026-02-19 12:55:10,098 - scraper - WARNING - Could not parse date in week 41: time data 'October9, 2028' does not match format '%B %d, %Y'
2026-02-19 12:55:10,098 - scraper - WARNING - Could not parse date in week 42: time data 'October16, 2028' does not match format '%B %d, %Y'
2026-02-19 12:55:10,098 - scraper - WARNING - Could not parse date in week 43: time data 'October23, 2028' does not match format '%B %d, %Y'
2026-02-19 12:55:10,098 - scraper - WARNING - Could not parse date in week 44: time data 'October30, 2028' does not match format '%B %d, %Y'
2026-02-19 12:55:10,098 - scraper - WARNING - Could not parse date in week 45: time data 'November6, 2028' does not match format '%B %d, %Y'
2026-02-19 12:55:10,098 - scraper - WARNING - Could not parse date in week 46: time data 'November13, 2028' does not match format '%B %d, %Y'
2026-02-19 12:55:10,099 - scraper - WARNING - Could not parse date in week 47: time data 'November20, 2028' does not match format '%B %d, %Y'
2026-02-19 12:55:10,099 - scraper - WARNING - Could not parse date in week 48: time data 'November27, 2028' does not match format '%B %d, %Y'
2026-02-19 12:55:10,099 - scraper - WARNING - Could not parse date in week 49: time data 'December4, 2028' does not match format '%B %d, %Y'
2026-02-19 12:55:10,099 - scraper - WARNING - Could not parse date in week 50: time data 'December11, 2028' does not match format '%B %d, %Y'
2026-02-19 12:55:10,099 - scraper - WARNING - Could not parse date in week 51: time data 'December18, 2028' does not match format '%B %d, %Y'
2026-02-19 12:55:10,100 - scraper - WARNING - Could not parse date in week 52: time data 'December25, 2028' does not match format '%B %d, %Y'
2026-02-19 12:55:10,100 - scraper - INFO -   Parsed 0 weeks for year 2028
2026-02-19 12:55:10,100 - scraper - WARNING -   No weeks parsed for 2028, attempt 1
2026-02-19 12:55:10,111 - urllib3.connectionpool - DEBUG - https://www.epochconverter.com:443 "GET /weeks/2028 HTTP/1.1" 200 None
2026-02-19 12:55:10,132 - scraper - WARNING - Could not parse date in week 1: time data 'January3, 2028' does not match format '%B %d, %Y'
2026-02-19 12:55:10,132 - scraper - WARNING - Could not parse date in week 2: time data 'January10, 2028' does not match format '%B %d, %Y'
2026-02-19 12:55:10,133 - scraper - WARNING - Could not parse date in week 3: time data 'January17, 2028' does not match format '%B %d, %Y'
2026-02-19 12:55:10,133 - scraper - WARNING - Could not parse date in week 4: time data 'January24, 2028' does not match format '%B %d, %Y'
2026-02-19 12:55:10,133 - scraper - WARNING - Could not parse date in week 5: time data 'January31, 2028' does not match format '%B %d, %Y'
2026-02-19 12:55:10,133 - scraper - WARNING - Could not parse date in week 6: time data 'February7, 2028' does not match format '%B %d, %Y'
2026-02-19 12:55:10,134 - scraper - WARNING - Could not parse date in week 7: time data 'February14, 2028' does not match format '%B %d, %Y'
2026-02-19 12:55:10,134 - scraper - WARNING - Could not parse date in week 8: time data 'February21, 2028' does not match format '%B %d, %Y'
2026-02-19 12:55:10,134 - scraper - WARNING - Could not parse date in week 9: time data 'February28, 2028' does not match format '%B %d, %Y'
2026-02-19 12:55:10,135 - scraper - WARNING - Could not parse date in week 10: time data 'March6, 2028' does not match format '%B %d, %Y'
2026-02-19 12:55:10,135 - scraper - WARNING - Could not parse date in week 11: time data 'March13, 2028' does not match format '%B %d, %Y'
2026-02-19 12:55:10,135 - scraper - WARNING - Could not parse date in week 12: time data 'March20, 2028' does not match format '%B %d, %Y'
2026-02-19 12:55:10,136 - scraper - WARNING - Could not parse date in week 13: time data 'March27, 2028' does not match format '%B %d, %Y'
2026-02-19 12:55:10,136 - scraper - WARNING - Could not parse date in week 14: time data 'April3, 2028' does not match format '%B %d, %Y'
2026-02-19 12:55:10,136 - scraper - WARNING - Could not parse date in week 15: time data 'April10, 2028' does not match format '%B %d, %Y'
2026-02-19 12:55:10,136 - scraper - WARNING - Could not parse date in week 16: time data 'April17, 2028' does not match format '%B %d, %Y'
2026-02-19 12:55:10,137 - scraper - WARNING - Could not parse date in week 17: time data 'April24, 2028' does not match format '%B %d, %Y'
2026-02-19 12:55:10,137 - scraper - WARNING - Could not parse date in week 18: time data 'May1, 2028' does not match format '%B %d, %Y'
2026-02-19 12:55:10,137 - scraper - WARNING - Could not parse date in week 19: time data 'May8, 2028' does not match format '%B %d, %Y'
2026-02-19 12:55:10,138 - scraper - WARNING - Could not parse date in week 20: time data 'May15, 2028' does not match format '%B %d, %Y'
2026-02-19 12:55:10,138 - scraper - WARNING - Could not parse date in week 21: time data 'May22, 2028' does not match format '%B %d, %Y'
2026-02-19 12:55:10,138 - scraper - WARNING - Could not parse date in week 22: time data 'May29, 2028' does not match format '%B %d, %Y'
2026-02-19 12:55:10,138 - scraper - WARNING - Could not parse date in week 23: time data 'June5, 2028' does not match format '%B %d, %Y'
2026-02-19 12:55:10,138 - scraper - WARNING - Could not parse date in week 24: time data 'June12, 2028' does not match format '%B %d, %Y'
2026-02-19 12:55:10,138 - scraper - WARNING - Could not parse date in week 25: time data 'June19, 2028' does not match format '%B %d, %Y'
2026-02-19 12:55:10,138 - scraper - WARNING - Could not parse date in week 26: time data 'June26, 2028' does not match format '%B %d, %Y'
2026-02-19 12:55:10,139 - scraper - WARNING - Could not parse date in week 27: time data 'July3, 2028' does not match format '%B %d, %Y'
2026-02-19 12:55:10,139 - scraper - WARNING - Could not parse date in week 28: time data 'July10, 2028' does not match format '%B %d, %Y'
2026-02-19 12:55:10,139 - scraper - WARNING - Could not parse date in week 29: time data 'July17, 2028' does not match format '%B %d, %Y'
2026-02-19 12:55:10,139 - scraper - WARNING - Could not parse date in week 30: time data 'July24, 2028' does not match format '%B %d, %Y'
2026-02-19 12:55:10,139 - scraper - WARNING - Could not parse date in week 31: time data 'July31, 2028' does not match format '%B %d, %Y'
2026-02-19 12:55:10,139 - scraper - WARNING - Could not parse date in week 32: time data 'August7, 2028' does not match format '%B %d, %Y'
2026-02-19 12:55:10,139 - scraper - WARNING - Could not parse date in week 33: time data 'August14, 2028' does not match format '%B %d, %Y'
2026-02-19 12:55:10,139 - scraper - WARNING - Could not parse date in week 34: time data 'August21, 2028' does not match format '%B %d, %Y'
2026-02-19 12:55:10,140 - scraper - WARNING - Could not parse date in week 35: time data 'August28, 2028' does not match format '%B %d, %Y'
2026-02-19 12:55:10,140 - scraper - WARNING - Could not parse date in week 36: time data 'September4, 2028' does not match format '%B %d, %Y'
2026-02-19 12:55:10,140 - scraper - WARNING - Could not parse date in week 37: time data 'September11, 2028' does not match format '%B %d, %Y'
2026-02-19 12:55:10,140 - scraper - WARNING - Could not parse date in week 38: time data 'September18, 2028' does not match format '%B %d, %Y'
2026-02-19 12:55:10,140 - scraper - WARNING - Could not parse date in week 39: time data 'September25, 2028' does not match format '%B %d, %Y'
2026-02-19 12:55:10,140 - scraper - WARNING - Could not parse date in week 40: time data 'October2, 2028' does not match format '%B %d, %Y'
2026-02-19 12:55:10,140 - scraper - WARNING - Could not parse date in week 41: time data 'October9, 2028' does not match format '%B %d, %Y'
2026-02-19 12:55:10,141 - scraper - WARNING - Could not parse date in week 42: time data 'October16, 2028' does not match format '%B %d, %Y'
2026-02-19 12:55:10,141 - scraper - WARNING - Could not parse date in week 43: time data 'October23, 2028' does not match format '%B %d, %Y'
2026-02-19 12:55:10,141 - scraper - WARNING - Could not parse date in week 44: time data 'October30, 2028' does not match format '%B %d, %Y'
2026-02-19 12:55:10,141 - scraper - WARNING - Could not parse date in week 45: time data 'November6, 2028' does not match format '%B %d, %Y'
2026-02-19 12:55:10,141 - scraper - WARNING - Could not parse date in week 46: time data 'November13, 2028' does not match format '%B %d, %Y'
2026-02-19 12:55:10,141 - scraper - WARNING - Could not parse date in week 47: time data 'November20, 2028' does not match format '%B %d, %Y'
2026-02-19 12:55:10,141 - scraper - WARNING - Could not parse date in week 48: time data 'November27, 2028' does not match format '%B %d, %Y'
2026-02-19 12:55:10,141 - scraper - WARNING - Could not parse date in week 49: time data 'December4, 2028' does not match format '%B %d, %Y'
2026-02-19 12:55:10,142 - scraper - WARNING - Could not parse date in week 50: time data 'December11, 2028' does not match format '%B %d, %Y'
2026-02-19 12:55:10,142 - scraper - WARNING - Could not parse date in week 51: time data 'December18, 2028' does not match format '%B %d, %Y'
2026-02-19 12:55:10,142 - scraper - WARNING - Could not parse date in week 52: time data 'December25, 2028' does not match format '%B %d, %Y'
2026-02-19 12:55:10,142 - scraper - INFO -   Parsed 0 weeks for year 2028
2026-02-19 12:55:10,142 - scraper - WARNING -   No weeks parsed for 2028, attempt 2
2026-02-19 12:55:10,153 - urllib3.connectionpool - DEBUG - https://www.epochconverter.com:443 "GET /weeks/2028 HTTP/1.1" 200 None
2026-02-19 12:55:10,190 - scraper - WARNING - Could not parse date in week 1: time data 'January3, 2028' does not match format '%B %d, %Y'
2026-02-19 12:55:10,190 - scraper - WARNING - Could not parse date in week 2: time data 'January10, 2028' does not match format '%B %d, %Y'
2026-02-19 12:55:10,191 - scraper - WARNING - Could not parse date in week 3: time data 'January17, 2028' does not match format '%B %d, %Y'
2026-02-19 12:55:10,191 - scraper - WARNING - Could not parse date in week 4: time data 'January24, 2028' does not match format '%B %d, %Y'
2026-02-19 12:55:10,191 - scraper - WARNING - Could not parse date in week 5: time data 'January31, 2028' does not match format '%B %d, %Y'
2026-02-19 12:55:10,191 - scraper - WARNING - Could not parse date in week 6: time data 'February7, 2028' does not match format '%B %d, %Y'
2026-02-19 12:55:10,191 - scraper - WARNING - Could not parse date in week 7: time data 'February14, 2028' does not match format '%B %d, %Y'
2026-02-19 12:55:10,191 - scraper - WARNING - Could not parse date in week 8: time data 'February21, 2028' does not match format '%B %d, %Y'
2026-02-19 12:55:10,191 - scraper - WARNING - Could not parse date in week 9: time data 'February28, 2028' does not match format '%B %d, %Y'
2026-02-19 12:55:10,192 - scraper - WARNING - Could not parse date in week 10: time data 'March6, 2028' does not match format '%B %d, %Y'
2026-02-19 12:55:10,192 - scraper - WARNING - Could not parse date in week 11: time data 'March13, 2028' does not match format '%B %d, %Y'
2026-02-19 12:55:10,192 - scraper - WARNING - Could not parse date in week 12: time data 'March20, 2028' does not match format '%B %d, %Y'
2026-02-19 12:55:10,192 - scraper - WARNING - Could not parse date in week 13: time data 'March27, 2028' does not match format '%B %d, %Y'
2026-02-19 12:55:10,192 - scraper - WARNING - Could not parse date in week 14: time data 'April3, 2028' does not match format '%B %d, %Y'
2026-02-19 12:55:10,193 - scraper - WARNING - Could not parse date in week 15: time data 'April10, 2028' does not match format '%B %d, %Y'
2026-02-19 12:55:10,193 - scraper - WARNING - Could not parse date in week 16: time data 'April17, 2028' does not match format '%B %d, %Y'
2026-02-19 12:55:10,193 - scraper - WARNING - Could not parse date in week 17: time data 'April24, 2028' does not match format '%B %d, %Y'
2026-02-19 12:55:10,193 - scraper - WARNING - Could not parse date in week 18: time data 'May1, 2028' does not match format '%B %d, %Y'
2026-02-19 12:55:10,194 - scraper - WARNING - Could not parse date in week 19: time data 'May8, 2028' does not match format '%B %d, %Y'
2026-02-19 12:55:10,194 - scraper - WARNING - Could not parse date in week 20: time data 'May15, 2028' does not match format '%B %d, %Y'
2026-02-19 12:55:10,194 - scraper - WARNING - Could not parse date in week 21: time data 'May22, 2028' does not match format '%B %d, %Y'
2026-02-19 12:55:10,194 - scraper - WARNING - Could not parse date in week 22: time data 'May29, 2028' does not match format '%B %d, %Y'
2026-02-19 12:55:10,194 - scraper - WARNING - Could not parse date in week 23: time data 'June5, 2028' does not match format '%B %d, %Y'
2026-02-19 12:55:10,194 - scraper - WARNING - Could not parse date in week 24: time data 'June12, 2028' does not match format '%B %d, %Y'
2026-02-19 12:55:10,194 - scraper - WARNING - Could not parse date in week 25: time data 'June19, 2028' does not match format '%B %d, %Y'
2026-02-19 12:55:10,194 - scraper - WARNING - Could not parse date in week 26: time data 'June26, 2028' does not match format '%B %d, %Y'
2026-02-19 12:55:10,195 - scraper - WARNING - Could not parse date in week 27: time data 'July3, 2028' does not match format '%B %d, %Y'
2026-02-19 12:55:10,195 - scraper - WARNING - Could not parse date in week 28: time data 'July10, 2028' does not match format '%B %d, %Y'
2026-02-19 12:55:10,195 - scraper - WARNING - Could not parse date in week 29: time data 'July17, 2028' does not match format '%B %d, %Y'
2026-02-19 12:55:10,195 - scraper - WARNING - Could not parse date in week 30: time data 'July24, 2028' does not match format '%B %d, %Y'
2026-02-19 12:55:10,195 - scraper - WARNING - Could not parse date in week 31: time data 'July31, 2028' does not match format '%B %d, %Y'
2026-02-19 12:55:10,195 - scraper - WARNING - Could not parse date in week 32: time data 'August7, 2028' does not match format '%B %d, %Y'
2026-02-19 12:55:10,196 - scraper - WARNING - Could not parse date in week 33: time data 'August14, 2028' does not match format '%B %d, %Y'
2026-02-19 12:55:10,196 - scraper - WARNING - Could not parse date in week 34: time data 'August21, 2028' does not match format '%B %d, %Y'
2026-02-19 12:55:10,196 - scraper - WARNING - Could not parse date in week 35: time data 'August28, 2028' does not match format '%B %d, %Y'
2026-02-19 12:55:10,196 - scraper - WARNING - Could not parse date in week 36: time data 'September4, 2028' does not match format '%B %d, %Y'
2026-02-19 12:55:10,196 - scraper - WARNING - Could not parse date in week 37: time data 'September11, 2028' does not match format '%B %d, %Y'
2026-02-19 12:55:10,196 - scraper - WARNING - Could not parse date in week 38: time data 'September18, 2028' does not match format '%B %d, %Y'
2026-02-19 12:55:10,197 - scraper - WARNING - Could not parse date in week 39: time data 'September25, 2028' does not match format '%B %d, %Y'
2026-02-19 12:55:10,197 - scraper - WARNING - Could not parse date in week 40: time data 'October2, 2028' does not match format '%B %d, %Y'
2026-02-19 12:55:10,197 - scraper - WARNING - Could not parse date in week 41: time data 'October9, 2028' does not match format '%B %d, %Y'
2026-02-19 12:55:10,197 - scraper - WARNING - Could not parse date in week 42: time data 'October16, 2028' does not match format '%B %d, %Y'
2026-02-19 12:55:10,197 - scraper - WARNING - Could not parse date in week 43: time data 'October23, 2028' does not match format '%B %d, %Y'
2026-02-19 12:55:10,197 - scraper - WARNING - Could not parse date in week 44: time data 'October30, 2028' does not match format '%B %d, %Y'
2026-02-19 12:55:10,197 - scraper - WARNING - Could not parse date in week 45: time data 'November6, 2028' does not match format '%B %d, %Y'
2026-02-19 12:55:10,197 - scraper - WARNING - Could not parse date in week 46: time data 'November13, 2028' does not match format '%B %d, %Y'
2026-02-19 12:55:10,198 - scraper - WARNING - Could not parse date in week 47: time data 'November20, 2028' does not match format '%B %d, %Y'
2026-02-19 12:55:10,198 - scraper - WARNING - Could not parse date in week 48: time data 'November27, 2028' does not match format '%B %d, %Y'
2026-02-19 12:55:10,198 - scraper - WARNING - Could not parse date in week 49: time data 'December4, 2028' does not match format '%B %d, %Y'
2026-02-19 12:55:10,198 - scraper - WARNING - Could not parse date in week 50: time data 'December11, 2028' does not match format '%B %d, %Y'
2026-02-19 12:55:10,198 - scraper - WARNING - Could not parse date in week 51: time data 'December18, 2028' does not match format '%B %d, %Y'
2026-02-19 12:55:10,198 - scraper - WARNING - Could not parse date in week 52: time data 'December25, 2028' does not match format '%B %d, %Y'
2026-02-19 12:55:10,198 - scraper - INFO -   Parsed 0 weeks for year 2028
2026-02-19 12:55:10,198 - scraper - WARNING -   No weeks parsed for 2028, attempt 3
2026-02-19 12:55:10,199 - scraper - ERROR - Failed to fetch any week data
2026-02-19 12:55:10,199 - __main__ - ERROR - Failed to fetch week mapping data
2026-02-19 12:55:10,199 - parser - ERROR - Week mapping file not found: D:\Projects\SIMBA-RUNBOOKS\FREIGHTINFO_MARAD_Runbook\week_mapping.json
2026-02-19 12:55:10,199 - __main__ - ERROR - Failed to load week mapping
