2026-02-19 14:07:18,379 - root - INFO - ======================================================================
2026-02-19 14:07:18,380 - root - INFO - Logging initialized: D:\Projects\SIMBA-RUNBOOKS\FREIGHTINFO_MARAD_Runbook\logs\20260219_140717\freightinfo_marad_20260219_140717.log
2026-02-19 14:07:18,380 - root - INFO - ======================================================================
2026-02-19 14:07:18,381 - __main__ - INFO - ======================================================================
2026-02-19 14:07:18,381 - __main__ - INFO - STEP 1: Checking Master Data
2026-02-19 14:07:18,381 - __main__ - INFO - ======================================================================
2026-02-19 14:07:18,383 - parser - INFO - Loaded master: 52 data rows
2026-02-19 14:07:18,383 - parser - INFO -   Date range: 2025-01 to 2026-08
2026-02-19 14:07:18,383 - __main__ - INFO - Last week in master: 2026-08
2026-02-19 14:07:18,383 - __main__ - INFO - ======================================================================
2026-02-19 14:07:18,383 - __main__ - INFO - STEP 2: Fetching Week Mapping Data
2026-02-19 14:07:18,383 - __main__ - INFO - ======================================================================
2026-02-19 14:07:18,384 - scraper - INFO - Week mapping cache is up to date
2026-02-19 14:07:18,384 - scraper - INFO - Using cached week mapping data
2026-02-19 14:07:18,385 - parser - INFO - Loaded week mapping: 3 years, 157 weeks total
2026-02-19 14:07:18,385 - __main__ - INFO - ======================================================================
2026-02-19 14:07:18,385 - __main__ - INFO - STEP 3: Fetching Chart Data from BTS
2026-02-19 14:07:18,385 - __main__ - INFO - ======================================================================
2026-02-19 14:07:18,385 - scraper - INFO - ======================================================================
2026-02-19 14:07:18,385 - scraper - INFO - Fetching chart data from BTS Tableau...
2026-02-19 14:07:18,386 - scraper - INFO - URL: https://www.bts.gov/freight-indicators#anchored-offshore
2026-02-19 14:07:18,386 - scraper - INFO - ======================================================================
2026-02-19 14:07:19,774 - scraper - INFO - Checking Windows Registry for Chrome version...
2026-02-19 14:07:19,779 - scraper - INFO - Found Chrome version: 145.0.7632.76 (major: 145)
2026-02-19 14:07:19,781 - undetected_chromedriver.patcher - DEBUG - getting release number from /latest-versions-per-milestone-with-downloads.json
2026-02-19 14:07:20,289 - undetected_chromedriver.patcher - DEBUG - downloading from https://storage.googleapis.com/chrome-for-testing-public/145.0.7632.77/win32/chromedriver-win32.zip
2026-02-19 14:07:20,831 - undetected_chromedriver.patcher - DEBUG - unzipping C:\Users\MARKCA~1\AppData\Local\Temp\tmprj2j37xl
2026-02-19 14:07:21,043 - undetected_chromedriver.patcher - INFO - patching driver executable C:\Users\Mark Castro\appdata\roaming\undetected_chromedriver\undetected_chromedriver.exe
2026-02-19 14:07:23,091 - undetected_chromedriver.patcher - DEBUG - found block:
b'{window.cdc_adoQpoasnfa76pfcZLmcfl_Array = window.Array;window.cdc_adoQpoasnfa76pfcZLmcfl_Object = window.Object;window.cdc_adoQpoasnfa76pfcZLmcfl_Promise = window.Promise;window.cdc_adoQpoasnfa76pfcZLmcfl_Proxy = window.Proxy;window.cdc_adoQpoasnfa76pfcZLmcfl_Symbol = window.Symbol;window.cdc_adoQpoasnfa76pfcZLmcfl_JSON = window.JSON;window.cdc_adoQpoasnfa76pfcZLmcfl_Window = window.Window;}'
replacing with:
b'{console.log("undetected chromedriver 1337!")}                                                                                                                                                                                                                                                                                                                                                             '
2026-02-19 14:07:23,102 - undetected_chromedriver.patcher - DEBUG - patching took us 2.06 seconds
2026-02-19 14:07:24,720 - uc - DEBUG - created a temporary folder in which the user-data (profile) will be stored during this
session, and added it to chrome startup arguments: --user-data-dir=C:\Users\MARKCA~1\AppData\Local\Temp\tmpq5qc0py2
2026-02-19 14:07:24,721 - uc - DEBUG - checking if C:\Program Files (x86)\Google/Chrome/Application\chrome.exe exists and is executable
2026-02-19 14:07:24,722 - uc - DEBUG - checking if C:\Users\Mark Castro\AppData\Local\Google/Chrome/Application\chrome.exe exists and is executable
2026-02-19 14:07:24,722 - uc - DEBUG - checking if C:\Program Files\Google/Chrome/Application\chrome.exe exists and is executable
2026-02-19 14:07:24,722 - uc - DEBUG - found! using C:\Program Files\Google/Chrome/Application\chrome.exe
2026-02-19 14:07:24,740 - uc - DEBUG - did not find a bad exit_type flag 
2026-02-19 14:07:24,747 - selenium.webdriver.common.driver_finder - DEBUG - Skipping Selenium Manager; path to chrome driver specified in Service class: C:\Users\Mark Castro\appdata\roaming\undetected_chromedriver\undetected_chromedriver.exe
2026-02-19 14:07:27,672 - selenium.webdriver.common.service - DEBUG - Started executable: `C:\Users\Mark Castro\appdata\roaming\undetected_chromedriver\undetected_chromedriver.exe` in a child process with pid: 13644 using 0 to output -3
2026-02-19 14:07:28,177 - selenium.webdriver.remote.remote_connection - DEBUG - POST http://localhost:49943/session {'capabilities': {'firstMatch': [{}], 'alwaysMatch': {'browserName': 'chrome', 'pageLoadStrategy': <PageLoadStrategy.normal: 'normal'>, 'goog:chromeOptions': {'extensions': [], 'binary': 'C:\\Program Files\\Google\\Chrome\\Application\\chrome.exe', 'args': ['--no-sandbox', '--disable-dev-shm-usage', '--disable-gpu', '--window-size=1920,1080', '--remote-debugging-host=127.0.0.1', '--remote-debugging-port=49942', '--user-data-dir=C:\\Users\\MARKCA~1\\AppData\\Local\\Temp\\tmpq5qc0py2', '--lang=en-US', '--no-default-browser-check', '--no-first-run', '--no-sandbox', '--test-type', '--window-size=1920,1080', '--start-maximized', '--no-sandbox', '--log-level=0'], 'debuggerAddress': '127.0.0.1:49942'}}}}
2026-02-19 14:07:28,178 - urllib3.connectionpool - DEBUG - Starting new HTTP connection (1): localhost:49943
2026-02-19 14:07:28,194 - urllib3.connectionpool - DEBUG - http://localhost:49943 "POST /session HTTP/1.1" 200 0
2026-02-19 14:07:28,194 - selenium.webdriver.remote.remote_connection - DEBUG - Remote response: status=200 | data={"value":{"capabilities":{"acceptInsecureCerts":false,"browserName":"chrome","browserVersion":"145.0.7632.76","chrome":{"chromedriverVersion":"145.0.7632.77 (da516187054a90a4669ee732027b919261341392-refs/branch-heads/7632_45@{#16})"},"fedcm:accounts":true,"goog:chromeOptions":{"debuggerAddress":"127.0.0.1:49942"},"pageLoadStrategy":"normal","platformName":"","proxy":{},"setWindowRect":false,"strictFileInteractability":false,"timeouts":{"implicit":0,"pageLoad":300000,"script":30000},"unhandledPromptBehavior":"dismiss and notify","webauthn:extension:credBlob":true,"webauthn:extension:largeBlob":true,"webauthn:extension:minPinLength":true,"webauthn:extension:prf":true,"webauthn:virtualAuthenticators":true},"sessionId":"74e3efd05d9d07202e7ed111a5da9d68"}} | headers=HTTPHeaderDict({'Content-Length': '761', 'Content-Type': 'application/json; charset=utf-8', 'cache-control': 'no-cache'})
2026-02-19 14:07:28,195 - selenium.webdriver.remote.remote_connection - DEBUG - Finished Request
2026-02-19 14:07:28,195 - selenium.webdriver.remote.remote_connection - DEBUG - POST http://localhost:49943/session/74e3efd05d9d07202e7ed111a5da9d68/timeouts {'pageLoad': 120000}
2026-02-19 14:07:28,196 - urllib3.connectionpool - DEBUG - http://localhost:49943 "POST /session/74e3efd05d9d07202e7ed111a5da9d68/timeouts HTTP/1.1" 200 0
2026-02-19 14:07:28,197 - selenium.webdriver.remote.remote_connection - DEBUG - Remote response: status=200 | data={"value":null} | headers=HTTPHeaderDict({'Content-Length': '14', 'Content-Type': 'application/json; charset=utf-8', 'cache-control': 'no-cache'})
2026-02-19 14:07:28,197 - selenium.webdriver.remote.remote_connection - DEBUG - Finished Request
2026-02-19 14:07:28,197 - scraper - INFO - Chrome driver initialized successfully
2026-02-19 14:07:28,197 - scraper - INFO - Navigating to: https://www.bts.gov/freight-indicators#anchored-offshore
2026-02-19 14:07:28,197 - selenium.webdriver.remote.remote_connection - DEBUG - POST http://localhost:49943/session/74e3efd05d9d07202e7ed111a5da9d68/url {'url': 'https://www.bts.gov/freight-indicators#anchored-offshore'}
2026-02-19 14:07:34,351 - urllib3.connectionpool - DEBUG - http://localhost:49943 "POST /session/74e3efd05d9d07202e7ed111a5da9d68/url HTTP/1.1" 200 0
2026-02-19 14:07:34,352 - selenium.webdriver.remote.remote_connection - DEBUG - Remote response: status=200 | data={"value":null} | headers=HTTPHeaderDict({'Content-Length': '14', 'Content-Type': 'application/json; charset=utf-8', 'cache-control': 'no-cache'})
2026-02-19 14:07:34,352 - selenium.webdriver.remote.remote_connection - DEBUG - Finished Request
2026-02-19 14:07:34,366 - scraper - INFO - Waiting for Tableau chart to load...
2026-02-19 14:07:39,368 - scraper - INFO - Clicking #anchored-offshore anchor to scroll to target chart...
2026-02-19 14:07:39,368 - selenium.webdriver.remote.remote_connection - DEBUG - POST http://localhost:49943/session/74e3efd05d9d07202e7ed111a5da9d68/element {'using': 'css selector', 'value': 'a[href="#anchored-offshore"]'}
2026-02-19 14:07:39,454 - urllib3.connectionpool - DEBUG - http://localhost:49943 "POST /session/74e3efd05d9d07202e7ed111a5da9d68/element HTTP/1.1" 200 0
2026-02-19 14:07:39,454 - selenium.webdriver.remote.remote_connection - DEBUG - Remote response: status=200 | data={"value":{"element-6066-11e4-a52e-4f735466cecf":"f.1671CBA58DE8B7D591FE2680813314F6.d.FB118D0F69ACC4C206A1696F36DDAA9A.e.7"}} | headers=HTTPHeaderDict({'Content-Length': '125', 'Content-Type': 'application/json; charset=utf-8', 'cache-control': 'no-cache'})
2026-02-19 14:07:39,454 - selenium.webdriver.remote.remote_connection - DEBUG - Finished Request
2026-02-19 14:07:39,454 - selenium.webdriver.remote.remote_connection - DEBUG - POST http://localhost:49943/session/74e3efd05d9d07202e7ed111a5da9d68/execute/sync {'script': 'arguments[0].click();', 'args': [{'element-6066-11e4-a52e-4f735466cecf': 'f.1671CBA58DE8B7D591FE2680813314F6.d.FB118D0F69ACC4C206A1696F36DDAA9A.e.7'}]}
2026-02-19 14:07:39,491 - urllib3.connectionpool - DEBUG - http://localhost:49943 "POST /session/74e3efd05d9d07202e7ed111a5da9d68/execute/sync HTTP/1.1" 200 0
2026-02-19 14:07:39,491 - selenium.webdriver.remote.remote_connection - DEBUG - Remote response: status=200 | data={"value":null} | headers=HTTPHeaderDict({'Content-Length': '14', 'Content-Type': 'application/json; charset=utf-8', 'cache-control': 'no-cache'})
2026-02-19 14:07:39,492 - selenium.webdriver.remote.remote_connection - DEBUG - Finished Request
2026-02-19 14:07:39,492 - scraper - INFO - Anchor link clicked, waiting for section to load...
2026-02-19 14:07:44,496 - scraper - INFO - Scrolling through page to trigger all lazy-loaded iframes...
2026-02-19 14:07:44,497 - selenium.webdriver.remote.remote_connection - DEBUG - POST http://localhost:49943/session/74e3efd05d9d07202e7ed111a5da9d68/execute/sync {'script': 'return document.body.scrollHeight;', 'args': []}
2026-02-19 14:07:44,508 - urllib3.connectionpool - DEBUG - http://localhost:49943 "POST /session/74e3efd05d9d07202e7ed111a5da9d68/execute/sync HTTP/1.1" 200 0
2026-02-19 14:07:44,508 - selenium.webdriver.remote.remote_connection - DEBUG - Remote response: status=200 | data={"value":38988} | headers=HTTPHeaderDict({'Content-Length': '15', 'Content-Type': 'application/json; charset=utf-8', 'cache-control': 'no-cache'})
2026-02-19 14:07:44,508 - selenium.webdriver.remote.remote_connection - DEBUG - Finished Request
2026-02-19 14:07:44,509 - selenium.webdriver.remote.remote_connection - DEBUG - POST http://localhost:49943/session/74e3efd05d9d07202e7ed111a5da9d68/execute/sync {'script': 'window.scrollTo(0, 6498);', 'args': []}
2026-02-19 14:07:44,526 - urllib3.connectionpool - DEBUG - http://localhost:49943 "POST /session/74e3efd05d9d07202e7ed111a5da9d68/execute/sync HTTP/1.1" 200 0
2026-02-19 14:07:44,528 - selenium.webdriver.remote.remote_connection - DEBUG - Remote response: status=200 | data={"value":null} | headers=HTTPHeaderDict({'Content-Length': '14', 'Content-Type': 'application/json; charset=utf-8', 'cache-control': 'no-cache'})
2026-02-19 14:07:44,528 - selenium.webdriver.remote.remote_connection - DEBUG - Finished Request
2026-02-19 14:07:45,531 - selenium.webdriver.remote.remote_connection - DEBUG - POST http://localhost:49943/session/74e3efd05d9d07202e7ed111a5da9d68/execute/sync {'script': 'window.scrollTo(0, 12996);', 'args': []}
2026-02-19 14:07:45,543 - urllib3.connectionpool - DEBUG - http://localhost:49943 "POST /session/74e3efd05d9d07202e7ed111a5da9d68/execute/sync HTTP/1.1" 200 0
2026-02-19 14:07:45,543 - selenium.webdriver.remote.remote_connection - DEBUG - Remote response: status=200 | data={"value":null} | headers=HTTPHeaderDict({'Content-Length': '14', 'Content-Type': 'application/json; charset=utf-8', 'cache-control': 'no-cache'})
2026-02-19 14:07:45,543 - selenium.webdriver.remote.remote_connection - DEBUG - Finished Request
2026-02-19 14:07:46,548 - selenium.webdriver.remote.remote_connection - DEBUG - POST http://localhost:49943/session/74e3efd05d9d07202e7ed111a5da9d68/execute/sync {'script': 'window.scrollTo(0, 19494);', 'args': []}
2026-02-19 14:07:46,558 - urllib3.connectionpool - DEBUG - http://localhost:49943 "POST /session/74e3efd05d9d07202e7ed111a5da9d68/execute/sync HTTP/1.1" 200 0
2026-02-19 14:07:46,558 - selenium.webdriver.remote.remote_connection - DEBUG - Remote response: status=200 | data={"value":null} | headers=HTTPHeaderDict({'Content-Length': '14', 'Content-Type': 'application/json; charset=utf-8', 'cache-control': 'no-cache'})
2026-02-19 14:07:46,558 - selenium.webdriver.remote.remote_connection - DEBUG - Finished Request
2026-02-19 14:07:47,559 - selenium.webdriver.remote.remote_connection - DEBUG - POST http://localhost:49943/session/74e3efd05d9d07202e7ed111a5da9d68/execute/sync {'script': 'window.scrollTo(0, 25992);', 'args': []}
2026-02-19 14:07:47,576 - urllib3.connectionpool - DEBUG - http://localhost:49943 "POST /session/74e3efd05d9d07202e7ed111a5da9d68/execute/sync HTTP/1.1" 200 0
2026-02-19 14:07:47,576 - selenium.webdriver.remote.remote_connection - DEBUG - Remote response: status=200 | data={"value":null} | headers=HTTPHeaderDict({'Content-Length': '14', 'Content-Type': 'application/json; charset=utf-8', 'cache-control': 'no-cache'})
2026-02-19 14:07:47,576 - selenium.webdriver.remote.remote_connection - DEBUG - Finished Request
2026-02-19 14:07:48,577 - selenium.webdriver.remote.remote_connection - DEBUG - POST http://localhost:49943/session/74e3efd05d9d07202e7ed111a5da9d68/execute/sync {'script': 'window.scrollTo(0, 32490);', 'args': []}
2026-02-19 14:07:48,637 - urllib3.connectionpool - DEBUG - http://localhost:49943 "POST /session/74e3efd05d9d07202e7ed111a5da9d68/execute/sync HTTP/1.1" 200 0
2026-02-19 14:07:48,637 - selenium.webdriver.remote.remote_connection - DEBUG - Remote response: status=200 | data={"value":null} | headers=HTTPHeaderDict({'Content-Length': '14', 'Content-Type': 'application/json; charset=utf-8', 'cache-control': 'no-cache'})
2026-02-19 14:07:48,637 - selenium.webdriver.remote.remote_connection - DEBUG - Finished Request
2026-02-19 14:07:49,639 - selenium.webdriver.remote.remote_connection - DEBUG - POST http://localhost:49943/session/74e3efd05d9d07202e7ed111a5da9d68/execute/sync {'script': 'window.scrollTo(0, 38988);', 'args': []}
2026-02-19 14:07:49,655 - urllib3.connectionpool - DEBUG - http://localhost:49943 "POST /session/74e3efd05d9d07202e7ed111a5da9d68/execute/sync HTTP/1.1" 200 0
2026-02-19 14:07:49,655 - selenium.webdriver.remote.remote_connection - DEBUG - Remote response: status=200 | data={"value":null} | headers=HTTPHeaderDict({'Content-Length': '14', 'Content-Type': 'application/json; charset=utf-8', 'cache-control': 'no-cache'})
2026-02-19 14:07:49,656 - selenium.webdriver.remote.remote_connection - DEBUG - Finished Request
2026-02-19 14:07:55,658 - scraper - INFO - Scrolling back to #anchored-offshore section...
2026-02-19 14:07:55,658 - selenium.webdriver.remote.remote_connection - DEBUG - POST http://localhost:49943/session/74e3efd05d9d07202e7ed111a5da9d68/element {'using': 'css selector', 'value': 'a[id="anchored-offshore"], a[name="anchored-offshore"]'}
2026-02-19 14:07:56,340 - urllib3.connectionpool - DEBUG - http://localhost:49943 "POST /session/74e3efd05d9d07202e7ed111a5da9d68/element HTTP/1.1" 200 0
2026-02-19 14:07:56,340 - selenium.webdriver.remote.remote_connection - DEBUG - Remote response: status=200 | data={"value":{"element-6066-11e4-a52e-4f735466cecf":"f.1671CBA58DE8B7D591FE2680813314F6.d.FB118D0F69ACC4C206A1696F36DDAA9A.e.115"}} | headers=HTTPHeaderDict({'Content-Length': '127', 'Content-Type': 'application/json; charset=utf-8', 'cache-control': 'no-cache'})
2026-02-19 14:07:56,340 - selenium.webdriver.remote.remote_connection - DEBUG - Finished Request
2026-02-19 14:07:56,340 - selenium.webdriver.remote.remote_connection - DEBUG - POST http://localhost:49943/session/74e3efd05d9d07202e7ed111a5da9d68/execute/sync {'script': "arguments[0].scrollIntoView({block: 'center'});", 'args': [{'element-6066-11e4-a52e-4f735466cecf': 'f.1671CBA58DE8B7D591FE2680813314F6.d.FB118D0F69ACC4C206A1696F36DDAA9A.e.115'}]}
2026-02-19 14:07:56,466 - urllib3.connectionpool - DEBUG - http://localhost:49943 "POST /session/74e3efd05d9d07202e7ed111a5da9d68/execute/sync HTTP/1.1" 200 0
2026-02-19 14:07:56,467 - selenium.webdriver.remote.remote_connection - DEBUG - Remote response: status=200 | data={"value":null} | headers=HTTPHeaderDict({'Content-Length': '14', 'Content-Type': 'application/json; charset=utf-8', 'cache-control': 'no-cache'})
2026-02-19 14:07:56,467 - selenium.webdriver.remote.remote_connection - DEBUG - Finished Request
2026-02-19 14:07:58,469 - selenium.webdriver.remote.remote_connection - DEBUG - POST http://localhost:49943/session/74e3efd05d9d07202e7ed111a5da9d68/elements {'using': 'tag name', 'value': 'iframe'}
2026-02-19 14:07:58,501 - urllib3.connectionpool - DEBUG - http://localhost:49943 "POST /session/74e3efd05d9d07202e7ed111a5da9d68/elements HTTP/1.1" 200 0
2026-02-19 14:07:58,501 - selenium.webdriver.remote.remote_connection - DEBUG - Remote response: status=200 | data={"value":[{"element-6066-11e4-a52e-4f735466cecf":"f.1671CBA58DE8B7D591FE2680813314F6.d.FB118D0F69ACC4C206A1696F36DDAA9A.e.118"},{"element-6066-11e4-a52e-4f735466cecf":"f.1671CBA58DE8B7D591FE2680813314F6.d.FB118D0F69ACC4C206A1696F36DDAA9A.e.119"},{"element-6066-11e4-a52e-4f735466cecf":"f.1671CBA58DE8B7D591FE2680813314F6.d.FB118D0F69ACC4C206A1696F36DDAA9A.e.120"},{"element-6066-11e4-a52e-4f735466cecf":"f.1671CBA58DE8B7D591FE2680813314F6.d.FB118D0F69ACC4C206A1696F36DDAA9A.e.121"},{"element-6066-11e4-a52e-4f735466cecf":"f.1671CBA58DE8B7D591FE2680813314F6.d.FB118D0F69ACC4C206A1696F36DDAA9A.e.116"},{"element-6066-11e4-a52e-4f735466cecf":"f.1671CBA58DE8B7D591FE2680813314F6.d.FB118D0F69ACC4C206A1696F36DDAA9A.e.117"},{"element-6066-11e4-a52e-4f735466cecf":"f.1671CBA58DE8B7D591FE2680813314F6.d.FB118D0F69ACC4C206A1696F36DDAA9A.e.122"},{"element-6066-11e4-a52e-4f735466cecf":"f.1671CBA58DE8B7D591FE2680813314F6.d.FB118D0F69ACC4C206A1696F36DDAA9A.e.123"},{"element-6066-11e4-a52e-4f735466cecf":"f.1671CBA58DE8B7D591FE2680813314F6.d.FB118D0F69ACC4C206A1696F36DDAA9A.e.124"},{"element-6066-11e4-a52e-4f735466cecf":"f.1671CBA58DE8B7D591FE2680813314F6.d.FB118D0F69ACC4C206A1696F36DDAA9A.e.125"},{"element-6066-11e4-a52e-4f735466cecf":"f.1671CBA58DE8B7D591FE2680813314F6.d.FB118D0F69ACC4C206A1696F36DDAA9A.e.126"},{"element-6066-11e4-a52e-4f735466cecf":"f.1671CBA58DE8B7D591FE2680813314F6.d.FB118D0F69ACC4C206A1696F36DDAA9A.e.127"},{"element-6066-11e4-a52e-4f735466cecf":"f.1671CBA58DE8B7D591FE2680813314F6.d.FB118D0F69ACC4C206A1696F36DDAA9A.e.128"},{"element-6066-11e4-a52e-4f735466cecf":"f.1671CBA58DE8B7D591FE2680813314F6.d.FB118D0F69ACC4C206A1696F36DDAA9A.e.129"},{"element-6066-11e4-a52e-4f735466cecf":"f.1671CBA58DE8B7D591FE2680813314F6.d.FB118D0F69ACC4C206A1696F36DDAA9A.e.130"},{"element-6066-11e4-a52e-4f735466cecf":"f.1671CBA58DE8B7D591FE2680813314F6.d.FB118D0F69ACC4C206A1696F36DDAA9A.e.131"},{"element-6066-11e4-a52e-4f735466cecf":"f.1671CBA58DE8B7D591FE2680813314F6.d.FB118D0F69ACC4C206A1696F36DDAA9A.e.132"},{"element-6066-11e4-a52e-4f735466cecf":"f.1671CBA58DE8B7D591FE2680813314F6.d.FB118D0F69ACC4C206A1696F36DDAA9A.e.133"},{"element-6066-11e4-a52e-4f735466cecf":"f.1671CBA58DE8B7D591FE2680813314F6.d.FB118D0F69ACC4C206A1696F36DDAA9A.e.134"},{"element-6066-11e4-a52e-4f735466cecf":"f.1671CBA58DE8B7D591FE2680813314F6.d.FB118D0F69ACC4C206A1696F36DDAA9A.e.135"},{"element-6066-11e4-a52e-4f735466cecf":"f.1671CBA58DE8B7D591FE2680813314F6.d.FB118D0F69ACC4C206A1696F36DDAA9A.e.136"},{"element-6066-11e4-a52e-4f735466cecf":"f.1671CBA58DE8B7D591FE2680813314F6.d.FB118D0F69ACC4C206A1696F36DDAA9A.e.137"},{"element-6066-11e4-a52e-4f735466cecf":"f.1671CBA58DE8B7D591FE2680813314F6.d.FB118D0F69ACC4C206A1696F36DDAA9A.e.138"},{"element-6066-11e4-a52e-4f735466cecf":"f.1671CBA58DE8B7D591FE2680813314F6.d.FB118D0F69ACC4C206A1696F36DDAA9A.e.139"},{"element-6066-11e4-a52e-4f735466cecf":"f.1671CBA58DE8B7D591FE2680813314F6.d.FB118D0F69ACC4C206A1696F36DDAA9A.e.140"},{"element-6066-11e4-a52e-4f735466cecf":"f.1671CBA58DE8B7D591FE2680813314F6.d.FB118D0F69ACC4C206A1696F36DDAA9A.e.141"},{"element-6066-11e4-a52e-4f735466cecf":"f.1671CBA58DE8B7D591FE2680813314F6.d.FB118D0F69ACC4C206A1696F36DDAA9A.e.142"},{"element-6066-11e4-a52e-4f735466cecf":"f.1671CBA58DE8B7D591FE2680813314F6.d.FB118D0F69ACC4C206A1696F36DDAA9A.e.143"},{"element-6066-11e4-a52e-4f735466cecf":"f.1671CBA58DE8B7D591FE2680813314F6.d.FB118D0F69ACC4C206A1696F36DDAA9A.e.144"},{"element-6066-11e4-a52e-4f735466cecf":"f.1671CBA58DE8B7D591FE2680813314F6.d.FB118D0F69ACC4C206A1696F36DDAA9A.e.145"},{"element-6066-11e4-a52e-4f735466cecf":"f.1671CBA58DE8B7D591FE2680813314F6.d.FB118D0F69ACC4C206A1696F36DDAA9A.e.146"},{"element-6066-11e4-a52e-4f735466cecf":"f.1671CBA58DE8B7D591FE2680813314F6.d.FB118D0F69ACC4C206A1696F36DDAA9A.e.147"},{"element-6066-11e4-a52e-4f735466cecf":"f.1671CBA58DE8B7D591FE2680813314F6.d.FB118D0F69ACC4C206A1696F36DDAA9A.e.148"},{"element-6066-11e4-a52e-4f735466cecf":"f.1671CBA58DE8B7D591FE2680813314F6.d.FB118D0F69ACC4C206A1696F36DDAA9A.e.149"},{"element-6066-11e4-a52e-4f735466cecf":"f.1671CBA58DE8B7D591FE2680813314F6.d.FB118D0F69ACC4C206A1696F36DDAA9A.e.150"},{"element-6066-11e4-a52e-4f735466cecf":"f.1671CBA58DE8B7D591FE2680813314F6.d.FB118D0F69ACC4C206A1696F36DDAA9A.e.151"},{"element-6066-11e4-a52e-4f735466cecf":"f.1671CBA58DE8B7D591FE2680813314F6.d.FB118D0F69ACC4C206A1696F36DDAA9A.e.152"},{"element-6066-11e4-a52e-4f735466cecf":"f.1671CBA58DE8B7D591FE2680813314F6.d.FB118D0F69ACC4C206A1696F36DDAA9A.e.153"},{"element-6066-11e4-a52e-4f735466cecf":"f.1671CBA58DE8B7D591FE2680813314F6.d.FB118D0F69ACC4C206A1696F36DDAA9A.e.154"},{"element-6066-11e4-a52e-4f735466cecf":"f.1671CBA58DE8B7D591FE2680813314F6.d.FB118D0F69ACC4C206A1696F36DDAA9A.e.155"},{"element-6066-11e4-a52e-4f735466cecf":"f.1671CBA58DE8B7D591FE2680813314F6.d.FB118D0F69ACC4C206A1696F36DDAA9A.e.156"},{"element-6066-11e4-a52e-4f735466cecf":"f.1671CBA58DE8B7D591FE2680813314F6.d.FB118D0F69ACC4C206A1696F36DDAA9A.e.157"},{"element-6066-11e4-a52e-4f735466cecf":"f.1671CBA58DE8B7D591FE2680813314F6.d.FB118D0F69ACC4C206A1696F36DDAA9A.e.158"},{"element-6066-11e4-a52e-4f735466cecf":"f.1671CBA58DE8B7D591FE2680813314F6.d.FB118D0F69ACC4C206A1696F36DDAA9A.e.159"},{"element-6066-11e4-a52e-4f735466cecf":"f.1671CBA58DE8B7D591FE2680813314F6.d.FB118D0F69ACC4C206A1696F36DDAA9A.e.160"}]} | headers=HTTPHeaderDict({'Content-Length': '5321', 'Content-Type': 'application/json; charset=utf-8', 'cache-control': 'no-cache'})
2026-02-19 14:07:58,501 - selenium.webdriver.remote.remote_connection - DEBUG - Finished Request
2026-02-19 14:07:58,502 - scraper - INFO - Found 45 iframes on page
2026-02-19 14:07:58,506 - selenium.webdriver.remote.remote_connection - DEBUG - POST http://localhost:49943/session/74e3efd05d9d07202e7ed111a5da9d68/execute/sync {'script': '/* getAttribute */return (function(){return (function(){var d=this||self;function f(a,b){function c(...', 'args': [{'element-6066-11e4-a52e-4f735466cecf': 'f.1671CBA58DE8B7D591FE2680813314F6.d.FB118D0F69ACC4C206A1696F36DDAA9A.e.118'}, 'src']}
2026-02-19 14:07:58,516 - urllib3.connectionpool - DEBUG - http://localhost:49943 "POST /session/74e3efd05d9d07202e7ed111a5da9d68/execute/sync HTTP/1.1" 200 0
2026-02-19 14:07:58,516 - selenium.webdriver.remote.remote_connection - DEBUG - Remote response: status=200 | data={"value":"https://explore.dot.gov/views/FreightIndicators/ContainerShipCapacity?:embed=y&:showVizHome=no&:host_url=https%3A%2F%2Fexplore.dot.gov%2F&:embed_code_version=3&:tabs=no&:toolbar=yes&:showAppBanner=false&:display_spinner=no&:loadOrderID=0"} | headers=HTTPHeaderDict({'Content-Length': '249', 'Content-Type': 'application/json; charset=utf-8', 'cache-control': 'no-cache'})
2026-02-19 14:07:58,516 - selenium.webdriver.remote.remote_connection - DEBUG - Finished Request
2026-02-19 14:07:58,516 - scraper - INFO -   iframe[0]: https://explore.dot.gov/views/FreightIndicators/ContainerShipCapacity?:embed=y&:showVizHome=no&:host_url=https%3A%2F%2Fe
2026-02-19 14:07:58,517 - selenium.webdriver.remote.remote_connection - DEBUG - POST http://localhost:49943/session/74e3efd05d9d07202e7ed111a5da9d68/execute/sync {'script': '/* getAttribute */return (function(){return (function(){var d=this||self;function f(a,b){function c(...', 'args': [{'element-6066-11e4-a52e-4f735466cecf': 'f.1671CBA58DE8B7D591FE2680813314F6.d.FB118D0F69ACC4C206A1696F36DDAA9A.e.119'}, 'src']}
2026-02-19 14:07:58,541 - urllib3.connectionpool - DEBUG - http://localhost:49943 "POST /session/74e3efd05d9d07202e7ed111a5da9d68/execute/sync HTTP/1.1" 200 0
2026-02-19 14:07:58,541 - selenium.webdriver.remote.remote_connection - DEBUG - Remote response: status=200 | data={"value":"https://explore.dot.gov/views/FreightIndicators/LoadedImportContainers?:embed=y&:showVizHome=no&:host_url=https%3A%2F%2Fexplore.dot.gov%2F&:embed_code_version=3&:tabs=no&:toolbar=yes&:showAppBanner=false&:display_spinner=no&:loadOrderID=1"} | headers=HTTPHeaderDict({'Content-Length': '250', 'Content-Type': 'application/json; charset=utf-8', 'cache-control': 'no-cache'})
2026-02-19 14:07:58,541 - selenium.webdriver.remote.remote_connection - DEBUG - Finished Request
2026-02-19 14:07:58,541 - scraper - INFO -   iframe[1]: https://explore.dot.gov/views/FreightIndicators/LoadedImportContainers?:embed=y&:showVizHome=no&:host_url=https%3A%2F%2F
2026-02-19 14:07:58,542 - selenium.webdriver.remote.remote_connection - DEBUG - POST http://localhost:49943/session/74e3efd05d9d07202e7ed111a5da9d68/execute/sync {'script': '/* getAttribute */return (function(){return (function(){var d=this||self;function f(a,b){function c(...', 'args': [{'element-6066-11e4-a52e-4f735466cecf': 'f.1671CBA58DE8B7D591FE2680813314F6.d.FB118D0F69ACC4C206A1696F36DDAA9A.e.120'}, 'src']}
2026-02-19 14:07:58,550 - urllib3.connectionpool - DEBUG - http://localhost:49943 "POST /session/74e3efd05d9d07202e7ed111a5da9d68/execute/sync HTTP/1.1" 200 0
2026-02-19 14:07:58,550 - selenium.webdriver.remote.remote_connection - DEBUG - Remote response: status=200 | data={"value":"https://explore.dot.gov/views/FreightIndicators/LoadedExportContainers?:embed=y&:showVizHome=no&:host_url=https%3A%2F%2Fexplore.dot.gov%2F&:embed_code_version=3&:tabs=no&:toolbar=yes&:showAppBanner=false&:display_spinner=no&:loadOrderID=2"} | headers=HTTPHeaderDict({'Content-Length': '250', 'Content-Type': 'application/json; charset=utf-8', 'cache-control': 'no-cache'})
2026-02-19 14:07:58,550 - selenium.webdriver.remote.remote_connection - DEBUG - Finished Request
2026-02-19 14:07:58,550 - scraper - INFO -   iframe[2]: https://explore.dot.gov/views/FreightIndicators/LoadedExportContainers?:embed=y&:showVizHome=no&:host_url=https%3A%2F%2F
2026-02-19 14:07:58,550 - selenium.webdriver.remote.remote_connection - DEBUG - POST http://localhost:49943/session/74e3efd05d9d07202e7ed111a5da9d68/execute/sync {'script': '/* getAttribute */return (function(){return (function(){var d=this||self;function f(a,b){function c(...', 'args': [{'element-6066-11e4-a52e-4f735466cecf': 'f.1671CBA58DE8B7D591FE2680813314F6.d.FB118D0F69ACC4C206A1696F36DDAA9A.e.121'}, 'src']}
2026-02-19 14:07:58,563 - urllib3.connectionpool - DEBUG - http://localhost:49943 "POST /session/74e3efd05d9d07202e7ed111a5da9d68/execute/sync HTTP/1.1" 200 0
2026-02-19 14:07:58,563 - selenium.webdriver.remote.remote_connection - DEBUG - Remote response: status=200 | data={"value":"https://explore.dot.gov/views/FreightIndicators/EmptyExportContainers?:embed=y&:showVizHome=no&:host_url=https%3A%2F%2Fexplore.dot.gov%2F&:embed_code_version=3&:tabs=no&:toolbar=yes&:showAppBanner=false&:display_spinner=no&:loadOrderID=3"} | headers=HTTPHeaderDict({'Content-Length': '249', 'Content-Type': 'application/json; charset=utf-8', 'cache-control': 'no-cache'})
2026-02-19 14:07:58,563 - selenium.webdriver.remote.remote_connection - DEBUG - Finished Request
2026-02-19 14:07:58,563 - scraper - INFO -   iframe[3]: https://explore.dot.gov/views/FreightIndicators/EmptyExportContainers?:embed=y&:showVizHome=no&:host_url=https%3A%2F%2Fe
2026-02-19 14:07:58,563 - selenium.webdriver.remote.remote_connection - DEBUG - POST http://localhost:49943/session/74e3efd05d9d07202e7ed111a5da9d68/execute/sync {'script': '/* getAttribute */return (function(){return (function(){var d=this||self;function f(a,b){function c(...', 'args': [{'element-6066-11e4-a52e-4f735466cecf': 'f.1671CBA58DE8B7D591FE2680813314F6.d.FB118D0F69ACC4C206A1696F36DDAA9A.e.116'}, 'src']}
2026-02-19 14:07:58,578 - urllib3.connectionpool - DEBUG - http://localhost:49943 "POST /session/74e3efd05d9d07202e7ed111a5da9d68/execute/sync HTTP/1.1" 200 0
2026-02-19 14:07:58,578 - selenium.webdriver.remote.remote_connection - DEBUG - Remote response: status=200 | data={"value":"https://explore.dot.gov/views/FreightIndicators/EmptyExportContainersbyyear?:embed=y&:showVizHome=no&:host_url=https%3A%2F%2Fexplore.dot.gov%2F&:embed_code_version=3&:tabs=no&:toolbar=yes&:showAppBanner=false&:display_spinner=no&:loadOrderID=4"} | headers=HTTPHeaderDict({'Content-Length': '255', 'Content-Type': 'application/json; charset=utf-8', 'cache-control': 'no-cache'})
2026-02-19 14:07:58,578 - selenium.webdriver.remote.remote_connection - DEBUG - Finished Request
2026-02-19 14:07:58,578 - scraper - INFO -   iframe[4]: https://explore.dot.gov/views/FreightIndicators/EmptyExportContainersbyyear?:embed=y&:showVizHome=no&:host_url=https%3A%
2026-02-19 14:07:58,579 - selenium.webdriver.remote.remote_connection - DEBUG - POST http://localhost:49943/session/74e3efd05d9d07202e7ed111a5da9d68/execute/sync {'script': '/* getAttribute */return (function(){return (function(){var d=this||self;function f(a,b){function c(...', 'args': [{'element-6066-11e4-a52e-4f735466cecf': 'f.1671CBA58DE8B7D591FE2680813314F6.d.FB118D0F69ACC4C206A1696F36DDAA9A.e.117'}, 'src']}
2026-02-19 14:07:58,593 - urllib3.connectionpool - DEBUG - http://localhost:49943 "POST /session/74e3efd05d9d07202e7ed111a5da9d68/execute/sync HTTP/1.1" 200 0
2026-02-19 14:07:58,593 - selenium.webdriver.remote.remote_connection - DEBUG - Remote response: status=200 | data={"value":"https://explore.dot.gov/views/FreightIndicators/ContainershipsAnchored?:embed=y&:showVizHome=no&:host_url=https%3A%2F%2Fexplore.dot.gov%2F&:embed_code_version=3&:tabs=no&:toolbar=yes&:showAppBanner=false&:display_spinner=no&:loadOrderID=5"} | headers=HTTPHeaderDict({'Content-Length': '250', 'Content-Type': 'application/json; charset=utf-8', 'cache-control': 'no-cache'})
2026-02-19 14:07:58,593 - selenium.webdriver.remote.remote_connection - DEBUG - Finished Request
2026-02-19 14:07:58,593 - scraper - INFO -   iframe[5]: https://explore.dot.gov/views/FreightIndicators/ContainershipsAnchored?:embed=y&:showVizHome=no&:host_url=https%3A%2F%2F
2026-02-19 14:07:58,594 - selenium.webdriver.remote.remote_connection - DEBUG - POST http://localhost:49943/session/74e3efd05d9d07202e7ed111a5da9d68/execute/sync {'script': '/* getAttribute */return (function(){return (function(){var d=this||self;function f(a,b){function c(...', 'args': [{'element-6066-11e4-a52e-4f735466cecf': 'f.1671CBA58DE8B7D591FE2680813314F6.d.FB118D0F69ACC4C206A1696F36DDAA9A.e.122'}, 'src']}
2026-02-19 14:07:58,601 - urllib3.connectionpool - DEBUG - http://localhost:49943 "POST /session/74e3efd05d9d07202e7ed111a5da9d68/execute/sync HTTP/1.1" 200 0
2026-02-19 14:07:58,602 - selenium.webdriver.remote.remote_connection - DEBUG - Remote response: status=200 | data={"value":"https://explore.dot.gov/views/FreightIndicators/ContainerizedExports?:embed=y&:showVizHome=no&:host_url=https%3A%2F%2Fexplore.dot.gov%2F&:embed_code_version=3&:tabs=no&:toolbar=yes&:showAppBanner=false&:display_spinner=no&:loadOrderID=6"} | headers=HTTPHeaderDict({'Content-Length': '248', 'Content-Type': 'application/json; charset=utf-8', 'cache-control': 'no-cache'})
2026-02-19 14:07:58,602 - selenium.webdriver.remote.remote_connection - DEBUG - Finished Request
2026-02-19 14:07:58,602 - scraper - INFO -   iframe[6]: https://explore.dot.gov/views/FreightIndicators/ContainerizedExports?:embed=y&:showVizHome=no&:host_url=https%3A%2F%2Fex
2026-02-19 14:07:58,602 - selenium.webdriver.remote.remote_connection - DEBUG - POST http://localhost:49943/session/74e3efd05d9d07202e7ed111a5da9d68/execute/sync {'script': '/* getAttribute */return (function(){return (function(){var d=this||self;function f(a,b){function c(...', 'args': [{'element-6066-11e4-a52e-4f735466cecf': 'f.1671CBA58DE8B7D591FE2680813314F6.d.FB118D0F69ACC4C206A1696F36DDAA9A.e.123'}, 'src']}
2026-02-19 14:07:58,613 - urllib3.connectionpool - DEBUG - http://localhost:49943 "POST /session/74e3efd05d9d07202e7ed111a5da9d68/execute/sync HTTP/1.1" 200 0
2026-02-19 14:07:58,613 - selenium.webdriver.remote.remote_connection - DEBUG - Remote response: status=200 | data={"value":"https://explore.dot.gov/views/FreightIndicators/ContainerizedImports?:embed=y&:showVizHome=no&:host_url=https%3A%2F%2Fexplore.dot.gov%2F&:embed_code_version=3&:tabs=no&:toolbar=yes&:showAppBanner=false&:display_spinner=no&:loadOrderID=7"} | headers=HTTPHeaderDict({'Content-Length': '248', 'Content-Type': 'application/json; charset=utf-8', 'cache-control': 'no-cache'})
2026-02-19 14:07:58,613 - selenium.webdriver.remote.remote_connection - DEBUG - Finished Request
2026-02-19 14:07:58,613 - scraper - INFO -   iframe[7]: https://explore.dot.gov/views/FreightIndicators/ContainerizedImports?:embed=y&:showVizHome=no&:host_url=https%3A%2F%2Fex
2026-02-19 14:07:58,614 - selenium.webdriver.remote.remote_connection - DEBUG - POST http://localhost:49943/session/74e3efd05d9d07202e7ed111a5da9d68/execute/sync {'script': '/* getAttribute */return (function(){return (function(){var d=this||self;function f(a,b){function c(...', 'args': [{'element-6066-11e4-a52e-4f735466cecf': 'f.1671CBA58DE8B7D591FE2680813314F6.d.FB118D0F69ACC4C206A1696F36DDAA9A.e.124'}, 'src']}
2026-02-19 14:07:58,625 - urllib3.connectionpool - DEBUG - http://localhost:49943 "POST /session/74e3efd05d9d07202e7ed111a5da9d68/execute/sync HTTP/1.1" 200 0
2026-02-19 14:07:58,625 - selenium.webdriver.remote.remote_connection - DEBUG - Remote response: status=200 | data={"value":"https://explore.dot.gov/views/FreightIndicators/ContainershipsAwaiting?:embed=y&:showVizHome=no&:host_url=https%3A%2F%2Fexplore.dot.gov%2F&:embed_code_version=3&:tabs=no&:toolbar=yes&:showAppBanner=false&:display_spinner=no&:loadOrderID=8"} | headers=HTTPHeaderDict({'Content-Length': '250', 'Content-Type': 'application/json; charset=utf-8', 'cache-control': 'no-cache'})
2026-02-19 14:07:58,625 - selenium.webdriver.remote.remote_connection - DEBUG - Finished Request
2026-02-19 14:07:58,625 - scraper - INFO -   iframe[8]: https://explore.dot.gov/views/FreightIndicators/ContainershipsAwaiting?:embed=y&:showVizHome=no&:host_url=https%3A%2F%2F
2026-02-19 14:07:58,625 - selenium.webdriver.remote.remote_connection - DEBUG - POST http://localhost:49943/session/74e3efd05d9d07202e7ed111a5da9d68/execute/sync {'script': '/* getAttribute */return (function(){return (function(){var d=this||self;function f(a,b){function c(...', 'args': [{'element-6066-11e4-a52e-4f735466cecf': 'f.1671CBA58DE8B7D591FE2680813314F6.d.FB118D0F69ACC4C206A1696F36DDAA9A.e.125'}, 'src']}
2026-02-19 14:07:58,633 - urllib3.connectionpool - DEBUG - http://localhost:49943 "POST /session/74e3efd05d9d07202e7ed111a5da9d68/execute/sync HTTP/1.1" 200 0
2026-02-19 14:07:58,634 - selenium.webdriver.remote.remote_connection - DEBUG - Remote response: status=200 | data={"value":"https://explore.dot.gov/views/FreightIndicators/AvgTrainSpeed?:embed=y&:showVizHome=no&:host_url=https%3A%2F%2Fexplore.dot.gov%2F&:embed_code_version=3&:tabs=no&:toolbar=yes&:showAppBanner=false&:display_spinner=no&:loadOrderID=9"} | headers=HTTPHeaderDict({'Content-Length': '241', 'Content-Type': 'application/json; charset=utf-8', 'cache-control': 'no-cache'})
2026-02-19 14:07:58,634 - selenium.webdriver.remote.remote_connection - DEBUG - Finished Request
2026-02-19 14:07:58,634 - scraper - INFO -   iframe[9]: https://explore.dot.gov/views/FreightIndicators/AvgTrainSpeed?:embed=y&:showVizHome=no&:host_url=https%3A%2F%2Fexplore.d
2026-02-19 14:07:58,634 - selenium.webdriver.remote.remote_connection - DEBUG - POST http://localhost:49943/session/74e3efd05d9d07202e7ed111a5da9d68/execute/sync {'script': '/* getAttribute */return (function(){return (function(){var d=this||self;function f(a,b){function c(...', 'args': [{'element-6066-11e4-a52e-4f735466cecf': 'f.1671CBA58DE8B7D591FE2680813314F6.d.FB118D0F69ACC4C206A1696F36DDAA9A.e.126'}, 'src']}
2026-02-19 14:07:58,646 - urllib3.connectionpool - DEBUG - http://localhost:49943 "POST /session/74e3efd05d9d07202e7ed111a5da9d68/execute/sync HTTP/1.1" 200 0
2026-02-19 14:07:58,647 - selenium.webdriver.remote.remote_connection - DEBUG - Remote response: status=200 | data={"value":"https://explore.dot.gov/views/FreightIndicators/Velocity?:embed=y&:showVizHome=no&:host_url=https%3A%2F%2Fexplore.dot.gov%2F&:embed_code_version=3&:tabs=no&:toolbar=yes&:showAppBanner=false&:display_spinner=no&:loadOrderID=10"} | headers=HTTPHeaderDict({'Content-Length': '237', 'Content-Type': 'application/json; charset=utf-8', 'cache-control': 'no-cache'})
2026-02-19 14:07:58,647 - selenium.webdriver.remote.remote_connection - DEBUG - Finished Request
2026-02-19 14:07:58,647 - scraper - INFO -   iframe[10]: https://explore.dot.gov/views/FreightIndicators/Velocity?:embed=y&:showVizHome=no&:host_url=https%3A%2F%2Fexplore.dot.go
2026-02-19 14:07:58,647 - selenium.webdriver.remote.remote_connection - DEBUG - POST http://localhost:49943/session/74e3efd05d9d07202e7ed111a5da9d68/execute/sync {'script': '/* getAttribute */return (function(){return (function(){var d=this||self;function f(a,b){function c(...', 'args': [{'element-6066-11e4-a52e-4f735466cecf': 'f.1671CBA58DE8B7D591FE2680813314F6.d.FB118D0F69ACC4C206A1696F36DDAA9A.e.127'}, 'src']}
2026-02-19 14:07:58,659 - urllib3.connectionpool - DEBUG - http://localhost:49943 "POST /session/74e3efd05d9d07202e7ed111a5da9d68/execute/sync HTTP/1.1" 200 0
2026-02-19 14:07:58,659 - selenium.webdriver.remote.remote_connection - DEBUG - Remote response: status=200 | data={"value":"https://explore.dot.gov/views/FreightIndicators/CarsonLine?:embed=y&:showVizHome=no&:host_url=https%3A%2F%2Fexplore.dot.gov%2F&:embed_code_version=3&:tabs=no&:toolbar=yes&:showAppBanner=false&:display_spinner=no&:loadOrderID=11"} | headers=HTTPHeaderDict({'Content-Length': '239', 'Content-Type': 'application/json; charset=utf-8', 'cache-control': 'no-cache'})
2026-02-19 14:07:58,659 - selenium.webdriver.remote.remote_connection - DEBUG - Finished Request
2026-02-19 14:07:58,659 - scraper - INFO -   iframe[11]: https://explore.dot.gov/views/FreightIndicators/CarsonLine?:embed=y&:showVizHome=no&:host_url=https%3A%2F%2Fexplore.dot.
2026-02-19 14:07:58,660 - selenium.webdriver.remote.remote_connection - DEBUG - POST http://localhost:49943/session/74e3efd05d9d07202e7ed111a5da9d68/execute/sync {'script': '/* getAttribute */return (function(){return (function(){var d=this||self;function f(a,b){function c(...', 'args': [{'element-6066-11e4-a52e-4f735466cecf': 'f.1671CBA58DE8B7D591FE2680813314F6.d.FB118D0F69ACC4C206A1696F36DDAA9A.e.128'}, 'src']}
2026-02-19 14:07:58,678 - urllib3.connectionpool - DEBUG - http://localhost:49943 "POST /session/74e3efd05d9d07202e7ed111a5da9d68/execute/sync HTTP/1.1" 200 0
2026-02-19 14:07:58,679 - selenium.webdriver.remote.remote_connection - DEBUG - Remote response: status=200 | data={"value":""} | headers=HTTPHeaderDict({'Content-Length': '12', 'Content-Type': 'application/json; charset=utf-8', 'cache-control': 'no-cache'})
2026-02-19 14:07:58,679 - selenium.webdriver.remote.remote_connection - DEBUG - Finished Request
2026-02-19 14:07:58,680 - selenium.webdriver.remote.remote_connection - DEBUG - POST http://localhost:49943/session/74e3efd05d9d07202e7ed111a5da9d68/execute/sync {'script': '/* getAttribute */return (function(){return (function(){var d=this||self;function f(a,b){function c(...', 'args': [{'element-6066-11e4-a52e-4f735466cecf': 'f.1671CBA58DE8B7D591FE2680813314F6.d.FB118D0F69ACC4C206A1696F36DDAA9A.e.129'}, 'src']}
2026-02-19 14:07:58,697 - urllib3.connectionpool - DEBUG - http://localhost:49943 "POST /session/74e3efd05d9d07202e7ed111a5da9d68/execute/sync HTTP/1.1" 200 0
2026-02-19 14:07:58,697 - selenium.webdriver.remote.remote_connection - DEBUG - Remote response: status=200 | data={"value":""} | headers=HTTPHeaderDict({'Content-Length': '12', 'Content-Type': 'application/json; charset=utf-8', 'cache-control': 'no-cache'})
2026-02-19 14:07:58,697 - selenium.webdriver.remote.remote_connection - DEBUG - Finished Request
2026-02-19 14:07:58,697 - selenium.webdriver.remote.remote_connection - DEBUG - POST http://localhost:49943/session/74e3efd05d9d07202e7ed111a5da9d68/execute/sync {'script': '/* getAttribute */return (function(){return (function(){var d=this||self;function f(a,b){function c(...', 'args': [{'element-6066-11e4-a52e-4f735466cecf': 'f.1671CBA58DE8B7D591FE2680813314F6.d.FB118D0F69ACC4C206A1696F36DDAA9A.e.130'}, 'src']}
2026-02-19 14:07:58,713 - urllib3.connectionpool - DEBUG - http://localhost:49943 "POST /session/74e3efd05d9d07202e7ed111a5da9d68/execute/sync HTTP/1.1" 200 0
2026-02-19 14:07:58,714 - selenium.webdriver.remote.remote_connection - DEBUG - Remote response: status=200 | data={"value":""} | headers=HTTPHeaderDict({'Content-Length': '12', 'Content-Type': 'application/json; charset=utf-8', 'cache-control': 'no-cache'})
2026-02-19 14:07:58,714 - selenium.webdriver.remote.remote_connection - DEBUG - Finished Request
2026-02-19 14:07:58,714 - selenium.webdriver.remote.remote_connection - DEBUG - POST http://localhost:49943/session/74e3efd05d9d07202e7ed111a5da9d68/execute/sync {'script': '/* getAttribute */return (function(){return (function(){var d=this||self;function f(a,b){function c(...', 'args': [{'element-6066-11e4-a52e-4f735466cecf': 'f.1671CBA58DE8B7D591FE2680813314F6.d.FB118D0F69ACC4C206A1696F36DDAA9A.e.131'}, 'src']}
2026-02-19 14:07:58,726 - urllib3.connectionpool - DEBUG - http://localhost:49943 "POST /session/74e3efd05d9d07202e7ed111a5da9d68/execute/sync HTTP/1.1" 200 0
2026-02-19 14:07:58,727 - selenium.webdriver.remote.remote_connection - DEBUG - Remote response: status=200 | data={"value":""} | headers=HTTPHeaderDict({'Content-Length': '12', 'Content-Type': 'application/json; charset=utf-8', 'cache-control': 'no-cache'})
2026-02-19 14:07:58,727 - selenium.webdriver.remote.remote_connection - DEBUG - Finished Request
2026-02-19 14:07:58,727 - selenium.webdriver.remote.remote_connection - DEBUG - POST http://localhost:49943/session/74e3efd05d9d07202e7ed111a5da9d68/execute/sync {'script': '/* getAttribute */return (function(){return (function(){var d=this||self;function f(a,b){function c(...', 'args': [{'element-6066-11e4-a52e-4f735466cecf': 'f.1671CBA58DE8B7D591FE2680813314F6.d.FB118D0F69ACC4C206A1696F36DDAA9A.e.132'}, 'src']}
2026-02-19 14:07:58,743 - urllib3.connectionpool - DEBUG - http://localhost:49943 "POST /session/74e3efd05d9d07202e7ed111a5da9d68/execute/sync HTTP/1.1" 200 0
2026-02-19 14:07:58,743 - selenium.webdriver.remote.remote_connection - DEBUG - Remote response: status=200 | data={"value":""} | headers=HTTPHeaderDict({'Content-Length': '12', 'Content-Type': 'application/json; charset=utf-8', 'cache-control': 'no-cache'})
2026-02-19 14:07:58,744 - selenium.webdriver.remote.remote_connection - DEBUG - Finished Request
2026-02-19 14:07:58,744 - selenium.webdriver.remote.remote_connection - DEBUG - POST http://localhost:49943/session/74e3efd05d9d07202e7ed111a5da9d68/execute/sync {'script': '/* getAttribute */return (function(){return (function(){var d=this||self;function f(a,b){function c(...', 'args': [{'element-6066-11e4-a52e-4f735466cecf': 'f.1671CBA58DE8B7D591FE2680813314F6.d.FB118D0F69ACC4C206A1696F36DDAA9A.e.133'}, 'src']}
2026-02-19 14:07:58,753 - urllib3.connectionpool - DEBUG - http://localhost:49943 "POST /session/74e3efd05d9d07202e7ed111a5da9d68/execute/sync HTTP/1.1" 200 0
2026-02-19 14:07:58,753 - selenium.webdriver.remote.remote_connection - DEBUG - Remote response: status=200 | data={"value":""} | headers=HTTPHeaderDict({'Content-Length': '12', 'Content-Type': 'application/json; charset=utf-8', 'cache-control': 'no-cache'})
2026-02-19 14:07:58,753 - selenium.webdriver.remote.remote_connection - DEBUG - Finished Request
2026-02-19 14:07:58,754 - selenium.webdriver.remote.remote_connection - DEBUG - POST http://localhost:49943/session/74e3efd05d9d07202e7ed111a5da9d68/execute/sync {'script': '/* getAttribute */return (function(){return (function(){var d=this||self;function f(a,b){function c(...', 'args': [{'element-6066-11e4-a52e-4f735466cecf': 'f.1671CBA58DE8B7D591FE2680813314F6.d.FB118D0F69ACC4C206A1696F36DDAA9A.e.134'}, 'src']}
2026-02-19 14:07:58,765 - urllib3.connectionpool - DEBUG - http://localhost:49943 "POST /session/74e3efd05d9d07202e7ed111a5da9d68/execute/sync HTTP/1.1" 200 0
2026-02-19 14:07:58,765 - selenium.webdriver.remote.remote_connection - DEBUG - Remote response: status=200 | data={"value":""} | headers=HTTPHeaderDict({'Content-Length': '12', 'Content-Type': 'application/json; charset=utf-8', 'cache-control': 'no-cache'})
2026-02-19 14:07:58,766 - selenium.webdriver.remote.remote_connection - DEBUG - Finished Request
2026-02-19 14:07:58,766 - selenium.webdriver.remote.remote_connection - DEBUG - POST http://localhost:49943/session/74e3efd05d9d07202e7ed111a5da9d68/execute/sync {'script': '/* getAttribute */return (function(){return (function(){var d=this||self;function f(a,b){function c(...', 'args': [{'element-6066-11e4-a52e-4f735466cecf': 'f.1671CBA58DE8B7D591FE2680813314F6.d.FB118D0F69ACC4C206A1696F36DDAA9A.e.135'}, 'src']}
2026-02-19 14:07:58,780 - urllib3.connectionpool - DEBUG - http://localhost:49943 "POST /session/74e3efd05d9d07202e7ed111a5da9d68/execute/sync HTTP/1.1" 200 0
2026-02-19 14:07:58,781 - selenium.webdriver.remote.remote_connection - DEBUG - Remote response: status=200 | data={"value":""} | headers=HTTPHeaderDict({'Content-Length': '12', 'Content-Type': 'application/json; charset=utf-8', 'cache-control': 'no-cache'})
2026-02-19 14:07:58,781 - selenium.webdriver.remote.remote_connection - DEBUG - Finished Request
2026-02-19 14:07:58,781 - selenium.webdriver.remote.remote_connection - DEBUG - POST http://localhost:49943/session/74e3efd05d9d07202e7ed111a5da9d68/execute/sync {'script': '/* getAttribute */return (function(){return (function(){var d=this||self;function f(a,b){function c(...', 'args': [{'element-6066-11e4-a52e-4f735466cecf': 'f.1671CBA58DE8B7D591FE2680813314F6.d.FB118D0F69ACC4C206A1696F36DDAA9A.e.136'}, 'src']}
2026-02-19 14:07:58,796 - urllib3.connectionpool - DEBUG - http://localhost:49943 "POST /session/74e3efd05d9d07202e7ed111a5da9d68/execute/sync HTTP/1.1" 200 0
2026-02-19 14:07:58,796 - selenium.webdriver.remote.remote_connection - DEBUG - Remote response: status=200 | data={"value":""} | headers=HTTPHeaderDict({'Content-Length': '12', 'Content-Type': 'application/json; charset=utf-8', 'cache-control': 'no-cache'})
2026-02-19 14:07:58,797 - selenium.webdriver.remote.remote_connection - DEBUG - Finished Request
2026-02-19 14:07:58,797 - selenium.webdriver.remote.remote_connection - DEBUG - POST http://localhost:49943/session/74e3efd05d9d07202e7ed111a5da9d68/execute/sync {'script': '/* getAttribute */return (function(){return (function(){var d=this||self;function f(a,b){function c(...', 'args': [{'element-6066-11e4-a52e-4f735466cecf': 'f.1671CBA58DE8B7D591FE2680813314F6.d.FB118D0F69ACC4C206A1696F36DDAA9A.e.137'}, 'src']}
2026-02-19 14:07:58,810 - urllib3.connectionpool - DEBUG - http://localhost:49943 "POST /session/74e3efd05d9d07202e7ed111a5da9d68/execute/sync HTTP/1.1" 200 0
2026-02-19 14:07:58,810 - selenium.webdriver.remote.remote_connection - DEBUG - Remote response: status=200 | data={"value":""} | headers=HTTPHeaderDict({'Content-Length': '12', 'Content-Type': 'application/json; charset=utf-8', 'cache-control': 'no-cache'})
2026-02-19 14:07:58,810 - selenium.webdriver.remote.remote_connection - DEBUG - Finished Request
2026-02-19 14:07:58,811 - selenium.webdriver.remote.remote_connection - DEBUG - POST http://localhost:49943/session/74e3efd05d9d07202e7ed111a5da9d68/execute/sync {'script': '/* getAttribute */return (function(){return (function(){var d=this||self;function f(a,b){function c(...', 'args': [{'element-6066-11e4-a52e-4f735466cecf': 'f.1671CBA58DE8B7D591FE2680813314F6.d.FB118D0F69ACC4C206A1696F36DDAA9A.e.138'}, 'src']}
2026-02-19 14:07:58,818 - urllib3.connectionpool - DEBUG - http://localhost:49943 "POST /session/74e3efd05d9d07202e7ed111a5da9d68/execute/sync HTTP/1.1" 200 0
2026-02-19 14:07:58,818 - selenium.webdriver.remote.remote_connection - DEBUG - Remote response: status=200 | data={"value":""} | headers=HTTPHeaderDict({'Content-Length': '12', 'Content-Type': 'application/json; charset=utf-8', 'cache-control': 'no-cache'})
2026-02-19 14:07:58,819 - selenium.webdriver.remote.remote_connection - DEBUG - Finished Request
2026-02-19 14:07:58,819 - selenium.webdriver.remote.remote_connection - DEBUG - POST http://localhost:49943/session/74e3efd05d9d07202e7ed111a5da9d68/execute/sync {'script': '/* getAttribute */return (function(){return (function(){var d=this||self;function f(a,b){function c(...', 'args': [{'element-6066-11e4-a52e-4f735466cecf': 'f.1671CBA58DE8B7D591FE2680813314F6.d.FB118D0F69ACC4C206A1696F36DDAA9A.e.139'}, 'src']}
2026-02-19 14:07:58,831 - urllib3.connectionpool - DEBUG - http://localhost:49943 "POST /session/74e3efd05d9d07202e7ed111a5da9d68/execute/sync HTTP/1.1" 200 0
2026-02-19 14:07:58,832 - selenium.webdriver.remote.remote_connection - DEBUG - Remote response: status=200 | data={"value":""} | headers=HTTPHeaderDict({'Content-Length': '12', 'Content-Type': 'application/json; charset=utf-8', 'cache-control': 'no-cache'})
2026-02-19 14:07:58,832 - selenium.webdriver.remote.remote_connection - DEBUG - Finished Request
2026-02-19 14:07:58,832 - selenium.webdriver.remote.remote_connection - DEBUG - POST http://localhost:49943/session/74e3efd05d9d07202e7ed111a5da9d68/execute/sync {'script': '/* getAttribute */return (function(){return (function(){var d=this||self;function f(a,b){function c(...', 'args': [{'element-6066-11e4-a52e-4f735466cecf': 'f.1671CBA58DE8B7D591FE2680813314F6.d.FB118D0F69ACC4C206A1696F36DDAA9A.e.140'}, 'src']}
2026-02-19 14:07:58,846 - urllib3.connectionpool - DEBUG - http://localhost:49943 "POST /session/74e3efd05d9d07202e7ed111a5da9d68/execute/sync HTTP/1.1" 200 0
2026-02-19 14:07:58,846 - selenium.webdriver.remote.remote_connection - DEBUG - Remote response: status=200 | data={"value":""} | headers=HTTPHeaderDict({'Content-Length': '12', 'Content-Type': 'application/json; charset=utf-8', 'cache-control': 'no-cache'})
2026-02-19 14:07:58,847 - selenium.webdriver.remote.remote_connection - DEBUG - Finished Request
2026-02-19 14:07:58,847 - selenium.webdriver.remote.remote_connection - DEBUG - POST http://localhost:49943/session/74e3efd05d9d07202e7ed111a5da9d68/execute/sync {'script': '/* getAttribute */return (function(){return (function(){var d=this||self;function f(a,b){function c(...', 'args': [{'element-6066-11e4-a52e-4f735466cecf': 'f.1671CBA58DE8B7D591FE2680813314F6.d.FB118D0F69ACC4C206A1696F36DDAA9A.e.141'}, 'src']}
2026-02-19 14:07:58,859 - urllib3.connectionpool - DEBUG - http://localhost:49943 "POST /session/74e3efd05d9d07202e7ed111a5da9d68/execute/sync HTTP/1.1" 200 0
2026-02-19 14:07:58,859 - selenium.webdriver.remote.remote_connection - DEBUG - Remote response: status=200 | data={"value":""} | headers=HTTPHeaderDict({'Content-Length': '12', 'Content-Type': 'application/json; charset=utf-8', 'cache-control': 'no-cache'})
2026-02-19 14:07:58,860 - selenium.webdriver.remote.remote_connection - DEBUG - Finished Request
2026-02-19 14:07:58,860 - selenium.webdriver.remote.remote_connection - DEBUG - POST http://localhost:49943/session/74e3efd05d9d07202e7ed111a5da9d68/execute/sync {'script': '/* getAttribute */return (function(){return (function(){var d=this||self;function f(a,b){function c(...', 'args': [{'element-6066-11e4-a52e-4f735466cecf': 'f.1671CBA58DE8B7D591FE2680813314F6.d.FB118D0F69ACC4C206A1696F36DDAA9A.e.142'}, 'src']}
2026-02-19 14:07:58,869 - urllib3.connectionpool - DEBUG - http://localhost:49943 "POST /session/74e3efd05d9d07202e7ed111a5da9d68/execute/sync HTTP/1.1" 200 0
2026-02-19 14:07:58,869 - selenium.webdriver.remote.remote_connection - DEBUG - Remote response: status=200 | data={"value":""} | headers=HTTPHeaderDict({'Content-Length': '12', 'Content-Type': 'application/json; charset=utf-8', 'cache-control': 'no-cache'})
2026-02-19 14:07:58,870 - selenium.webdriver.remote.remote_connection - DEBUG - Finished Request
2026-02-19 14:07:58,870 - selenium.webdriver.remote.remote_connection - DEBUG - POST http://localhost:49943/session/74e3efd05d9d07202e7ed111a5da9d68/execute/sync {'script': '/* getAttribute */return (function(){return (function(){var d=this||self;function f(a,b){function c(...', 'args': [{'element-6066-11e4-a52e-4f735466cecf': 'f.1671CBA58DE8B7D591FE2680813314F6.d.FB118D0F69ACC4C206A1696F36DDAA9A.e.143'}, 'src']}
2026-02-19 14:07:58,882 - urllib3.connectionpool - DEBUG - http://localhost:49943 "POST /session/74e3efd05d9d07202e7ed111a5da9d68/execute/sync HTTP/1.1" 200 0
2026-02-19 14:07:58,883 - selenium.webdriver.remote.remote_connection - DEBUG - Remote response: status=200 | data={"value":""} | headers=HTTPHeaderDict({'Content-Length': '12', 'Content-Type': 'application/json; charset=utf-8', 'cache-control': 'no-cache'})
2026-02-19 14:07:58,883 - selenium.webdriver.remote.remote_connection - DEBUG - Finished Request
2026-02-19 14:07:58,883 - selenium.webdriver.remote.remote_connection - DEBUG - POST http://localhost:49943/session/74e3efd05d9d07202e7ed111a5da9d68/execute/sync {'script': '/* getAttribute */return (function(){return (function(){var d=this||self;function f(a,b){function c(...', 'args': [{'element-6066-11e4-a52e-4f735466cecf': 'f.1671CBA58DE8B7D591FE2680813314F6.d.FB118D0F69ACC4C206A1696F36DDAA9A.e.144'}, 'src']}
2026-02-19 14:07:58,902 - urllib3.connectionpool - DEBUG - http://localhost:49943 "POST /session/74e3efd05d9d07202e7ed111a5da9d68/execute/sync HTTP/1.1" 200 0
2026-02-19 14:07:58,902 - selenium.webdriver.remote.remote_connection - DEBUG - Remote response: status=200 | data={"value":""} | headers=HTTPHeaderDict({'Content-Length': '12', 'Content-Type': 'application/json; charset=utf-8', 'cache-control': 'no-cache'})
2026-02-19 14:07:58,902 - selenium.webdriver.remote.remote_connection - DEBUG - Finished Request
2026-02-19 14:07:58,903 - selenium.webdriver.remote.remote_connection - DEBUG - POST http://localhost:49943/session/74e3efd05d9d07202e7ed111a5da9d68/execute/sync {'script': '/* getAttribute */return (function(){return (function(){var d=this||self;function f(a,b){function c(...', 'args': [{'element-6066-11e4-a52e-4f735466cecf': 'f.1671CBA58DE8B7D591FE2680813314F6.d.FB118D0F69ACC4C206A1696F36DDAA9A.e.145'}, 'src']}
2026-02-19 14:07:58,916 - urllib3.connectionpool - DEBUG - http://localhost:49943 "POST /session/74e3efd05d9d07202e7ed111a5da9d68/execute/sync HTTP/1.1" 200 0
2026-02-19 14:07:58,916 - selenium.webdriver.remote.remote_connection - DEBUG - Remote response: status=200 | data={"value":""} | headers=HTTPHeaderDict({'Content-Length': '12', 'Content-Type': 'application/json; charset=utf-8', 'cache-control': 'no-cache'})
2026-02-19 14:07:58,916 - selenium.webdriver.remote.remote_connection - DEBUG - Finished Request
2026-02-19 14:07:58,917 - selenium.webdriver.remote.remote_connection - DEBUG - POST http://localhost:49943/session/74e3efd05d9d07202e7ed111a5da9d68/execute/sync {'script': '/* getAttribute */return (function(){return (function(){var d=this||self;function f(a,b){function c(...', 'args': [{'element-6066-11e4-a52e-4f735466cecf': 'f.1671CBA58DE8B7D591FE2680813314F6.d.FB118D0F69ACC4C206A1696F36DDAA9A.e.146'}, 'src']}
2026-02-19 14:07:58,928 - urllib3.connectionpool - DEBUG - http://localhost:49943 "POST /session/74e3efd05d9d07202e7ed111a5da9d68/execute/sync HTTP/1.1" 200 0
2026-02-19 14:07:58,929 - selenium.webdriver.remote.remote_connection - DEBUG - Remote response: status=200 | data={"value":""} | headers=HTTPHeaderDict({'Content-Length': '12', 'Content-Type': 'application/json; charset=utf-8', 'cache-control': 'no-cache'})
2026-02-19 14:07:58,929 - selenium.webdriver.remote.remote_connection - DEBUG - Finished Request
2026-02-19 14:07:58,929 - selenium.webdriver.remote.remote_connection - DEBUG - POST http://localhost:49943/session/74e3efd05d9d07202e7ed111a5da9d68/execute/sync {'script': '/* getAttribute */return (function(){return (function(){var d=this||self;function f(a,b){function c(...', 'args': [{'element-6066-11e4-a52e-4f735466cecf': 'f.1671CBA58DE8B7D591FE2680813314F6.d.FB118D0F69ACC4C206A1696F36DDAA9A.e.147'}, 'src']}
2026-02-19 14:07:58,943 - urllib3.connectionpool - DEBUG - http://localhost:49943 "POST /session/74e3efd05d9d07202e7ed111a5da9d68/execute/sync HTTP/1.1" 200 0
2026-02-19 14:07:58,944 - selenium.webdriver.remote.remote_connection - DEBUG - Remote response: status=200 | data={"value":""} | headers=HTTPHeaderDict({'Content-Length': '12', 'Content-Type': 'application/json; charset=utf-8', 'cache-control': 'no-cache'})
2026-02-19 14:07:58,944 - selenium.webdriver.remote.remote_connection - DEBUG - Finished Request
2026-02-19 14:07:58,944 - selenium.webdriver.remote.remote_connection - DEBUG - POST http://localhost:49943/session/74e3efd05d9d07202e7ed111a5da9d68/execute/sync {'script': '/* getAttribute */return (function(){return (function(){var d=this||self;function f(a,b){function c(...', 'args': [{'element-6066-11e4-a52e-4f735466cecf': 'f.1671CBA58DE8B7D591FE2680813314F6.d.FB118D0F69ACC4C206A1696F36DDAA9A.e.148'}, 'src']}
2026-02-19 14:07:58,959 - urllib3.connectionpool - DEBUG - http://localhost:49943 "POST /session/74e3efd05d9d07202e7ed111a5da9d68/execute/sync HTTP/1.1" 200 0
2026-02-19 14:07:58,960 - selenium.webdriver.remote.remote_connection - DEBUG - Remote response: status=200 | data={"value":""} | headers=HTTPHeaderDict({'Content-Length': '12', 'Content-Type': 'application/json; charset=utf-8', 'cache-control': 'no-cache'})
2026-02-19 14:07:58,960 - selenium.webdriver.remote.remote_connection - DEBUG - Finished Request
2026-02-19 14:07:58,960 - selenium.webdriver.remote.remote_connection - DEBUG - POST http://localhost:49943/session/74e3efd05d9d07202e7ed111a5da9d68/execute/sync {'script': '/* getAttribute */return (function(){return (function(){var d=this||self;function f(a,b){function c(...', 'args': [{'element-6066-11e4-a52e-4f735466cecf': 'f.1671CBA58DE8B7D591FE2680813314F6.d.FB118D0F69ACC4C206A1696F36DDAA9A.e.149'}, 'src']}
2026-02-19 14:07:58,975 - urllib3.connectionpool - DEBUG - http://localhost:49943 "POST /session/74e3efd05d9d07202e7ed111a5da9d68/execute/sync HTTP/1.1" 200 0
2026-02-19 14:07:58,976 - selenium.webdriver.remote.remote_connection - DEBUG - Remote response: status=200 | data={"value":""} | headers=HTTPHeaderDict({'Content-Length': '12', 'Content-Type': 'application/json; charset=utf-8', 'cache-control': 'no-cache'})
2026-02-19 14:07:58,976 - selenium.webdriver.remote.remote_connection - DEBUG - Finished Request
2026-02-19 14:07:58,976 - selenium.webdriver.remote.remote_connection - DEBUG - POST http://localhost:49943/session/74e3efd05d9d07202e7ed111a5da9d68/execute/sync {'script': '/* getAttribute */return (function(){return (function(){var d=this||self;function f(a,b){function c(...', 'args': [{'element-6066-11e4-a52e-4f735466cecf': 'f.1671CBA58DE8B7D591FE2680813314F6.d.FB118D0F69ACC4C206A1696F36DDAA9A.e.150'}, 'src']}
2026-02-19 14:07:59,018 - urllib3.connectionpool - DEBUG - http://localhost:49943 "POST /session/74e3efd05d9d07202e7ed111a5da9d68/execute/sync HTTP/1.1" 200 0
2026-02-19 14:07:59,018 - selenium.webdriver.remote.remote_connection - DEBUG - Remote response: status=200 | data={"value":""} | headers=HTTPHeaderDict({'Content-Length': '12', 'Content-Type': 'application/json; charset=utf-8', 'cache-control': 'no-cache'})
2026-02-19 14:07:59,019 - selenium.webdriver.remote.remote_connection - DEBUG - Finished Request
2026-02-19 14:07:59,019 - selenium.webdriver.remote.remote_connection - DEBUG - POST http://localhost:49943/session/74e3efd05d9d07202e7ed111a5da9d68/execute/sync {'script': '/* getAttribute */return (function(){return (function(){var d=this||self;function f(a,b){function c(...', 'args': [{'element-6066-11e4-a52e-4f735466cecf': 'f.1671CBA58DE8B7D591FE2680813314F6.d.FB118D0F69ACC4C206A1696F36DDAA9A.e.151'}, 'src']}
2026-02-19 14:07:59,047 - urllib3.connectionpool - DEBUG - http://localhost:49943 "POST /session/74e3efd05d9d07202e7ed111a5da9d68/execute/sync HTTP/1.1" 200 0
2026-02-19 14:07:59,047 - selenium.webdriver.remote.remote_connection - DEBUG - Remote response: status=200 | data={"value":""} | headers=HTTPHeaderDict({'Content-Length': '12', 'Content-Type': 'application/json; charset=utf-8', 'cache-control': 'no-cache'})
2026-02-19 14:07:59,048 - selenium.webdriver.remote.remote_connection - DEBUG - Finished Request
2026-02-19 14:07:59,048 - selenium.webdriver.remote.remote_connection - DEBUG - POST http://localhost:49943/session/74e3efd05d9d07202e7ed111a5da9d68/execute/sync {'script': '/* getAttribute */return (function(){return (function(){var d=this||self;function f(a,b){function c(...', 'args': [{'element-6066-11e4-a52e-4f735466cecf': 'f.1671CBA58DE8B7D591FE2680813314F6.d.FB118D0F69ACC4C206A1696F36DDAA9A.e.152'}, 'src']}
2026-02-19 14:07:59,062 - urllib3.connectionpool - DEBUG - http://localhost:49943 "POST /session/74e3efd05d9d07202e7ed111a5da9d68/execute/sync HTTP/1.1" 200 0
2026-02-19 14:07:59,062 - selenium.webdriver.remote.remote_connection - DEBUG - Remote response: status=200 | data={"value":""} | headers=HTTPHeaderDict({'Content-Length': '12', 'Content-Type': 'application/json; charset=utf-8', 'cache-control': 'no-cache'})
2026-02-19 14:07:59,062 - selenium.webdriver.remote.remote_connection - DEBUG - Finished Request
2026-02-19 14:07:59,062 - selenium.webdriver.remote.remote_connection - DEBUG - POST http://localhost:49943/session/74e3efd05d9d07202e7ed111a5da9d68/execute/sync {'script': '/* getAttribute */return (function(){return (function(){var d=this||self;function f(a,b){function c(...', 'args': [{'element-6066-11e4-a52e-4f735466cecf': 'f.1671CBA58DE8B7D591FE2680813314F6.d.FB118D0F69ACC4C206A1696F36DDAA9A.e.153'}, 'src']}
2026-02-19 14:07:59,077 - urllib3.connectionpool - DEBUG - http://localhost:49943 "POST /session/74e3efd05d9d07202e7ed111a5da9d68/execute/sync HTTP/1.1" 200 0
2026-02-19 14:07:59,078 - selenium.webdriver.remote.remote_connection - DEBUG - Remote response: status=200 | data={"value":""} | headers=HTTPHeaderDict({'Content-Length': '12', 'Content-Type': 'application/json; charset=utf-8', 'cache-control': 'no-cache'})
2026-02-19 14:07:59,078 - selenium.webdriver.remote.remote_connection - DEBUG - Finished Request
2026-02-19 14:07:59,078 - selenium.webdriver.remote.remote_connection - DEBUG - POST http://localhost:49943/session/74e3efd05d9d07202e7ed111a5da9d68/execute/sync {'script': '/* getAttribute */return (function(){return (function(){var d=this||self;function f(a,b){function c(...', 'args': [{'element-6066-11e4-a52e-4f735466cecf': 'f.1671CBA58DE8B7D591FE2680813314F6.d.FB118D0F69ACC4C206A1696F36DDAA9A.e.154'}, 'src']}
2026-02-19 14:07:59,094 - urllib3.connectionpool - DEBUG - http://localhost:49943 "POST /session/74e3efd05d9d07202e7ed111a5da9d68/execute/sync HTTP/1.1" 200 0
2026-02-19 14:07:59,094 - selenium.webdriver.remote.remote_connection - DEBUG - Remote response: status=200 | data={"value":""} | headers=HTTPHeaderDict({'Content-Length': '12', 'Content-Type': 'application/json; charset=utf-8', 'cache-control': 'no-cache'})
2026-02-19 14:07:59,094 - selenium.webdriver.remote.remote_connection - DEBUG - Finished Request
2026-02-19 14:07:59,094 - selenium.webdriver.remote.remote_connection - DEBUG - POST http://localhost:49943/session/74e3efd05d9d07202e7ed111a5da9d68/execute/sync {'script': '/* getAttribute */return (function(){return (function(){var d=this||self;function f(a,b){function c(...', 'args': [{'element-6066-11e4-a52e-4f735466cecf': 'f.1671CBA58DE8B7D591FE2680813314F6.d.FB118D0F69ACC4C206A1696F36DDAA9A.e.155'}, 'src']}
2026-02-19 14:07:59,110 - urllib3.connectionpool - DEBUG - http://localhost:49943 "POST /session/74e3efd05d9d07202e7ed111a5da9d68/execute/sync HTTP/1.1" 200 0
2026-02-19 14:07:59,111 - selenium.webdriver.remote.remote_connection - DEBUG - Remote response: status=200 | data={"value":""} | headers=HTTPHeaderDict({'Content-Length': '12', 'Content-Type': 'application/json; charset=utf-8', 'cache-control': 'no-cache'})
2026-02-19 14:07:59,111 - selenium.webdriver.remote.remote_connection - DEBUG - Finished Request
2026-02-19 14:07:59,111 - selenium.webdriver.remote.remote_connection - DEBUG - POST http://localhost:49943/session/74e3efd05d9d07202e7ed111a5da9d68/execute/sync {'script': '/* getAttribute */return (function(){return (function(){var d=this||self;function f(a,b){function c(...', 'args': [{'element-6066-11e4-a52e-4f735466cecf': 'f.1671CBA58DE8B7D591FE2680813314F6.d.FB118D0F69ACC4C206A1696F36DDAA9A.e.156'}, 'src']}
2026-02-19 14:07:59,133 - urllib3.connectionpool - DEBUG - http://localhost:49943 "POST /session/74e3efd05d9d07202e7ed111a5da9d68/execute/sync HTTP/1.1" 200 0
2026-02-19 14:07:59,133 - selenium.webdriver.remote.remote_connection - DEBUG - Remote response: status=200 | data={"value":""} | headers=HTTPHeaderDict({'Content-Length': '12', 'Content-Type': 'application/json; charset=utf-8', 'cache-control': 'no-cache'})
2026-02-19 14:07:59,133 - selenium.webdriver.remote.remote_connection - DEBUG - Finished Request
2026-02-19 14:07:59,134 - selenium.webdriver.remote.remote_connection - DEBUG - POST http://localhost:49943/session/74e3efd05d9d07202e7ed111a5da9d68/execute/sync {'script': '/* getAttribute */return (function(){return (function(){var d=this||self;function f(a,b){function c(...', 'args': [{'element-6066-11e4-a52e-4f735466cecf': 'f.1671CBA58DE8B7D591FE2680813314F6.d.FB118D0F69ACC4C206A1696F36DDAA9A.e.157'}, 'src']}
2026-02-19 14:07:59,161 - urllib3.connectionpool - DEBUG - http://localhost:49943 "POST /session/74e3efd05d9d07202e7ed111a5da9d68/execute/sync HTTP/1.1" 200 0
2026-02-19 14:07:59,161 - selenium.webdriver.remote.remote_connection - DEBUG - Remote response: status=200 | data={"value":""} | headers=HTTPHeaderDict({'Content-Length': '12', 'Content-Type': 'application/json; charset=utf-8', 'cache-control': 'no-cache'})
2026-02-19 14:07:59,162 - selenium.webdriver.remote.remote_connection - DEBUG - Finished Request
2026-02-19 14:07:59,162 - selenium.webdriver.remote.remote_connection - DEBUG - POST http://localhost:49943/session/74e3efd05d9d07202e7ed111a5da9d68/execute/sync {'script': '/* getAttribute */return (function(){return (function(){var d=this||self;function f(a,b){function c(...', 'args': [{'element-6066-11e4-a52e-4f735466cecf': 'f.1671CBA58DE8B7D591FE2680813314F6.d.FB118D0F69ACC4C206A1696F36DDAA9A.e.158'}, 'src']}
2026-02-19 14:07:59,178 - urllib3.connectionpool - DEBUG - http://localhost:49943 "POST /session/74e3efd05d9d07202e7ed111a5da9d68/execute/sync HTTP/1.1" 200 0
2026-02-19 14:07:59,179 - selenium.webdriver.remote.remote_connection - DEBUG - Remote response: status=200 | data={"value":""} | headers=HTTPHeaderDict({'Content-Length': '12', 'Content-Type': 'application/json; charset=utf-8', 'cache-control': 'no-cache'})
2026-02-19 14:07:59,179 - selenium.webdriver.remote.remote_connection - DEBUG - Finished Request
2026-02-19 14:07:59,179 - selenium.webdriver.remote.remote_connection - DEBUG - POST http://localhost:49943/session/74e3efd05d9d07202e7ed111a5da9d68/execute/sync {'script': '/* getAttribute */return (function(){return (function(){var d=this||self;function f(a,b){function c(...', 'args': [{'element-6066-11e4-a52e-4f735466cecf': 'f.1671CBA58DE8B7D591FE2680813314F6.d.FB118D0F69ACC4C206A1696F36DDAA9A.e.159'}, 'src']}
2026-02-19 14:07:59,198 - urllib3.connectionpool - DEBUG - http://localhost:49943 "POST /session/74e3efd05d9d07202e7ed111a5da9d68/execute/sync HTTP/1.1" 200 0
2026-02-19 14:07:59,198 - selenium.webdriver.remote.remote_connection - DEBUG - Remote response: status=200 | data={"value":""} | headers=HTTPHeaderDict({'Content-Length': '12', 'Content-Type': 'application/json; charset=utf-8', 'cache-control': 'no-cache'})
2026-02-19 14:07:59,198 - selenium.webdriver.remote.remote_connection - DEBUG - Finished Request
2026-02-19 14:07:59,198 - selenium.webdriver.remote.remote_connection - DEBUG - POST http://localhost:49943/session/74e3efd05d9d07202e7ed111a5da9d68/execute/sync {'script': '/* getAttribute */return (function(){return (function(){var d=this||self;function f(a,b){function c(...', 'args': [{'element-6066-11e4-a52e-4f735466cecf': 'f.1671CBA58DE8B7D591FE2680813314F6.d.FB118D0F69ACC4C206A1696F36DDAA9A.e.160'}, 'src']}
2026-02-19 14:07:59,231 - urllib3.connectionpool - DEBUG - http://localhost:49943 "POST /session/74e3efd05d9d07202e7ed111a5da9d68/execute/sync HTTP/1.1" 200 0
2026-02-19 14:07:59,232 - selenium.webdriver.remote.remote_connection - DEBUG - Remote response: status=200 | data={"value":""} | headers=HTTPHeaderDict({'Content-Length': '12', 'Content-Type': 'application/json; charset=utf-8', 'cache-control': 'no-cache'})
2026-02-19 14:07:59,232 - selenium.webdriver.remote.remote_connection - DEBUG - Finished Request
2026-02-19 14:07:59,233 - selenium.webdriver.remote.remote_connection - DEBUG - POST http://localhost:49943/session/74e3efd05d9d07202e7ed111a5da9d68/execute/sync {'script': '/* getAttribute */return (function(){return (function(){var d=this||self;function f(a,b){function c(...', 'args': [{'element-6066-11e4-a52e-4f735466cecf': 'f.1671CBA58DE8B7D591FE2680813314F6.d.FB118D0F69ACC4C206A1696F36DDAA9A.e.117'}, 'src']}
2026-02-19 14:07:59,251 - urllib3.connectionpool - DEBUG - http://localhost:49943 "POST /session/74e3efd05d9d07202e7ed111a5da9d68/execute/sync HTTP/1.1" 200 0
2026-02-19 14:07:59,251 - selenium.webdriver.remote.remote_connection - DEBUG - Remote response: status=200 | data={"value":"https://explore.dot.gov/views/FreightIndicators/ContainershipsAnchored?:embed=y&:showVizHome=no&:host_url=https%3A%2F%2Fexplore.dot.gov%2F&:embed_code_version=3&:tabs=no&:toolbar=yes&:showAppBanner=false&:display_spinner=no&:loadOrderID=5"} | headers=HTTPHeaderDict({'Content-Length': '250', 'Content-Type': 'application/json; charset=utf-8', 'cache-control': 'no-cache'})
2026-02-19 14:07:59,251 - selenium.webdriver.remote.remote_connection - DEBUG - Finished Request
2026-02-19 14:07:59,252 - scraper - INFO - Target iframe found: https://explore.dot.gov/views/FreightIndicators/ContainershipsAnchored?:embed=y&:showVizHome=no&:host_url=https%3A%2F%2F
2026-02-19 14:07:59,252 - selenium.webdriver.remote.remote_connection - DEBUG - POST http://localhost:49943/session/74e3efd05d9d07202e7ed111a5da9d68/execute/sync {'script': "arguments[0].scrollIntoView({block: 'center'});", 'args': [{'element-6066-11e4-a52e-4f735466cecf': 'f.1671CBA58DE8B7D591FE2680813314F6.d.FB118D0F69ACC4C206A1696F36DDAA9A.e.117'}]}
2026-02-19 14:07:59,268 - urllib3.connectionpool - DEBUG - http://localhost:49943 "POST /session/74e3efd05d9d07202e7ed111a5da9d68/execute/sync HTTP/1.1" 200 0
2026-02-19 14:07:59,268 - selenium.webdriver.remote.remote_connection - DEBUG - Remote response: status=200 | data={"value":null} | headers=HTTPHeaderDict({'Content-Length': '14', 'Content-Type': 'application/json; charset=utf-8', 'cache-control': 'no-cache'})
2026-02-19 14:07:59,268 - selenium.webdriver.remote.remote_connection - DEBUG - Finished Request
2026-02-19 14:08:00,269 - selenium.webdriver.remote.remote_connection - DEBUG - POST http://localhost:49943/session/74e3efd05d9d07202e7ed111a5da9d68/frame {'id': {'element-6066-11e4-a52e-4f735466cecf': 'f.1671CBA58DE8B7D591FE2680813314F6.d.FB118D0F69ACC4C206A1696F36DDAA9A.e.117'}}
2026-02-19 14:08:00,334 - urllib3.connectionpool - DEBUG - http://localhost:49943 "POST /session/74e3efd05d9d07202e7ed111a5da9d68/frame HTTP/1.1" 200 0
2026-02-19 14:08:00,334 - selenium.webdriver.remote.remote_connection - DEBUG - Remote response: status=200 | data={"value":null} | headers=HTTPHeaderDict({'Content-Length': '14', 'Content-Type': 'application/json; charset=utf-8', 'cache-control': 'no-cache'})
2026-02-19 14:08:00,334 - selenium.webdriver.remote.remote_connection - DEBUG - Finished Request
2026-02-19 14:08:00,335 - scraper - INFO - Switched to Tableau iframe
2026-02-19 14:08:00,335 - selenium.webdriver.remote.remote_connection - DEBUG - POST http://localhost:49943/session/74e3efd05d9d07202e7ed111a5da9d68/element {'using': 'css selector', 'value': '[data-tb-test-id="viz-viewer-toolbar-button-download"]'}
