2026-02-19 14:17:43,474 - root - INFO - ======================================================================
2026-02-19 14:17:43,474 - root - INFO - Logging initialized: D:\Projects\SIMBA-RUNBOOKS\FREIGHTINFO_MARAD_Runbook\logs\20260219_141742\freightinfo_marad_20260219_141742.log
2026-02-19 14:17:43,474 - root - INFO - ======================================================================
2026-02-19 14:17:43,475 - __main__ - INFO - ======================================================================
2026-02-19 14:17:43,475 - __main__ - INFO - STEP 1: Checking Master Data
2026-02-19 14:17:43,475 - __main__ - INFO - ======================================================================
2026-02-19 14:17:43,476 - parser - INFO - Loaded master: 52 data rows
2026-02-19 14:17:43,476 - parser - INFO -   Date range: 2025-01 to 2026-08
2026-02-19 14:17:43,476 - __main__ - INFO - Last week in master: 2026-08
2026-02-19 14:17:43,476 - __main__ - INFO - ======================================================================
2026-02-19 14:17:43,476 - __main__ - INFO - STEP 2: Fetching Week Mapping Data
2026-02-19 14:17:43,476 - __main__ - INFO - ======================================================================
2026-02-19 14:17:43,477 - scraper - INFO - Week mapping cache is up to date
2026-02-19 14:17:43,477 - scraper - INFO - Using cached week mapping data
2026-02-19 14:17:43,478 - parser - INFO - Loaded week mapping: 3 years, 157 weeks total
2026-02-19 14:17:43,478 - __main__ - INFO - ======================================================================
2026-02-19 14:17:43,478 - __main__ - INFO - STEP 3: Fetching Chart Data from BTS
2026-02-19 14:17:43,478 - __main__ - INFO - ======================================================================
2026-02-19 14:17:43,478 - scraper - INFO - ======================================================================
2026-02-19 14:17:43,478 - scraper - INFO - Fetching chart data from BTS Tableau...
2026-02-19 14:17:43,478 - scraper - INFO - URL: https://www.bts.gov/freight-indicators#anchored-offshore
2026-02-19 14:17:43,478 - scraper - INFO - ======================================================================
2026-02-19 14:17:44,908 - scraper - INFO - Checking Windows Registry for Chrome version...
2026-02-19 14:17:44,909 - scraper - INFO - Found Chrome version: 145.0.7632.76 (major: 145)
2026-02-19 14:17:44,910 - undetected_chromedriver.patcher - DEBUG - getting release number from /latest-versions-per-milestone-with-downloads.json
2026-02-19 14:17:45,184 - undetected_chromedriver.patcher - DEBUG - downloading from https://storage.googleapis.com/chrome-for-testing-public/145.0.7632.77/win32/chromedriver-win32.zip
2026-02-19 14:17:45,738 - undetected_chromedriver.patcher - DEBUG - unzipping C:\Users\MARKCA~1\AppData\Local\Temp\tmp6ew7itcy
2026-02-19 14:17:45,975 - undetected_chromedriver.patcher - INFO - patching driver executable C:\Users\Mark Castro\appdata\roaming\undetected_chromedriver\undetected_chromedriver.exe
2026-02-19 14:17:48,065 - undetected_chromedriver.patcher - DEBUG - found block:
b'{window.cdc_adoQpoasnfa76pfcZLmcfl_Array = window.Array;window.cdc_adoQpoasnfa76pfcZLmcfl_Object = window.Object;window.cdc_adoQpoasnfa76pfcZLmcfl_Promise = window.Promise;window.cdc_adoQpoasnfa76pfcZLmcfl_Proxy = window.Proxy;window.cdc_adoQpoasnfa76pfcZLmcfl_Symbol = window.Symbol;window.cdc_adoQpoasnfa76pfcZLmcfl_JSON = window.JSON;window.cdc_adoQpoasnfa76pfcZLmcfl_Window = window.Window;}'
replacing with:
b'{console.log("undetected chromedriver 1337!")}                                                                                                                                                                                                                                                                                                                                                             '
2026-02-19 14:17:48,079 - undetected_chromedriver.patcher - DEBUG - patching took us 2.10 seconds
2026-02-19 14:17:49,775 - uc - DEBUG - created a temporary folder in which the user-data (profile) will be stored during this
session, and added it to chrome startup arguments: --user-data-dir=C:\Users\MARKCA~1\AppData\Local\Temp\tmpnpp_35p9
2026-02-19 14:17:49,776 - uc - DEBUG - checking if C:\Users\Mark Castro\AppData\Local\Google/Chrome/Application\chrome.exe exists and is executable
2026-02-19 14:17:49,777 - uc - DEBUG - checking if C:\Program Files (x86)\Google/Chrome/Application\chrome.exe exists and is executable
2026-02-19 14:17:49,777 - uc - DEBUG - checking if C:\Program Files\Google/Chrome/Application\chrome.exe exists and is executable
2026-02-19 14:17:49,777 - uc - DEBUG - found! using C:\Program Files\Google/Chrome/Application\chrome.exe
2026-02-19 14:17:49,795 - uc - DEBUG - did not find a bad exit_type flag 
2026-02-19 14:17:49,801 - selenium.webdriver.common.driver_finder - DEBUG - Skipping Selenium Manager; path to chrome driver specified in Service class: C:\Users\Mark Castro\appdata\roaming\undetected_chromedriver\undetected_chromedriver.exe
2026-02-19 14:17:52,736 - selenium.webdriver.common.service - DEBUG - Started executable: `C:\Users\Mark Castro\appdata\roaming\undetected_chromedriver\undetected_chromedriver.exe` in a child process with pid: 3136 using 0 to output -3
2026-02-19 14:17:53,252 - selenium.webdriver.remote.remote_connection - DEBUG - POST http://localhost:50319/session {'capabilities': {'firstMatch': [{}], 'alwaysMatch': {'browserName': 'chrome', 'pageLoadStrategy': <PageLoadStrategy.normal: 'normal'>, 'goog:chromeOptions': {'extensions': [], 'binary': 'C:\\Program Files\\Google\\Chrome\\Application\\chrome.exe', 'args': ['--no-sandbox', '--disable-dev-shm-usage', '--disable-gpu', '--window-size=1920,1080', '--remote-debugging-host=127.0.0.1', '--remote-debugging-port=50318', '--user-data-dir=C:\\Users\\MARKCA~1\\AppData\\Local\\Temp\\tmpnpp_35p9', '--lang=en-US', '--no-default-browser-check', '--no-first-run', '--no-sandbox', '--test-type', '--window-size=1920,1080', '--start-maximized', '--no-sandbox', '--log-level=0'], 'debuggerAddress': '127.0.0.1:50318'}}}}
2026-02-19 14:17:53,252 - urllib3.connectionpool - DEBUG - Starting new HTTP connection (1): localhost:50319
2026-02-19 14:17:53,269 - urllib3.connectionpool - DEBUG - http://localhost:50319 "POST /session HTTP/1.1" 200 0
2026-02-19 14:17:53,270 - selenium.webdriver.remote.remote_connection - DEBUG - Remote response: status=200 | data={"value":{"capabilities":{"acceptInsecureCerts":false,"browserName":"chrome","browserVersion":"145.0.7632.76","chrome":{"chromedriverVersion":"145.0.7632.77 (da516187054a90a4669ee732027b919261341392-refs/branch-heads/7632_45@{#16})"},"fedcm:accounts":true,"goog:chromeOptions":{"debuggerAddress":"127.0.0.1:50318"},"pageLoadStrategy":"normal","platformName":"","proxy":{},"setWindowRect":false,"strictFileInteractability":false,"timeouts":{"implicit":0,"pageLoad":300000,"script":30000},"unhandledPromptBehavior":"dismiss and notify","webauthn:extension:credBlob":true,"webauthn:extension:largeBlob":true,"webauthn:extension:minPinLength":true,"webauthn:extension:prf":true,"webauthn:virtualAuthenticators":true},"sessionId":"fc92bd74e5664c4a23b9d541ce5961b1"}} | headers=HTTPHeaderDict({'Content-Length': '761', 'Content-Type': 'application/json; charset=utf-8', 'cache-control': 'no-cache'})
2026-02-19 14:17:53,270 - selenium.webdriver.remote.remote_connection - DEBUG - Finished Request
2026-02-19 14:17:53,272 - selenium.webdriver.remote.remote_connection - DEBUG - POST http://localhost:50319/session/fc92bd74e5664c4a23b9d541ce5961b1/timeouts {'pageLoad': 120000}
2026-02-19 14:17:53,274 - urllib3.connectionpool - DEBUG - http://localhost:50319 "POST /session/fc92bd74e5664c4a23b9d541ce5961b1/timeouts HTTP/1.1" 200 0
2026-02-19 14:17:53,274 - selenium.webdriver.remote.remote_connection - DEBUG - Remote response: status=200 | data={"value":null} | headers=HTTPHeaderDict({'Content-Length': '14', 'Content-Type': 'application/json; charset=utf-8', 'cache-control': 'no-cache'})
2026-02-19 14:17:53,275 - selenium.webdriver.remote.remote_connection - DEBUG - Finished Request
2026-02-19 14:17:53,275 - scraper - INFO - Chrome driver initialized successfully
2026-02-19 14:17:53,275 - scraper - INFO - Navigating to: https://www.bts.gov/freight-indicators#anchored-offshore
2026-02-19 14:17:53,275 - selenium.webdriver.remote.remote_connection - DEBUG - POST http://localhost:50319/session/fc92bd74e5664c4a23b9d541ce5961b1/url {'url': 'https://www.bts.gov/freight-indicators#anchored-offshore'}
2026-02-19 14:17:59,675 - urllib3.connectionpool - DEBUG - http://localhost:50319 "POST /session/fc92bd74e5664c4a23b9d541ce5961b1/url HTTP/1.1" 200 0
2026-02-19 14:17:59,675 - selenium.webdriver.remote.remote_connection - DEBUG - Remote response: status=200 | data={"value":null} | headers=HTTPHeaderDict({'Content-Length': '14', 'Content-Type': 'application/json; charset=utf-8', 'cache-control': 'no-cache'})
2026-02-19 14:17:59,676 - selenium.webdriver.remote.remote_connection - DEBUG - Finished Request
2026-02-19 14:17:59,688 - scraper - INFO - Waiting for Tableau chart to load...
2026-02-19 14:18:04,689 - scraper - INFO - Clicking #anchored-offshore anchor to scroll to target chart...
2026-02-19 14:18:04,690 - selenium.webdriver.remote.remote_connection - DEBUG - POST http://localhost:50319/session/fc92bd74e5664c4a23b9d541ce5961b1/element {'using': 'css selector', 'value': 'a[href="#anchored-offshore"]'}
2026-02-19 14:18:04,871 - urllib3.connectionpool - DEBUG - http://localhost:50319 "POST /session/fc92bd74e5664c4a23b9d541ce5961b1/element HTTP/1.1" 200 0
2026-02-19 14:18:04,872 - selenium.webdriver.remote.remote_connection - DEBUG - Remote response: status=200 | data={"value":{"element-6066-11e4-a52e-4f735466cecf":"f.0FED031C6DDAC1B90C479730D676DE85.d.8505D488ABC355A60C24A1251A5D68C8.e.25"}} | headers=HTTPHeaderDict({'Content-Length': '126', 'Content-Type': 'application/json; charset=utf-8', 'cache-control': 'no-cache'})
2026-02-19 14:18:04,872 - selenium.webdriver.remote.remote_connection - DEBUG - Finished Request
2026-02-19 14:18:04,872 - selenium.webdriver.remote.remote_connection - DEBUG - POST http://localhost:50319/session/fc92bd74e5664c4a23b9d541ce5961b1/execute/sync {'script': 'arguments[0].click();', 'args': [{'element-6066-11e4-a52e-4f735466cecf': 'f.0FED031C6DDAC1B90C479730D676DE85.d.8505D488ABC355A60C24A1251A5D68C8.e.25'}]}
2026-02-19 14:18:04,919 - urllib3.connectionpool - DEBUG - http://localhost:50319 "POST /session/fc92bd74e5664c4a23b9d541ce5961b1/execute/sync HTTP/1.1" 200 0
2026-02-19 14:18:04,919 - selenium.webdriver.remote.remote_connection - DEBUG - Remote response: status=200 | data={"value":null} | headers=HTTPHeaderDict({'Content-Length': '14', 'Content-Type': 'application/json; charset=utf-8', 'cache-control': 'no-cache'})
2026-02-19 14:18:04,920 - selenium.webdriver.remote.remote_connection - DEBUG - Finished Request
2026-02-19 14:18:04,920 - scraper - INFO - Anchor link clicked, waiting for section to load...
2026-02-19 14:18:09,923 - scraper - INFO - Scrolling through page to trigger all lazy-loaded iframes...
2026-02-19 14:18:09,924 - selenium.webdriver.remote.remote_connection - DEBUG - POST http://localhost:50319/session/fc92bd74e5664c4a23b9d541ce5961b1/execute/sync {'script': 'return document.body.scrollHeight;', 'args': []}
2026-02-19 14:18:10,073 - urllib3.connectionpool - DEBUG - http://localhost:50319 "POST /session/fc92bd74e5664c4a23b9d541ce5961b1/execute/sync HTTP/1.1" 200 0
2026-02-19 14:18:10,074 - selenium.webdriver.remote.remote_connection - DEBUG - Remote response: status=200 | data={"value":38988} | headers=HTTPHeaderDict({'Content-Length': '15', 'Content-Type': 'application/json; charset=utf-8', 'cache-control': 'no-cache'})
2026-02-19 14:18:10,074 - selenium.webdriver.remote.remote_connection - DEBUG - Finished Request
2026-02-19 14:18:10,075 - selenium.webdriver.remote.remote_connection - DEBUG - POST http://localhost:50319/session/fc92bd74e5664c4a23b9d541ce5961b1/execute/sync {'script': 'window.scrollTo(0, 6498);', 'args': []}
2026-02-19 14:18:10,093 - urllib3.connectionpool - DEBUG - http://localhost:50319 "POST /session/fc92bd74e5664c4a23b9d541ce5961b1/execute/sync HTTP/1.1" 200 0
2026-02-19 14:18:10,093 - selenium.webdriver.remote.remote_connection - DEBUG - Remote response: status=200 | data={"value":null} | headers=HTTPHeaderDict({'Content-Length': '14', 'Content-Type': 'application/json; charset=utf-8', 'cache-control': 'no-cache'})
2026-02-19 14:18:10,094 - selenium.webdriver.remote.remote_connection - DEBUG - Finished Request
2026-02-19 14:18:11,095 - selenium.webdriver.remote.remote_connection - DEBUG - POST http://localhost:50319/session/fc92bd74e5664c4a23b9d541ce5961b1/execute/sync {'script': 'window.scrollTo(0, 12996);', 'args': []}
2026-02-19 14:18:11,112 - urllib3.connectionpool - DEBUG - http://localhost:50319 "POST /session/fc92bd74e5664c4a23b9d541ce5961b1/execute/sync HTTP/1.1" 200 0
2026-02-19 14:18:11,112 - selenium.webdriver.remote.remote_connection - DEBUG - Remote response: status=200 | data={"value":null} | headers=HTTPHeaderDict({'Content-Length': '14', 'Content-Type': 'application/json; charset=utf-8', 'cache-control': 'no-cache'})
2026-02-19 14:18:11,112 - selenium.webdriver.remote.remote_connection - DEBUG - Finished Request
2026-02-19 14:18:12,113 - selenium.webdriver.remote.remote_connection - DEBUG - POST http://localhost:50319/session/fc92bd74e5664c4a23b9d541ce5961b1/execute/sync {'script': 'window.scrollTo(0, 19494);', 'args': []}
2026-02-19 14:18:12,127 - urllib3.connectionpool - DEBUG - http://localhost:50319 "POST /session/fc92bd74e5664c4a23b9d541ce5961b1/execute/sync HTTP/1.1" 200 0
2026-02-19 14:18:12,127 - selenium.webdriver.remote.remote_connection - DEBUG - Remote response: status=200 | data={"value":null} | headers=HTTPHeaderDict({'Content-Length': '14', 'Content-Type': 'application/json; charset=utf-8', 'cache-control': 'no-cache'})
2026-02-19 14:18:12,127 - selenium.webdriver.remote.remote_connection - DEBUG - Finished Request
2026-02-19 14:18:13,128 - selenium.webdriver.remote.remote_connection - DEBUG - POST http://localhost:50319/session/fc92bd74e5664c4a23b9d541ce5961b1/execute/sync {'script': 'window.scrollTo(0, 25992);', 'args': []}
2026-02-19 14:18:13,148 - urllib3.connectionpool - DEBUG - http://localhost:50319 "POST /session/fc92bd74e5664c4a23b9d541ce5961b1/execute/sync HTTP/1.1" 200 0
2026-02-19 14:18:13,149 - selenium.webdriver.remote.remote_connection - DEBUG - Remote response: status=200 | data={"value":null} | headers=HTTPHeaderDict({'Content-Length': '14', 'Content-Type': 'application/json; charset=utf-8', 'cache-control': 'no-cache'})
2026-02-19 14:18:13,149 - selenium.webdriver.remote.remote_connection - DEBUG - Finished Request
2026-02-19 14:18:14,153 - selenium.webdriver.remote.remote_connection - DEBUG - POST http://localhost:50319/session/fc92bd74e5664c4a23b9d541ce5961b1/execute/sync {'script': 'window.scrollTo(0, 32490);', 'args': []}
2026-02-19 14:18:14,180 - urllib3.connectionpool - DEBUG - http://localhost:50319 "POST /session/fc92bd74e5664c4a23b9d541ce5961b1/execute/sync HTTP/1.1" 200 0
2026-02-19 14:18:14,180 - selenium.webdriver.remote.remote_connection - DEBUG - Remote response: status=200 | data={"value":null} | headers=HTTPHeaderDict({'Content-Length': '14', 'Content-Type': 'application/json; charset=utf-8', 'cache-control': 'no-cache'})
2026-02-19 14:18:14,180 - selenium.webdriver.remote.remote_connection - DEBUG - Finished Request
2026-02-19 14:18:15,181 - selenium.webdriver.remote.remote_connection - DEBUG - POST http://localhost:50319/session/fc92bd74e5664c4a23b9d541ce5961b1/execute/sync {'script': 'window.scrollTo(0, 38988);', 'args': []}
2026-02-19 14:18:15,196 - urllib3.connectionpool - DEBUG - http://localhost:50319 "POST /session/fc92bd74e5664c4a23b9d541ce5961b1/execute/sync HTTP/1.1" 200 0
2026-02-19 14:18:15,196 - selenium.webdriver.remote.remote_connection - DEBUG - Remote response: status=200 | data={"value":null} | headers=HTTPHeaderDict({'Content-Length': '14', 'Content-Type': 'application/json; charset=utf-8', 'cache-control': 'no-cache'})
2026-02-19 14:18:15,196 - selenium.webdriver.remote.remote_connection - DEBUG - Finished Request
2026-02-19 14:18:21,197 - scraper - INFO - Scrolling back to #anchored-offshore section...
2026-02-19 14:18:21,197 - selenium.webdriver.remote.remote_connection - DEBUG - POST http://localhost:50319/session/fc92bd74e5664c4a23b9d541ce5961b1/element {'using': 'css selector', 'value': 'a[id="anchored-offshore"], a[name="anchored-offshore"]'}
2026-02-19 14:18:21,361 - urllib3.connectionpool - DEBUG - http://localhost:50319 "POST /session/fc92bd74e5664c4a23b9d541ce5961b1/element HTTP/1.1" 200 0
2026-02-19 14:18:21,362 - selenium.webdriver.remote.remote_connection - DEBUG - Remote response: status=200 | data={"value":{"element-6066-11e4-a52e-4f735466cecf":"f.0FED031C6DDAC1B90C479730D676DE85.d.8505D488ABC355A60C24A1251A5D68C8.e.85"}} | headers=HTTPHeaderDict({'Content-Length': '126', 'Content-Type': 'application/json; charset=utf-8', 'cache-control': 'no-cache'})
2026-02-19 14:18:21,362 - selenium.webdriver.remote.remote_connection - DEBUG - Finished Request
2026-02-19 14:18:21,362 - selenium.webdriver.remote.remote_connection - DEBUG - POST http://localhost:50319/session/fc92bd74e5664c4a23b9d541ce5961b1/execute/sync {'script': "arguments[0].scrollIntoView({block: 'center'});", 'args': [{'element-6066-11e4-a52e-4f735466cecf': 'f.0FED031C6DDAC1B90C479730D676DE85.d.8505D488ABC355A60C24A1251A5D68C8.e.85'}]}
2026-02-19 14:18:21,370 - urllib3.connectionpool - DEBUG - http://localhost:50319 "POST /session/fc92bd74e5664c4a23b9d541ce5961b1/execute/sync HTTP/1.1" 200 0
2026-02-19 14:18:21,370 - selenium.webdriver.remote.remote_connection - DEBUG - Remote response: status=200 | data={"value":null} | headers=HTTPHeaderDict({'Content-Length': '14', 'Content-Type': 'application/json; charset=utf-8', 'cache-control': 'no-cache'})
2026-02-19 14:18:21,370 - selenium.webdriver.remote.remote_connection - DEBUG - Finished Request
2026-02-19 14:18:23,371 - selenium.webdriver.remote.remote_connection - DEBUG - POST http://localhost:50319/session/fc92bd74e5664c4a23b9d541ce5961b1/elements {'using': 'tag name', 'value': 'iframe'}
2026-02-19 14:18:23,402 - urllib3.connectionpool - DEBUG - http://localhost:50319 "POST /session/fc92bd74e5664c4a23b9d541ce5961b1/elements HTTP/1.1" 200 0
2026-02-19 14:18:23,402 - selenium.webdriver.remote.remote_connection - DEBUG - Remote response: status=200 | data={"value":[{"element-6066-11e4-a52e-4f735466cecf":"f.0FED031C6DDAC1B90C479730D676DE85.d.8505D488ABC355A60C24A1251A5D68C8.e.88"},{"element-6066-11e4-a52e-4f735466cecf":"f.0FED031C6DDAC1B90C479730D676DE85.d.8505D488ABC355A60C24A1251A5D68C8.e.89"},{"element-6066-11e4-a52e-4f735466cecf":"f.0FED031C6DDAC1B90C479730D676DE85.d.8505D488ABC355A60C24A1251A5D68C8.e.90"},{"element-6066-11e4-a52e-4f735466cecf":"f.0FED031C6DDAC1B90C479730D676DE85.d.8505D488ABC355A60C24A1251A5D68C8.e.91"},{"element-6066-11e4-a52e-4f735466cecf":"f.0FED031C6DDAC1B90C479730D676DE85.d.8505D488ABC355A60C24A1251A5D68C8.e.86"},{"element-6066-11e4-a52e-4f735466cecf":"f.0FED031C6DDAC1B90C479730D676DE85.d.8505D488ABC355A60C24A1251A5D68C8.e.87"},{"element-6066-11e4-a52e-4f735466cecf":"f.0FED031C6DDAC1B90C479730D676DE85.d.8505D488ABC355A60C24A1251A5D68C8.e.92"},{"element-6066-11e4-a52e-4f735466cecf":"f.0FED031C6DDAC1B90C479730D676DE85.d.8505D488ABC355A60C24A1251A5D68C8.e.93"},{"element-6066-11e4-a52e-4f735466cecf":"f.0FED031C6DDAC1B90C479730D676DE85.d.8505D488ABC355A60C24A1251A5D68C8.e.94"},{"element-6066-11e4-a52e-4f735466cecf":"f.0FED031C6DDAC1B90C479730D676DE85.d.8505D488ABC355A60C24A1251A5D68C8.e.95"},{"element-6066-11e4-a52e-4f735466cecf":"f.0FED031C6DDAC1B90C479730D676DE85.d.8505D488ABC355A60C24A1251A5D68C8.e.96"},{"element-6066-11e4-a52e-4f735466cecf":"f.0FED031C6DDAC1B90C479730D676DE85.d.8505D488ABC355A60C24A1251A5D68C8.e.97"},{"element-6066-11e4-a52e-4f735466cecf":"f.0FED031C6DDAC1B90C479730D676DE85.d.8505D488ABC355A60C24A1251A5D68C8.e.98"},{"element-6066-11e4-a52e-4f735466cecf":"f.0FED031C6DDAC1B90C479730D676DE85.d.8505D488ABC355A60C24A1251A5D68C8.e.99"},{"element-6066-11e4-a52e-4f735466cecf":"f.0FED031C6DDAC1B90C479730D676DE85.d.8505D488ABC355A60C24A1251A5D68C8.e.100"},{"element-6066-11e4-a52e-4f735466cecf":"f.0FED031C6DDAC1B90C479730D676DE85.d.8505D488ABC355A60C24A1251A5D68C8.e.101"},{"element-6066-11e4-a52e-4f735466cecf":"f.0FED031C6DDAC1B90C479730D676DE85.d.8505D488ABC355A60C24A1251A5D68C8.e.102"},{"element-6066-11e4-a52e-4f735466cecf":"f.0FED031C6DDAC1B90C479730D676DE85.d.8505D488ABC355A60C24A1251A5D68C8.e.103"},{"element-6066-11e4-a52e-4f735466cecf":"f.0FED031C6DDAC1B90C479730D676DE85.d.8505D488ABC355A60C24A1251A5D68C8.e.104"},{"element-6066-11e4-a52e-4f735466cecf":"f.0FED031C6DDAC1B90C479730D676DE85.d.8505D488ABC355A60C24A1251A5D68C8.e.105"},{"element-6066-11e4-a52e-4f735466cecf":"f.0FED031C6DDAC1B90C479730D676DE85.d.8505D488ABC355A60C24A1251A5D68C8.e.106"},{"element-6066-11e4-a52e-4f735466cecf":"f.0FED031C6DDAC1B90C479730D676DE85.d.8505D488ABC355A60C24A1251A5D68C8.e.107"},{"element-6066-11e4-a52e-4f735466cecf":"f.0FED031C6DDAC1B90C479730D676DE85.d.8505D488ABC355A60C24A1251A5D68C8.e.108"},{"element-6066-11e4-a52e-4f735466cecf":"f.0FED031C6DDAC1B90C479730D676DE85.d.8505D488ABC355A60C24A1251A5D68C8.e.109"},{"element-6066-11e4-a52e-4f735466cecf":"f.0FED031C6DDAC1B90C479730D676DE85.d.8505D488ABC355A60C24A1251A5D68C8.e.110"},{"element-6066-11e4-a52e-4f735466cecf":"f.0FED031C6DDAC1B90C479730D676DE85.d.8505D488ABC355A60C24A1251A5D68C8.e.111"},{"element-6066-11e4-a52e-4f735466cecf":"f.0FED031C6DDAC1B90C479730D676DE85.d.8505D488ABC355A60C24A1251A5D68C8.e.112"},{"element-6066-11e4-a52e-4f735466cecf":"f.0FED031C6DDAC1B90C479730D676DE85.d.8505D488ABC355A60C24A1251A5D68C8.e.113"},{"element-6066-11e4-a52e-4f735466cecf":"f.0FED031C6DDAC1B90C479730D676DE85.d.8505D488ABC355A60C24A1251A5D68C8.e.114"},{"element-6066-11e4-a52e-4f735466cecf":"f.0FED031C6DDAC1B90C479730D676DE85.d.8505D488ABC355A60C24A1251A5D68C8.e.115"},{"element-6066-11e4-a52e-4f735466cecf":"f.0FED031C6DDAC1B90C479730D676DE85.d.8505D488ABC355A60C24A1251A5D68C8.e.116"},{"element-6066-11e4-a52e-4f735466cecf":"f.0FED031C6DDAC1B90C479730D676DE85.d.8505D488ABC355A60C24A1251A5D68C8.e.117"},{"element-6066-11e4-a52e-4f735466cecf":"f.0FED031C6DDAC1B90C479730D676DE85.d.8505D488ABC355A60C24A1251A5D68C8.e.118"},{"element-6066-11e4-a52e-4f735466cecf":"f.0FED031C6DDAC1B90C479730D676DE85.d.8505D488ABC355A60C24A1251A5D68C8.e.119"},{"element-6066-11e4-a52e-4f735466cecf":"f.0FED031C6DDAC1B90C479730D676DE85.d.8505D488ABC355A60C24A1251A5D68C8.e.120"},{"element-6066-11e4-a52e-4f735466cecf":"f.0FED031C6DDAC1B90C479730D676DE85.d.8505D488ABC355A60C24A1251A5D68C8.e.121"},{"element-6066-11e4-a52e-4f735466cecf":"f.0FED031C6DDAC1B90C479730D676DE85.d.8505D488ABC355A60C24A1251A5D68C8.e.122"},{"element-6066-11e4-a52e-4f735466cecf":"f.0FED031C6DDAC1B90C479730D676DE85.d.8505D488ABC355A60C24A1251A5D68C8.e.123"},{"element-6066-11e4-a52e-4f735466cecf":"f.0FED031C6DDAC1B90C479730D676DE85.d.8505D488ABC355A60C24A1251A5D68C8.e.124"},{"element-6066-11e4-a52e-4f735466cecf":"f.0FED031C6DDAC1B90C479730D676DE85.d.8505D488ABC355A60C24A1251A5D68C8.e.125"},{"element-6066-11e4-a52e-4f735466cecf":"f.0FED031C6DDAC1B90C479730D676DE85.d.8505D488ABC355A60C24A1251A5D68C8.e.126"},{"element-6066-11e4-a52e-4f735466cecf":"f.0FED031C6DDAC1B90C479730D676DE85.d.8505D488ABC355A60C24A1251A5D68C8.e.127"},{"element-6066-11e4-a52e-4f735466cecf":"f.0FED031C6DDAC1B90C479730D676DE85.d.8505D488ABC355A60C24A1251A5D68C8.e.128"},{"element-6066-11e4-a52e-4f735466cecf":"f.0FED031C6DDAC1B90C479730D676DE85.d.8505D488ABC355A60C24A1251A5D68C8.e.129"},{"element-6066-11e4-a52e-4f735466cecf":"f.0FED031C6DDAC1B90C479730D676DE85.d.8505D488ABC355A60C24A1251A5D68C8.e.130"}]} | headers=HTTPHeaderDict({'Content-Length': '5307', 'Content-Type': 'application/json; charset=utf-8', 'cache-control': 'no-cache'})
2026-02-19 14:18:23,403 - selenium.webdriver.remote.remote_connection - DEBUG - Finished Request
2026-02-19 14:18:23,403 - scraper - INFO - Found 45 iframes on page
2026-02-19 14:18:23,405 - selenium.webdriver.remote.remote_connection - DEBUG - POST http://localhost:50319/session/fc92bd74e5664c4a23b9d541ce5961b1/execute/sync {'script': '/* getAttribute */return (function(){return (function(){var d=this||self;function f(a,b){function c(...', 'args': [{'element-6066-11e4-a52e-4f735466cecf': 'f.0FED031C6DDAC1B90C479730D676DE85.d.8505D488ABC355A60C24A1251A5D68C8.e.88'}, 'src']}
2026-02-19 14:18:23,421 - urllib3.connectionpool - DEBUG - http://localhost:50319 "POST /session/fc92bd74e5664c4a23b9d541ce5961b1/execute/sync HTTP/1.1" 200 0
2026-02-19 14:18:23,422 - selenium.webdriver.remote.remote_connection - DEBUG - Remote response: status=200 | data={"value":"https://explore.dot.gov/views/FreightIndicators/ContainerShipCapacity?:embed=y&:showVizHome=no&:host_url=https%3A%2F%2Fexplore.dot.gov%2F&:embed_code_version=3&:tabs=no&:toolbar=yes&:showAppBanner=false&:display_spinner=no&:loadOrderID=0"} | headers=HTTPHeaderDict({'Content-Length': '249', 'Content-Type': 'application/json; charset=utf-8', 'cache-control': 'no-cache'})
2026-02-19 14:18:23,422 - selenium.webdriver.remote.remote_connection - DEBUG - Finished Request
2026-02-19 14:18:23,422 - scraper - INFO -   iframe[0]: https://explore.dot.gov/views/FreightIndicators/ContainerShipCapacity?:embed=y&:showVizHome=no&:host_url=https%3A%2F%2Fe
2026-02-19 14:18:23,422 - selenium.webdriver.remote.remote_connection - DEBUG - POST http://localhost:50319/session/fc92bd74e5664c4a23b9d541ce5961b1/execute/sync {'script': '/* getAttribute */return (function(){return (function(){var d=this||self;function f(a,b){function c(...', 'args': [{'element-6066-11e4-a52e-4f735466cecf': 'f.0FED031C6DDAC1B90C479730D676DE85.d.8505D488ABC355A60C24A1251A5D68C8.e.89'}, 'src']}
2026-02-19 14:18:23,435 - urllib3.connectionpool - DEBUG - http://localhost:50319 "POST /session/fc92bd74e5664c4a23b9d541ce5961b1/execute/sync HTTP/1.1" 200 0
2026-02-19 14:18:23,435 - selenium.webdriver.remote.remote_connection - DEBUG - Remote response: status=200 | data={"value":"https://explore.dot.gov/views/FreightIndicators/LoadedImportContainers?:embed=y&:showVizHome=no&:host_url=https%3A%2F%2Fexplore.dot.gov%2F&:embed_code_version=3&:tabs=no&:toolbar=yes&:showAppBanner=false&:display_spinner=no&:loadOrderID=1"} | headers=HTTPHeaderDict({'Content-Length': '250', 'Content-Type': 'application/json; charset=utf-8', 'cache-control': 'no-cache'})
2026-02-19 14:18:23,435 - selenium.webdriver.remote.remote_connection - DEBUG - Finished Request
2026-02-19 14:18:23,435 - scraper - INFO -   iframe[1]: https://explore.dot.gov/views/FreightIndicators/LoadedImportContainers?:embed=y&:showVizHome=no&:host_url=https%3A%2F%2F
2026-02-19 14:18:23,435 - selenium.webdriver.remote.remote_connection - DEBUG - POST http://localhost:50319/session/fc92bd74e5664c4a23b9d541ce5961b1/execute/sync {'script': '/* getAttribute */return (function(){return (function(){var d=this||self;function f(a,b){function c(...', 'args': [{'element-6066-11e4-a52e-4f735466cecf': 'f.0FED031C6DDAC1B90C479730D676DE85.d.8505D488ABC355A60C24A1251A5D68C8.e.90'}, 'src']}
2026-02-19 14:18:23,447 - urllib3.connectionpool - DEBUG - http://localhost:50319 "POST /session/fc92bd74e5664c4a23b9d541ce5961b1/execute/sync HTTP/1.1" 200 0
2026-02-19 14:18:23,447 - selenium.webdriver.remote.remote_connection - DEBUG - Remote response: status=200 | data={"value":"https://explore.dot.gov/views/FreightIndicators/LoadedExportContainers?:embed=y&:showVizHome=no&:host_url=https%3A%2F%2Fexplore.dot.gov%2F&:embed_code_version=3&:tabs=no&:toolbar=yes&:showAppBanner=false&:display_spinner=no&:loadOrderID=2"} | headers=HTTPHeaderDict({'Content-Length': '250', 'Content-Type': 'application/json; charset=utf-8', 'cache-control': 'no-cache'})
2026-02-19 14:18:23,447 - selenium.webdriver.remote.remote_connection - DEBUG - Finished Request
2026-02-19 14:18:23,447 - scraper - INFO -   iframe[2]: https://explore.dot.gov/views/FreightIndicators/LoadedExportContainers?:embed=y&:showVizHome=no&:host_url=https%3A%2F%2F
2026-02-19 14:18:23,448 - selenium.webdriver.remote.remote_connection - DEBUG - POST http://localhost:50319/session/fc92bd74e5664c4a23b9d541ce5961b1/execute/sync {'script': '/* getAttribute */return (function(){return (function(){var d=this||self;function f(a,b){function c(...', 'args': [{'element-6066-11e4-a52e-4f735466cecf': 'f.0FED031C6DDAC1B90C479730D676DE85.d.8505D488ABC355A60C24A1251A5D68C8.e.91'}, 'src']}
2026-02-19 14:18:23,455 - urllib3.connectionpool - DEBUG - http://localhost:50319 "POST /session/fc92bd74e5664c4a23b9d541ce5961b1/execute/sync HTTP/1.1" 200 0
2026-02-19 14:18:23,455 - selenium.webdriver.remote.remote_connection - DEBUG - Remote response: status=200 | data={"value":"https://explore.dot.gov/views/FreightIndicators/EmptyExportContainers?:embed=y&:showVizHome=no&:host_url=https%3A%2F%2Fexplore.dot.gov%2F&:embed_code_version=3&:tabs=no&:toolbar=yes&:showAppBanner=false&:display_spinner=no&:loadOrderID=3"} | headers=HTTPHeaderDict({'Content-Length': '249', 'Content-Type': 'application/json; charset=utf-8', 'cache-control': 'no-cache'})
2026-02-19 14:18:23,456 - selenium.webdriver.remote.remote_connection - DEBUG - Finished Request
2026-02-19 14:18:23,456 - scraper - INFO -   iframe[3]: https://explore.dot.gov/views/FreightIndicators/EmptyExportContainers?:embed=y&:showVizHome=no&:host_url=https%3A%2F%2Fe
2026-02-19 14:18:23,456 - selenium.webdriver.remote.remote_connection - DEBUG - POST http://localhost:50319/session/fc92bd74e5664c4a23b9d541ce5961b1/execute/sync {'script': '/* getAttribute */return (function(){return (function(){var d=this||self;function f(a,b){function c(...', 'args': [{'element-6066-11e4-a52e-4f735466cecf': 'f.0FED031C6DDAC1B90C479730D676DE85.d.8505D488ABC355A60C24A1251A5D68C8.e.86'}, 'src']}
2026-02-19 14:18:23,470 - urllib3.connectionpool - DEBUG - http://localhost:50319 "POST /session/fc92bd74e5664c4a23b9d541ce5961b1/execute/sync HTTP/1.1" 200 0
2026-02-19 14:18:23,470 - selenium.webdriver.remote.remote_connection - DEBUG - Remote response: status=200 | data={"value":"https://explore.dot.gov/views/FreightIndicators/EmptyExportContainersbyyear?:embed=y&:showVizHome=no&:host_url=https%3A%2F%2Fexplore.dot.gov%2F&:embed_code_version=3&:tabs=no&:toolbar=yes&:showAppBanner=false&:display_spinner=no&:loadOrderID=4"} | headers=HTTPHeaderDict({'Content-Length': '255', 'Content-Type': 'application/json; charset=utf-8', 'cache-control': 'no-cache'})
2026-02-19 14:18:23,470 - selenium.webdriver.remote.remote_connection - DEBUG - Finished Request
2026-02-19 14:18:23,470 - scraper - INFO -   iframe[4]: https://explore.dot.gov/views/FreightIndicators/EmptyExportContainersbyyear?:embed=y&:showVizHome=no&:host_url=https%3A%
2026-02-19 14:18:23,471 - selenium.webdriver.remote.remote_connection - DEBUG - POST http://localhost:50319/session/fc92bd74e5664c4a23b9d541ce5961b1/execute/sync {'script': '/* getAttribute */return (function(){return (function(){var d=this||self;function f(a,b){function c(...', 'args': [{'element-6066-11e4-a52e-4f735466cecf': 'f.0FED031C6DDAC1B90C479730D676DE85.d.8505D488ABC355A60C24A1251A5D68C8.e.87'}, 'src']}
2026-02-19 14:18:23,485 - urllib3.connectionpool - DEBUG - http://localhost:50319 "POST /session/fc92bd74e5664c4a23b9d541ce5961b1/execute/sync HTTP/1.1" 200 0
2026-02-19 14:18:23,485 - selenium.webdriver.remote.remote_connection - DEBUG - Remote response: status=200 | data={"value":"https://explore.dot.gov/views/FreightIndicators/ContainershipsAnchored?:embed=y&:showVizHome=no&:host_url=https%3A%2F%2Fexplore.dot.gov%2F&:embed_code_version=3&:tabs=no&:toolbar=yes&:showAppBanner=false&:display_spinner=no&:loadOrderID=5"} | headers=HTTPHeaderDict({'Content-Length': '250', 'Content-Type': 'application/json; charset=utf-8', 'cache-control': 'no-cache'})
2026-02-19 14:18:23,486 - selenium.webdriver.remote.remote_connection - DEBUG - Finished Request
2026-02-19 14:18:23,486 - scraper - INFO -   iframe[5]: https://explore.dot.gov/views/FreightIndicators/ContainershipsAnchored?:embed=y&:showVizHome=no&:host_url=https%3A%2F%2F
2026-02-19 14:18:23,486 - selenium.webdriver.remote.remote_connection - DEBUG - POST http://localhost:50319/session/fc92bd74e5664c4a23b9d541ce5961b1/execute/sync {'script': '/* getAttribute */return (function(){return (function(){var d=this||self;function f(a,b){function c(...', 'args': [{'element-6066-11e4-a52e-4f735466cecf': 'f.0FED031C6DDAC1B90C479730D676DE85.d.8505D488ABC355A60C24A1251A5D68C8.e.92'}, 'src']}
2026-02-19 14:18:23,498 - urllib3.connectionpool - DEBUG - http://localhost:50319 "POST /session/fc92bd74e5664c4a23b9d541ce5961b1/execute/sync HTTP/1.1" 200 0
2026-02-19 14:18:23,498 - selenium.webdriver.remote.remote_connection - DEBUG - Remote response: status=200 | data={"value":"https://explore.dot.gov/views/FreightIndicators/ContainerizedExports?:embed=y&:showVizHome=no&:host_url=https%3A%2F%2Fexplore.dot.gov%2F&:embed_code_version=3&:tabs=no&:toolbar=yes&:showAppBanner=false&:display_spinner=no&:loadOrderID=6"} | headers=HTTPHeaderDict({'Content-Length': '248', 'Content-Type': 'application/json; charset=utf-8', 'cache-control': 'no-cache'})
2026-02-19 14:18:23,498 - selenium.webdriver.remote.remote_connection - DEBUG - Finished Request
2026-02-19 14:18:23,498 - scraper - INFO -   iframe[6]: https://explore.dot.gov/views/FreightIndicators/ContainerizedExports?:embed=y&:showVizHome=no&:host_url=https%3A%2F%2Fex
2026-02-19 14:18:23,499 - selenium.webdriver.remote.remote_connection - DEBUG - POST http://localhost:50319/session/fc92bd74e5664c4a23b9d541ce5961b1/execute/sync {'script': '/* getAttribute */return (function(){return (function(){var d=this||self;function f(a,b){function c(...', 'args': [{'element-6066-11e4-a52e-4f735466cecf': 'f.0FED031C6DDAC1B90C479730D676DE85.d.8505D488ABC355A60C24A1251A5D68C8.e.93'}, 'src']}
2026-02-19 14:18:23,510 - urllib3.connectionpool - DEBUG - http://localhost:50319 "POST /session/fc92bd74e5664c4a23b9d541ce5961b1/execute/sync HTTP/1.1" 200 0
2026-02-19 14:18:23,510 - selenium.webdriver.remote.remote_connection - DEBUG - Remote response: status=200 | data={"value":"https://explore.dot.gov/views/FreightIndicators/ContainerizedImports?:embed=y&:showVizHome=no&:host_url=https%3A%2F%2Fexplore.dot.gov%2F&:embed_code_version=3&:tabs=no&:toolbar=yes&:showAppBanner=false&:display_spinner=no&:loadOrderID=7"} | headers=HTTPHeaderDict({'Content-Length': '248', 'Content-Type': 'application/json; charset=utf-8', 'cache-control': 'no-cache'})
2026-02-19 14:18:23,511 - selenium.webdriver.remote.remote_connection - DEBUG - Finished Request
2026-02-19 14:18:23,511 - scraper - INFO -   iframe[7]: https://explore.dot.gov/views/FreightIndicators/ContainerizedImports?:embed=y&:showVizHome=no&:host_url=https%3A%2F%2Fex
2026-02-19 14:18:23,511 - selenium.webdriver.remote.remote_connection - DEBUG - POST http://localhost:50319/session/fc92bd74e5664c4a23b9d541ce5961b1/execute/sync {'script': '/* getAttribute */return (function(){return (function(){var d=this||self;function f(a,b){function c(...', 'args': [{'element-6066-11e4-a52e-4f735466cecf': 'f.0FED031C6DDAC1B90C479730D676DE85.d.8505D488ABC355A60C24A1251A5D68C8.e.94'}, 'src']}
2026-02-19 14:18:23,522 - urllib3.connectionpool - DEBUG - http://localhost:50319 "POST /session/fc92bd74e5664c4a23b9d541ce5961b1/execute/sync HTTP/1.1" 200 0
2026-02-19 14:18:23,522 - selenium.webdriver.remote.remote_connection - DEBUG - Remote response: status=200 | data={"value":"https://explore.dot.gov/views/FreightIndicators/ContainershipsAwaiting?:embed=y&:showVizHome=no&:host_url=https%3A%2F%2Fexplore.dot.gov%2F&:embed_code_version=3&:tabs=no&:toolbar=yes&:showAppBanner=false&:display_spinner=no&:loadOrderID=8"} | headers=HTTPHeaderDict({'Content-Length': '250', 'Content-Type': 'application/json; charset=utf-8', 'cache-control': 'no-cache'})
2026-02-19 14:18:23,522 - selenium.webdriver.remote.remote_connection - DEBUG - Finished Request
2026-02-19 14:18:23,523 - scraper - INFO -   iframe[8]: https://explore.dot.gov/views/FreightIndicators/ContainershipsAwaiting?:embed=y&:showVizHome=no&:host_url=https%3A%2F%2F
2026-02-19 14:18:23,523 - selenium.webdriver.remote.remote_connection - DEBUG - POST http://localhost:50319/session/fc92bd74e5664c4a23b9d541ce5961b1/execute/sync {'script': '/* getAttribute */return (function(){return (function(){var d=this||self;function f(a,b){function c(...', 'args': [{'element-6066-11e4-a52e-4f735466cecf': 'f.0FED031C6DDAC1B90C479730D676DE85.d.8505D488ABC355A60C24A1251A5D68C8.e.95'}, 'src']}
2026-02-19 14:18:23,534 - urllib3.connectionpool - DEBUG - http://localhost:50319 "POST /session/fc92bd74e5664c4a23b9d541ce5961b1/execute/sync HTTP/1.1" 200 0
2026-02-19 14:18:23,534 - selenium.webdriver.remote.remote_connection - DEBUG - Remote response: status=200 | data={"value":"https://explore.dot.gov/views/FreightIndicators/AvgTrainSpeed?:embed=y&:showVizHome=no&:host_url=https%3A%2F%2Fexplore.dot.gov%2F&:embed_code_version=3&:tabs=no&:toolbar=yes&:showAppBanner=false&:display_spinner=no&:loadOrderID=9"} | headers=HTTPHeaderDict({'Content-Length': '241', 'Content-Type': 'application/json; charset=utf-8', 'cache-control': 'no-cache'})
2026-02-19 14:18:23,534 - selenium.webdriver.remote.remote_connection - DEBUG - Finished Request
2026-02-19 14:18:23,534 - scraper - INFO -   iframe[9]: https://explore.dot.gov/views/FreightIndicators/AvgTrainSpeed?:embed=y&:showVizHome=no&:host_url=https%3A%2F%2Fexplore.d
2026-02-19 14:18:23,535 - selenium.webdriver.remote.remote_connection - DEBUG - POST http://localhost:50319/session/fc92bd74e5664c4a23b9d541ce5961b1/execute/sync {'script': '/* getAttribute */return (function(){return (function(){var d=this||self;function f(a,b){function c(...', 'args': [{'element-6066-11e4-a52e-4f735466cecf': 'f.0FED031C6DDAC1B90C479730D676DE85.d.8505D488ABC355A60C24A1251A5D68C8.e.96'}, 'src']}
2026-02-19 14:18:23,547 - urllib3.connectionpool - DEBUG - http://localhost:50319 "POST /session/fc92bd74e5664c4a23b9d541ce5961b1/execute/sync HTTP/1.1" 200 0
2026-02-19 14:18:23,547 - selenium.webdriver.remote.remote_connection - DEBUG - Remote response: status=200 | data={"value":"https://explore.dot.gov/views/FreightIndicators/Velocity?:embed=y&:showVizHome=no&:host_url=https%3A%2F%2Fexplore.dot.gov%2F&:embed_code_version=3&:tabs=no&:toolbar=yes&:showAppBanner=false&:display_spinner=no&:loadOrderID=10"} | headers=HTTPHeaderDict({'Content-Length': '237', 'Content-Type': 'application/json; charset=utf-8', 'cache-control': 'no-cache'})
2026-02-19 14:18:23,548 - selenium.webdriver.remote.remote_connection - DEBUG - Finished Request
2026-02-19 14:18:23,548 - scraper - INFO -   iframe[10]: https://explore.dot.gov/views/FreightIndicators/Velocity?:embed=y&:showVizHome=no&:host_url=https%3A%2F%2Fexplore.dot.go
2026-02-19 14:18:23,548 - selenium.webdriver.remote.remote_connection - DEBUG - POST http://localhost:50319/session/fc92bd74e5664c4a23b9d541ce5961b1/execute/sync {'script': '/* getAttribute */return (function(){return (function(){var d=this||self;function f(a,b){function c(...', 'args': [{'element-6066-11e4-a52e-4f735466cecf': 'f.0FED031C6DDAC1B90C479730D676DE85.d.8505D488ABC355A60C24A1251A5D68C8.e.97'}, 'src']}
2026-02-19 14:18:23,564 - urllib3.connectionpool - DEBUG - http://localhost:50319 "POST /session/fc92bd74e5664c4a23b9d541ce5961b1/execute/sync HTTP/1.1" 200 0
2026-02-19 14:18:23,564 - selenium.webdriver.remote.remote_connection - DEBUG - Remote response: status=200 | data={"value":"https://explore.dot.gov/views/FreightIndicators/CarsonLine?:embed=y&:showVizHome=no&:host_url=https%3A%2F%2Fexplore.dot.gov%2F&:embed_code_version=3&:tabs=no&:toolbar=yes&:showAppBanner=false&:display_spinner=no&:loadOrderID=11"} | headers=HTTPHeaderDict({'Content-Length': '239', 'Content-Type': 'application/json; charset=utf-8', 'cache-control': 'no-cache'})
2026-02-19 14:18:23,565 - selenium.webdriver.remote.remote_connection - DEBUG - Finished Request
2026-02-19 14:18:23,565 - scraper - INFO -   iframe[11]: https://explore.dot.gov/views/FreightIndicators/CarsonLine?:embed=y&:showVizHome=no&:host_url=https%3A%2F%2Fexplore.dot.
2026-02-19 14:18:23,565 - selenium.webdriver.remote.remote_connection - DEBUG - POST http://localhost:50319/session/fc92bd74e5664c4a23b9d541ce5961b1/execute/sync {'script': '/* getAttribute */return (function(){return (function(){var d=this||self;function f(a,b){function c(...', 'args': [{'element-6066-11e4-a52e-4f735466cecf': 'f.0FED031C6DDAC1B90C479730D676DE85.d.8505D488ABC355A60C24A1251A5D68C8.e.98'}, 'src']}
2026-02-19 14:18:23,584 - urllib3.connectionpool - DEBUG - http://localhost:50319 "POST /session/fc92bd74e5664c4a23b9d541ce5961b1/execute/sync HTTP/1.1" 200 0
2026-02-19 14:18:23,584 - selenium.webdriver.remote.remote_connection - DEBUG - Remote response: status=200 | data={"value":""} | headers=HTTPHeaderDict({'Content-Length': '12', 'Content-Type': 'application/json; charset=utf-8', 'cache-control': 'no-cache'})
2026-02-19 14:18:23,585 - selenium.webdriver.remote.remote_connection - DEBUG - Finished Request
2026-02-19 14:18:23,585 - selenium.webdriver.remote.remote_connection - DEBUG - POST http://localhost:50319/session/fc92bd74e5664c4a23b9d541ce5961b1/execute/sync {'script': '/* getAttribute */return (function(){return (function(){var d=this||self;function f(a,b){function c(...', 'args': [{'element-6066-11e4-a52e-4f735466cecf': 'f.0FED031C6DDAC1B90C479730D676DE85.d.8505D488ABC355A60C24A1251A5D68C8.e.99'}, 'src']}
2026-02-19 14:18:23,604 - urllib3.connectionpool - DEBUG - http://localhost:50319 "POST /session/fc92bd74e5664c4a23b9d541ce5961b1/execute/sync HTTP/1.1" 200 0
2026-02-19 14:18:23,604 - selenium.webdriver.remote.remote_connection - DEBUG - Remote response: status=200 | data={"value":""} | headers=HTTPHeaderDict({'Content-Length': '12', 'Content-Type': 'application/json; charset=utf-8', 'cache-control': 'no-cache'})
2026-02-19 14:18:23,604 - selenium.webdriver.remote.remote_connection - DEBUG - Finished Request
2026-02-19 14:18:23,605 - selenium.webdriver.remote.remote_connection - DEBUG - POST http://localhost:50319/session/fc92bd74e5664c4a23b9d541ce5961b1/execute/sync {'script': '/* getAttribute */return (function(){return (function(){var d=this||self;function f(a,b){function c(...', 'args': [{'element-6066-11e4-a52e-4f735466cecf': 'f.0FED031C6DDAC1B90C479730D676DE85.d.8505D488ABC355A60C24A1251A5D68C8.e.100'}, 'src']}
2026-02-19 14:18:23,647 - urllib3.connectionpool - DEBUG - http://localhost:50319 "POST /session/fc92bd74e5664c4a23b9d541ce5961b1/execute/sync HTTP/1.1" 200 0
2026-02-19 14:18:23,647 - selenium.webdriver.remote.remote_connection - DEBUG - Remote response: status=200 | data={"value":""} | headers=HTTPHeaderDict({'Content-Length': '12', 'Content-Type': 'application/json; charset=utf-8', 'cache-control': 'no-cache'})
2026-02-19 14:18:23,647 - selenium.webdriver.remote.remote_connection - DEBUG - Finished Request
2026-02-19 14:18:23,648 - selenium.webdriver.remote.remote_connection - DEBUG - POST http://localhost:50319/session/fc92bd74e5664c4a23b9d541ce5961b1/execute/sync {'script': '/* getAttribute */return (function(){return (function(){var d=this||self;function f(a,b){function c(...', 'args': [{'element-6066-11e4-a52e-4f735466cecf': 'f.0FED031C6DDAC1B90C479730D676DE85.d.8505D488ABC355A60C24A1251A5D68C8.e.101'}, 'src']}
2026-02-19 14:18:23,655 - urllib3.connectionpool - DEBUG - http://localhost:50319 "POST /session/fc92bd74e5664c4a23b9d541ce5961b1/execute/sync HTTP/1.1" 200 0
2026-02-19 14:18:23,655 - selenium.webdriver.remote.remote_connection - DEBUG - Remote response: status=200 | data={"value":""} | headers=HTTPHeaderDict({'Content-Length': '12', 'Content-Type': 'application/json; charset=utf-8', 'cache-control': 'no-cache'})
2026-02-19 14:18:23,655 - selenium.webdriver.remote.remote_connection - DEBUG - Finished Request
2026-02-19 14:18:23,656 - selenium.webdriver.remote.remote_connection - DEBUG - POST http://localhost:50319/session/fc92bd74e5664c4a23b9d541ce5961b1/execute/sync {'script': '/* getAttribute */return (function(){return (function(){var d=this||self;function f(a,b){function c(...', 'args': [{'element-6066-11e4-a52e-4f735466cecf': 'f.0FED031C6DDAC1B90C479730D676DE85.d.8505D488ABC355A60C24A1251A5D68C8.e.102'}, 'src']}
2026-02-19 14:18:23,669 - urllib3.connectionpool - DEBUG - http://localhost:50319 "POST /session/fc92bd74e5664c4a23b9d541ce5961b1/execute/sync HTTP/1.1" 200 0
2026-02-19 14:18:23,669 - selenium.webdriver.remote.remote_connection - DEBUG - Remote response: status=200 | data={"value":""} | headers=HTTPHeaderDict({'Content-Length': '12', 'Content-Type': 'application/json; charset=utf-8', 'cache-control': 'no-cache'})
2026-02-19 14:18:23,669 - selenium.webdriver.remote.remote_connection - DEBUG - Finished Request
2026-02-19 14:18:23,670 - selenium.webdriver.remote.remote_connection - DEBUG - POST http://localhost:50319/session/fc92bd74e5664c4a23b9d541ce5961b1/execute/sync {'script': '/* getAttribute */return (function(){return (function(){var d=this||self;function f(a,b){function c(...', 'args': [{'element-6066-11e4-a52e-4f735466cecf': 'f.0FED031C6DDAC1B90C479730D676DE85.d.8505D488ABC355A60C24A1251A5D68C8.e.103'}, 'src']}
2026-02-19 14:18:23,683 - urllib3.connectionpool - DEBUG - http://localhost:50319 "POST /session/fc92bd74e5664c4a23b9d541ce5961b1/execute/sync HTTP/1.1" 200 0
2026-02-19 14:18:23,683 - selenium.webdriver.remote.remote_connection - DEBUG - Remote response: status=200 | data={"value":""} | headers=HTTPHeaderDict({'Content-Length': '12', 'Content-Type': 'application/json; charset=utf-8', 'cache-control': 'no-cache'})
2026-02-19 14:18:23,683 - selenium.webdriver.remote.remote_connection - DEBUG - Finished Request
2026-02-19 14:18:23,684 - selenium.webdriver.remote.remote_connection - DEBUG - POST http://localhost:50319/session/fc92bd74e5664c4a23b9d541ce5961b1/execute/sync {'script': '/* getAttribute */return (function(){return (function(){var d=this||self;function f(a,b){function c(...', 'args': [{'element-6066-11e4-a52e-4f735466cecf': 'f.0FED031C6DDAC1B90C479730D676DE85.d.8505D488ABC355A60C24A1251A5D68C8.e.104'}, 'src']}
2026-02-19 14:18:23,696 - urllib3.connectionpool - DEBUG - http://localhost:50319 "POST /session/fc92bd74e5664c4a23b9d541ce5961b1/execute/sync HTTP/1.1" 200 0
2026-02-19 14:18:23,696 - selenium.webdriver.remote.remote_connection - DEBUG - Remote response: status=200 | data={"value":""} | headers=HTTPHeaderDict({'Content-Length': '12', 'Content-Type': 'application/json; charset=utf-8', 'cache-control': 'no-cache'})
2026-02-19 14:18:23,697 - selenium.webdriver.remote.remote_connection - DEBUG - Finished Request
2026-02-19 14:18:23,697 - selenium.webdriver.remote.remote_connection - DEBUG - POST http://localhost:50319/session/fc92bd74e5664c4a23b9d541ce5961b1/execute/sync {'script': '/* getAttribute */return (function(){return (function(){var d=this||self;function f(a,b){function c(...', 'args': [{'element-6066-11e4-a52e-4f735466cecf': 'f.0FED031C6DDAC1B90C479730D676DE85.d.8505D488ABC355A60C24A1251A5D68C8.e.105'}, 'src']}
2026-02-19 14:18:23,704 - urllib3.connectionpool - DEBUG - http://localhost:50319 "POST /session/fc92bd74e5664c4a23b9d541ce5961b1/execute/sync HTTP/1.1" 200 0
2026-02-19 14:18:23,704 - selenium.webdriver.remote.remote_connection - DEBUG - Remote response: status=200 | data={"value":""} | headers=HTTPHeaderDict({'Content-Length': '12', 'Content-Type': 'application/json; charset=utf-8', 'cache-control': 'no-cache'})
2026-02-19 14:18:23,705 - selenium.webdriver.remote.remote_connection - DEBUG - Finished Request
2026-02-19 14:18:23,705 - selenium.webdriver.remote.remote_connection - DEBUG - POST http://localhost:50319/session/fc92bd74e5664c4a23b9d541ce5961b1/execute/sync {'script': '/* getAttribute */return (function(){return (function(){var d=this||self;function f(a,b){function c(...', 'args': [{'element-6066-11e4-a52e-4f735466cecf': 'f.0FED031C6DDAC1B90C479730D676DE85.d.8505D488ABC355A60C24A1251A5D68C8.e.106'}, 'src']}
2026-02-19 14:18:23,718 - urllib3.connectionpool - DEBUG - http://localhost:50319 "POST /session/fc92bd74e5664c4a23b9d541ce5961b1/execute/sync HTTP/1.1" 200 0
2026-02-19 14:18:23,718 - selenium.webdriver.remote.remote_connection - DEBUG - Remote response: status=200 | data={"value":""} | headers=HTTPHeaderDict({'Content-Length': '12', 'Content-Type': 'application/json; charset=utf-8', 'cache-control': 'no-cache'})
2026-02-19 14:18:23,718 - selenium.webdriver.remote.remote_connection - DEBUG - Finished Request
2026-02-19 14:18:23,719 - selenium.webdriver.remote.remote_connection - DEBUG - POST http://localhost:50319/session/fc92bd74e5664c4a23b9d541ce5961b1/execute/sync {'script': '/* getAttribute */return (function(){return (function(){var d=this||self;function f(a,b){function c(...', 'args': [{'element-6066-11e4-a52e-4f735466cecf': 'f.0FED031C6DDAC1B90C479730D676DE85.d.8505D488ABC355A60C24A1251A5D68C8.e.107'}, 'src']}
2026-02-19 14:18:23,732 - urllib3.connectionpool - DEBUG - http://localhost:50319 "POST /session/fc92bd74e5664c4a23b9d541ce5961b1/execute/sync HTTP/1.1" 200 0
2026-02-19 14:18:23,732 - selenium.webdriver.remote.remote_connection - DEBUG - Remote response: status=200 | data={"value":""} | headers=HTTPHeaderDict({'Content-Length': '12', 'Content-Type': 'application/json; charset=utf-8', 'cache-control': 'no-cache'})
2026-02-19 14:18:23,732 - selenium.webdriver.remote.remote_connection - DEBUG - Finished Request
2026-02-19 14:18:23,733 - selenium.webdriver.remote.remote_connection - DEBUG - POST http://localhost:50319/session/fc92bd74e5664c4a23b9d541ce5961b1/execute/sync {'script': '/* getAttribute */return (function(){return (function(){var d=this||self;function f(a,b){function c(...', 'args': [{'element-6066-11e4-a52e-4f735466cecf': 'f.0FED031C6DDAC1B90C479730D676DE85.d.8505D488ABC355A60C24A1251A5D68C8.e.108'}, 'src']}
2026-02-19 14:18:23,744 - urllib3.connectionpool - DEBUG - http://localhost:50319 "POST /session/fc92bd74e5664c4a23b9d541ce5961b1/execute/sync HTTP/1.1" 200 0
2026-02-19 14:18:23,744 - selenium.webdriver.remote.remote_connection - DEBUG - Remote response: status=200 | data={"value":""} | headers=HTTPHeaderDict({'Content-Length': '12', 'Content-Type': 'application/json; charset=utf-8', 'cache-control': 'no-cache'})
2026-02-19 14:18:23,744 - selenium.webdriver.remote.remote_connection - DEBUG - Finished Request
2026-02-19 14:18:23,745 - selenium.webdriver.remote.remote_connection - DEBUG - POST http://localhost:50319/session/fc92bd74e5664c4a23b9d541ce5961b1/execute/sync {'script': '/* getAttribute */return (function(){return (function(){var d=this||self;function f(a,b){function c(...', 'args': [{'element-6066-11e4-a52e-4f735466cecf': 'f.0FED031C6DDAC1B90C479730D676DE85.d.8505D488ABC355A60C24A1251A5D68C8.e.109'}, 'src']}
2026-02-19 14:18:23,752 - urllib3.connectionpool - DEBUG - http://localhost:50319 "POST /session/fc92bd74e5664c4a23b9d541ce5961b1/execute/sync HTTP/1.1" 200 0
2026-02-19 14:18:23,752 - selenium.webdriver.remote.remote_connection - DEBUG - Remote response: status=200 | data={"value":""} | headers=HTTPHeaderDict({'Content-Length': '12', 'Content-Type': 'application/json; charset=utf-8', 'cache-control': 'no-cache'})
2026-02-19 14:18:23,752 - selenium.webdriver.remote.remote_connection - DEBUG - Finished Request
2026-02-19 14:18:23,752 - selenium.webdriver.remote.remote_connection - DEBUG - POST http://localhost:50319/session/fc92bd74e5664c4a23b9d541ce5961b1/execute/sync {'script': '/* getAttribute */return (function(){return (function(){var d=this||self;function f(a,b){function c(...', 'args': [{'element-6066-11e4-a52e-4f735466cecf': 'f.0FED031C6DDAC1B90C479730D676DE85.d.8505D488ABC355A60C24A1251A5D68C8.e.110'}, 'src']}
2026-02-19 14:18:23,763 - urllib3.connectionpool - DEBUG - http://localhost:50319 "POST /session/fc92bd74e5664c4a23b9d541ce5961b1/execute/sync HTTP/1.1" 200 0
2026-02-19 14:18:23,763 - selenium.webdriver.remote.remote_connection - DEBUG - Remote response: status=200 | data={"value":""} | headers=HTTPHeaderDict({'Content-Length': '12', 'Content-Type': 'application/json; charset=utf-8', 'cache-control': 'no-cache'})
2026-02-19 14:18:23,763 - selenium.webdriver.remote.remote_connection - DEBUG - Finished Request
2026-02-19 14:18:23,764 - selenium.webdriver.remote.remote_connection - DEBUG - POST http://localhost:50319/session/fc92bd74e5664c4a23b9d541ce5961b1/execute/sync {'script': '/* getAttribute */return (function(){return (function(){var d=this||self;function f(a,b){function c(...', 'args': [{'element-6066-11e4-a52e-4f735466cecf': 'f.0FED031C6DDAC1B90C479730D676DE85.d.8505D488ABC355A60C24A1251A5D68C8.e.111'}, 'src']}
2026-02-19 14:18:23,771 - urllib3.connectionpool - DEBUG - http://localhost:50319 "POST /session/fc92bd74e5664c4a23b9d541ce5961b1/execute/sync HTTP/1.1" 200 0
2026-02-19 14:18:23,771 - selenium.webdriver.remote.remote_connection - DEBUG - Remote response: status=200 | data={"value":""} | headers=HTTPHeaderDict({'Content-Length': '12', 'Content-Type': 'application/json; charset=utf-8', 'cache-control': 'no-cache'})
2026-02-19 14:18:23,771 - selenium.webdriver.remote.remote_connection - DEBUG - Finished Request
2026-02-19 14:18:23,771 - selenium.webdriver.remote.remote_connection - DEBUG - POST http://localhost:50319/session/fc92bd74e5664c4a23b9d541ce5961b1/execute/sync {'script': '/* getAttribute */return (function(){return (function(){var d=this||self;function f(a,b){function c(...', 'args': [{'element-6066-11e4-a52e-4f735466cecf': 'f.0FED031C6DDAC1B90C479730D676DE85.d.8505D488ABC355A60C24A1251A5D68C8.e.112'}, 'src']}
2026-02-19 14:18:23,783 - urllib3.connectionpool - DEBUG - http://localhost:50319 "POST /session/fc92bd74e5664c4a23b9d541ce5961b1/execute/sync HTTP/1.1" 200 0
2026-02-19 14:18:23,783 - selenium.webdriver.remote.remote_connection - DEBUG - Remote response: status=200 | data={"value":""} | headers=HTTPHeaderDict({'Content-Length': '12', 'Content-Type': 'application/json; charset=utf-8', 'cache-control': 'no-cache'})
2026-02-19 14:18:23,783 - selenium.webdriver.remote.remote_connection - DEBUG - Finished Request
2026-02-19 14:18:23,783 - selenium.webdriver.remote.remote_connection - DEBUG - POST http://localhost:50319/session/fc92bd74e5664c4a23b9d541ce5961b1/execute/sync {'script': '/* getAttribute */return (function(){return (function(){var d=this||self;function f(a,b){function c(...', 'args': [{'element-6066-11e4-a52e-4f735466cecf': 'f.0FED031C6DDAC1B90C479730D676DE85.d.8505D488ABC355A60C24A1251A5D68C8.e.113'}, 'src']}
2026-02-19 14:18:23,795 - urllib3.connectionpool - DEBUG - http://localhost:50319 "POST /session/fc92bd74e5664c4a23b9d541ce5961b1/execute/sync HTTP/1.1" 200 0
2026-02-19 14:18:23,796 - selenium.webdriver.remote.remote_connection - DEBUG - Remote response: status=200 | data={"value":""} | headers=HTTPHeaderDict({'Content-Length': '12', 'Content-Type': 'application/json; charset=utf-8', 'cache-control': 'no-cache'})
2026-02-19 14:18:23,796 - selenium.webdriver.remote.remote_connection - DEBUG - Finished Request
2026-02-19 14:18:23,796 - selenium.webdriver.remote.remote_connection - DEBUG - POST http://localhost:50319/session/fc92bd74e5664c4a23b9d541ce5961b1/execute/sync {'script': '/* getAttribute */return (function(){return (function(){var d=this||self;function f(a,b){function c(...', 'args': [{'element-6066-11e4-a52e-4f735466cecf': 'f.0FED031C6DDAC1B90C479730D676DE85.d.8505D488ABC355A60C24A1251A5D68C8.e.114'}, 'src']}
2026-02-19 14:18:23,803 - urllib3.connectionpool - DEBUG - http://localhost:50319 "POST /session/fc92bd74e5664c4a23b9d541ce5961b1/execute/sync HTTP/1.1" 200 0
2026-02-19 14:18:23,803 - selenium.webdriver.remote.remote_connection - DEBUG - Remote response: status=200 | data={"value":""} | headers=HTTPHeaderDict({'Content-Length': '12', 'Content-Type': 'application/json; charset=utf-8', 'cache-control': 'no-cache'})
2026-02-19 14:18:23,803 - selenium.webdriver.remote.remote_connection - DEBUG - Finished Request
2026-02-19 14:18:23,804 - selenium.webdriver.remote.remote_connection - DEBUG - POST http://localhost:50319/session/fc92bd74e5664c4a23b9d541ce5961b1/execute/sync {'script': '/* getAttribute */return (function(){return (function(){var d=this||self;function f(a,b){function c(...', 'args': [{'element-6066-11e4-a52e-4f735466cecf': 'f.0FED031C6DDAC1B90C479730D676DE85.d.8505D488ABC355A60C24A1251A5D68C8.e.115'}, 'src']}
2026-02-19 14:18:23,816 - urllib3.connectionpool - DEBUG - http://localhost:50319 "POST /session/fc92bd74e5664c4a23b9d541ce5961b1/execute/sync HTTP/1.1" 200 0
2026-02-19 14:18:23,816 - selenium.webdriver.remote.remote_connection - DEBUG - Remote response: status=200 | data={"value":""} | headers=HTTPHeaderDict({'Content-Length': '12', 'Content-Type': 'application/json; charset=utf-8', 'cache-control': 'no-cache'})
2026-02-19 14:18:23,816 - selenium.webdriver.remote.remote_connection - DEBUG - Finished Request
2026-02-19 14:18:23,817 - selenium.webdriver.remote.remote_connection - DEBUG - POST http://localhost:50319/session/fc92bd74e5664c4a23b9d541ce5961b1/execute/sync {'script': '/* getAttribute */return (function(){return (function(){var d=this||self;function f(a,b){function c(...', 'args': [{'element-6066-11e4-a52e-4f735466cecf': 'f.0FED031C6DDAC1B90C479730D676DE85.d.8505D488ABC355A60C24A1251A5D68C8.e.116'}, 'src']}
2026-02-19 14:18:23,829 - urllib3.connectionpool - DEBUG - http://localhost:50319 "POST /session/fc92bd74e5664c4a23b9d541ce5961b1/execute/sync HTTP/1.1" 200 0
2026-02-19 14:18:23,829 - selenium.webdriver.remote.remote_connection - DEBUG - Remote response: status=200 | data={"value":""} | headers=HTTPHeaderDict({'Content-Length': '12', 'Content-Type': 'application/json; charset=utf-8', 'cache-control': 'no-cache'})
2026-02-19 14:18:23,830 - selenium.webdriver.remote.remote_connection - DEBUG - Finished Request
2026-02-19 14:18:23,830 - selenium.webdriver.remote.remote_connection - DEBUG - POST http://localhost:50319/session/fc92bd74e5664c4a23b9d541ce5961b1/execute/sync {'script': '/* getAttribute */return (function(){return (function(){var d=this||self;function f(a,b){function c(...', 'args': [{'element-6066-11e4-a52e-4f735466cecf': 'f.0FED031C6DDAC1B90C479730D676DE85.d.8505D488ABC355A60C24A1251A5D68C8.e.117'}, 'src']}
2026-02-19 14:18:23,837 - urllib3.connectionpool - DEBUG - http://localhost:50319 "POST /session/fc92bd74e5664c4a23b9d541ce5961b1/execute/sync HTTP/1.1" 200 0
2026-02-19 14:18:23,837 - selenium.webdriver.remote.remote_connection - DEBUG - Remote response: status=200 | data={"value":""} | headers=HTTPHeaderDict({'Content-Length': '12', 'Content-Type': 'application/json; charset=utf-8', 'cache-control': 'no-cache'})
2026-02-19 14:18:23,837 - selenium.webdriver.remote.remote_connection - DEBUG - Finished Request
2026-02-19 14:18:23,837 - selenium.webdriver.remote.remote_connection - DEBUG - POST http://localhost:50319/session/fc92bd74e5664c4a23b9d541ce5961b1/execute/sync {'script': '/* getAttribute */return (function(){return (function(){var d=this||self;function f(a,b){function c(...', 'args': [{'element-6066-11e4-a52e-4f735466cecf': 'f.0FED031C6DDAC1B90C479730D676DE85.d.8505D488ABC355A60C24A1251A5D68C8.e.118'}, 'src']}
2026-02-19 14:18:23,849 - urllib3.connectionpool - DEBUG - http://localhost:50319 "POST /session/fc92bd74e5664c4a23b9d541ce5961b1/execute/sync HTTP/1.1" 200 0
2026-02-19 14:18:23,849 - selenium.webdriver.remote.remote_connection - DEBUG - Remote response: status=200 | data={"value":""} | headers=HTTPHeaderDict({'Content-Length': '12', 'Content-Type': 'application/json; charset=utf-8', 'cache-control': 'no-cache'})
2026-02-19 14:18:23,849 - selenium.webdriver.remote.remote_connection - DEBUG - Finished Request
2026-02-19 14:18:23,849 - selenium.webdriver.remote.remote_connection - DEBUG - POST http://localhost:50319/session/fc92bd74e5664c4a23b9d541ce5961b1/execute/sync {'script': '/* getAttribute */return (function(){return (function(){var d=this||self;function f(a,b){function c(...', 'args': [{'element-6066-11e4-a52e-4f735466cecf': 'f.0FED031C6DDAC1B90C479730D676DE85.d.8505D488ABC355A60C24A1251A5D68C8.e.119'}, 'src']}
2026-02-19 14:18:23,856 - urllib3.connectionpool - DEBUG - http://localhost:50319 "POST /session/fc92bd74e5664c4a23b9d541ce5961b1/execute/sync HTTP/1.1" 200 0
2026-02-19 14:18:23,856 - selenium.webdriver.remote.remote_connection - DEBUG - Remote response: status=200 | data={"value":""} | headers=HTTPHeaderDict({'Content-Length': '12', 'Content-Type': 'application/json; charset=utf-8', 'cache-control': 'no-cache'})
2026-02-19 14:18:23,856 - selenium.webdriver.remote.remote_connection - DEBUG - Finished Request
2026-02-19 14:18:23,857 - selenium.webdriver.remote.remote_connection - DEBUG - POST http://localhost:50319/session/fc92bd74e5664c4a23b9d541ce5961b1/execute/sync {'script': '/* getAttribute */return (function(){return (function(){var d=this||self;function f(a,b){function c(...', 'args': [{'element-6066-11e4-a52e-4f735466cecf': 'f.0FED031C6DDAC1B90C479730D676DE85.d.8505D488ABC355A60C24A1251A5D68C8.e.120'}, 'src']}
2026-02-19 14:18:23,868 - urllib3.connectionpool - DEBUG - http://localhost:50319 "POST /session/fc92bd74e5664c4a23b9d541ce5961b1/execute/sync HTTP/1.1" 200 0
2026-02-19 14:18:23,868 - selenium.webdriver.remote.remote_connection - DEBUG - Remote response: status=200 | data={"value":""} | headers=HTTPHeaderDict({'Content-Length': '12', 'Content-Type': 'application/json; charset=utf-8', 'cache-control': 'no-cache'})
2026-02-19 14:18:23,869 - selenium.webdriver.remote.remote_connection - DEBUG - Finished Request
2026-02-19 14:18:23,869 - selenium.webdriver.remote.remote_connection - DEBUG - POST http://localhost:50319/session/fc92bd74e5664c4a23b9d541ce5961b1/execute/sync {'script': '/* getAttribute */return (function(){return (function(){var d=this||self;function f(a,b){function c(...', 'args': [{'element-6066-11e4-a52e-4f735466cecf': 'f.0FED031C6DDAC1B90C479730D676DE85.d.8505D488ABC355A60C24A1251A5D68C8.e.121'}, 'src']}
2026-02-19 14:18:23,880 - urllib3.connectionpool - DEBUG - http://localhost:50319 "POST /session/fc92bd74e5664c4a23b9d541ce5961b1/execute/sync HTTP/1.1" 200 0
2026-02-19 14:18:23,880 - selenium.webdriver.remote.remote_connection - DEBUG - Remote response: status=200 | data={"value":""} | headers=HTTPHeaderDict({'Content-Length': '12', 'Content-Type': 'application/json; charset=utf-8', 'cache-control': 'no-cache'})
2026-02-19 14:18:23,880 - selenium.webdriver.remote.remote_connection - DEBUG - Finished Request
2026-02-19 14:18:23,880 - selenium.webdriver.remote.remote_connection - DEBUG - POST http://localhost:50319/session/fc92bd74e5664c4a23b9d541ce5961b1/execute/sync {'script': '/* getAttribute */return (function(){return (function(){var d=this||self;function f(a,b){function c(...', 'args': [{'element-6066-11e4-a52e-4f735466cecf': 'f.0FED031C6DDAC1B90C479730D676DE85.d.8505D488ABC355A60C24A1251A5D68C8.e.122'}, 'src']}
2026-02-19 14:18:23,887 - urllib3.connectionpool - DEBUG - http://localhost:50319 "POST /session/fc92bd74e5664c4a23b9d541ce5961b1/execute/sync HTTP/1.1" 200 0
2026-02-19 14:18:23,887 - selenium.webdriver.remote.remote_connection - DEBUG - Remote response: status=200 | data={"value":""} | headers=HTTPHeaderDict({'Content-Length': '12', 'Content-Type': 'application/json; charset=utf-8', 'cache-control': 'no-cache'})
2026-02-19 14:18:23,888 - selenium.webdriver.remote.remote_connection - DEBUG - Finished Request
2026-02-19 14:18:23,888 - selenium.webdriver.remote.remote_connection - DEBUG - POST http://localhost:50319/session/fc92bd74e5664c4a23b9d541ce5961b1/execute/sync {'script': '/* getAttribute */return (function(){return (function(){var d=this||self;function f(a,b){function c(...', 'args': [{'element-6066-11e4-a52e-4f735466cecf': 'f.0FED031C6DDAC1B90C479730D676DE85.d.8505D488ABC355A60C24A1251A5D68C8.e.123'}, 'src']}
2026-02-19 14:18:23,900 - urllib3.connectionpool - DEBUG - http://localhost:50319 "POST /session/fc92bd74e5664c4a23b9d541ce5961b1/execute/sync HTTP/1.1" 200 0
2026-02-19 14:18:23,900 - selenium.webdriver.remote.remote_connection - DEBUG - Remote response: status=200 | data={"value":""} | headers=HTTPHeaderDict({'Content-Length': '12', 'Content-Type': 'application/json; charset=utf-8', 'cache-control': 'no-cache'})
2026-02-19 14:18:23,900 - selenium.webdriver.remote.remote_connection - DEBUG - Finished Request
2026-02-19 14:18:23,901 - selenium.webdriver.remote.remote_connection - DEBUG - POST http://localhost:50319/session/fc92bd74e5664c4a23b9d541ce5961b1/execute/sync {'script': '/* getAttribute */return (function(){return (function(){var d=this||self;function f(a,b){function c(...', 'args': [{'element-6066-11e4-a52e-4f735466cecf': 'f.0FED031C6DDAC1B90C479730D676DE85.d.8505D488ABC355A60C24A1251A5D68C8.e.124'}, 'src']}
2026-02-19 14:18:23,913 - urllib3.connectionpool - DEBUG - http://localhost:50319 "POST /session/fc92bd74e5664c4a23b9d541ce5961b1/execute/sync HTTP/1.1" 200 0
2026-02-19 14:18:23,913 - selenium.webdriver.remote.remote_connection - DEBUG - Remote response: status=200 | data={"value":""} | headers=HTTPHeaderDict({'Content-Length': '12', 'Content-Type': 'application/json; charset=utf-8', 'cache-control': 'no-cache'})
2026-02-19 14:18:23,913 - selenium.webdriver.remote.remote_connection - DEBUG - Finished Request
2026-02-19 14:18:23,914 - selenium.webdriver.remote.remote_connection - DEBUG - POST http://localhost:50319/session/fc92bd74e5664c4a23b9d541ce5961b1/execute/sync {'script': '/* getAttribute */return (function(){return (function(){var d=this||self;function f(a,b){function c(...', 'args': [{'element-6066-11e4-a52e-4f735466cecf': 'f.0FED031C6DDAC1B90C479730D676DE85.d.8505D488ABC355A60C24A1251A5D68C8.e.125'}, 'src']}
2026-02-19 14:18:23,931 - urllib3.connectionpool - DEBUG - http://localhost:50319 "POST /session/fc92bd74e5664c4a23b9d541ce5961b1/execute/sync HTTP/1.1" 200 0
2026-02-19 14:18:23,931 - selenium.webdriver.remote.remote_connection - DEBUG - Remote response: status=200 | data={"value":""} | headers=HTTPHeaderDict({'Content-Length': '12', 'Content-Type': 'application/json; charset=utf-8', 'cache-control': 'no-cache'})
2026-02-19 14:18:23,932 - selenium.webdriver.remote.remote_connection - DEBUG - Finished Request
2026-02-19 14:18:23,932 - selenium.webdriver.remote.remote_connection - DEBUG - POST http://localhost:50319/session/fc92bd74e5664c4a23b9d541ce5961b1/execute/sync {'script': '/* getAttribute */return (function(){return (function(){var d=this||self;function f(a,b){function c(...', 'args': [{'element-6066-11e4-a52e-4f735466cecf': 'f.0FED031C6DDAC1B90C479730D676DE85.d.8505D488ABC355A60C24A1251A5D68C8.e.126'}, 'src']}
2026-02-19 14:18:23,952 - urllib3.connectionpool - DEBUG - http://localhost:50319 "POST /session/fc92bd74e5664c4a23b9d541ce5961b1/execute/sync HTTP/1.1" 200 0
2026-02-19 14:18:23,953 - selenium.webdriver.remote.remote_connection - DEBUG - Remote response: status=200 | data={"value":""} | headers=HTTPHeaderDict({'Content-Length': '12', 'Content-Type': 'application/json; charset=utf-8', 'cache-control': 'no-cache'})
2026-02-19 14:18:23,953 - selenium.webdriver.remote.remote_connection - DEBUG - Finished Request
2026-02-19 14:18:23,954 - selenium.webdriver.remote.remote_connection - DEBUG - POST http://localhost:50319/session/fc92bd74e5664c4a23b9d541ce5961b1/execute/sync {'script': '/* getAttribute */return (function(){return (function(){var d=this||self;function f(a,b){function c(...', 'args': [{'element-6066-11e4-a52e-4f735466cecf': 'f.0FED031C6DDAC1B90C479730D676DE85.d.8505D488ABC355A60C24A1251A5D68C8.e.127'}, 'src']}
2026-02-19 14:18:24,265 - urllib3.connectionpool - DEBUG - http://localhost:50319 "POST /session/fc92bd74e5664c4a23b9d541ce5961b1/execute/sync HTTP/1.1" 200 0
2026-02-19 14:18:24,265 - selenium.webdriver.remote.remote_connection - DEBUG - Remote response: status=200 | data={"value":""} | headers=HTTPHeaderDict({'Content-Length': '12', 'Content-Type': 'application/json; charset=utf-8', 'cache-control': 'no-cache'})
2026-02-19 14:18:24,266 - selenium.webdriver.remote.remote_connection - DEBUG - Finished Request
2026-02-19 14:18:24,266 - selenium.webdriver.remote.remote_connection - DEBUG - POST http://localhost:50319/session/fc92bd74e5664c4a23b9d541ce5961b1/execute/sync {'script': '/* getAttribute */return (function(){return (function(){var d=this||self;function f(a,b){function c(...', 'args': [{'element-6066-11e4-a52e-4f735466cecf': 'f.0FED031C6DDAC1B90C479730D676DE85.d.8505D488ABC355A60C24A1251A5D68C8.e.128'}, 'src']}
2026-02-19 14:18:24,338 - urllib3.connectionpool - DEBUG - http://localhost:50319 "POST /session/fc92bd74e5664c4a23b9d541ce5961b1/execute/sync HTTP/1.1" 200 0
2026-02-19 14:18:24,338 - selenium.webdriver.remote.remote_connection - DEBUG - Remote response: status=200 | data={"value":""} | headers=HTTPHeaderDict({'Content-Length': '12', 'Content-Type': 'application/json; charset=utf-8', 'cache-control': 'no-cache'})
2026-02-19 14:18:24,338 - selenium.webdriver.remote.remote_connection - DEBUG - Finished Request
2026-02-19 14:18:24,339 - selenium.webdriver.remote.remote_connection - DEBUG - POST http://localhost:50319/session/fc92bd74e5664c4a23b9d541ce5961b1/execute/sync {'script': '/* getAttribute */return (function(){return (function(){var d=this||self;function f(a,b){function c(...', 'args': [{'element-6066-11e4-a52e-4f735466cecf': 'f.0FED031C6DDAC1B90C479730D676DE85.d.8505D488ABC355A60C24A1251A5D68C8.e.129'}, 'src']}
2026-02-19 14:18:24,363 - urllib3.connectionpool - DEBUG - http://localhost:50319 "POST /session/fc92bd74e5664c4a23b9d541ce5961b1/execute/sync HTTP/1.1" 200 0
2026-02-19 14:18:24,363 - selenium.webdriver.remote.remote_connection - DEBUG - Remote response: status=200 | data={"value":""} | headers=HTTPHeaderDict({'Content-Length': '12', 'Content-Type': 'application/json; charset=utf-8', 'cache-control': 'no-cache'})
2026-02-19 14:18:24,363 - selenium.webdriver.remote.remote_connection - DEBUG - Finished Request
2026-02-19 14:18:24,364 - selenium.webdriver.remote.remote_connection - DEBUG - POST http://localhost:50319/session/fc92bd74e5664c4a23b9d541ce5961b1/execute/sync {'script': '/* getAttribute */return (function(){return (function(){var d=this||self;function f(a,b){function c(...', 'args': [{'element-6066-11e4-a52e-4f735466cecf': 'f.0FED031C6DDAC1B90C479730D676DE85.d.8505D488ABC355A60C24A1251A5D68C8.e.130'}, 'src']}
2026-02-19 14:18:24,370 - urllib3.connectionpool - DEBUG - http://localhost:50319 "POST /session/fc92bd74e5664c4a23b9d541ce5961b1/execute/sync HTTP/1.1" 200 0
2026-02-19 14:18:24,370 - selenium.webdriver.remote.remote_connection - DEBUG - Remote response: status=200 | data={"value":""} | headers=HTTPHeaderDict({'Content-Length': '12', 'Content-Type': 'application/json; charset=utf-8', 'cache-control': 'no-cache'})
2026-02-19 14:18:24,371 - selenium.webdriver.remote.remote_connection - DEBUG - Finished Request
2026-02-19 14:18:24,371 - selenium.webdriver.remote.remote_connection - DEBUG - POST http://localhost:50319/session/fc92bd74e5664c4a23b9d541ce5961b1/execute/sync {'script': '/* getAttribute */return (function(){return (function(){var d=this||self;function f(a,b){function c(...', 'args': [{'element-6066-11e4-a52e-4f735466cecf': 'f.0FED031C6DDAC1B90C479730D676DE85.d.8505D488ABC355A60C24A1251A5D68C8.e.87'}, 'src']}
2026-02-19 14:18:24,384 - urllib3.connectionpool - DEBUG - http://localhost:50319 "POST /session/fc92bd74e5664c4a23b9d541ce5961b1/execute/sync HTTP/1.1" 200 0
2026-02-19 14:18:24,384 - selenium.webdriver.remote.remote_connection - DEBUG - Remote response: status=200 | data={"value":"https://explore.dot.gov/views/FreightIndicators/ContainershipsAnchored?:embed=y&:showVizHome=no&:host_url=https%3A%2F%2Fexplore.dot.gov%2F&:embed_code_version=3&:tabs=no&:toolbar=yes&:showAppBanner=false&:display_spinner=no&:loadOrderID=5"} | headers=HTTPHeaderDict({'Content-Length': '250', 'Content-Type': 'application/json; charset=utf-8', 'cache-control': 'no-cache'})
2026-02-19 14:18:24,384 - selenium.webdriver.remote.remote_connection - DEBUG - Finished Request
2026-02-19 14:18:24,384 - scraper - INFO - Target iframe found: https://explore.dot.gov/views/FreightIndicators/ContainershipsAnchored?:embed=y&:showVizHome=no&:host_url=https%3A%2F%2F
2026-02-19 14:18:24,385 - selenium.webdriver.remote.remote_connection - DEBUG - POST http://localhost:50319/session/fc92bd74e5664c4a23b9d541ce5961b1/execute/sync {'script': "arguments[0].scrollIntoView({block: 'center'});", 'args': [{'element-6066-11e4-a52e-4f735466cecf': 'f.0FED031C6DDAC1B90C479730D676DE85.d.8505D488ABC355A60C24A1251A5D68C8.e.87'}]}
2026-02-19 14:18:24,400 - urllib3.connectionpool - DEBUG - http://localhost:50319 "POST /session/fc92bd74e5664c4a23b9d541ce5961b1/execute/sync HTTP/1.1" 200 0
2026-02-19 14:18:24,400 - selenium.webdriver.remote.remote_connection - DEBUG - Remote response: status=200 | data={"value":null} | headers=HTTPHeaderDict({'Content-Length': '14', 'Content-Type': 'application/json; charset=utf-8', 'cache-control': 'no-cache'})
2026-02-19 14:18:24,401 - selenium.webdriver.remote.remote_connection - DEBUG - Finished Request
2026-02-19 14:18:25,401 - selenium.webdriver.remote.remote_connection - DEBUG - POST http://localhost:50319/session/fc92bd74e5664c4a23b9d541ce5961b1/frame {'id': {'element-6066-11e4-a52e-4f735466cecf': 'f.0FED031C6DDAC1B90C479730D676DE85.d.8505D488ABC355A60C24A1251A5D68C8.e.87'}}
2026-02-19 14:18:25,550 - urllib3.connectionpool - DEBUG - http://localhost:50319 "POST /session/fc92bd74e5664c4a23b9d541ce5961b1/frame HTTP/1.1" 200 0
2026-02-19 14:18:25,550 - selenium.webdriver.remote.remote_connection - DEBUG - Remote response: status=200 | data={"value":null} | headers=HTTPHeaderDict({'Content-Length': '14', 'Content-Type': 'application/json; charset=utf-8', 'cache-control': 'no-cache'})
2026-02-19 14:18:25,550 - selenium.webdriver.remote.remote_connection - DEBUG - Finished Request
2026-02-19 14:18:25,551 - scraper - INFO - Switched to Tableau iframe
2026-02-19 14:18:25,551 - selenium.webdriver.remote.remote_connection - DEBUG - POST http://localhost:50319/session/fc92bd74e5664c4a23b9d541ce5961b1/element {'using': 'css selector', 'value': '[data-tb-test-id="viz-viewer-toolbar-button-download"]'}
2026-02-19 14:18:25,785 - urllib3.connectionpool - DEBUG - http://localhost:50319 "POST /session/fc92bd74e5664c4a23b9d541ce5961b1/element HTTP/1.1" 200 0
2026-02-19 14:18:25,785 - selenium.webdriver.remote.remote_connection - DEBUG - Remote response: status=200 | data={"value":{"element-6066-11e4-a52e-4f735466cecf":"f.9CA6D41A308952A1D94E4C13537C88F5.d.3F7607991FBB5D03D09DEED7CDD242B0.e.93"}} | headers=HTTPHeaderDict({'Content-Length': '126', 'Content-Type': 'application/json; charset=utf-8', 'cache-control': 'no-cache'})
2026-02-19 14:18:25,785 - selenium.webdriver.remote.remote_connection - DEBUG - Finished Request
2026-02-19 14:18:25,786 - scraper - INFO - Tableau download button detected - chart is loaded
2026-02-19 14:18:28,787 - scraper - INFO - Clicking Download button...
2026-02-19 14:18:28,787 - selenium.webdriver.remote.remote_connection - DEBUG - POST http://localhost:50319/session/fc92bd74e5664c4a23b9d541ce5961b1/element {'using': 'css selector', 'value': '[data-tb-test-id="viz-viewer-toolbar-button-download"]'}
2026-02-19 14:20:28,803 - scraper - ERROR - Error during download flow: HTTPConnectionPool(host='localhost', port=50319): Read timed out. (read timeout=120)
2026-02-19 14:20:28,803 - scraper - ERROR - Failed to complete download flow
2026-02-19 14:20:28,805 - uc - DEBUG - webdriver process ended
2026-02-19 14:20:28,806 - uc - DEBUG - gracefully closed browser
2026-02-19 14:20:28,813 - uc - DEBUG - When removing the temp profile, a PermissionError occured: [WinError 32] The process cannot access the file because it is being used by another process: 'C:\\Users\\MARKCA~1\\AppData\\Local\\Temp\\tmpnpp_35p9\\CrashpadMetrics-active.pma'
retrying...
2026-02-19 14:20:28,915 - uc - DEBUG - When removing the temp profile, a PermissionError occured: [WinError 32] The process cannot access the file because it is being used by another process: 'C:\\Users\\MARKCA~1\\AppData\\Local\\Temp\\tmpnpp_35p9\\CrashpadMetrics-active.pma'
retrying...
2026-02-19 14:20:29,338 - uc - DEBUG - successfully removed C:\Users\MARKCA~1\AppData\Local\Temp\tmpnpp_35p9
2026-02-19 14:20:29,338 - scraper - INFO - Browser closed
2026-02-19 14:20:29,338 - __main__ - WARNING - No CSV data downloaded from BTS
2026-02-19 14:20:29,339 - parser - INFO - Loaded master: 52 data rows
2026-02-19 14:20:29,339 - parser - INFO -   Date range: 2025-01 to 2026-08
2026-02-19 14:20:29,339 - __main__ - INFO - Generating output from existing master data...
2026-02-19 14:20:29,339 - file_generator - INFO - ======================================================================
2026-02-19 14:20:29,340 - file_generator - INFO - Generating output files...
2026-02-19 14:20:29,340 - file_generator - INFO - Output directory: D:\Projects\SIMBA-RUNBOOKS\FREIGHTINFO_MARAD_Runbook\output\20260219_141742
2026-02-19 14:20:29,340 - file_generator - INFO - ======================================================================
2026-02-19 14:20:29,353 - file_generator - INFO - DATA XLS created: D:\Projects\SIMBA-RUNBOOKS\FREIGHTINFO_MARAD_Runbook\output\20260219_141742\FREIGHTINFO_MARAD_DATA_20260219.xls
2026-02-19 14:20:29,358 - file_generator - INFO - META XLS created: D:\Projects\SIMBA-RUNBOOKS\FREIGHTINFO_MARAD_Runbook\output\20260219_141742\FREIGHTINFO_MARAD_META_20260219.xls
2026-02-19 14:20:29,396 - file_generator - INFO - ZIP created: D:\Projects\SIMBA-RUNBOOKS\FREIGHTINFO_MARAD_Runbook\output\20260219_141742\FREIGHTINFO_MARAD_20260219.zip
2026-02-19 14:20:29,401 - file_generator - INFO -   Copied to latest: FREIGHTINFO_MARAD_DATA_20260219.xls
2026-02-19 14:20:29,403 - file_generator - INFO -   Copied to latest: FREIGHTINFO_MARAD_META_20260219.xls
2026-02-19 14:20:29,430 - file_generator - INFO -   Copied to latest: FREIGHTINFO_MARAD_20260219.zip
2026-02-19 14:20:29,430 - file_generator - INFO - File generation complete
2026-02-19 14:20:29,430 - __main__ - INFO - ======================================================================
2026-02-19 14:20:29,430 - __main__ - INFO - EXECUTION SUMMARY
2026-02-19 14:20:29,430 - __main__ - INFO - ======================================================================
2026-02-19 14:20:29,430 - __main__ - INFO -   Master data rows: 52
2026-02-19 14:20:29,431 - __main__ - INFO -   Date range: 2025-01 to 2026-08
2026-02-19 14:20:29,431 - __main__ - INFO -   Output files:
2026-02-19 14:20:29,431 - __main__ - INFO -     data: D:\Projects\SIMBA-RUNBOOKS\FREIGHTINFO_MARAD_Runbook\output\20260219_141742\FREIGHTINFO_MARAD_DATA_20260219.xls
2026-02-19 14:20:29,431 - __main__ - INFO -     meta: D:\Projects\SIMBA-RUNBOOKS\FREIGHTINFO_MARAD_Runbook\output\20260219_141742\FREIGHTINFO_MARAD_META_20260219.xls
2026-02-19 14:20:29,431 - __main__ - INFO -     zip: D:\Projects\SIMBA-RUNBOOKS\FREIGHTINFO_MARAD_Runbook\output\20260219_141742\FREIGHTINFO_MARAD_20260219.zip
2026-02-19 14:20:29,431 - __main__ - INFO - ======================================================================
2026-02-19 14:20:29,432 - uc - INFO - ensuring close
2026-02-19 14:20:29,466 - uc - DEBUG - webdriver process ended
