2026-07-01 09:34:33,110 - root - INFO - ======================================================================
2026-07-01 09:34:33,111 - root - INFO - Logging initialized: D:\Projects\SIMBA-RUNBOOKS\FREIGHTINFO_MARAD_Runbook\logs\20260701_093432\freightinfo_marad_20260701_093432.log
2026-07-01 09:34:33,111 - root - INFO - ======================================================================
2026-07-01 09:34:33,112 - __main__ - INFO - ======================================================================
2026-07-01 09:34:33,112 - __main__ - INFO - STEP 1: Checking Master Data
2026-07-01 09:34:33,112 - __main__ - INFO - ======================================================================
2026-07-01 09:34:33,113 - parser - INFO - Loaded master: 69 data rows
2026-07-01 09:34:33,114 - parser - INFO -   Date range: 2025-01 to 2026-26
2026-07-01 09:34:33,114 - __main__ - INFO - Last week in master: 2026-26
2026-07-01 09:34:33,114 - __main__ - INFO - ======================================================================
2026-07-01 09:34:33,115 - __main__ - INFO - STEP 2: Fetching Week Mapping Data
2026-07-01 09:34:33,115 - __main__ - INFO - ======================================================================
2026-07-01 09:34:33,117 - scraper - INFO - Using cached week mapping data
2026-07-01 09:34:33,118 - parser - INFO - Loaded week mapping: 3 years, 157 weeks total
2026-07-01 09:34:33,118 - __main__ - INFO - ======================================================================
2026-07-01 09:34:33,118 - __main__ - INFO - STEP 3: Fetching Chart Data from BTS
2026-07-01 09:34:33,118 - __main__ - INFO - ======================================================================
2026-07-01 09:34:33,119 - parser - INFO - Loaded master: 69 data rows
2026-07-01 09:34:33,119 - parser - INFO -   Date range: 2025-01 to 2026-26
2026-07-01 09:34:33,124 - scraper - INFO - fetch_chart_data: x=640→740 (incremental)
2026-07-01 09:34:33,124 - asyncio - DEBUG - Using proactor: IocpProactor
2026-07-01 09:34:34,929 - scraper - INFO - Navigating → https://www.bts.gov/freight-indicators#anchored-offshore
2026-07-01 09:34:49,927 - scraper - INFO - Searching for Tableau iframe ...
2026-07-01 09:34:52,605 - scraper - INFO -   Found: https://explore.dot.gov/views/FreightIndicators/ContainershipsAnchored?:embed=y&
2026-07-01 09:34:52,840 - scraper - INFO - Waiting 15 s for Tableau to render ...
2026-07-01 09:35:07,899 - scraper - INFO -   Frame OK — 4 canvas(es)
2026-07-01 09:35:07,960 - scraper - INFO - Canvas: page_x=503 page_y=271 css_w=744 h=423 px_w=744 scan_to=x=739
2026-07-01 09:35:07,961 - scraper - INFO - Enabling legend highlight mode ...
2026-07-01 09:35:12,284 - scraper - INFO -   Highlight btn: aria-pressed=true (OK)
2026-07-01 09:35:12,286 - scraper - INFO -   Region pass: East
2026-07-01 09:35:14,222 - scraper - DEBUG -   Legend 'East' selected
2026-07-01 09:35:14,632 - scraper - DEBUG -     [East] x=709 6/30/2026 East=5
2026-07-01 09:35:14,827 - scraper - DEBUG -     [East] x=707 6/23/2026 East=5
2026-07-01 09:35:14,827 - scraper - DEBUG -     [East] early exit at x=707 (crossed into old dates after 1 new)
2026-07-01 09:35:14,827 - scraper - INFO -     East: 2 tooltips, 1 new dates
2026-07-01 09:35:14,827 - scraper - INFO -   Region pass: West
2026-07-01 09:35:16,821 - scraper - DEBUG -   Legend 'West' selected
2026-07-01 09:35:17,106 - scraper - DEBUG -     [West] x=709 6/30/2026 West=1
2026-07-01 09:35:17,291 - scraper - DEBUG -     [West] x=707 6/23/2026 West=1
2026-07-01 09:35:17,291 - scraper - DEBUG -     [West] early exit at x=707 (crossed into old dates after 1 new)
2026-07-01 09:35:17,291 - scraper - INFO -     West: 2 tooltips, 1 new dates
2026-07-01 09:35:17,291 - scraper - INFO -   Region pass: Gulf
2026-07-01 09:35:19,918 - scraper - DEBUG -   Legend 'Gulf' selected
2026-07-01 09:35:20,828 - scraper - DEBUG -     [Gulf] x=709 6/30/2026 Gulf=2
2026-07-01 09:35:21,063 - scraper - DEBUG -     [Gulf] x=707 6/23/2026 Gulf=2
2026-07-01 09:35:21,063 - scraper - DEBUG -     [Gulf] early exit at x=707 (crossed into old dates after 1 new)
2026-07-01 09:35:21,063 - scraper - INFO -     Gulf: 2 tooltips, 1 new dates
2026-07-01 09:35:21,308 - scraper - INFO - Incremental: 1 new date(s) beyond 2026-06-28
2026-07-01 09:35:21,308 - scraper - INFO - Captured 1 date(s) for downstream processing
2026-07-01 09:35:21,313 - scraper - INFO - Saved → D:\Projects\SIMBA-RUNBOOKS\FREIGHTINFO_MARAD_Runbook\downloads\20260701_093432\Scanned_Chart_Data.csv
2026-07-01 09:35:21,313 - __main__ - INFO - ======================================================================
2026-07-01 09:35:21,313 - __main__ - INFO - STEP 4: Parsing Data & Updating Master
2026-07-01 09:35:21,314 - __main__ - INFO - ======================================================================
2026-07-01 09:35:21,314 - parser - INFO - Parsing downloaded CSV: D:\Projects\SIMBA-RUNBOOKS\FREIGHTINFO_MARAD_Runbook\downloads\20260701_093432\Scanned_Chart_Data.csv
2026-07-01 09:35:21,316 - parser - INFO -   Successfully read CSV with encoding: utf-16
2026-07-01 09:35:21,316 - parser - INFO -   CSV has 5 lines
2026-07-01 09:35:21,316 - parser - INFO -   Parsed 1 unique dates (0 rows skipped)
2026-07-01 09:35:21,317 - parser - DEBUG -     6/30/2026: {'East': 5, 'West': 1, 'Gulf': 2}
2026-07-01 09:35:21,317 - parser - INFO - Mapped 1 weeks (0 dates unmapped)
2026-07-01 09:35:21,317 - parser - INFO - Loaded master: 69 data rows
2026-07-01 09:35:21,318 - parser - INFO -   Date range: 2025-01 to 2026-26
2026-07-01 09:35:21,318 - parser - INFO - Master's last week: 2026-26
2026-07-01 09:35:21,318 - parser - INFO - Adding 1 new week(s) to master:
2026-07-01 09:35:21,318 - parser - INFO -   2026-27: East=5, West=1, Gulf=2
2026-07-01 09:35:21,320 - parser - INFO - Master saved: 70 rows -> D:\Projects\SIMBA-RUNBOOKS\FREIGHTINFO_MARAD_Runbook\Master_Data\Master_FREIGHTINFO_MARAD_DATA.csv
2026-07-01 09:35:21,321 - __main__ - INFO - ======================================================================
2026-07-01 09:35:21,321 - __main__ - INFO - STEP 5: Generating Output Files
2026-07-01 09:35:21,321 - __main__ - INFO - ======================================================================
2026-07-01 09:35:21,322 - file_generator - INFO - ======================================================================
2026-07-01 09:35:21,322 - file_generator - INFO - Generating output files...
2026-07-01 09:35:21,322 - file_generator - INFO - Output directory: D:\Projects\SIMBA-RUNBOOKS\FREIGHTINFO_MARAD_Runbook\output\20260701_093432
2026-07-01 09:35:21,322 - file_generator - INFO - ======================================================================
2026-07-01 09:35:21,369 - file_generator - INFO - DATA XLSX created: D:\Projects\SIMBA-RUNBOOKS\FREIGHTINFO_MARAD_Runbook\output\20260701_093432\FREIGHTINFO_MARAD_DATA_20260701.xlsx
2026-07-01 09:35:21,388 - file_generator - INFO - META XLSX created: D:\Projects\SIMBA-RUNBOOKS\FREIGHTINFO_MARAD_Runbook\output\20260701_093432\FREIGHTINFO_MARAD_META_20260701.xlsx
2026-07-01 09:35:21,425 - file_generator - INFO - ZIP created: D:\Projects\SIMBA-RUNBOOKS\FREIGHTINFO_MARAD_Runbook\output\20260701_093432\FREIGHTINFO_MARAD_20260701.zip
2026-07-01 09:35:21,431 - file_generator - INFO -   Copied to latest: FREIGHTINFO_MARAD_DATA_20260701.xlsx
2026-07-01 09:35:21,435 - file_generator - INFO -   Copied to latest: FREIGHTINFO_MARAD_META_20260701.xlsx
2026-07-01 09:35:21,451 - file_generator - INFO -   Copied to latest: FREIGHTINFO_MARAD_20260701.zip
2026-07-01 09:35:21,451 - file_generator - INFO - File generation complete
2026-07-01 09:35:21,451 - __main__ - INFO - ======================================================================
2026-07-01 09:35:21,451 - __main__ - INFO - EXECUTION SUMMARY
2026-07-01 09:35:21,452 - __main__ - INFO - ======================================================================
2026-07-01 09:35:21,452 - __main__ - INFO -   Master data rows: 70
2026-07-01 09:35:21,452 - __main__ - INFO -   Date range: 2025-01 to 2026-27
2026-07-01 09:35:21,452 - __main__ - INFO -   Output files:
2026-07-01 09:35:21,452 - __main__ - INFO -     data: D:\Projects\SIMBA-RUNBOOKS\FREIGHTINFO_MARAD_Runbook\output\20260701_093432\FREIGHTINFO_MARAD_DATA_20260701.xlsx
2026-07-01 09:35:21,452 - __main__ - INFO -     meta: D:\Projects\SIMBA-RUNBOOKS\FREIGHTINFO_MARAD_Runbook\output\20260701_093432\FREIGHTINFO_MARAD_META_20260701.xlsx
2026-07-01 09:35:21,452 - __main__ - INFO -     zip: D:\Projects\SIMBA-RUNBOOKS\FREIGHTINFO_MARAD_Runbook\output\20260701_093432\FREIGHTINFO_MARAD_20260701.zip
2026-07-01 09:35:21,452 - __main__ - INFO - ======================================================================
2026-07-01 09:35:21,454 - __main__ - DEBUG - Pruned old run dir: D:\Projects\SIMBA-RUNBOOKS\FREIGHTINFO_MARAD_Runbook\logs\20260701_092706
2026-07-01 09:35:21,457 - __main__ - DEBUG - Pruned old run dir: D:\Projects\SIMBA-RUNBOOKS\FREIGHTINFO_MARAD_Runbook\downloads\20260304_133650
2026-07-01 09:35:21,461 - __main__ - DEBUG - Pruned old run dir: D:\Projects\SIMBA-RUNBOOKS\FREIGHTINFO_MARAD_Runbook\output\20260304_133650
2026-07-01 09:35:21,461 - __main__ - INFO - Run history pruned — kept last 14 runs
