2026-06-30 12:54:12,385 [INFO] Log → D:\Projects\SIMBA-RUNBOOKS\FREIGHTINFO_MARAD_Runbook\logs\pixel_20260630_125412\pixel_20260630_125412.log
2026-06-30 12:54:12,385 [INFO] ============================================================
2026-06-30 12:54:12,385 [INFO] PIXEL SCAN  x=580→740  (pixel-exact line tracking)
2026-06-30 12:54:12,385 [INFO] ============================================================
2026-06-30 12:54:14,694 [INFO] Navigating → https://www.bts.gov/freight-indicators#anchored-offshore
2026-06-30 12:54:27,975 [INFO] Searching for Tableau iframe ...
2026-06-30 12:54:28,793 [INFO]   Frame: https://explore.dot.gov/views/FreightIndicators/ContainershipsAnchored?:embed=y&:showVizHome=no&:hos
2026-06-30 12:54:28,885 [INFO] Waiting 15 s for Tableau to render ...
2026-06-30 12:54:44,387 [INFO] Frame: {'title': 'Workbook: Freight Indicators', 'denied': False, 'canvases': [{'w': 30, 'h': 39, 'cls': ''}, {'w': 744, 'h': 423, 'cls': 'tabCanvas tab-widget'}, {'w': 744, 'h': 423, 'cls': 'tabCanvas tab-widget'}, {'w': 744, 'h': 423, 'cls': 'tabCanvas tab-widget'}]}
2026-06-30 12:54:46,375 [INFO] Canvas: page_x=496 page_y=216 w=744 h=423
2026-06-30 12:54:46,375 [INFO] Enabling highlight mode ...
2026-06-30 12:54:53,777 [INFO]   Highlight btn aria-pressed=true
2026-06-30 12:54:53,798 [INFO] 
──────────────────────────────────────────────────
REGION: East
──────────────────────────────────────────────────
2026-06-30 12:54:58,915 [INFO]   Legend item 'East' → aria-selected=true
2026-06-30 12:54:58,916 [INFO]   Scanning 161 columns (pixel-exact y tracking)...
2026-06-30 12:55:00,292 [INFO]   [East] x=708 y=373 rgb=(49,161,179) sat=73%  →  6/23/2026 East=5
2026-06-30 12:55:02,349 [INFO]   [East] x=705 y=381 rgb=(49,161,179) sat=73%  →  6/16/2026 East=3
2026-06-30 12:55:03,261 [INFO]   [East] x=703 y=384 rgb=(49,161,179) sat=73%  →  6/9/2026 East=2
2026-06-30 12:55:03,635 [INFO]   [East] x=702 y=376 rgb=(49,161,179) sat=73%  →  6/2/2026 East=6
2026-06-30 12:55:05,547 [INFO]   [East] x=699 y=356 rgb=(49,161,179) sat=73%  →  5/26/2026 East=9
2026-06-30 12:55:07,607 [INFO]   [East] x=693 y=376 rgb=(49,161,179) sat=73%  →  5/12/2026 East=2
2026-06-30 12:55:09,562 [INFO]   [East] x=691 y=386 rgb=(49,161,179) sat=73%  →  5/5/2026 East=3
2026-06-30 12:55:10,646 [INFO]   [East] x=689 y=382 rgb=(49,161,179) sat=73%  →  4/28/2026 East=4
2026-06-30 12:55:12,269 [INFO]   [East] x=684 y=380 rgb=(49,161,179) sat=73%  →  4/21/2026 East=3
2026-06-30 12:55:12,353 [INFO]   [East] x=683 y=376 rgb=(49,161,179) sat=73%  →  4/14/2026 East=5
2026-06-30 12:55:12,552 [INFO]   [East] x=681 y=371 rgb=(49,161,179) sat=73%  →  4/7/2026 East=6
2026-06-30 12:55:13,587 [INFO]   [East] x=678 y=352 rgb=(49,161,179) sat=73%  →  3/31/2026 East=10
2026-06-30 12:55:13,983 [INFO]   [East] x=674 y=357 rgb=(49,161,179) sat=73%  →  3/24/2026 East=6
2026-06-30 12:55:14,066 [INFO]   [East] x=673 y=350 rgb=(49,161,179) sat=73%  →  3/17/2026 East=11
2026-06-30 12:55:14,317 [INFO]   [East] x=670 y=320 rgb=(49,161,179) sat=73%  →  3/10/2026 East=16
2026-06-30 12:55:14,786 [INFO]   [East] x=665 y=348 rgb=(49,161,179) sat=73%  →  3/3/2026 East=9
2026-06-30 12:55:14,885 [INFO]   [East] x=664 y=352 rgb=(49,161,179) sat=73%  →  2/24/2026 East=9
2026-06-30 12:55:15,154 [INFO]   [East] x=661 y=361 rgb=(49,161,179) sat=73%  →  2/10/2026 East=9
2026-06-30 12:55:15,736 [INFO]   [East] x=654 y=367 rgb=(49,161,179) sat=73%  →  1/27/2026 East=4
2026-06-30 12:55:15,904 [INFO]   [East] x=652 y=365 rgb=(49,161,179) sat=73%  →  1/20/2026 East=8
2026-06-30 12:55:16,172 [INFO]   [East] x=649 y=354 rgb=(49,161,179) sat=73%  →  1/13/2026 East=9
2026-06-30 12:55:16,338 [INFO]   [East] x=647 y=347 rgb=(49,161,179) sat=73%  →  1/6/2026 East=11
2026-06-30 12:55:16,837 [INFO]   [East] x=641 y=356 rgb=(49,161,179) sat=73%  →  12/23/2025 East=6
2026-06-30 12:55:17,190 [INFO]   [East] x=637 y=364 rgb=(49,161,179) sat=73%  →  12/16/2025 East=5
2026-06-30 12:55:17,274 [INFO]   [East] x=636 y=354 rgb=(49,161,179) sat=73%  →  12/9/2025 East=10
2026-06-30 12:55:17,727 [INFO]   [East] x=631 y=365 rgb=(49,161,179) sat=73%  →  12/2/2025 East=6
2026-06-30 12:55:17,913 [INFO]   [East] x=629 y=363 rgb=(49,161,179) sat=73%  →  11/25/2025 East=5
2026-06-30 12:55:17,998 [INFO]   [East] x=628 y=352 rgb=(49,161,179) sat=73%  →  11/18/2025 East=10
2026-06-30 12:55:19,051 [INFO]   [East] x=616 y=358 rgb=(49,161,179) sat=73%  →  9/30/2025 East=6
2026-06-30 12:55:19,884 [INFO]   [East] x=607 y=356 rgb=(49,161,179) sat=73%  →  9/23/2025 East=9
2026-06-30 12:55:20,237 [INFO]   [East] x=603 y=370 rgb=(49,161,179) sat=73%  →  9/9/2025 East=8
2026-06-30 12:55:20,573 [INFO]   [East] x=599 y=303 rgb=(49,161,179) sat=73%  →  9/2/2025 East=20
2026-06-30 12:55:20,933 [INFO]   [East] x=595 y=316 rgb=(49,161,179) sat=73%  →  8/26/2025 East=12
2026-06-30 12:55:21,206 [INFO]   [East] x=592 y=360 rgb=(49,161,179) sat=73%  →  8/12/2025 East=10
2026-06-30 12:55:21,465 [INFO]   [East] x=589 y=340 rgb=(49,161,179) sat=73%  →  8/5/2025 East=12
2026-06-30 12:55:21,946 [INFO]   [East] x=584 y=359 rgb=(49,161,179) sat=73%  →  7/29/2025 East=6
2026-06-30 12:55:22,037 [INFO]   [East] x=583 y=364 rgb=(49,161,179) sat=73%  →  7/22/2025 East=7
2026-06-30 12:55:22,221 [INFO]   [East] x=581 y=360 rgb=(49,161,179) sat=73%  →  7/15/2025 East=8
2026-06-30 12:55:22,305 [INFO]   [East] done: 38 hits | 31 columns no line found
2026-06-30 12:55:22,305 [INFO] 
──────────────────────────────────────────────────
REGION: West
──────────────────────────────────────────────────
2026-06-30 12:55:24,365 [INFO]   Legend item 'West' → aria-selected=true
2026-06-30 12:55:24,366 [INFO]   Scanning 161 columns (pixel-exact y tracking)...
2026-06-30 12:55:24,591 [INFO]   [West] x=709 y=395 rgb=(140,130,178) sat=27%  →  6/23/2026 West=1
2026-06-30 12:55:24,762 [INFO]   [West] x=707 y=392 rgb=(129,117,170) sat=31%  →  6/16/2026 West=2
2026-06-30 12:55:25,115 [INFO]   [West] x=703 y=393 rgb=(129,117,170) sat=31%  →  6/9/2026 West=1
2026-06-30 12:55:25,203 [INFO]   [West] x=702 y=392 rgb=(129,116,170) sat=32%  →  6/2/2026 West=2
2026-06-30 12:55:25,611 [INFO]   [West] x=698 y=389 rgb=(129,117,170) sat=31%  →  5/26/2026 West=2
2026-06-30 12:55:26,034 [INFO]   [West] x=693 y=393 rgb=(129,117,170) sat=31%  →  5/12/2026 West=1
2026-06-30 12:55:26,206 [INFO]   [West] x=691 y=395 rgb=(129,117,170) sat=31%  →  5/5/2026 West=1
2026-06-30 12:55:26,555 [INFO]   [West] x=687 y=401 rgb=(128,116,170) sat=32%  →  4/28/2026 West=0
2026-06-30 12:55:26,754 [INFO]   [West] x=685 y=393 rgb=(129,117,170) sat=31%  →  4/21/2026 West=1
2026-06-30 12:55:26,857 [INFO]   [West] x=684 y=385 rgb=(129,117,170) sat=31%  →  4/14/2026 West=5
2026-06-30 12:55:27,287 [INFO]   [West] x=679 y=401 rgb=(128,116,169) sat=31%  →  4/7/2026 West=0
2026-06-30 12:55:27,377 [INFO]   [West] x=678 y=398 rgb=(128,116,169) sat=31%  →  3/31/2026 West=1
2026-06-30 12:55:27,726 [INFO]   [West] x=674 y=398 rgb=(129,117,170) sat=31%  →  3/24/2026 West=0
2026-06-30 12:55:27,895 [INFO]   [West] x=672 y=400 rgb=(129,116,169) sat=31%  →  3/17/2026 West=0
2026-06-30 12:55:28,068 [INFO]   [West] x=670 y=397 rgb=(129,117,170) sat=31%  →  3/10/2026 West=1
2026-06-30 12:55:28,358 [INFO]   [West] x=667 y=385 rgb=(129,117,170) sat=31%  →  3/3/2026 West=3
2026-06-30 12:55:28,629 [INFO]   [West] x=664 y=401 rgb=(129,116,170) sat=32%  →  2/24/2026 West=0
2026-06-30 12:55:28,887 [INFO]   [West] x=661 y=395 rgb=(128,116,169) sat=31%  →  2/17/2026 West=1
2026-06-30 12:55:28,983 [INFO]   [West] x=660 y=392 rgb=(129,117,170) sat=31%  →  2/10/2026 West=2
2026-06-30 12:55:29,506 [INFO]   [West] x=654 y=396 rgb=(129,117,170) sat=31%  →  1/27/2026 West=0
2026-06-30 12:55:29,768 [INFO]   [West] x=651 y=396 rgb=(129,117,170) sat=31%  →  1/20/2026 West=1
2026-06-30 12:55:30,053 [INFO]   [West] x=648 y=395 rgb=(129,117,170) sat=31%  →  1/13/2026 West=1
2026-06-30 12:55:30,231 [INFO]   [West] x=646 y=395 rgb=(129,117,170) sat=31%  →  1/6/2026 West=1
2026-06-30 12:55:30,679 [INFO]   [West] x=641 y=398 rgb=(129,117,170) sat=31%  →  12/23/2025 West=0
2026-06-30 12:55:30,927 [INFO]   [West] x=638 y=375 rgb=(129,117,170) sat=31%  →  12/16/2025 West=5
2026-06-30 12:55:31,298 [INFO]   [West] x=634 y=396 rgb=(128,116,170) sat=32%  →  12/9/2025 West=1
2026-06-30 12:55:31,378 [INFO]   [West] x=633 y=395 rgb=(129,116,170) sat=32%  →  12/2/2025 West=1
2026-06-30 12:55:31,558 [INFO]   [West] x=631 y=389 rgb=(129,117,170) sat=31%  →  11/25/2025 West=3
2026-06-30 12:55:32,000 [INFO]   [West] x=626 y=397 rgb=(129,117,170) sat=31%  →  11/18/2025 West=0
2026-06-30 12:55:32,779 [INFO]   [West] x=617 y=397 rgb=(129,117,170) sat=31%  →  9/30/2025 West=1
2026-06-30 12:55:33,648 [INFO]   [West] x=607 y=391 rgb=(129,117,170) sat=31%  →  9/23/2025 West=2
2026-06-30 12:55:33,999 [INFO]   [West] x=603 y=393 rgb=(129,117,170) sat=31%  →  9/16/2025 West=1
2026-06-30 12:55:34,181 [INFO]   [West] x=601 y=401 rgb=(129,116,170) sat=32%  →  9/9/2025 West=0
2026-06-30 12:55:34,365 [INFO]   [West] x=599 y=400 rgb=(128,116,170) sat=32%  →  9/2/2025 West=0
2026-06-30 12:55:34,622 [INFO]   [West] x=596 y=391 rgb=(129,117,170) sat=31%  →  8/26/2025 West=2
2026-06-30 12:55:34,905 [INFO]   [West] x=593 y=385 rgb=(129,116,170) sat=32%  →  8/19/2025 West=3
2026-06-30 12:55:35,163 [INFO]   [West] x=590 y=396 rgb=(128,116,170) sat=32%  →  8/12/2025 West=1
2026-06-30 12:55:35,348 [INFO]   [West] x=588 y=390 rgb=(129,116,169) sat=31%  →  8/5/2025 West=2
2026-06-30 12:55:35,628 [INFO]   [West] x=585 y=396 rgb=(128,116,169) sat=31%  →  7/29/2025 West=1
2026-06-30 12:55:35,816 [INFO]   [West] x=583 y=395 rgb=(128,116,170) sat=32%  →  7/22/2025 West=1
2026-06-30 12:55:36,121 [INFO]   [West] x=580 y=395 rgb=(129,117,170) sat=31%  →  7/15/2025 West=1
2026-06-30 12:55:36,122 [INFO]   [West] done: 41 hits | 31 columns no line found
2026-06-30 12:55:36,122 [INFO] 
──────────────────────────────────────────────────
REGION: Gulf
──────────────────────────────────────────────────
2026-06-30 12:55:38,133 [INFO]   Legend item 'Gulf' → aria-selected=true
2026-06-30 12:55:38,133 [INFO]   Scanning 161 columns (pixel-exact y tracking)...
2026-06-30 12:55:38,353 [INFO]   [Gulf] x=709 y=390 rgb=(157,212,197) sat=26%  →  6/23/2026 Gulf=2
2026-06-30 12:55:38,702 [INFO]   [Gulf] x=705 y=393 rgb=(147,207,192) sat=29%  →  6/16/2026 Gulf=1
2026-06-30 12:55:38,883 [INFO]   [Gulf] x=703 y=390 rgb=(147,208,192) sat=29%  →  6/9/2026 Gulf=2
2026-06-30 12:55:39,044 [INFO]   [Gulf] x=701 y=389 rgb=(148,208,192) sat=29%  →  6/2/2026 Gulf=2
2026-06-30 12:55:39,302 [INFO]   [Gulf] x=698 y=401 rgb=(147,208,192) sat=29%  →  5/26/2026 Gulf=0
2026-06-30 12:55:39,569 [INFO]   [Gulf] x=695 y=397 rgb=(148,208,192) sat=29%  →  5/12/2026 Gulf=1
2026-06-30 12:55:40,147 [INFO]   [Gulf] x=690 y=394 rgb=(148,208,192) sat=29%  →  5/5/2026 Gulf=1
2026-06-30 12:55:40,460 [INFO]   [Gulf] x=688 y=391 rgb=(148,208,192) sat=29%  →  4/28/2026 Gulf=2
2026-06-30 12:55:41,156 [INFO]   [Gulf] x=685 y=391 rgb=(147,208,192) sat=29%  →  4/21/2026 Gulf=2
2026-06-30 12:55:41,468 [INFO]   [Gulf] x=682 y=401 rgb=(147,208,192) sat=29%  →  4/14/2026 Gulf=0
2026-06-30 12:55:41,651 [INFO]   [Gulf] x=680 y=400 rgb=(147,208,192) sat=29%  →  4/7/2026 Gulf=0
2026-06-30 12:55:41,837 [INFO]   [Gulf] x=678 y=400 rgb=(148,208,192) sat=29%  →  3/31/2026 Gulf=0
2026-06-30 12:55:42,054 [INFO]   [Gulf] x=676 y=395 rgb=(148,208,192) sat=29%  →  3/24/2026 Gulf=2
2026-06-30 12:55:42,505 [INFO]   [Gulf] x=671 y=394 rgb=(148,208,192) sat=29%  →  3/17/2026 Gulf=1
2026-06-30 12:55:42,606 [INFO]   [Gulf] x=670 y=395 rgb=(148,208,192) sat=29%  →  3/10/2026 Gulf=1
2026-06-30 12:55:42,890 [INFO]   [Gulf] x=667 y=395 rgb=(148,208,192) sat=29%  →  3/3/2026 Gulf=1
2026-06-30 12:55:43,072 [INFO]   [Gulf] x=665 y=388 rgb=(148,208,192) sat=29%  →  2/24/2026 Gulf=3
2026-06-30 12:55:43,354 [INFO]   [Gulf] x=662 y=389 rgb=(147,208,192) sat=29%  →  2/17/2026 Gulf=2
2026-06-30 12:55:43,606 [INFO]   [Gulf] x=659 y=385 rgb=(148,208,192) sat=29%  →  2/10/2026 Gulf=3
2026-06-30 12:55:43,870 [INFO]   [Gulf] x=656 y=382 rgb=(148,208,192) sat=29%  →  1/27/2026 Gulf=4
2026-06-30 12:55:44,323 [INFO]   [Gulf] x=651 y=401 rgb=(147,208,192) sat=29%  →  1/20/2026 Gulf=0
2026-06-30 12:55:44,522 [INFO]   [Gulf] x=649 y=393 rgb=(147,208,192) sat=29%  →  1/13/2026 Gulf=2
2026-06-30 12:55:44,804 [INFO]   [Gulf] x=646 y=364 rgb=(148,208,192) sat=29%  →  1/6/2026 Gulf=7
2026-06-30 12:55:45,264 [INFO]   [Gulf] x=641 y=366 rgb=(148,208,192) sat=29%  →  12/23/2025 Gulf=6
2026-06-30 12:55:45,509 [INFO]   [Gulf] x=638 y=385 rgb=(147,208,192) sat=29%  →  12/16/2025 Gulf=3
2026-06-30 12:55:45,868 [INFO]   [Gulf] x=634 y=389 rgb=(148,208,192) sat=29%  →  12/9/2025 Gulf=2
2026-06-30 12:55:45,967 [INFO]   [Gulf] x=633 y=390 rgb=(148,208,192) sat=29%  →  12/2/2025 Gulf=2
2026-06-30 12:55:46,241 [INFO]   [Gulf] x=630 y=385 rgb=(148,208,192) sat=29%  →  11/25/2025 Gulf=3
2026-06-30 12:55:46,502 [INFO]   [Gulf] x=627 y=379 rgb=(147,208,192) sat=29%  →  11/18/2025 Gulf=4
2026-06-30 12:55:47,464 [INFO]   [Gulf] x=616 y=385 rgb=(148,208,192) sat=29%  →  9/30/2025 Gulf=2
2026-06-30 12:55:48,449 [INFO]   [Gulf] x=605 y=395 rgb=(147,208,192) sat=29%  →  9/23/2025 Gulf=1
2026-06-30 12:55:48,534 [INFO]   [Gulf] x=604 y=395 rgb=(147,208,192) sat=29%  →  9/16/2025 Gulf=1
2026-06-30 12:55:48,783 [INFO]   [Gulf] x=601 y=390 rgb=(148,208,192) sat=29%  →  9/9/2025 Gulf=2
2026-06-30 12:55:48,972 [INFO]   [Gulf] x=599 y=390 rgb=(147,208,192) sat=29%  →  9/2/2025 Gulf=2
2026-06-30 12:55:49,340 [INFO]   [Gulf] x=595 y=396 rgb=(147,207,192) sat=29%  →  8/26/2025 Gulf=1
2026-06-30 12:55:49,523 [INFO]   [Gulf] x=593 y=395 rgb=(148,208,192) sat=29%  →  8/19/2025 Gulf=1
2026-06-30 12:55:49,688 [INFO]   [Gulf] x=591 y=395 rgb=(148,208,192) sat=29%  →  8/12/2025 Gulf=1
2026-06-30 12:55:50,026 [INFO]   [Gulf] x=587 y=399 rgb=(148,208,192) sat=29%  →  8/5/2025 Gulf=0
2026-06-30 12:55:50,116 [INFO]   [Gulf] x=586 y=400 rgb=(147,208,192) sat=29%  →  7/29/2025 Gulf=0
2026-06-30 12:55:50,374 [INFO]   [Gulf] x=583 y=381 rgb=(148,208,192) sat=29%  →  7/22/2025 Gulf=4
2026-06-30 12:55:50,620 [INFO]   [Gulf] x=580 y=374 rgb=(148,208,192) sat=29%  →  7/15/2025 Gulf=5
2026-06-30 12:55:50,621 [INFO]   [Gulf] done: 41 hits | 31 columns no line found
2026-06-30 12:55:50,625 [INFO] 
============================================================
2026-06-30 12:55:50,625 [INFO] RESULTS  41 dates  |  38 fully complete
2026-06-30 12:55:50,625 [INFO] Range    7/15/2025  →  6/23/2026
2026-06-30 12:55:50,625 [INFO] ============================================================
2026-06-30 12:55:50,625 [INFO]   7/15/2025     E=  8  W=  1  G=  5  OK
2026-06-30 12:55:50,625 [INFO]   7/22/2025     E=  7  W=  1  G=  4  OK
2026-06-30 12:55:50,625 [INFO]   7/29/2025     E=  6  W=  1  G=  0  OK
2026-06-30 12:55:50,625 [INFO]   8/5/2025      E= 12  W=  2  G=  0  OK
2026-06-30 12:55:50,625 [INFO]   8/12/2025     E= 10  W=  1  G=  1  OK
2026-06-30 12:55:50,625 [INFO]   8/19/2025     E=  ?  W=  3  G=  1  MISS:East
2026-06-30 12:55:50,625 [INFO]   8/26/2025     E= 12  W=  2  G=  1  OK
2026-06-30 12:55:50,625 [INFO]   9/2/2025      E= 20  W=  0  G=  2  OK
2026-06-30 12:55:50,625 [INFO]   9/9/2025      E=  8  W=  0  G=  2  OK
2026-06-30 12:55:50,625 [INFO]   9/16/2025     E=  ?  W=  1  G=  1  MISS:East
2026-06-30 12:55:50,625 [INFO]   9/23/2025     E=  9  W=  2  G=  1  OK
2026-06-30 12:55:50,625 [INFO]   9/30/2025     E=  6  W=  1  G=  2  OK
2026-06-30 12:55:50,625 [INFO]   11/18/2025    E= 10  W=  0  G=  4  OK
2026-06-30 12:55:50,625 [INFO]   11/25/2025    E=  5  W=  3  G=  3  OK
2026-06-30 12:55:50,625 [INFO]   12/2/2025     E=  6  W=  1  G=  2  OK
2026-06-30 12:55:50,625 [INFO]   12/9/2025     E= 10  W=  1  G=  2  OK
2026-06-30 12:55:50,625 [INFO]   12/16/2025    E=  5  W=  5  G=  3  OK
2026-06-30 12:55:50,625 [INFO]   12/23/2025    E=  6  W=  0  G=  6  OK
2026-06-30 12:55:50,625 [INFO]   1/6/2026      E= 11  W=  1  G=  7  OK
2026-06-30 12:55:50,625 [INFO]   1/13/2026     E=  9  W=  1  G=  2  OK
2026-06-30 12:55:50,625 [INFO]   1/20/2026     E=  8  W=  1  G=  0  OK
2026-06-30 12:55:50,625 [INFO]   1/27/2026     E=  4  W=  0  G=  4  OK
2026-06-30 12:55:50,625 [INFO]   2/10/2026     E=  9  W=  2  G=  3  OK
2026-06-30 12:55:50,625 [INFO]   2/17/2026     E=  ?  W=  1  G=  2  MISS:East
2026-06-30 12:55:50,625 [INFO]   2/24/2026     E=  9  W=  0  G=  3  OK
2026-06-30 12:55:50,625 [INFO]   3/3/2026      E=  9  W=  3  G=  1  OK
2026-06-30 12:55:50,625 [INFO]   3/10/2026     E= 16  W=  1  G=  1  OK
2026-06-30 12:55:50,625 [INFO]   3/17/2026     E= 11  W=  0  G=  1  OK
2026-06-30 12:55:50,625 [INFO]   3/24/2026     E=  6  W=  0  G=  2  OK
2026-06-30 12:55:50,625 [INFO]   3/31/2026     E= 10  W=  1  G=  0  OK
2026-06-30 12:55:50,625 [INFO]   4/7/2026      E=  6  W=  0  G=  0  OK
2026-06-30 12:55:50,625 [INFO]   4/14/2026     E=  5  W=  5  G=  0  OK
2026-06-30 12:55:50,625 [INFO]   4/21/2026     E=  3  W=  1  G=  2  OK
2026-06-30 12:55:50,625 [INFO]   4/28/2026     E=  4  W=  0  G=  2  OK
2026-06-30 12:55:50,625 [INFO]   5/5/2026      E=  3  W=  1  G=  1  OK
2026-06-30 12:55:50,625 [INFO]   5/12/2026     E=  2  W=  1  G=  1  OK
2026-06-30 12:55:50,625 [INFO]   5/26/2026     E=  9  W=  2  G=  0  OK
2026-06-30 12:55:50,625 [INFO]   6/2/2026      E=  6  W=  2  G=  2  OK
2026-06-30 12:55:50,625 [INFO]   6/9/2026      E=  2  W=  1  G=  2  OK
2026-06-30 12:55:50,625 [INFO]   6/16/2026     E=  3  W=  2  G=  1  OK
2026-06-30 12:55:50,625 [INFO]   6/23/2026     E=  5  W=  1  G=  2  OK
2026-06-30 12:55:50,625 [INFO] Saved → test_pixel_results.csv
