2026-06-30 16:13:11,869 - root - INFO - ======================================================================
2026-06-30 16:13:11,869 - root - INFO - Logging initialized: D:\Projects\SIMBA-RUNBOOKS\FREIGHTINFO_MARAD_Runbook\logs\20260630_161309\freightinfo_marad_20260630_161309.log
2026-06-30 16:13:11,869 - root - INFO - ======================================================================
2026-06-30 16:13:11,870 - __main__ - INFO - ======================================================================
2026-06-30 16:13:11,870 - __main__ - INFO - STEP 1: Checking Master Data
2026-06-30 16:13:11,870 - __main__ - INFO - ======================================================================
2026-06-30 16:13:11,872 - parser - INFO - Loaded master: 66 data rows
2026-06-30 16:13:11,872 - parser - INFO -   Date range: 2025-01 to 2026-23
2026-06-30 16:13:11,872 - __main__ - INFO - Last week in master: 2026-23
2026-06-30 16:13:11,872 - __main__ - INFO - ======================================================================
2026-06-30 16:13:11,873 - __main__ - INFO - STEP 2: Fetching Week Mapping Data
2026-06-30 16:13:11,873 - __main__ - INFO - ======================================================================
2026-06-30 16:13:11,873 - scraper - INFO - Using cached week mapping data
2026-06-30 16:13:11,874 - parser - INFO - Loaded week mapping: 3 years, 157 weeks total
2026-06-30 16:13:11,874 - __main__ - INFO - ======================================================================
2026-06-30 16:13:11,874 - __main__ - INFO - STEP 3: Fetching Chart Data from BTS
2026-06-30 16:13:11,874 - __main__ - INFO - ======================================================================
2026-06-30 16:13:11,874 - parser - INFO - Loaded master: 66 data rows
2026-06-30 16:13:11,874 - parser - INFO -   Date range: 2025-01 to 2026-23
2026-06-30 16:13:11,877 - scraper - INFO - fetch_chart_data: x=640→740 (incremental)
2026-06-30 16:13:11,877 - asyncio - DEBUG - Using proactor: IocpProactor
2026-06-30 16:13:23,240 - scraper - INFO - Navigating → https://www.bts.gov/freight-indicators#anchored-offshore
2026-06-30 16:13:39,304 - scraper - INFO - Searching for Tableau iframe ...
2026-06-30 16:13:42,583 - scraper - INFO -   Found: https://explore.dot.gov/views/FreightIndicators/ContainershipsAnchored?:embed=y&
2026-06-30 16:13:42,735 - scraper - INFO - Waiting 15 s for Tableau to render ...
2026-06-30 16:13:57,777 - scraper - INFO -   Frame OK — 4 canvas(es)
2026-06-30 16:13:58,202 - scraper - INFO - Canvas: page_x=503 page_y=271 w=744 h=423
2026-06-30 16:13:58,202 - scraper - INFO - Enabling legend highlight mode ...
2026-06-30 16:14:02,770 - scraper - INFO -   Highlight btn: aria-pressed=true
2026-06-30 16:14:02,770 - scraper - INFO -   Region pass: East
2026-06-30 16:14:24,103 - scraper - INFO -     East: 0 tooltips, 0 new dates
2026-06-30 16:14:24,103 - scraper - INFO -   Region pass: West
2026-06-30 16:14:36,066 - scraper - INFO -     West: 0 tooltips, 0 new dates
2026-06-30 16:14:36,067 - scraper - INFO -   Region pass: Gulf
2026-06-30 16:14:46,632 - scraper - INFO -     Gulf: 0 tooltips, 0 new dates
2026-06-30 16:14:46,905 - scraper - WARNING - No data captured from chart
2026-06-30 16:14:46,905 - __main__ - WARNING - Attempt 1 failed
2026-06-30 16:14:46,905 - __main__ - INFO - Waiting 45s before retry (attempt 2/3) ...
2026-06-30 16:15:31,920 - scraper - INFO - fetch_chart_data: x=640→740 (incremental)
2026-06-30 16:15:31,920 - asyncio - DEBUG - Using proactor: IocpProactor
2026-06-30 16:15:33,008 - scraper - INFO - Navigating → https://www.bts.gov/freight-indicators#anchored-offshore
2026-06-30 16:15:46,084 - scraper - INFO - Searching for Tableau iframe ...
2026-06-30 16:15:46,983 - scraper - INFO -   Found: https://explore.dot.gov/views/FreightIndicators/ContainershipsAnchored?:embed=y&
2026-06-30 16:15:47,757 - scraper - INFO - Waiting 15 s for Tableau to render ...
2026-06-30 16:16:02,791 - scraper - INFO -   Frame OK — 4 canvas(es)
2026-06-30 16:16:03,316 - scraper - INFO - Canvas: page_x=503 page_y=216 w=744 h=423
2026-06-30 16:16:03,316 - scraper - INFO - Enabling legend highlight mode ...
2026-06-30 16:16:07,254 - scraper - INFO -   Highlight btn: aria-pressed=true
2026-06-30 16:16:07,254 - scraper - INFO -   Region pass: East
2026-06-30 16:16:11,978 - scraper - DEBUG -     [East] x=709 6/23/2026 East=5
2026-06-30 16:16:12,371 - scraper - DEBUG -     [East] x=706 6/16/2026 East=3
2026-06-30 16:16:12,877 - scraper - DEBUG -     [East] x=703 6/9/2026 East=2
2026-06-30 16:16:13,248 - scraper - DEBUG -     [East] x=701 6/2/2026 East=6
2026-06-30 16:16:13,249 - scraper - DEBUG -     [East] early exit at x=701 (crossed into old dates after 3 new)
2026-06-30 16:16:13,249 - scraper - INFO -     East: 4 tooltips, 3 new dates
2026-06-30 16:16:13,249 - scraper - INFO -   Region pass: West
2026-06-30 16:16:17,251 - scraper - DEBUG -     [West] x=709 6/23/2026 West=1
2026-06-30 16:16:17,815 - scraper - DEBUG -     [West] x=707 6/16/2026 West=2
2026-06-30 16:16:19,144 - scraper - DEBUG -     [West] x=703 6/9/2026 West=1
2026-06-30 16:16:19,404 - scraper - DEBUG -     [West] x=702 6/2/2026 West=2
2026-06-30 16:16:19,404 - scraper - DEBUG -     [West] early exit at x=702 (crossed into old dates after 3 new)
2026-06-30 16:16:19,405 - scraper - INFO -     West: 4 tooltips, 3 new dates
2026-06-30 16:16:19,405 - scraper - INFO -   Region pass: Gulf
2026-06-30 16:16:22,360 - scraper - DEBUG -     [Gulf] x=709 6/23/2026 Gulf=2
2026-06-30 16:16:22,952 - scraper - DEBUG -     [Gulf] x=705 6/16/2026 Gulf=1
2026-06-30 16:16:23,210 - scraper - DEBUG -     [Gulf] x=703 6/9/2026 Gulf=2
2026-06-30 16:16:23,621 - scraper - DEBUG -     [Gulf] x=701 6/2/2026 Gulf=2
2026-06-30 16:16:23,622 - scraper - DEBUG -     [Gulf] early exit at x=701 (crossed into old dates after 3 new)
2026-06-30 16:16:23,622 - scraper - INFO -     Gulf: 4 tooltips, 3 new dates
2026-06-30 16:16:23,842 - scraper - INFO - Incremental: 3 new date(s) beyond 2026-06-07
2026-06-30 16:16:23,843 - scraper - INFO - Captured 3 date(s) for downstream processing
2026-06-30 16:16:23,847 - scraper - INFO - Saved → D:\Projects\SIMBA-RUNBOOKS\FREIGHTINFO_MARAD_Runbook\downloads\20260630_161309\Scanned_Chart_Data.csv
2026-06-30 16:16:23,848 - __main__ - INFO - ======================================================================
2026-06-30 16:16:23,848 - __main__ - INFO - STEP 4: Parsing Data & Updating Master
2026-06-30 16:16:23,848 - __main__ - INFO - ======================================================================
2026-06-30 16:16:23,848 - parser - INFO - Parsing downloaded CSV: D:\Projects\SIMBA-RUNBOOKS\FREIGHTINFO_MARAD_Runbook\downloads\20260630_161309\Scanned_Chart_Data.csv
2026-06-30 16:16:23,855 - parser - INFO -   Successfully read CSV with encoding: utf-16
2026-06-30 16:16:23,855 - parser - INFO -   CSV has 11 lines
2026-06-30 16:16:23,871 - parser - INFO -   Parsed 3 unique dates (0 rows skipped)
2026-06-30 16:16:23,871 - parser - DEBUG -     6/9/2026: {'East': 2, 'West': 1, 'Gulf': 2}
2026-06-30 16:16:23,871 - parser - DEBUG -     6/16/2026: {'East': 3, 'West': 2, 'Gulf': 1}
2026-06-30 16:16:23,871 - parser - DEBUG -     6/23/2026: {'East': 5, 'West': 1, 'Gulf': 2}
2026-06-30 16:16:23,871 - parser - INFO - Mapped 3 weeks (0 dates unmapped)
2026-06-30 16:16:23,871 - parser - INFO - Loaded master: 66 data rows
2026-06-30 16:16:23,871 - parser - INFO -   Date range: 2025-01 to 2026-23
2026-06-30 16:16:23,871 - parser - INFO - Master's last week: 2026-23
2026-06-30 16:16:23,871 - parser - INFO - Adding 3 new week(s) to master:
2026-06-30 16:16:23,871 - parser - INFO -   2026-24: East=2, West=1, Gulf=2
2026-06-30 16:16:23,871 - parser - INFO -   2026-25: East=3, West=2, Gulf=1
2026-06-30 16:16:23,871 - parser - INFO -   2026-26: East=5, West=1, Gulf=2
2026-06-30 16:16:23,871 - parser - INFO - Master saved: 69 rows -> D:\Projects\SIMBA-RUNBOOKS\FREIGHTINFO_MARAD_Runbook\Master_Data\Master_FREIGHTINFO_MARAD_DATA.csv
2026-06-30 16:16:23,871 - __main__ - INFO - ======================================================================
2026-06-30 16:16:23,871 - __main__ - INFO - STEP 5: Generating Output Files
2026-06-30 16:16:23,871 - __main__ - INFO - ======================================================================
2026-06-30 16:16:23,871 - file_generator - INFO - ======================================================================
2026-06-30 16:16:23,871 - file_generator - INFO - Generating output files...
2026-06-30 16:16:23,871 - file_generator - INFO - Output directory: D:\Projects\SIMBA-RUNBOOKS\FREIGHTINFO_MARAD_Runbook\output\20260630_161309
2026-06-30 16:16:23,871 - file_generator - INFO - ======================================================================
2026-06-30 16:16:23,902 - file_generator - INFO - DATA XLSX created: D:\Projects\SIMBA-RUNBOOKS\FREIGHTINFO_MARAD_Runbook\output\20260630_161309\FREIGHTINFO_MARAD_DATA_20260630.xlsx
2026-06-30 16:16:23,954 - file_generator - INFO - META XLSX created: D:\Projects\SIMBA-RUNBOOKS\FREIGHTINFO_MARAD_Runbook\output\20260630_161309\FREIGHTINFO_MARAD_META_20260630.xlsx
2026-06-30 16:16:23,970 - file_generator - INFO - ZIP created: D:\Projects\SIMBA-RUNBOOKS\FREIGHTINFO_MARAD_Runbook\output\20260630_161309\FREIGHTINFO_MARAD_20260630.zip
2026-06-30 16:16:23,970 - file_generator - INFO -   Copied to latest: FREIGHTINFO_MARAD_DATA_20260630.xlsx
2026-06-30 16:16:23,986 - file_generator - INFO -   Copied to latest: FREIGHTINFO_MARAD_META_20260630.xlsx
2026-06-30 16:16:24,002 - file_generator - INFO -   Copied to latest: FREIGHTINFO_MARAD_20260630.zip
2026-06-30 16:16:24,002 - file_generator - INFO - File generation complete
2026-06-30 16:16:24,002 - __main__ - INFO - ======================================================================
2026-06-30 16:16:24,002 - __main__ - INFO - EXECUTION SUMMARY
2026-06-30 16:16:24,002 - __main__ - INFO - ======================================================================
2026-06-30 16:16:24,002 - __main__ - INFO -   Master data rows: 69
2026-06-30 16:16:24,002 - __main__ - INFO -   Date range: 2025-01 to 2026-26
2026-06-30 16:16:24,002 - __main__ - INFO -   Output files:
2026-06-30 16:16:24,002 - __main__ - INFO -     data: D:\Projects\SIMBA-RUNBOOKS\FREIGHTINFO_MARAD_Runbook\output\20260630_161309\FREIGHTINFO_MARAD_DATA_20260630.xlsx
2026-06-30 16:16:24,002 - __main__ - INFO -     meta: D:\Projects\SIMBA-RUNBOOKS\FREIGHTINFO_MARAD_Runbook\output\20260630_161309\FREIGHTINFO_MARAD_META_20260630.xlsx
2026-06-30 16:16:24,002 - __main__ - INFO -     zip: D:\Projects\SIMBA-RUNBOOKS\FREIGHTINFO_MARAD_Runbook\output\20260630_161309\FREIGHTINFO_MARAD_20260630.zip
2026-06-30 16:16:24,002 - __main__ - INFO - ======================================================================
2026-06-30 16:16:24,002 - __main__ - DEBUG - Pruned old run dir: D:\Projects\SIMBA-RUNBOOKS\FREIGHTINFO_MARAD_Runbook\logs\20260219_125506
2026-06-30 16:16:24,002 - __main__ - DEBUG - Pruned old run dir: D:\Projects\SIMBA-RUNBOOKS\FREIGHTINFO_MARAD_Runbook\logs\20260219_125551
2026-06-30 16:16:24,002 - __main__ - DEBUG - Pruned old run dir: D:\Projects\SIMBA-RUNBOOKS\FREIGHTINFO_MARAD_Runbook\logs\20260219_130243
2026-06-30 16:16:24,002 - __main__ - DEBUG - Pruned old run dir: D:\Projects\SIMBA-RUNBOOKS\FREIGHTINFO_MARAD_Runbook\logs\20260219_130421
2026-06-30 16:16:24,002 - __main__ - DEBUG - Pruned old run dir: D:\Projects\SIMBA-RUNBOOKS\FREIGHTINFO_MARAD_Runbook\logs\20260219_130635
2026-06-30 16:16:24,017 - __main__ - DEBUG - Pruned old run dir: D:\Projects\SIMBA-RUNBOOKS\FREIGHTINFO_MARAD_Runbook\logs\20260219_140717
2026-06-30 16:16:24,017 - __main__ - DEBUG - Pruned old run dir: D:\Projects\SIMBA-RUNBOOKS\FREIGHTINFO_MARAD_Runbook\logs\20260219_141742
2026-06-30 16:16:24,017 - __main__ - DEBUG - Pruned old run dir: D:\Projects\SIMBA-RUNBOOKS\FREIGHTINFO_MARAD_Runbook\logs\20260219_142417
2026-06-30 16:16:24,017 - __main__ - DEBUG - Pruned old run dir: D:\Projects\SIMBA-RUNBOOKS\FREIGHTINFO_MARAD_Runbook\logs\20260219_143558
2026-06-30 16:16:24,017 - __main__ - DEBUG - Pruned old run dir: D:\Projects\SIMBA-RUNBOOKS\FREIGHTINFO_MARAD_Runbook\logs\20260219_143701
2026-06-30 16:16:24,017 - __main__ - DEBUG - Pruned old run dir: D:\Projects\SIMBA-RUNBOOKS\FREIGHTINFO_MARAD_Runbook\logs\20260219_143746
2026-06-30 16:16:24,017 - __main__ - DEBUG - Pruned old run dir: D:\Projects\SIMBA-RUNBOOKS\FREIGHTINFO_MARAD_Runbook\logs\20260304_095707
2026-06-30 16:16:24,017 - __main__ - DEBUG - Pruned old run dir: D:\Projects\SIMBA-RUNBOOKS\FREIGHTINFO_MARAD_Runbook\logs\20260304_133650
2026-06-30 16:16:24,017 - __main__ - DEBUG - Pruned old run dir: D:\Projects\SIMBA-RUNBOOKS\FREIGHTINFO_MARAD_Runbook\logs\20260311_103058
2026-06-30 16:16:24,017 - __main__ - DEBUG - Pruned old run dir: D:\Projects\SIMBA-RUNBOOKS\FREIGHTINFO_MARAD_Runbook\logs\20260527_115759
2026-06-30 16:16:24,033 - __main__ - DEBUG - Pruned old run dir: D:\Projects\SIMBA-RUNBOOKS\FREIGHTINFO_MARAD_Runbook\logs\20260527_133109
2026-06-30 16:16:24,033 - __main__ - DEBUG - Pruned old run dir: D:\Projects\SIMBA-RUNBOOKS\FREIGHTINFO_MARAD_Runbook\logs\20260610_110437
2026-06-30 16:16:24,033 - __main__ - DEBUG - Pruned old run dir: D:\Projects\SIMBA-RUNBOOKS\FREIGHTINFO_MARAD_Runbook\logs\20260610_134134
2026-06-30 16:16:24,033 - __main__ - DEBUG - Pruned old run dir: D:\Projects\SIMBA-RUNBOOKS\FREIGHTINFO_MARAD_Runbook\logs\20260610_135647
2026-06-30 16:16:24,033 - __main__ - DEBUG - Pruned old run dir: D:\Projects\SIMBA-RUNBOOKS\FREIGHTINFO_MARAD_Runbook\logs\20260610_140441
2026-06-30 16:16:24,033 - __main__ - DEBUG - Pruned old run dir: D:\Projects\SIMBA-RUNBOOKS\FREIGHTINFO_MARAD_Runbook\logs\20260610_141727
2026-06-30 16:16:24,033 - __main__ - DEBUG - Pruned old run dir: D:\Projects\SIMBA-RUNBOOKS\FREIGHTINFO_MARAD_Runbook\logs\20260610_144302
2026-06-30 16:16:24,033 - __main__ - DEBUG - Pruned old run dir: D:\Projects\SIMBA-RUNBOOKS\FREIGHTINFO_MARAD_Runbook\logs\20260610_144346
2026-06-30 16:16:24,033 - __main__ - DEBUG - Pruned old run dir: D:\Projects\SIMBA-RUNBOOKS\FREIGHTINFO_MARAD_Runbook\logs\20260630_123422
2026-06-30 16:16:24,033 - __main__ - DEBUG - Pruned old run dir: D:\Projects\SIMBA-RUNBOOKS\FREIGHTINFO_MARAD_Runbook\logs\20260630_141605
2026-06-30 16:16:24,048 - __main__ - DEBUG - Pruned old run dir: D:\Projects\SIMBA-RUNBOOKS\FREIGHTINFO_MARAD_Runbook\logs\20260630_142719
2026-06-30 16:16:24,050 - __main__ - DEBUG - Pruned old run dir: D:\Projects\SIMBA-RUNBOOKS\FREIGHTINFO_MARAD_Runbook\logs\20260630_142945
2026-06-30 16:16:24,052 - __main__ - DEBUG - Pruned old run dir: D:\Projects\SIMBA-RUNBOOKS\FREIGHTINFO_MARAD_Runbook\logs\20260630_143845
2026-06-30 16:16:24,053 - __main__ - DEBUG - Pruned old run dir: D:\Projects\SIMBA-RUNBOOKS\FREIGHTINFO_MARAD_Runbook\downloads\20260219_125551
2026-06-30 16:16:24,053 - __main__ - DEBUG - Pruned old run dir: D:\Projects\SIMBA-RUNBOOKS\FREIGHTINFO_MARAD_Runbook\downloads\20260219_130243
2026-06-30 16:16:24,053 - __main__ - DEBUG - Pruned old run dir: D:\Projects\SIMBA-RUNBOOKS\FREIGHTINFO_MARAD_Runbook\downloads\20260219_130421
2026-06-30 16:16:24,053 - __main__ - DEBUG - Pruned old run dir: D:\Projects\SIMBA-RUNBOOKS\FREIGHTINFO_MARAD_Runbook\downloads\20260219_130635
2026-06-30 16:16:24,053 - __main__ - DEBUG - Pruned old run dir: D:\Projects\SIMBA-RUNBOOKS\FREIGHTINFO_MARAD_Runbook\downloads\20260219_140717
2026-06-30 16:16:24,053 - __main__ - DEBUG - Pruned old run dir: D:\Projects\SIMBA-RUNBOOKS\FREIGHTINFO_MARAD_Runbook\downloads\20260219_141742
2026-06-30 16:16:24,053 - __main__ - DEBUG - Pruned old run dir: D:\Projects\SIMBA-RUNBOOKS\FREIGHTINFO_MARAD_Runbook\downloads\20260219_142417
2026-06-30 16:16:24,053 - __main__ - DEBUG - Pruned old run dir: D:\Projects\SIMBA-RUNBOOKS\FREIGHTINFO_MARAD_Runbook\downloads\20260219_143558
2026-06-30 16:16:24,053 - __main__ - DEBUG - Pruned old run dir: D:\Projects\SIMBA-RUNBOOKS\FREIGHTINFO_MARAD_Runbook\downloads\20260219_143701
2026-06-30 16:16:24,053 - __main__ - DEBUG - Pruned old run dir: D:\Projects\SIMBA-RUNBOOKS\FREIGHTINFO_MARAD_Runbook\output\20260219_125551
2026-06-30 16:16:24,053 - __main__ - DEBUG - Pruned old run dir: D:\Projects\SIMBA-RUNBOOKS\FREIGHTINFO_MARAD_Runbook\output\20260219_130243
2026-06-30 16:16:24,069 - __main__ - DEBUG - Pruned old run dir: D:\Projects\SIMBA-RUNBOOKS\FREIGHTINFO_MARAD_Runbook\output\20260219_141742
2026-06-30 16:16:24,072 - __main__ - DEBUG - Pruned old run dir: D:\Projects\SIMBA-RUNBOOKS\FREIGHTINFO_MARAD_Runbook\output\20260219_142417
2026-06-30 16:16:24,074 - __main__ - DEBUG - Pruned old run dir: D:\Projects\SIMBA-RUNBOOKS\FREIGHTINFO_MARAD_Runbook\output\20260219_143558
2026-06-30 16:16:24,076 - __main__ - DEBUG - Pruned old run dir: D:\Projects\SIMBA-RUNBOOKS\FREIGHTINFO_MARAD_Runbook\output\20260219_143701
2026-06-30 16:16:24,077 - __main__ - INFO - Run history pruned — kept last 14 runs
