2026-02-19 13:06:36,031 - root - INFO - ======================================================================
2026-02-19 13:06:36,031 - root - INFO - Logging initialized: D:\Projects\SIMBA-RUNBOOKS\FREIGHTINFO_MARAD_Runbook\logs\20260219_130635\freightinfo_marad_20260219_130635.log
2026-02-19 13:06:36,031 - root - INFO - ======================================================================
2026-02-19 13:06:36,032 - __main__ - INFO - ======================================================================
2026-02-19 13:06:36,032 - __main__ - INFO - STEP 1: Checking Master Data
2026-02-19 13:06:36,032 - __main__ - INFO - ======================================================================
2026-02-19 13:06:36,033 - parser - INFO - Loaded master: 52 data rows
2026-02-19 13:06:36,033 - parser - INFO -   Date range: 2025-01 to 2026-08
2026-02-19 13:06:36,033 - __main__ - INFO - Last week in master: 2026-08
2026-02-19 13:06:36,033 - __main__ - INFO - ======================================================================
2026-02-19 13:06:36,034 - __main__ - INFO - STEP 2: Fetching Week Mapping Data
2026-02-19 13:06:36,034 - __main__ - INFO - ======================================================================
2026-02-19 13:06:36,034 - scraper - INFO - Week mapping cache is up to date
2026-02-19 13:06:36,034 - scraper - INFO - Using cached week mapping data
2026-02-19 13:06:36,035 - parser - INFO - Loaded week mapping: 3 years, 157 weeks total
2026-02-19 13:06:36,035 - __main__ - INFO - ======================================================================
2026-02-19 13:06:36,035 - __main__ - INFO - STEP 3: Fetching Chart Data from BTS
2026-02-19 13:06:36,035 - __main__ - INFO - ======================================================================
2026-02-19 13:06:36,035 - scraper - INFO - ======================================================================
2026-02-19 13:06:36,035 - scraper - INFO - Fetching chart data from BTS Tableau...
2026-02-19 13:06:36,035 - scraper - INFO - URL: https://www.bts.gov/freight-indicators#anchored-offshore
2026-02-19 13:06:36,035 - scraper - INFO - ======================================================================
2026-02-19 13:06:36,855 - scraper - INFO - Checking Windows Registry for Chrome version...
2026-02-19 13:06:36,855 - scraper - INFO - Found Chrome version: 145.0.7632.76 (major: 145)
2026-02-19 13:06:36,858 - undetected_chromedriver.patcher - DEBUG - getting release number from /latest-versions-per-milestone-with-downloads.json
2026-02-19 13:06:37,167 - undetected_chromedriver.patcher - DEBUG - downloading from https://storage.googleapis.com/chrome-for-testing-public/145.0.7632.77/win32/chromedriver-win32.zip
2026-02-19 13:06:37,490 - undetected_chromedriver.patcher - DEBUG - unzipping C:\Users\MARKCA~1\AppData\Local\Temp\tmpmedx5w03
2026-02-19 13:06:37,661 - undetected_chromedriver.patcher - INFO - patching driver executable C:\Users\Mark Castro\appdata\roaming\undetected_chromedriver\undetected_chromedriver.exe
2026-02-19 13:06:39,108 - undetected_chromedriver.patcher - DEBUG - found block:
b'{window.cdc_adoQpoasnfa76pfcZLmcfl_Array = window.Array;window.cdc_adoQpoasnfa76pfcZLmcfl_Object = window.Object;window.cdc_adoQpoasnfa76pfcZLmcfl_Promise = window.Promise;window.cdc_adoQpoasnfa76pfcZLmcfl_Proxy = window.Proxy;window.cdc_adoQpoasnfa76pfcZLmcfl_Symbol = window.Symbol;window.cdc_adoQpoasnfa76pfcZLmcfl_JSON = window.JSON;window.cdc_adoQpoasnfa76pfcZLmcfl_Window = window.Window;}'
replacing with:
b'{console.log("undetected chromedriver 1337!")}                                                                                                                                                                                                                                                                                                                                                             '
2026-02-19 13:06:39,117 - undetected_chromedriver.patcher - DEBUG - patching took us 1.46 seconds
2026-02-19 13:06:40,893 - uc - DEBUG - created a temporary folder in which the user-data (profile) will be stored during this
session, and added it to chrome startup arguments: --user-data-dir=C:\Users\MARKCA~1\AppData\Local\Temp\tmpq43ko2m5
2026-02-19 13:06:40,893 - uc - DEBUG - checking if C:\Program Files (x86)\Google/Chrome/Application\chrome.exe exists and is executable
2026-02-19 13:06:40,894 - uc - DEBUG - checking if C:\Users\Mark Castro\AppData\Local\Google/Chrome/Application\chrome.exe exists and is executable
2026-02-19 13:06:40,894 - uc - DEBUG - checking if C:\Program Files\Google/Chrome/Application\chrome.exe exists and is executable
2026-02-19 13:06:40,894 - uc - DEBUG - found! using C:\Program Files\Google/Chrome/Application\chrome.exe
2026-02-19 13:06:40,907 - uc - DEBUG - did not find a bad exit_type flag 
2026-02-19 13:06:40,912 - selenium.webdriver.common.driver_finder - DEBUG - Skipping Selenium Manager; path to chrome driver specified in Service class: C:\Users\Mark Castro\appdata\roaming\undetected_chromedriver\undetected_chromedriver.exe
2026-02-19 13:06:43,241 - selenium.webdriver.common.service - DEBUG - Started executable: `C:\Users\Mark Castro\appdata\roaming\undetected_chromedriver\undetected_chromedriver.exe` in a child process with pid: 10084 using 0 to output -3
2026-02-19 13:06:43,759 - selenium.webdriver.remote.remote_connection - DEBUG - POST http://localhost:54611/session {'capabilities': {'firstMatch': [{}], 'alwaysMatch': {'browserName': 'chrome', 'pageLoadStrategy': <PageLoadStrategy.normal: 'normal'>, 'goog:chromeOptions': {'extensions': [], 'binary': 'C:\\Program Files\\Google\\Chrome\\Application\\chrome.exe', 'args': ['--no-sandbox', '--disable-dev-shm-usage', '--disable-gpu', '--window-size=1920,1080', '--remote-debugging-host=127.0.0.1', '--remote-debugging-port=54610', '--user-data-dir=C:\\Users\\MARKCA~1\\AppData\\Local\\Temp\\tmpq43ko2m5', '--lang=en-US', '--no-default-browser-check', '--no-first-run', '--no-sandbox', '--test-type', '--window-size=1920,1080', '--start-maximized', '--no-sandbox', '--log-level=0'], 'debuggerAddress': '127.0.0.1:54610'}}}}
2026-02-19 13:06:43,762 - urllib3.connectionpool - DEBUG - Starting new HTTP connection (1): localhost:54611
2026-02-19 13:06:43,802 - urllib3.connectionpool - DEBUG - http://localhost:54611 "POST /session HTTP/1.1" 200 0
2026-02-19 13:06:43,803 - selenium.webdriver.remote.remote_connection - DEBUG - Remote response: status=200 | data={"value":{"capabilities":{"acceptInsecureCerts":false,"browserName":"chrome","browserVersion":"145.0.7632.76","chrome":{"chromedriverVersion":"145.0.7632.77 (da516187054a90a4669ee732027b919261341392-refs/branch-heads/7632_45@{#16})"},"fedcm:accounts":true,"goog:chromeOptions":{"debuggerAddress":"127.0.0.1:54610"},"pageLoadStrategy":"normal","platformName":"","proxy":{},"setWindowRect":false,"strictFileInteractability":false,"timeouts":{"implicit":0,"pageLoad":300000,"script":30000},"unhandledPromptBehavior":"dismiss and notify","webauthn:extension:credBlob":true,"webauthn:extension:largeBlob":true,"webauthn:extension:minPinLength":true,"webauthn:extension:prf":true,"webauthn:virtualAuthenticators":true},"sessionId":"dabde1846e78d210576d4fd8d1fad0d7"}} | headers=HTTPHeaderDict({'Content-Length': '761', 'Content-Type': 'application/json; charset=utf-8', 'cache-control': 'no-cache'})
2026-02-19 13:06:43,803 - selenium.webdriver.remote.remote_connection - DEBUG - Finished Request
2026-02-19 13:06:43,804 - selenium.webdriver.remote.remote_connection - DEBUG - POST http://localhost:54611/session/dabde1846e78d210576d4fd8d1fad0d7/timeouts {'pageLoad': 120000}
2026-02-19 13:06:43,806 - urllib3.connectionpool - DEBUG - http://localhost:54611 "POST /session/dabde1846e78d210576d4fd8d1fad0d7/timeouts HTTP/1.1" 200 0
2026-02-19 13:06:43,807 - selenium.webdriver.remote.remote_connection - DEBUG - Remote response: status=200 | data={"value":null} | headers=HTTPHeaderDict({'Content-Length': '14', 'Content-Type': 'application/json; charset=utf-8', 'cache-control': 'no-cache'})
2026-02-19 13:06:43,807 - selenium.webdriver.remote.remote_connection - DEBUG - Finished Request
2026-02-19 13:06:43,807 - scraper - INFO - Chrome driver initialized successfully
2026-02-19 13:06:43,807 - scraper - INFO - Navigating to: https://www.bts.gov/freight-indicators#anchored-offshore
2026-02-19 13:06:43,808 - selenium.webdriver.remote.remote_connection - DEBUG - POST http://localhost:54611/session/dabde1846e78d210576d4fd8d1fad0d7/url {'url': 'https://www.bts.gov/freight-indicators#anchored-offshore'}
2026-02-19 13:06:49,074 - urllib3.connectionpool - DEBUG - http://localhost:54611 "POST /session/dabde1846e78d210576d4fd8d1fad0d7/url HTTP/1.1" 200 0
2026-02-19 13:06:49,075 - selenium.webdriver.remote.remote_connection - DEBUG - Remote response: status=200 | data={"value":null} | headers=HTTPHeaderDict({'Content-Length': '14', 'Content-Type': 'application/json; charset=utf-8', 'cache-control': 'no-cache'})
2026-02-19 13:06:49,075 - selenium.webdriver.remote.remote_connection - DEBUG - Finished Request
2026-02-19 13:06:49,083 - scraper - INFO - Waiting for Tableau chart to load...
2026-02-19 13:06:54,084 - scraper - INFO - Scrolling to #anchored-offshore section...
2026-02-19 13:06:54,084 - selenium.webdriver.remote.remote_connection - DEBUG - POST http://localhost:54611/session/dabde1846e78d210576d4fd8d1fad0d7/execute/sync {'script': "\n                var anchor = document.getElementById('anchored-offshore');\n                if (anch...", 'args': []}
2026-02-19 13:06:54,105 - urllib3.connectionpool - DEBUG - http://localhost:54611 "POST /session/dabde1846e78d210576d4fd8d1fad0d7/execute/sync HTTP/1.1" 200 0
2026-02-19 13:06:54,106 - selenium.webdriver.remote.remote_connection - DEBUG - Remote response: status=200 | data={"value":null} | headers=HTTPHeaderDict({'Content-Length': '14', 'Content-Type': 'application/json; charset=utf-8', 'cache-control': 'no-cache'})
2026-02-19 13:06:54,106 - selenium.webdriver.remote.remote_connection - DEBUG - Finished Request
2026-02-19 13:06:59,108 - selenium.webdriver.remote.remote_connection - DEBUG - POST http://localhost:54611/session/dabde1846e78d210576d4fd8d1fad0d7/elements {'using': 'tag name', 'value': 'iframe'}
2026-02-19 13:06:59,150 - urllib3.connectionpool - DEBUG - http://localhost:54611 "POST /session/dabde1846e78d210576d4fd8d1fad0d7/elements HTTP/1.1" 200 0
2026-02-19 13:06:59,151 - selenium.webdriver.remote.remote_connection - DEBUG - Remote response: status=200 | data={"value":[{"element-6066-11e4-a52e-4f735466cecf":"f.B6B856A5E96CA97068775FF46F328BAD.d.62A94EF383605666B962BF930BEB4504.e.101"},{"element-6066-11e4-a52e-4f735466cecf":"f.B6B856A5E96CA97068775FF46F328BAD.d.62A94EF383605666B962BF930BEB4504.e.102"},{"element-6066-11e4-a52e-4f735466cecf":"f.B6B856A5E96CA97068775FF46F328BAD.d.62A94EF383605666B962BF930BEB4504.e.103"},{"element-6066-11e4-a52e-4f735466cecf":"f.B6B856A5E96CA97068775FF46F328BAD.d.62A94EF383605666B962BF930BEB4504.e.104"},{"element-6066-11e4-a52e-4f735466cecf":"f.B6B856A5E96CA97068775FF46F328BAD.d.62A94EF383605666B962BF930BEB4504.e.105"},{"element-6066-11e4-a52e-4f735466cecf":"f.B6B856A5E96CA97068775FF46F328BAD.d.62A94EF383605666B962BF930BEB4504.e.106"},{"element-6066-11e4-a52e-4f735466cecf":"f.B6B856A5E96CA97068775FF46F328BAD.d.62A94EF383605666B962BF930BEB4504.e.107"},{"element-6066-11e4-a52e-4f735466cecf":"f.B6B856A5E96CA97068775FF46F328BAD.d.62A94EF383605666B962BF930BEB4504.e.108"},{"element-6066-11e4-a52e-4f735466cecf":"f.B6B856A5E96CA97068775FF46F328BAD.d.62A94EF383605666B962BF930BEB4504.e.109"},{"element-6066-11e4-a52e-4f735466cecf":"f.B6B856A5E96CA97068775FF46F328BAD.d.62A94EF383605666B962BF930BEB4504.e.110"},{"element-6066-11e4-a52e-4f735466cecf":"f.B6B856A5E96CA97068775FF46F328BAD.d.62A94EF383605666B962BF930BEB4504.e.111"},{"element-6066-11e4-a52e-4f735466cecf":"f.B6B856A5E96CA97068775FF46F328BAD.d.62A94EF383605666B962BF930BEB4504.e.112"},{"element-6066-11e4-a52e-4f735466cecf":"f.B6B856A5E96CA97068775FF46F328BAD.d.62A94EF383605666B962BF930BEB4504.e.113"},{"element-6066-11e4-a52e-4f735466cecf":"f.B6B856A5E96CA97068775FF46F328BAD.d.62A94EF383605666B962BF930BEB4504.e.114"},{"element-6066-11e4-a52e-4f735466cecf":"f.B6B856A5E96CA97068775FF46F328BAD.d.62A94EF383605666B962BF930BEB4504.e.115"},{"element-6066-11e4-a52e-4f735466cecf":"f.B6B856A5E96CA97068775FF46F328BAD.d.62A94EF383605666B962BF930BEB4504.e.116"},{"element-6066-11e4-a52e-4f735466cecf":"f.B6B856A5E96CA97068775FF46F328BAD.d.62A94EF383605666B962BF930BEB4504.e.117"},{"element-6066-11e4-a52e-4f735466cecf":"f.B6B856A5E96CA97068775FF46F328BAD.d.62A94EF383605666B962BF930BEB4504.e.118"},{"element-6066-11e4-a52e-4f735466cecf":"f.B6B856A5E96CA97068775FF46F328BAD.d.62A94EF383605666B962BF930BEB4504.e.119"},{"element-6066-11e4-a52e-4f735466cecf":"f.B6B856A5E96CA97068775FF46F328BAD.d.62A94EF383605666B962BF930BEB4504.e.120"},{"element-6066-11e4-a52e-4f735466cecf":"f.B6B856A5E96CA97068775FF46F328BAD.d.62A94EF383605666B962BF930BEB4504.e.121"},{"element-6066-11e4-a52e-4f735466cecf":"f.B6B856A5E96CA97068775FF46F328BAD.d.62A94EF383605666B962BF930BEB4504.e.122"},{"element-6066-11e4-a52e-4f735466cecf":"f.B6B856A5E96CA97068775FF46F328BAD.d.62A94EF383605666B962BF930BEB4504.e.123"},{"element-6066-11e4-a52e-4f735466cecf":"f.B6B856A5E96CA97068775FF46F328BAD.d.62A94EF383605666B962BF930BEB4504.e.124"},{"element-6066-11e4-a52e-4f735466cecf":"f.B6B856A5E96CA97068775FF46F328BAD.d.62A94EF383605666B962BF930BEB4504.e.125"},{"element-6066-11e4-a52e-4f735466cecf":"f.B6B856A5E96CA97068775FF46F328BAD.d.62A94EF383605666B962BF930BEB4504.e.126"},{"element-6066-11e4-a52e-4f735466cecf":"f.B6B856A5E96CA97068775FF46F328BAD.d.62A94EF383605666B962BF930BEB4504.e.127"},{"element-6066-11e4-a52e-4f735466cecf":"f.B6B856A5E96CA97068775FF46F328BAD.d.62A94EF383605666B962BF930BEB4504.e.128"},{"element-6066-11e4-a52e-4f735466cecf":"f.B6B856A5E96CA97068775FF46F328BAD.d.62A94EF383605666B962BF930BEB4504.e.129"},{"element-6066-11e4-a52e-4f735466cecf":"f.B6B856A5E96CA97068775FF46F328BAD.d.62A94EF383605666B962BF930BEB4504.e.130"},{"element-6066-11e4-a52e-4f735466cecf":"f.B6B856A5E96CA97068775FF46F328BAD.d.62A94EF383605666B962BF930BEB4504.e.131"},{"element-6066-11e4-a52e-4f735466cecf":"f.B6B856A5E96CA97068775FF46F328BAD.d.62A94EF383605666B962BF930BEB4504.e.132"},{"element-6066-11e4-a52e-4f735466cecf":"f.B6B856A5E96CA97068775FF46F328BAD.d.62A94EF383605666B962BF930BEB4504.e.133"},{"element-6066-11e4-a52e-4f735466cecf":"f.B6B856A5E96CA97068775FF46F328BAD.d.62A94EF383605666B962BF930BEB4504.e.134"},{"element-6066-11e4-a52e-4f735466cecf":"f.B6B856A5E96CA97068775FF46F328BAD.d.62A94EF383605666B962BF930BEB4504.e.135"},{"element-6066-11e4-a52e-4f735466cecf":"f.B6B856A5E96CA97068775FF46F328BAD.d.62A94EF383605666B962BF930BEB4504.e.136"},{"element-6066-11e4-a52e-4f735466cecf":"f.B6B856A5E96CA97068775FF46F328BAD.d.62A94EF383605666B962BF930BEB4504.e.137"},{"element-6066-11e4-a52e-4f735466cecf":"f.B6B856A5E96CA97068775FF46F328BAD.d.62A94EF383605666B962BF930BEB4504.e.138"},{"element-6066-11e4-a52e-4f735466cecf":"f.B6B856A5E96CA97068775FF46F328BAD.d.62A94EF383605666B962BF930BEB4504.e.139"},{"element-6066-11e4-a52e-4f735466cecf":"f.B6B856A5E96CA97068775FF46F328BAD.d.62A94EF383605666B962BF930BEB4504.e.140"},{"element-6066-11e4-a52e-4f735466cecf":"f.B6B856A5E96CA97068775FF46F328BAD.d.62A94EF383605666B962BF930BEB4504.e.141"},{"element-6066-11e4-a52e-4f735466cecf":"f.B6B856A5E96CA97068775FF46F328BAD.d.62A94EF383605666B962BF930BEB4504.e.142"},{"element-6066-11e4-a52e-4f735466cecf":"f.B6B856A5E96CA97068775FF46F328BAD.d.62A94EF383605666B962BF930BEB4504.e.143"},{"element-6066-11e4-a52e-4f735466cecf":"f.B6B856A5E96CA97068775FF46F328BAD.d.62A94EF383605666B962BF930BEB4504.e.144"},{"element-6066-11e4-a52e-4f735466cecf":"f.B6B856A5E96CA97068775FF46F328BAD.d.62A94EF383605666B962BF930BEB4504.e.145"}]} | headers=HTTPHeaderDict({'Content-Length': '5321', 'Content-Type': 'application/json; charset=utf-8', 'cache-control': 'no-cache'})
2026-02-19 13:06:59,151 - selenium.webdriver.remote.remote_connection - DEBUG - Finished Request
2026-02-19 13:06:59,152 - scraper - INFO - Found 45 iframes on page
2026-02-19 13:06:59,152 - selenium.webdriver.remote.remote_connection - DEBUG - POST http://localhost:54611/session/dabde1846e78d210576d4fd8d1fad0d7/execute/sync {'script': '/* getAttribute */return (function(){return (function(){var d=this||self;function f(a,b){function c(...', 'args': [{'element-6066-11e4-a52e-4f735466cecf': 'f.B6B856A5E96CA97068775FF46F328BAD.d.62A94EF383605666B962BF930BEB4504.e.101'}, 'src']}
2026-02-19 13:06:59,167 - urllib3.connectionpool - DEBUG - http://localhost:54611 "POST /session/dabde1846e78d210576d4fd8d1fad0d7/execute/sync HTTP/1.1" 200 0
2026-02-19 13:06:59,168 - selenium.webdriver.remote.remote_connection - DEBUG - Remote response: status=200 | data={"value":"https://explore.dot.gov/views/FreightIndicators/ContainerShipCapacity?:embed=y&:showVizHome=no&:host_url=https%3A%2F%2Fexplore.dot.gov%2F&:embed_code_version=3&:tabs=no&:toolbar=yes&:showAppBanner=false&:display_spinner=no&:loadOrderID=0"} | headers=HTTPHeaderDict({'Content-Length': '249', 'Content-Type': 'application/json; charset=utf-8', 'cache-control': 'no-cache'})
2026-02-19 13:06:59,168 - selenium.webdriver.remote.remote_connection - DEBUG - Finished Request
2026-02-19 13:06:59,168 - scraper - INFO -   iframe[0]: https://explore.dot.gov/views/FreightIndicators/ContainerShipCapacity?:embed=y&:showVizHome=no&:host_url=https%3A%2F%2Fe
2026-02-19 13:06:59,168 - selenium.webdriver.remote.remote_connection - DEBUG - POST http://localhost:54611/session/dabde1846e78d210576d4fd8d1fad0d7/execute/sync {'script': '/* getAttribute */return (function(){return (function(){var d=this||self;function f(a,b){function c(...', 'args': [{'element-6066-11e4-a52e-4f735466cecf': 'f.B6B856A5E96CA97068775FF46F328BAD.d.62A94EF383605666B962BF930BEB4504.e.102'}, 'src']}
2026-02-19 13:06:59,186 - urllib3.connectionpool - DEBUG - http://localhost:54611 "POST /session/dabde1846e78d210576d4fd8d1fad0d7/execute/sync HTTP/1.1" 200 0
2026-02-19 13:06:59,187 - selenium.webdriver.remote.remote_connection - DEBUG - Remote response: status=200 | data={"value":"https://explore.dot.gov/views/FreightIndicators/LoadedImportContainers?:embed=y&:showVizHome=no&:host_url=https%3A%2F%2Fexplore.dot.gov%2F&:embed_code_version=3&:tabs=no&:toolbar=yes&:showAppBanner=false&:display_spinner=no&:loadOrderID=1"} | headers=HTTPHeaderDict({'Content-Length': '250', 'Content-Type': 'application/json; charset=utf-8', 'cache-control': 'no-cache'})
2026-02-19 13:06:59,187 - selenium.webdriver.remote.remote_connection - DEBUG - Finished Request
2026-02-19 13:06:59,187 - scraper - INFO -   iframe[1]: https://explore.dot.gov/views/FreightIndicators/LoadedImportContainers?:embed=y&:showVizHome=no&:host_url=https%3A%2F%2F
2026-02-19 13:06:59,187 - selenium.webdriver.remote.remote_connection - DEBUG - POST http://localhost:54611/session/dabde1846e78d210576d4fd8d1fad0d7/execute/sync {'script': '/* getAttribute */return (function(){return (function(){var d=this||self;function f(a,b){function c(...', 'args': [{'element-6066-11e4-a52e-4f735466cecf': 'f.B6B856A5E96CA97068775FF46F328BAD.d.62A94EF383605666B962BF930BEB4504.e.103'}, 'src']}
2026-02-19 13:06:59,208 - urllib3.connectionpool - DEBUG - http://localhost:54611 "POST /session/dabde1846e78d210576d4fd8d1fad0d7/execute/sync HTTP/1.1" 200 0
2026-02-19 13:06:59,209 - selenium.webdriver.remote.remote_connection - DEBUG - Remote response: status=200 | data={"value":"https://explore.dot.gov/views/FreightIndicators/LoadedExportContainers?:embed=y&:showVizHome=no&:host_url=https%3A%2F%2Fexplore.dot.gov%2F&:embed_code_version=3&:tabs=no&:toolbar=yes&:showAppBanner=false&:display_spinner=no&:loadOrderID=2"} | headers=HTTPHeaderDict({'Content-Length': '250', 'Content-Type': 'application/json; charset=utf-8', 'cache-control': 'no-cache'})
2026-02-19 13:06:59,209 - selenium.webdriver.remote.remote_connection - DEBUG - Finished Request
2026-02-19 13:06:59,210 - scraper - INFO -   iframe[2]: https://explore.dot.gov/views/FreightIndicators/LoadedExportContainers?:embed=y&:showVizHome=no&:host_url=https%3A%2F%2F
2026-02-19 13:06:59,210 - selenium.webdriver.remote.remote_connection - DEBUG - POST http://localhost:54611/session/dabde1846e78d210576d4fd8d1fad0d7/execute/sync {'script': '/* getAttribute */return (function(){return (function(){var d=this||self;function f(a,b){function c(...', 'args': [{'element-6066-11e4-a52e-4f735466cecf': 'f.B6B856A5E96CA97068775FF46F328BAD.d.62A94EF383605666B962BF930BEB4504.e.104'}, 'src']}
2026-02-19 13:06:59,232 - urllib3.connectionpool - DEBUG - http://localhost:54611 "POST /session/dabde1846e78d210576d4fd8d1fad0d7/execute/sync HTTP/1.1" 200 0
2026-02-19 13:06:59,232 - selenium.webdriver.remote.remote_connection - DEBUG - Remote response: status=200 | data={"value":"https://explore.dot.gov/views/FreightIndicators/EmptyExportContainers?:embed=y&:showVizHome=no&:host_url=https%3A%2F%2Fexplore.dot.gov%2F&:embed_code_version=3&:tabs=no&:toolbar=yes&:showAppBanner=false&:display_spinner=no&:loadOrderID=3"} | headers=HTTPHeaderDict({'Content-Length': '249', 'Content-Type': 'application/json; charset=utf-8', 'cache-control': 'no-cache'})
2026-02-19 13:06:59,232 - selenium.webdriver.remote.remote_connection - DEBUG - Finished Request
2026-02-19 13:06:59,232 - scraper - INFO -   iframe[3]: https://explore.dot.gov/views/FreightIndicators/EmptyExportContainers?:embed=y&:showVizHome=no&:host_url=https%3A%2F%2Fe
2026-02-19 13:06:59,233 - selenium.webdriver.remote.remote_connection - DEBUG - POST http://localhost:54611/session/dabde1846e78d210576d4fd8d1fad0d7/execute/sync {'script': '/* getAttribute */return (function(){return (function(){var d=this||self;function f(a,b){function c(...', 'args': [{'element-6066-11e4-a52e-4f735466cecf': 'f.B6B856A5E96CA97068775FF46F328BAD.d.62A94EF383605666B962BF930BEB4504.e.105'}, 'src']}
2026-02-19 13:06:59,246 - urllib3.connectionpool - DEBUG - http://localhost:54611 "POST /session/dabde1846e78d210576d4fd8d1fad0d7/execute/sync HTTP/1.1" 200 0
2026-02-19 13:06:59,246 - selenium.webdriver.remote.remote_connection - DEBUG - Remote response: status=200 | data={"value":"https://explore.dot.gov/views/FreightIndicators/EmptyExportContainersbyyear?:embed=y&:showVizHome=no&:host_url=https%3A%2F%2Fexplore.dot.gov%2F&:embed_code_version=3&:tabs=no&:toolbar=yes&:showAppBanner=false&:display_spinner=no&:loadOrderID=4"} | headers=HTTPHeaderDict({'Content-Length': '255', 'Content-Type': 'application/json; charset=utf-8', 'cache-control': 'no-cache'})
2026-02-19 13:06:59,247 - selenium.webdriver.remote.remote_connection - DEBUG - Finished Request
2026-02-19 13:06:59,247 - scraper - INFO -   iframe[4]: https://explore.dot.gov/views/FreightIndicators/EmptyExportContainersbyyear?:embed=y&:showVizHome=no&:host_url=https%3A%
2026-02-19 13:06:59,247 - selenium.webdriver.remote.remote_connection - DEBUG - POST http://localhost:54611/session/dabde1846e78d210576d4fd8d1fad0d7/execute/sync {'script': '/* getAttribute */return (function(){return (function(){var d=this||self;function f(a,b){function c(...', 'args': [{'element-6066-11e4-a52e-4f735466cecf': 'f.B6B856A5E96CA97068775FF46F328BAD.d.62A94EF383605666B962BF930BEB4504.e.106'}, 'src']}
2026-02-19 13:06:59,259 - urllib3.connectionpool - DEBUG - http://localhost:54611 "POST /session/dabde1846e78d210576d4fd8d1fad0d7/execute/sync HTTP/1.1" 200 0
2026-02-19 13:06:59,259 - selenium.webdriver.remote.remote_connection - DEBUG - Remote response: status=200 | data={"value":""} | headers=HTTPHeaderDict({'Content-Length': '12', 'Content-Type': 'application/json; charset=utf-8', 'cache-control': 'no-cache'})
2026-02-19 13:06:59,259 - selenium.webdriver.remote.remote_connection - DEBUG - Finished Request
2026-02-19 13:06:59,259 - selenium.webdriver.remote.remote_connection - DEBUG - POST http://localhost:54611/session/dabde1846e78d210576d4fd8d1fad0d7/execute/sync {'script': '/* getAttribute */return (function(){return (function(){var d=this||self;function f(a,b){function c(...', 'args': [{'element-6066-11e4-a52e-4f735466cecf': 'f.B6B856A5E96CA97068775FF46F328BAD.d.62A94EF383605666B962BF930BEB4504.e.107'}, 'src']}
2026-02-19 13:06:59,280 - urllib3.connectionpool - DEBUG - http://localhost:54611 "POST /session/dabde1846e78d210576d4fd8d1fad0d7/execute/sync HTTP/1.1" 200 0
2026-02-19 13:06:59,280 - selenium.webdriver.remote.remote_connection - DEBUG - Remote response: status=200 | data={"value":""} | headers=HTTPHeaderDict({'Content-Length': '12', 'Content-Type': 'application/json; charset=utf-8', 'cache-control': 'no-cache'})
2026-02-19 13:06:59,281 - selenium.webdriver.remote.remote_connection - DEBUG - Finished Request
2026-02-19 13:06:59,281 - selenium.webdriver.remote.remote_connection - DEBUG - POST http://localhost:54611/session/dabde1846e78d210576d4fd8d1fad0d7/execute/sync {'script': '/* getAttribute */return (function(){return (function(){var d=this||self;function f(a,b){function c(...', 'args': [{'element-6066-11e4-a52e-4f735466cecf': 'f.B6B856A5E96CA97068775FF46F328BAD.d.62A94EF383605666B962BF930BEB4504.e.108'}, 'src']}
2026-02-19 13:06:59,297 - urllib3.connectionpool - DEBUG - http://localhost:54611 "POST /session/dabde1846e78d210576d4fd8d1fad0d7/execute/sync HTTP/1.1" 200 0
2026-02-19 13:06:59,298 - selenium.webdriver.remote.remote_connection - DEBUG - Remote response: status=200 | data={"value":""} | headers=HTTPHeaderDict({'Content-Length': '12', 'Content-Type': 'application/json; charset=utf-8', 'cache-control': 'no-cache'})
2026-02-19 13:06:59,298 - selenium.webdriver.remote.remote_connection - DEBUG - Finished Request
2026-02-19 13:06:59,298 - selenium.webdriver.remote.remote_connection - DEBUG - POST http://localhost:54611/session/dabde1846e78d210576d4fd8d1fad0d7/execute/sync {'script': '/* getAttribute */return (function(){return (function(){var d=this||self;function f(a,b){function c(...', 'args': [{'element-6066-11e4-a52e-4f735466cecf': 'f.B6B856A5E96CA97068775FF46F328BAD.d.62A94EF383605666B962BF930BEB4504.e.109'}, 'src']}
2026-02-19 13:06:59,320 - urllib3.connectionpool - DEBUG - http://localhost:54611 "POST /session/dabde1846e78d210576d4fd8d1fad0d7/execute/sync HTTP/1.1" 200 0
2026-02-19 13:06:59,320 - selenium.webdriver.remote.remote_connection - DEBUG - Remote response: status=200 | data={"value":""} | headers=HTTPHeaderDict({'Content-Length': '12', 'Content-Type': 'application/json; charset=utf-8', 'cache-control': 'no-cache'})
2026-02-19 13:06:59,320 - selenium.webdriver.remote.remote_connection - DEBUG - Finished Request
2026-02-19 13:06:59,321 - selenium.webdriver.remote.remote_connection - DEBUG - POST http://localhost:54611/session/dabde1846e78d210576d4fd8d1fad0d7/execute/sync {'script': '/* getAttribute */return (function(){return (function(){var d=this||self;function f(a,b){function c(...', 'args': [{'element-6066-11e4-a52e-4f735466cecf': 'f.B6B856A5E96CA97068775FF46F328BAD.d.62A94EF383605666B962BF930BEB4504.e.110'}, 'src']}
2026-02-19 13:06:59,351 - urllib3.connectionpool - DEBUG - http://localhost:54611 "POST /session/dabde1846e78d210576d4fd8d1fad0d7/execute/sync HTTP/1.1" 200 0
2026-02-19 13:06:59,352 - selenium.webdriver.remote.remote_connection - DEBUG - Remote response: status=200 | data={"value":""} | headers=HTTPHeaderDict({'Content-Length': '12', 'Content-Type': 'application/json; charset=utf-8', 'cache-control': 'no-cache'})
2026-02-19 13:06:59,352 - selenium.webdriver.remote.remote_connection - DEBUG - Finished Request
2026-02-19 13:06:59,352 - selenium.webdriver.remote.remote_connection - DEBUG - POST http://localhost:54611/session/dabde1846e78d210576d4fd8d1fad0d7/execute/sync {'script': '/* getAttribute */return (function(){return (function(){var d=this||self;function f(a,b){function c(...', 'args': [{'element-6066-11e4-a52e-4f735466cecf': 'f.B6B856A5E96CA97068775FF46F328BAD.d.62A94EF383605666B962BF930BEB4504.e.111'}, 'src']}
2026-02-19 13:06:59,370 - urllib3.connectionpool - DEBUG - http://localhost:54611 "POST /session/dabde1846e78d210576d4fd8d1fad0d7/execute/sync HTTP/1.1" 200 0
2026-02-19 13:06:59,370 - selenium.webdriver.remote.remote_connection - DEBUG - Remote response: status=200 | data={"value":""} | headers=HTTPHeaderDict({'Content-Length': '12', 'Content-Type': 'application/json; charset=utf-8', 'cache-control': 'no-cache'})
2026-02-19 13:06:59,370 - selenium.webdriver.remote.remote_connection - DEBUG - Finished Request
2026-02-19 13:06:59,370 - selenium.webdriver.remote.remote_connection - DEBUG - POST http://localhost:54611/session/dabde1846e78d210576d4fd8d1fad0d7/execute/sync {'script': '/* getAttribute */return (function(){return (function(){var d=this||self;function f(a,b){function c(...', 'args': [{'element-6066-11e4-a52e-4f735466cecf': 'f.B6B856A5E96CA97068775FF46F328BAD.d.62A94EF383605666B962BF930BEB4504.e.112'}, 'src']}
2026-02-19 13:06:59,385 - urllib3.connectionpool - DEBUG - http://localhost:54611 "POST /session/dabde1846e78d210576d4fd8d1fad0d7/execute/sync HTTP/1.1" 200 0
2026-02-19 13:06:59,385 - selenium.webdriver.remote.remote_connection - DEBUG - Remote response: status=200 | data={"value":""} | headers=HTTPHeaderDict({'Content-Length': '12', 'Content-Type': 'application/json; charset=utf-8', 'cache-control': 'no-cache'})
2026-02-19 13:06:59,385 - selenium.webdriver.remote.remote_connection - DEBUG - Finished Request
2026-02-19 13:06:59,385 - selenium.webdriver.remote.remote_connection - DEBUG - POST http://localhost:54611/session/dabde1846e78d210576d4fd8d1fad0d7/execute/sync {'script': '/* getAttribute */return (function(){return (function(){var d=this||self;function f(a,b){function c(...', 'args': [{'element-6066-11e4-a52e-4f735466cecf': 'f.B6B856A5E96CA97068775FF46F328BAD.d.62A94EF383605666B962BF930BEB4504.e.113'}, 'src']}
2026-02-19 13:06:59,399 - urllib3.connectionpool - DEBUG - http://localhost:54611 "POST /session/dabde1846e78d210576d4fd8d1fad0d7/execute/sync HTTP/1.1" 200 0
2026-02-19 13:06:59,399 - selenium.webdriver.remote.remote_connection - DEBUG - Remote response: status=200 | data={"value":""} | headers=HTTPHeaderDict({'Content-Length': '12', 'Content-Type': 'application/json; charset=utf-8', 'cache-control': 'no-cache'})
2026-02-19 13:06:59,399 - selenium.webdriver.remote.remote_connection - DEBUG - Finished Request
2026-02-19 13:06:59,399 - selenium.webdriver.remote.remote_connection - DEBUG - POST http://localhost:54611/session/dabde1846e78d210576d4fd8d1fad0d7/execute/sync {'script': '/* getAttribute */return (function(){return (function(){var d=this||self;function f(a,b){function c(...', 'args': [{'element-6066-11e4-a52e-4f735466cecf': 'f.B6B856A5E96CA97068775FF46F328BAD.d.62A94EF383605666B962BF930BEB4504.e.114'}, 'src']}
2026-02-19 13:06:59,412 - urllib3.connectionpool - DEBUG - http://localhost:54611 "POST /session/dabde1846e78d210576d4fd8d1fad0d7/execute/sync HTTP/1.1" 200 0
2026-02-19 13:06:59,412 - selenium.webdriver.remote.remote_connection - DEBUG - Remote response: status=200 | data={"value":""} | headers=HTTPHeaderDict({'Content-Length': '12', 'Content-Type': 'application/json; charset=utf-8', 'cache-control': 'no-cache'})
2026-02-19 13:06:59,412 - selenium.webdriver.remote.remote_connection - DEBUG - Finished Request
2026-02-19 13:06:59,412 - selenium.webdriver.remote.remote_connection - DEBUG - POST http://localhost:54611/session/dabde1846e78d210576d4fd8d1fad0d7/execute/sync {'script': '/* getAttribute */return (function(){return (function(){var d=this||self;function f(a,b){function c(...', 'args': [{'element-6066-11e4-a52e-4f735466cecf': 'f.B6B856A5E96CA97068775FF46F328BAD.d.62A94EF383605666B962BF930BEB4504.e.115'}, 'src']}
2026-02-19 13:06:59,419 - urllib3.connectionpool - DEBUG - http://localhost:54611 "POST /session/dabde1846e78d210576d4fd8d1fad0d7/execute/sync HTTP/1.1" 200 0
2026-02-19 13:06:59,419 - selenium.webdriver.remote.remote_connection - DEBUG - Remote response: status=200 | data={"value":""} | headers=HTTPHeaderDict({'Content-Length': '12', 'Content-Type': 'application/json; charset=utf-8', 'cache-control': 'no-cache'})
2026-02-19 13:06:59,420 - selenium.webdriver.remote.remote_connection - DEBUG - Finished Request
2026-02-19 13:06:59,420 - selenium.webdriver.remote.remote_connection - DEBUG - POST http://localhost:54611/session/dabde1846e78d210576d4fd8d1fad0d7/execute/sync {'script': '/* getAttribute */return (function(){return (function(){var d=this||self;function f(a,b){function c(...', 'args': [{'element-6066-11e4-a52e-4f735466cecf': 'f.B6B856A5E96CA97068775FF46F328BAD.d.62A94EF383605666B962BF930BEB4504.e.116'}, 'src']}
2026-02-19 13:06:59,430 - urllib3.connectionpool - DEBUG - http://localhost:54611 "POST /session/dabde1846e78d210576d4fd8d1fad0d7/execute/sync HTTP/1.1" 200 0
2026-02-19 13:06:59,430 - selenium.webdriver.remote.remote_connection - DEBUG - Remote response: status=200 | data={"value":""} | headers=HTTPHeaderDict({'Content-Length': '12', 'Content-Type': 'application/json; charset=utf-8', 'cache-control': 'no-cache'})
2026-02-19 13:06:59,430 - selenium.webdriver.remote.remote_connection - DEBUG - Finished Request
2026-02-19 13:06:59,431 - selenium.webdriver.remote.remote_connection - DEBUG - POST http://localhost:54611/session/dabde1846e78d210576d4fd8d1fad0d7/execute/sync {'script': '/* getAttribute */return (function(){return (function(){var d=this||self;function f(a,b){function c(...', 'args': [{'element-6066-11e4-a52e-4f735466cecf': 'f.B6B856A5E96CA97068775FF46F328BAD.d.62A94EF383605666B962BF930BEB4504.e.117'}, 'src']}
2026-02-19 13:06:59,438 - urllib3.connectionpool - DEBUG - http://localhost:54611 "POST /session/dabde1846e78d210576d4fd8d1fad0d7/execute/sync HTTP/1.1" 200 0
2026-02-19 13:06:59,439 - selenium.webdriver.remote.remote_connection - DEBUG - Remote response: status=200 | data={"value":""} | headers=HTTPHeaderDict({'Content-Length': '12', 'Content-Type': 'application/json; charset=utf-8', 'cache-control': 'no-cache'})
2026-02-19 13:06:59,439 - selenium.webdriver.remote.remote_connection - DEBUG - Finished Request
2026-02-19 13:06:59,440 - selenium.webdriver.remote.remote_connection - DEBUG - POST http://localhost:54611/session/dabde1846e78d210576d4fd8d1fad0d7/execute/sync {'script': '/* getAttribute */return (function(){return (function(){var d=this||self;function f(a,b){function c(...', 'args': [{'element-6066-11e4-a52e-4f735466cecf': 'f.B6B856A5E96CA97068775FF46F328BAD.d.62A94EF383605666B962BF930BEB4504.e.118'}, 'src']}
2026-02-19 13:06:59,451 - urllib3.connectionpool - DEBUG - http://localhost:54611 "POST /session/dabde1846e78d210576d4fd8d1fad0d7/execute/sync HTTP/1.1" 200 0
2026-02-19 13:06:59,452 - selenium.webdriver.remote.remote_connection - DEBUG - Remote response: status=200 | data={"value":""} | headers=HTTPHeaderDict({'Content-Length': '12', 'Content-Type': 'application/json; charset=utf-8', 'cache-control': 'no-cache'})
2026-02-19 13:06:59,452 - selenium.webdriver.remote.remote_connection - DEBUG - Finished Request
2026-02-19 13:06:59,452 - selenium.webdriver.remote.remote_connection - DEBUG - POST http://localhost:54611/session/dabde1846e78d210576d4fd8d1fad0d7/execute/sync {'script': '/* getAttribute */return (function(){return (function(){var d=this||self;function f(a,b){function c(...', 'args': [{'element-6066-11e4-a52e-4f735466cecf': 'f.B6B856A5E96CA97068775FF46F328BAD.d.62A94EF383605666B962BF930BEB4504.e.119'}, 'src']}
2026-02-19 13:06:59,463 - urllib3.connectionpool - DEBUG - http://localhost:54611 "POST /session/dabde1846e78d210576d4fd8d1fad0d7/execute/sync HTTP/1.1" 200 0
2026-02-19 13:06:59,463 - selenium.webdriver.remote.remote_connection - DEBUG - Remote response: status=200 | data={"value":""} | headers=HTTPHeaderDict({'Content-Length': '12', 'Content-Type': 'application/json; charset=utf-8', 'cache-control': 'no-cache'})
2026-02-19 13:06:59,463 - selenium.webdriver.remote.remote_connection - DEBUG - Finished Request
2026-02-19 13:06:59,464 - selenium.webdriver.remote.remote_connection - DEBUG - POST http://localhost:54611/session/dabde1846e78d210576d4fd8d1fad0d7/execute/sync {'script': '/* getAttribute */return (function(){return (function(){var d=this||self;function f(a,b){function c(...', 'args': [{'element-6066-11e4-a52e-4f735466cecf': 'f.B6B856A5E96CA97068775FF46F328BAD.d.62A94EF383605666B962BF930BEB4504.e.120'}, 'src']}
2026-02-19 13:06:59,471 - urllib3.connectionpool - DEBUG - http://localhost:54611 "POST /session/dabde1846e78d210576d4fd8d1fad0d7/execute/sync HTTP/1.1" 200 0
2026-02-19 13:06:59,471 - selenium.webdriver.remote.remote_connection - DEBUG - Remote response: status=200 | data={"value":""} | headers=HTTPHeaderDict({'Content-Length': '12', 'Content-Type': 'application/json; charset=utf-8', 'cache-control': 'no-cache'})
2026-02-19 13:06:59,471 - selenium.webdriver.remote.remote_connection - DEBUG - Finished Request
2026-02-19 13:06:59,471 - selenium.webdriver.remote.remote_connection - DEBUG - POST http://localhost:54611/session/dabde1846e78d210576d4fd8d1fad0d7/execute/sync {'script': '/* getAttribute */return (function(){return (function(){var d=this||self;function f(a,b){function c(...', 'args': [{'element-6066-11e4-a52e-4f735466cecf': 'f.B6B856A5E96CA97068775FF46F328BAD.d.62A94EF383605666B962BF930BEB4504.e.121'}, 'src']}
2026-02-19 13:06:59,482 - urllib3.connectionpool - DEBUG - http://localhost:54611 "POST /session/dabde1846e78d210576d4fd8d1fad0d7/execute/sync HTTP/1.1" 200 0
2026-02-19 13:06:59,482 - selenium.webdriver.remote.remote_connection - DEBUG - Remote response: status=200 | data={"value":""} | headers=HTTPHeaderDict({'Content-Length': '12', 'Content-Type': 'application/json; charset=utf-8', 'cache-control': 'no-cache'})
2026-02-19 13:06:59,482 - selenium.webdriver.remote.remote_connection - DEBUG - Finished Request
2026-02-19 13:06:59,483 - selenium.webdriver.remote.remote_connection - DEBUG - POST http://localhost:54611/session/dabde1846e78d210576d4fd8d1fad0d7/execute/sync {'script': '/* getAttribute */return (function(){return (function(){var d=this||self;function f(a,b){function c(...', 'args': [{'element-6066-11e4-a52e-4f735466cecf': 'f.B6B856A5E96CA97068775FF46F328BAD.d.62A94EF383605666B962BF930BEB4504.e.122'}, 'src']}
2026-02-19 13:06:59,489 - urllib3.connectionpool - DEBUG - http://localhost:54611 "POST /session/dabde1846e78d210576d4fd8d1fad0d7/execute/sync HTTP/1.1" 200 0
2026-02-19 13:06:59,490 - selenium.webdriver.remote.remote_connection - DEBUG - Remote response: status=200 | data={"value":""} | headers=HTTPHeaderDict({'Content-Length': '12', 'Content-Type': 'application/json; charset=utf-8', 'cache-control': 'no-cache'})
2026-02-19 13:06:59,490 - selenium.webdriver.remote.remote_connection - DEBUG - Finished Request
2026-02-19 13:06:59,490 - selenium.webdriver.remote.remote_connection - DEBUG - POST http://localhost:54611/session/dabde1846e78d210576d4fd8d1fad0d7/execute/sync {'script': '/* getAttribute */return (function(){return (function(){var d=this||self;function f(a,b){function c(...', 'args': [{'element-6066-11e4-a52e-4f735466cecf': 'f.B6B856A5E96CA97068775FF46F328BAD.d.62A94EF383605666B962BF930BEB4504.e.123'}, 'src']}
2026-02-19 13:06:59,506 - urllib3.connectionpool - DEBUG - http://localhost:54611 "POST /session/dabde1846e78d210576d4fd8d1fad0d7/execute/sync HTTP/1.1" 200 0
2026-02-19 13:06:59,507 - selenium.webdriver.remote.remote_connection - DEBUG - Remote response: status=200 | data={"value":""} | headers=HTTPHeaderDict({'Content-Length': '12', 'Content-Type': 'application/json; charset=utf-8', 'cache-control': 'no-cache'})
2026-02-19 13:06:59,507 - selenium.webdriver.remote.remote_connection - DEBUG - Finished Request
2026-02-19 13:06:59,509 - selenium.webdriver.remote.remote_connection - DEBUG - POST http://localhost:54611/session/dabde1846e78d210576d4fd8d1fad0d7/execute/sync {'script': '/* getAttribute */return (function(){return (function(){var d=this||self;function f(a,b){function c(...', 'args': [{'element-6066-11e4-a52e-4f735466cecf': 'f.B6B856A5E96CA97068775FF46F328BAD.d.62A94EF383605666B962BF930BEB4504.e.124'}, 'src']}
2026-02-19 13:06:59,545 - urllib3.connectionpool - DEBUG - http://localhost:54611 "POST /session/dabde1846e78d210576d4fd8d1fad0d7/execute/sync HTTP/1.1" 200 0
2026-02-19 13:06:59,545 - selenium.webdriver.remote.remote_connection - DEBUG - Remote response: status=200 | data={"value":""} | headers=HTTPHeaderDict({'Content-Length': '12', 'Content-Type': 'application/json; charset=utf-8', 'cache-control': 'no-cache'})
2026-02-19 13:06:59,545 - selenium.webdriver.remote.remote_connection - DEBUG - Finished Request
2026-02-19 13:06:59,546 - selenium.webdriver.remote.remote_connection - DEBUG - POST http://localhost:54611/session/dabde1846e78d210576d4fd8d1fad0d7/execute/sync {'script': '/* getAttribute */return (function(){return (function(){var d=this||self;function f(a,b){function c(...', 'args': [{'element-6066-11e4-a52e-4f735466cecf': 'f.B6B856A5E96CA97068775FF46F328BAD.d.62A94EF383605666B962BF930BEB4504.e.125'}, 'src']}
2026-02-19 13:06:59,566 - urllib3.connectionpool - DEBUG - http://localhost:54611 "POST /session/dabde1846e78d210576d4fd8d1fad0d7/execute/sync HTTP/1.1" 200 0
2026-02-19 13:06:59,566 - selenium.webdriver.remote.remote_connection - DEBUG - Remote response: status=200 | data={"value":""} | headers=HTTPHeaderDict({'Content-Length': '12', 'Content-Type': 'application/json; charset=utf-8', 'cache-control': 'no-cache'})
2026-02-19 13:06:59,566 - selenium.webdriver.remote.remote_connection - DEBUG - Finished Request
2026-02-19 13:06:59,567 - selenium.webdriver.remote.remote_connection - DEBUG - POST http://localhost:54611/session/dabde1846e78d210576d4fd8d1fad0d7/execute/sync {'script': '/* getAttribute */return (function(){return (function(){var d=this||self;function f(a,b){function c(...', 'args': [{'element-6066-11e4-a52e-4f735466cecf': 'f.B6B856A5E96CA97068775FF46F328BAD.d.62A94EF383605666B962BF930BEB4504.e.126'}, 'src']}
2026-02-19 13:06:59,585 - urllib3.connectionpool - DEBUG - http://localhost:54611 "POST /session/dabde1846e78d210576d4fd8d1fad0d7/execute/sync HTTP/1.1" 200 0
2026-02-19 13:06:59,585 - selenium.webdriver.remote.remote_connection - DEBUG - Remote response: status=200 | data={"value":""} | headers=HTTPHeaderDict({'Content-Length': '12', 'Content-Type': 'application/json; charset=utf-8', 'cache-control': 'no-cache'})
2026-02-19 13:06:59,585 - selenium.webdriver.remote.remote_connection - DEBUG - Finished Request
2026-02-19 13:06:59,586 - selenium.webdriver.remote.remote_connection - DEBUG - POST http://localhost:54611/session/dabde1846e78d210576d4fd8d1fad0d7/execute/sync {'script': '/* getAttribute */return (function(){return (function(){var d=this||self;function f(a,b){function c(...', 'args': [{'element-6066-11e4-a52e-4f735466cecf': 'f.B6B856A5E96CA97068775FF46F328BAD.d.62A94EF383605666B962BF930BEB4504.e.127'}, 'src']}
2026-02-19 13:06:59,604 - urllib3.connectionpool - DEBUG - http://localhost:54611 "POST /session/dabde1846e78d210576d4fd8d1fad0d7/execute/sync HTTP/1.1" 200 0
2026-02-19 13:06:59,604 - selenium.webdriver.remote.remote_connection - DEBUG - Remote response: status=200 | data={"value":""} | headers=HTTPHeaderDict({'Content-Length': '12', 'Content-Type': 'application/json; charset=utf-8', 'cache-control': 'no-cache'})
2026-02-19 13:06:59,605 - selenium.webdriver.remote.remote_connection - DEBUG - Finished Request
2026-02-19 13:06:59,605 - selenium.webdriver.remote.remote_connection - DEBUG - POST http://localhost:54611/session/dabde1846e78d210576d4fd8d1fad0d7/execute/sync {'script': '/* getAttribute */return (function(){return (function(){var d=this||self;function f(a,b){function c(...', 'args': [{'element-6066-11e4-a52e-4f735466cecf': 'f.B6B856A5E96CA97068775FF46F328BAD.d.62A94EF383605666B962BF930BEB4504.e.128'}, 'src']}
2026-02-19 13:06:59,622 - urllib3.connectionpool - DEBUG - http://localhost:54611 "POST /session/dabde1846e78d210576d4fd8d1fad0d7/execute/sync HTTP/1.1" 200 0
2026-02-19 13:06:59,622 - selenium.webdriver.remote.remote_connection - DEBUG - Remote response: status=200 | data={"value":""} | headers=HTTPHeaderDict({'Content-Length': '12', 'Content-Type': 'application/json; charset=utf-8', 'cache-control': 'no-cache'})
2026-02-19 13:06:59,622 - selenium.webdriver.remote.remote_connection - DEBUG - Finished Request
2026-02-19 13:06:59,623 - selenium.webdriver.remote.remote_connection - DEBUG - POST http://localhost:54611/session/dabde1846e78d210576d4fd8d1fad0d7/execute/sync {'script': '/* getAttribute */return (function(){return (function(){var d=this||self;function f(a,b){function c(...', 'args': [{'element-6066-11e4-a52e-4f735466cecf': 'f.B6B856A5E96CA97068775FF46F328BAD.d.62A94EF383605666B962BF930BEB4504.e.129'}, 'src']}
2026-02-19 13:06:59,652 - urllib3.connectionpool - DEBUG - http://localhost:54611 "POST /session/dabde1846e78d210576d4fd8d1fad0d7/execute/sync HTTP/1.1" 200 0
2026-02-19 13:06:59,652 - selenium.webdriver.remote.remote_connection - DEBUG - Remote response: status=200 | data={"value":""} | headers=HTTPHeaderDict({'Content-Length': '12', 'Content-Type': 'application/json; charset=utf-8', 'cache-control': 'no-cache'})
2026-02-19 13:06:59,652 - selenium.webdriver.remote.remote_connection - DEBUG - Finished Request
2026-02-19 13:06:59,653 - selenium.webdriver.remote.remote_connection - DEBUG - POST http://localhost:54611/session/dabde1846e78d210576d4fd8d1fad0d7/execute/sync {'script': '/* getAttribute */return (function(){return (function(){var d=this||self;function f(a,b){function c(...', 'args': [{'element-6066-11e4-a52e-4f735466cecf': 'f.B6B856A5E96CA97068775FF46F328BAD.d.62A94EF383605666B962BF930BEB4504.e.130'}, 'src']}
2026-02-19 13:06:59,673 - urllib3.connectionpool - DEBUG - http://localhost:54611 "POST /session/dabde1846e78d210576d4fd8d1fad0d7/execute/sync HTTP/1.1" 200 0
2026-02-19 13:06:59,674 - selenium.webdriver.remote.remote_connection - DEBUG - Remote response: status=200 | data={"value":""} | headers=HTTPHeaderDict({'Content-Length': '12', 'Content-Type': 'application/json; charset=utf-8', 'cache-control': 'no-cache'})
2026-02-19 13:06:59,674 - selenium.webdriver.remote.remote_connection - DEBUG - Finished Request
2026-02-19 13:06:59,674 - selenium.webdriver.remote.remote_connection - DEBUG - POST http://localhost:54611/session/dabde1846e78d210576d4fd8d1fad0d7/execute/sync {'script': '/* getAttribute */return (function(){return (function(){var d=this||self;function f(a,b){function c(...', 'args': [{'element-6066-11e4-a52e-4f735466cecf': 'f.B6B856A5E96CA97068775FF46F328BAD.d.62A94EF383605666B962BF930BEB4504.e.131'}, 'src']}
2026-02-19 13:06:59,698 - urllib3.connectionpool - DEBUG - http://localhost:54611 "POST /session/dabde1846e78d210576d4fd8d1fad0d7/execute/sync HTTP/1.1" 200 0
2026-02-19 13:06:59,699 - selenium.webdriver.remote.remote_connection - DEBUG - Remote response: status=200 | data={"value":""} | headers=HTTPHeaderDict({'Content-Length': '12', 'Content-Type': 'application/json; charset=utf-8', 'cache-control': 'no-cache'})
2026-02-19 13:06:59,699 - selenium.webdriver.remote.remote_connection - DEBUG - Finished Request
2026-02-19 13:06:59,700 - selenium.webdriver.remote.remote_connection - DEBUG - POST http://localhost:54611/session/dabde1846e78d210576d4fd8d1fad0d7/execute/sync {'script': '/* getAttribute */return (function(){return (function(){var d=this||self;function f(a,b){function c(...', 'args': [{'element-6066-11e4-a52e-4f735466cecf': 'f.B6B856A5E96CA97068775FF46F328BAD.d.62A94EF383605666B962BF930BEB4504.e.132'}, 'src']}
2026-02-19 13:06:59,719 - urllib3.connectionpool - DEBUG - http://localhost:54611 "POST /session/dabde1846e78d210576d4fd8d1fad0d7/execute/sync HTTP/1.1" 200 0
2026-02-19 13:06:59,720 - selenium.webdriver.remote.remote_connection - DEBUG - Remote response: status=200 | data={"value":""} | headers=HTTPHeaderDict({'Content-Length': '12', 'Content-Type': 'application/json; charset=utf-8', 'cache-control': 'no-cache'})
2026-02-19 13:06:59,720 - selenium.webdriver.remote.remote_connection - DEBUG - Finished Request
2026-02-19 13:06:59,720 - selenium.webdriver.remote.remote_connection - DEBUG - POST http://localhost:54611/session/dabde1846e78d210576d4fd8d1fad0d7/execute/sync {'script': '/* getAttribute */return (function(){return (function(){var d=this||self;function f(a,b){function c(...', 'args': [{'element-6066-11e4-a52e-4f735466cecf': 'f.B6B856A5E96CA97068775FF46F328BAD.d.62A94EF383605666B962BF930BEB4504.e.133'}, 'src']}
2026-02-19 13:06:59,751 - urllib3.connectionpool - DEBUG - http://localhost:54611 "POST /session/dabde1846e78d210576d4fd8d1fad0d7/execute/sync HTTP/1.1" 200 0
2026-02-19 13:06:59,751 - selenium.webdriver.remote.remote_connection - DEBUG - Remote response: status=200 | data={"value":""} | headers=HTTPHeaderDict({'Content-Length': '12', 'Content-Type': 'application/json; charset=utf-8', 'cache-control': 'no-cache'})
2026-02-19 13:06:59,752 - selenium.webdriver.remote.remote_connection - DEBUG - Finished Request
2026-02-19 13:06:59,752 - selenium.webdriver.remote.remote_connection - DEBUG - POST http://localhost:54611/session/dabde1846e78d210576d4fd8d1fad0d7/execute/sync {'script': '/* getAttribute */return (function(){return (function(){var d=this||self;function f(a,b){function c(...', 'args': [{'element-6066-11e4-a52e-4f735466cecf': 'f.B6B856A5E96CA97068775FF46F328BAD.d.62A94EF383605666B962BF930BEB4504.e.134'}, 'src']}
2026-02-19 13:06:59,818 - urllib3.connectionpool - DEBUG - http://localhost:54611 "POST /session/dabde1846e78d210576d4fd8d1fad0d7/execute/sync HTTP/1.1" 200 0
2026-02-19 13:06:59,818 - selenium.webdriver.remote.remote_connection - DEBUG - Remote response: status=200 | data={"value":""} | headers=HTTPHeaderDict({'Content-Length': '12', 'Content-Type': 'application/json; charset=utf-8', 'cache-control': 'no-cache'})
2026-02-19 13:06:59,819 - selenium.webdriver.remote.remote_connection - DEBUG - Finished Request
2026-02-19 13:06:59,819 - selenium.webdriver.remote.remote_connection - DEBUG - POST http://localhost:54611/session/dabde1846e78d210576d4fd8d1fad0d7/execute/sync {'script': '/* getAttribute */return (function(){return (function(){var d=this||self;function f(a,b){function c(...', 'args': [{'element-6066-11e4-a52e-4f735466cecf': 'f.B6B856A5E96CA97068775FF46F328BAD.d.62A94EF383605666B962BF930BEB4504.e.135'}, 'src']}
2026-02-19 13:06:59,917 - urllib3.connectionpool - DEBUG - http://localhost:54611 "POST /session/dabde1846e78d210576d4fd8d1fad0d7/execute/sync HTTP/1.1" 200 0
2026-02-19 13:06:59,918 - selenium.webdriver.remote.remote_connection - DEBUG - Remote response: status=200 | data={"value":""} | headers=HTTPHeaderDict({'Content-Length': '12', 'Content-Type': 'application/json; charset=utf-8', 'cache-control': 'no-cache'})
2026-02-19 13:06:59,918 - selenium.webdriver.remote.remote_connection - DEBUG - Finished Request
2026-02-19 13:06:59,918 - selenium.webdriver.remote.remote_connection - DEBUG - POST http://localhost:54611/session/dabde1846e78d210576d4fd8d1fad0d7/execute/sync {'script': '/* getAttribute */return (function(){return (function(){var d=this||self;function f(a,b){function c(...', 'args': [{'element-6066-11e4-a52e-4f735466cecf': 'f.B6B856A5E96CA97068775FF46F328BAD.d.62A94EF383605666B962BF930BEB4504.e.136'}, 'src']}
2026-02-19 13:06:59,996 - urllib3.connectionpool - DEBUG - http://localhost:54611 "POST /session/dabde1846e78d210576d4fd8d1fad0d7/execute/sync HTTP/1.1" 200 0
2026-02-19 13:06:59,996 - selenium.webdriver.remote.remote_connection - DEBUG - Remote response: status=200 | data={"value":""} | headers=HTTPHeaderDict({'Content-Length': '12', 'Content-Type': 'application/json; charset=utf-8', 'cache-control': 'no-cache'})
2026-02-19 13:06:59,996 - selenium.webdriver.remote.remote_connection - DEBUG - Finished Request
2026-02-19 13:06:59,997 - selenium.webdriver.remote.remote_connection - DEBUG - POST http://localhost:54611/session/dabde1846e78d210576d4fd8d1fad0d7/execute/sync {'script': '/* getAttribute */return (function(){return (function(){var d=this||self;function f(a,b){function c(...', 'args': [{'element-6066-11e4-a52e-4f735466cecf': 'f.B6B856A5E96CA97068775FF46F328BAD.d.62A94EF383605666B962BF930BEB4504.e.137'}, 'src']}
2026-02-19 13:07:00,014 - urllib3.connectionpool - DEBUG - http://localhost:54611 "POST /session/dabde1846e78d210576d4fd8d1fad0d7/execute/sync HTTP/1.1" 200 0
2026-02-19 13:07:00,014 - selenium.webdriver.remote.remote_connection - DEBUG - Remote response: status=200 | data={"value":""} | headers=HTTPHeaderDict({'Content-Length': '12', 'Content-Type': 'application/json; charset=utf-8', 'cache-control': 'no-cache'})
2026-02-19 13:07:00,015 - selenium.webdriver.remote.remote_connection - DEBUG - Finished Request
2026-02-19 13:07:00,015 - selenium.webdriver.remote.remote_connection - DEBUG - POST http://localhost:54611/session/dabde1846e78d210576d4fd8d1fad0d7/execute/sync {'script': '/* getAttribute */return (function(){return (function(){var d=this||self;function f(a,b){function c(...', 'args': [{'element-6066-11e4-a52e-4f735466cecf': 'f.B6B856A5E96CA97068775FF46F328BAD.d.62A94EF383605666B962BF930BEB4504.e.138'}, 'src']}
2026-02-19 13:07:00,032 - urllib3.connectionpool - DEBUG - http://localhost:54611 "POST /session/dabde1846e78d210576d4fd8d1fad0d7/execute/sync HTTP/1.1" 200 0
2026-02-19 13:07:00,032 - selenium.webdriver.remote.remote_connection - DEBUG - Remote response: status=200 | data={"value":""} | headers=HTTPHeaderDict({'Content-Length': '12', 'Content-Type': 'application/json; charset=utf-8', 'cache-control': 'no-cache'})
2026-02-19 13:07:00,033 - selenium.webdriver.remote.remote_connection - DEBUG - Finished Request
2026-02-19 13:07:00,033 - selenium.webdriver.remote.remote_connection - DEBUG - POST http://localhost:54611/session/dabde1846e78d210576d4fd8d1fad0d7/execute/sync {'script': '/* getAttribute */return (function(){return (function(){var d=this||self;function f(a,b){function c(...', 'args': [{'element-6066-11e4-a52e-4f735466cecf': 'f.B6B856A5E96CA97068775FF46F328BAD.d.62A94EF383605666B962BF930BEB4504.e.139'}, 'src']}
2026-02-19 13:07:00,050 - urllib3.connectionpool - DEBUG - http://localhost:54611 "POST /session/dabde1846e78d210576d4fd8d1fad0d7/execute/sync HTTP/1.1" 200 0
2026-02-19 13:07:00,050 - selenium.webdriver.remote.remote_connection - DEBUG - Remote response: status=200 | data={"value":""} | headers=HTTPHeaderDict({'Content-Length': '12', 'Content-Type': 'application/json; charset=utf-8', 'cache-control': 'no-cache'})
2026-02-19 13:07:00,051 - selenium.webdriver.remote.remote_connection - DEBUG - Finished Request
2026-02-19 13:07:00,051 - selenium.webdriver.remote.remote_connection - DEBUG - POST http://localhost:54611/session/dabde1846e78d210576d4fd8d1fad0d7/execute/sync {'script': '/* getAttribute */return (function(){return (function(){var d=this||self;function f(a,b){function c(...', 'args': [{'element-6066-11e4-a52e-4f735466cecf': 'f.B6B856A5E96CA97068775FF46F328BAD.d.62A94EF383605666B962BF930BEB4504.e.140'}, 'src']}
2026-02-19 13:07:00,064 - urllib3.connectionpool - DEBUG - http://localhost:54611 "POST /session/dabde1846e78d210576d4fd8d1fad0d7/execute/sync HTTP/1.1" 200 0
2026-02-19 13:07:00,065 - selenium.webdriver.remote.remote_connection - DEBUG - Remote response: status=200 | data={"value":""} | headers=HTTPHeaderDict({'Content-Length': '12', 'Content-Type': 'application/json; charset=utf-8', 'cache-control': 'no-cache'})
2026-02-19 13:07:00,065 - selenium.webdriver.remote.remote_connection - DEBUG - Finished Request
2026-02-19 13:07:00,066 - selenium.webdriver.remote.remote_connection - DEBUG - POST http://localhost:54611/session/dabde1846e78d210576d4fd8d1fad0d7/execute/sync {'script': '/* getAttribute */return (function(){return (function(){var d=this||self;function f(a,b){function c(...', 'args': [{'element-6066-11e4-a52e-4f735466cecf': 'f.B6B856A5E96CA97068775FF46F328BAD.d.62A94EF383605666B962BF930BEB4504.e.141'}, 'src']}
2026-02-19 13:07:00,083 - urllib3.connectionpool - DEBUG - http://localhost:54611 "POST /session/dabde1846e78d210576d4fd8d1fad0d7/execute/sync HTTP/1.1" 200 0
2026-02-19 13:07:00,083 - selenium.webdriver.remote.remote_connection - DEBUG - Remote response: status=200 | data={"value":""} | headers=HTTPHeaderDict({'Content-Length': '12', 'Content-Type': 'application/json; charset=utf-8', 'cache-control': 'no-cache'})
2026-02-19 13:07:00,084 - selenium.webdriver.remote.remote_connection - DEBUG - Finished Request
2026-02-19 13:07:00,084 - selenium.webdriver.remote.remote_connection - DEBUG - POST http://localhost:54611/session/dabde1846e78d210576d4fd8d1fad0d7/execute/sync {'script': '/* getAttribute */return (function(){return (function(){var d=this||self;function f(a,b){function c(...', 'args': [{'element-6066-11e4-a52e-4f735466cecf': 'f.B6B856A5E96CA97068775FF46F328BAD.d.62A94EF383605666B962BF930BEB4504.e.142'}, 'src']}
2026-02-19 13:07:00,099 - urllib3.connectionpool - DEBUG - http://localhost:54611 "POST /session/dabde1846e78d210576d4fd8d1fad0d7/execute/sync HTTP/1.1" 200 0
2026-02-19 13:07:00,100 - selenium.webdriver.remote.remote_connection - DEBUG - Remote response: status=200 | data={"value":""} | headers=HTTPHeaderDict({'Content-Length': '12', 'Content-Type': 'application/json; charset=utf-8', 'cache-control': 'no-cache'})
2026-02-19 13:07:00,100 - selenium.webdriver.remote.remote_connection - DEBUG - Finished Request
2026-02-19 13:07:00,100 - selenium.webdriver.remote.remote_connection - DEBUG - POST http://localhost:54611/session/dabde1846e78d210576d4fd8d1fad0d7/execute/sync {'script': '/* getAttribute */return (function(){return (function(){var d=this||self;function f(a,b){function c(...', 'args': [{'element-6066-11e4-a52e-4f735466cecf': 'f.B6B856A5E96CA97068775FF46F328BAD.d.62A94EF383605666B962BF930BEB4504.e.143'}, 'src']}
2026-02-19 13:07:00,116 - urllib3.connectionpool - DEBUG - http://localhost:54611 "POST /session/dabde1846e78d210576d4fd8d1fad0d7/execute/sync HTTP/1.1" 200 0
2026-02-19 13:07:00,117 - selenium.webdriver.remote.remote_connection - DEBUG - Remote response: status=200 | data={"value":""} | headers=HTTPHeaderDict({'Content-Length': '12', 'Content-Type': 'application/json; charset=utf-8', 'cache-control': 'no-cache'})
2026-02-19 13:07:00,117 - selenium.webdriver.remote.remote_connection - DEBUG - Finished Request
2026-02-19 13:07:00,117 - selenium.webdriver.remote.remote_connection - DEBUG - POST http://localhost:54611/session/dabde1846e78d210576d4fd8d1fad0d7/execute/sync {'script': '/* getAttribute */return (function(){return (function(){var d=this||self;function f(a,b){function c(...', 'args': [{'element-6066-11e4-a52e-4f735466cecf': 'f.B6B856A5E96CA97068775FF46F328BAD.d.62A94EF383605666B962BF930BEB4504.e.144'}, 'src']}
2026-02-19 13:07:00,135 - urllib3.connectionpool - DEBUG - http://localhost:54611 "POST /session/dabde1846e78d210576d4fd8d1fad0d7/execute/sync HTTP/1.1" 200 0
2026-02-19 13:07:00,135 - selenium.webdriver.remote.remote_connection - DEBUG - Remote response: status=200 | data={"value":""} | headers=HTTPHeaderDict({'Content-Length': '12', 'Content-Type': 'application/json; charset=utf-8', 'cache-control': 'no-cache'})
2026-02-19 13:07:00,135 - selenium.webdriver.remote.remote_connection - DEBUG - Finished Request
2026-02-19 13:07:00,136 - selenium.webdriver.remote.remote_connection - DEBUG - POST http://localhost:54611/session/dabde1846e78d210576d4fd8d1fad0d7/execute/sync {'script': '/* getAttribute */return (function(){return (function(){var d=this||self;function f(a,b){function c(...', 'args': [{'element-6066-11e4-a52e-4f735466cecf': 'f.B6B856A5E96CA97068775FF46F328BAD.d.62A94EF383605666B962BF930BEB4504.e.145'}, 'src']}
2026-02-19 13:07:00,155 - urllib3.connectionpool - DEBUG - http://localhost:54611 "POST /session/dabde1846e78d210576d4fd8d1fad0d7/execute/sync HTTP/1.1" 200 0
2026-02-19 13:07:00,156 - selenium.webdriver.remote.remote_connection - DEBUG - Remote response: status=200 | data={"value":""} | headers=HTTPHeaderDict({'Content-Length': '12', 'Content-Type': 'application/json; charset=utf-8', 'cache-control': 'no-cache'})
2026-02-19 13:07:00,156 - selenium.webdriver.remote.remote_connection - DEBUG - Finished Request
2026-02-19 13:07:00,157 - selenium.webdriver.remote.remote_connection - DEBUG - POST http://localhost:54611/session/dabde1846e78d210576d4fd8d1fad0d7/execute/sync {'script': '/* getAttribute */return (function(){return (function(){var d=this||self;function f(a,b){function c(...', 'args': [{'element-6066-11e4-a52e-4f735466cecf': 'f.B6B856A5E96CA97068775FF46F328BAD.d.62A94EF383605666B962BF930BEB4504.e.101'}, 'src']}
2026-02-19 13:07:00,198 - urllib3.connectionpool - DEBUG - http://localhost:54611 "POST /session/dabde1846e78d210576d4fd8d1fad0d7/execute/sync HTTP/1.1" 200 0
2026-02-19 13:07:00,199 - selenium.webdriver.remote.remote_connection - DEBUG - Remote response: status=200 | data={"value":"https://explore.dot.gov/views/FreightIndicators/ContainerShipCapacity?:embed=y&:showVizHome=no&:host_url=https%3A%2F%2Fexplore.dot.gov%2F&:embed_code_version=3&:tabs=no&:toolbar=yes&:showAppBanner=false&:display_spinner=no&:loadOrderID=0"} | headers=HTTPHeaderDict({'Content-Length': '249', 'Content-Type': 'application/json; charset=utf-8', 'cache-control': 'no-cache'})
2026-02-19 13:07:00,199 - selenium.webdriver.remote.remote_connection - DEBUG - Finished Request
2026-02-19 13:07:00,199 - scraper - INFO - Target iframe found: https://explore.dot.gov/views/FreightIndicators/ContainerShipCapacity?:embed=y&:showVizHome=no&:host_url=https%3A%2F%2Fe
2026-02-19 13:07:00,200 - selenium.webdriver.remote.remote_connection - DEBUG - POST http://localhost:54611/session/dabde1846e78d210576d4fd8d1fad0d7/execute/sync {'script': "arguments[0].scrollIntoView({block: 'center'});", 'args': [{'element-6066-11e4-a52e-4f735466cecf': 'f.B6B856A5E96CA97068775FF46F328BAD.d.62A94EF383605666B962BF930BEB4504.e.101'}]}
2026-02-19 13:07:00,251 - urllib3.connectionpool - DEBUG - http://localhost:54611 "POST /session/dabde1846e78d210576d4fd8d1fad0d7/execute/sync HTTP/1.1" 200 0
2026-02-19 13:07:00,252 - selenium.webdriver.remote.remote_connection - DEBUG - Remote response: status=200 | data={"value":null} | headers=HTTPHeaderDict({'Content-Length': '14', 'Content-Type': 'application/json; charset=utf-8', 'cache-control': 'no-cache'})
2026-02-19 13:07:00,252 - selenium.webdriver.remote.remote_connection - DEBUG - Finished Request
2026-02-19 13:07:01,253 - selenium.webdriver.remote.remote_connection - DEBUG - POST http://localhost:54611/session/dabde1846e78d210576d4fd8d1fad0d7/frame {'id': {'element-6066-11e4-a52e-4f735466cecf': 'f.B6B856A5E96CA97068775FF46F328BAD.d.62A94EF383605666B962BF930BEB4504.e.101'}}
2026-02-19 13:07:01,304 - urllib3.connectionpool - DEBUG - http://localhost:54611 "POST /session/dabde1846e78d210576d4fd8d1fad0d7/frame HTTP/1.1" 200 0
2026-02-19 13:07:01,304 - selenium.webdriver.remote.remote_connection - DEBUG - Remote response: status=200 | data={"value":null} | headers=HTTPHeaderDict({'Content-Length': '14', 'Content-Type': 'application/json; charset=utf-8', 'cache-control': 'no-cache'})
2026-02-19 13:07:01,304 - selenium.webdriver.remote.remote_connection - DEBUG - Finished Request
2026-02-19 13:07:01,304 - scraper - INFO - Switched to Tableau iframe
2026-02-19 13:07:01,305 - selenium.webdriver.remote.remote_connection - DEBUG - POST http://localhost:54611/session/dabde1846e78d210576d4fd8d1fad0d7/element {'using': 'css selector', 'value': '[data-tb-test-id="viz-viewer-toolbar-button-download"]'}
2026-02-19 13:07:01,320 - urllib3.connectionpool - DEBUG - http://localhost:54611 "POST /session/dabde1846e78d210576d4fd8d1fad0d7/element HTTP/1.1" 200 0
2026-02-19 13:07:01,320 - selenium.webdriver.remote.remote_connection - DEBUG - Remote response: status=200 | data={"value":{"element-6066-11e4-a52e-4f735466cecf":"f.38512C24530678F0432EE796A756B2E9.d.1E2490640782DAB9DB477A4C387600FF.e.39"}} | headers=HTTPHeaderDict({'Content-Length': '126', 'Content-Type': 'application/json; charset=utf-8', 'cache-control': 'no-cache'})
2026-02-19 13:07:01,321 - selenium.webdriver.remote.remote_connection - DEBUG - Finished Request
2026-02-19 13:07:01,321 - scraper - INFO - Tableau download button detected - chart is loaded
2026-02-19 13:07:04,321 - scraper - INFO - Clicking Download button...
2026-02-19 13:07:04,321 - selenium.webdriver.remote.remote_connection - DEBUG - POST http://localhost:54611/session/dabde1846e78d210576d4fd8d1fad0d7/element {'using': 'css selector', 'value': '[data-tb-test-id="viz-viewer-toolbar-button-download"]'}
2026-02-19 13:07:04,331 - urllib3.connectionpool - DEBUG - http://localhost:54611 "POST /session/dabde1846e78d210576d4fd8d1fad0d7/element HTTP/1.1" 200 0
2026-02-19 13:07:04,331 - selenium.webdriver.remote.remote_connection - DEBUG - Remote response: status=200 | data={"value":{"element-6066-11e4-a52e-4f735466cecf":"f.38512C24530678F0432EE796A756B2E9.d.1E2490640782DAB9DB477A4C387600FF.e.39"}} | headers=HTTPHeaderDict({'Content-Length': '126', 'Content-Type': 'application/json; charset=utf-8', 'cache-control': 'no-cache'})
2026-02-19 13:07:04,331 - selenium.webdriver.remote.remote_connection - DEBUG - Finished Request
2026-02-19 13:07:04,332 - selenium.webdriver.remote.remote_connection - DEBUG - POST http://localhost:54611/session/dabde1846e78d210576d4fd8d1fad0d7/execute/sync {'script': 'arguments[0].click();', 'args': [{'element-6066-11e4-a52e-4f735466cecf': 'f.38512C24530678F0432EE796A756B2E9.d.1E2490640782DAB9DB477A4C387600FF.e.39'}]}
2026-02-19 13:07:04,350 - urllib3.connectionpool - DEBUG - http://localhost:54611 "POST /session/dabde1846e78d210576d4fd8d1fad0d7/execute/sync HTTP/1.1" 200 0
2026-02-19 13:07:04,351 - selenium.webdriver.remote.remote_connection - DEBUG - Remote response: status=200 | data={"value":null} | headers=HTTPHeaderDict({'Content-Length': '14', 'Content-Type': 'application/json; charset=utf-8', 'cache-control': 'no-cache'})
2026-02-19 13:07:04,351 - selenium.webdriver.remote.remote_connection - DEBUG - Finished Request
2026-02-19 13:07:06,352 - scraper - INFO - Clicking Crosstab option...
2026-02-19 13:07:06,352 - selenium.webdriver.remote.remote_connection - DEBUG - POST http://localhost:54611/session/dabde1846e78d210576d4fd8d1fad0d7/element {'using': 'css selector', 'value': '[data-tb-test-id="download-flyout-download-crosstab-MenuItem"]'}
2026-02-19 13:07:06,396 - urllib3.connectionpool - DEBUG - http://localhost:54611 "POST /session/dabde1846e78d210576d4fd8d1fad0d7/element HTTP/1.1" 200 0
2026-02-19 13:07:06,396 - selenium.webdriver.remote.remote_connection - DEBUG - Remote response: status=200 | data={"value":{"element-6066-11e4-a52e-4f735466cecf":"f.38512C24530678F0432EE796A756B2E9.d.1E2490640782DAB9DB477A4C387600FF.e.52"}} | headers=HTTPHeaderDict({'Content-Length': '126', 'Content-Type': 'application/json; charset=utf-8', 'cache-control': 'no-cache'})
2026-02-19 13:07:06,397 - selenium.webdriver.remote.remote_connection - DEBUG - Finished Request
2026-02-19 13:07:06,397 - selenium.webdriver.remote.remote_connection - DEBUG - POST http://localhost:54611/session/dabde1846e78d210576d4fd8d1fad0d7/execute/sync {'script': 'arguments[0].click();', 'args': [{'element-6066-11e4-a52e-4f735466cecf': 'f.38512C24530678F0432EE796A756B2E9.d.1E2490640782DAB9DB477A4C387600FF.e.52'}]}
2026-02-19 13:07:06,419 - urllib3.connectionpool - DEBUG - http://localhost:54611 "POST /session/dabde1846e78d210576d4fd8d1fad0d7/execute/sync HTTP/1.1" 200 0
2026-02-19 13:07:06,419 - selenium.webdriver.remote.remote_connection - DEBUG - Remote response: status=200 | data={"value":null} | headers=HTTPHeaderDict({'Content-Length': '14', 'Content-Type': 'application/json; charset=utf-8', 'cache-control': 'no-cache'})
2026-02-19 13:07:06,419 - selenium.webdriver.remote.remote_connection - DEBUG - Finished Request
2026-02-19 13:07:09,420 - scraper - INFO - Waiting for Download Crosstab modal...
2026-02-19 13:07:09,420 - selenium.webdriver.remote.remote_connection - DEBUG - POST http://localhost:54611/session/dabde1846e78d210576d4fd8d1fad0d7/element {'using': 'css selector', 'value': '[data-tb-test-id="export-crosstab-export-Button"]'}
2026-02-19 13:07:09,433 - urllib3.connectionpool - DEBUG - http://localhost:54611 "POST /session/dabde1846e78d210576d4fd8d1fad0d7/element HTTP/1.1" 200 0
2026-02-19 13:07:09,433 - selenium.webdriver.remote.remote_connection - DEBUG - Remote response: status=200 | data={"value":{"element-6066-11e4-a52e-4f735466cecf":"f.38512C24530678F0432EE796A756B2E9.d.1E2490640782DAB9DB477A4C387600FF.e.62"}} | headers=HTTPHeaderDict({'Content-Length': '126', 'Content-Type': 'application/json; charset=utf-8', 'cache-control': 'no-cache'})
2026-02-19 13:07:09,434 - selenium.webdriver.remote.remote_connection - DEBUG - Finished Request
2026-02-19 13:07:09,434 - scraper - INFO - Selecting CSV format...
2026-02-19 13:07:09,434 - selenium.webdriver.remote.remote_connection - DEBUG - POST http://localhost:54611/session/dabde1846e78d210576d4fd8d1fad0d7/element {'using': 'css selector', 'value': '[data-tb-test-id="crosstab-options-dialog-radio-csv-Label"]'}
2026-02-19 13:07:09,445 - urllib3.connectionpool - DEBUG - http://localhost:54611 "POST /session/dabde1846e78d210576d4fd8d1fad0d7/element HTTP/1.1" 200 0
2026-02-19 13:07:09,445 - selenium.webdriver.remote.remote_connection - DEBUG - Remote response: status=200 | data={"value":{"element-6066-11e4-a52e-4f735466cecf":"f.38512C24530678F0432EE796A756B2E9.d.1E2490640782DAB9DB477A4C387600FF.e.63"}} | headers=HTTPHeaderDict({'Content-Length': '126', 'Content-Type': 'application/json; charset=utf-8', 'cache-control': 'no-cache'})
2026-02-19 13:07:09,446 - selenium.webdriver.remote.remote_connection - DEBUG - Finished Request
2026-02-19 13:07:09,446 - selenium.webdriver.remote.remote_connection - DEBUG - POST http://localhost:54611/session/dabde1846e78d210576d4fd8d1fad0d7/execute/sync {'script': 'arguments[0].click();', 'args': [{'element-6066-11e4-a52e-4f735466cecf': 'f.38512C24530678F0432EE796A756B2E9.d.1E2490640782DAB9DB477A4C387600FF.e.63'}]}
2026-02-19 13:07:09,456 - urllib3.connectionpool - DEBUG - http://localhost:54611 "POST /session/dabde1846e78d210576d4fd8d1fad0d7/execute/sync HTTP/1.1" 200 0
2026-02-19 13:07:09,457 - selenium.webdriver.remote.remote_connection - DEBUG - Remote response: status=200 | data={"value":null} | headers=HTTPHeaderDict({'Content-Length': '14', 'Content-Type': 'application/json; charset=utf-8', 'cache-control': 'no-cache'})
2026-02-19 13:07:09,457 - selenium.webdriver.remote.remote_connection - DEBUG - Finished Request
2026-02-19 13:07:10,459 - scraper - INFO - Clicking Export button...
2026-02-19 13:07:10,459 - selenium.webdriver.remote.remote_connection - DEBUG - POST http://localhost:54611/session/dabde1846e78d210576d4fd8d1fad0d7/element {'using': 'css selector', 'value': '[data-tb-test-id="export-crosstab-export-Button"]'}
2026-02-19 13:07:10,472 - urllib3.connectionpool - DEBUG - http://localhost:54611 "POST /session/dabde1846e78d210576d4fd8d1fad0d7/element HTTP/1.1" 200 0
2026-02-19 13:07:10,472 - selenium.webdriver.remote.remote_connection - DEBUG - Remote response: status=200 | data={"value":{"element-6066-11e4-a52e-4f735466cecf":"f.38512C24530678F0432EE796A756B2E9.d.1E2490640782DAB9DB477A4C387600FF.e.62"}} | headers=HTTPHeaderDict({'Content-Length': '126', 'Content-Type': 'application/json; charset=utf-8', 'cache-control': 'no-cache'})
2026-02-19 13:07:10,473 - selenium.webdriver.remote.remote_connection - DEBUG - Finished Request
2026-02-19 13:07:10,473 - selenium.webdriver.remote.remote_connection - DEBUG - POST http://localhost:54611/session/dabde1846e78d210576d4fd8d1fad0d7/execute/sync {'script': 'arguments[0].click();', 'args': [{'element-6066-11e4-a52e-4f735466cecf': 'f.38512C24530678F0432EE796A756B2E9.d.1E2490640782DAB9DB477A4C387600FF.e.62'}]}
2026-02-19 13:07:10,494 - urllib3.connectionpool - DEBUG - http://localhost:54611 "POST /session/dabde1846e78d210576d4fd8d1fad0d7/execute/sync HTTP/1.1" 200 0
2026-02-19 13:07:10,494 - selenium.webdriver.remote.remote_connection - DEBUG - Remote response: status=200 | data={"value":null} | headers=HTTPHeaderDict({'Content-Length': '14', 'Content-Type': 'application/json; charset=utf-8', 'cache-control': 'no-cache'})
2026-02-19 13:07:10,494 - selenium.webdriver.remote.remote_connection - DEBUG - Finished Request
2026-02-19 13:07:10,494 - scraper - INFO - Download triggered, waiting for file...
2026-02-19 13:07:13,499 - scraper - INFO - Download complete: 1.1 Capacity of Containerships (Line).csv
2026-02-19 13:07:13,500 - uc - DEBUG - webdriver process ended
2026-02-19 13:07:13,504 - uc - DEBUG - gracefully closed browser
2026-02-19 13:07:13,623 - uc - DEBUG - When removing the temp profile, a PermissionError occured: [WinError 32] The process cannot access the file because it is being used by another process: 'C:\\Users\\MARKCA~1\\AppData\\Local\\Temp\\tmpq43ko2m5\\CrashpadMetrics-active.pma'
retrying...
2026-02-19 13:07:13,724 - uc - DEBUG - When removing the temp profile, a PermissionError occured: [WinError 32] The process cannot access the file because it is being used by another process: 'C:\\Users\\MARKCA~1\\AppData\\Local\\Temp\\tmpq43ko2m5\\CrashpadMetrics-active.pma'
retrying...
2026-02-19 13:07:13,849 - uc - DEBUG - When removing the temp profile, a PermissionError occured: [WinError 32] The process cannot access the file because it is being used by another process: 'C:\\Users\\MARKCA~1\\AppData\\Local\\Temp\\tmpq43ko2m5\\Default\\Cache\\No_Vary_Search\\journal.baj'
retrying...
2026-02-19 13:07:14,140 - uc - DEBUG - successfully removed C:\Users\MARKCA~1\AppData\Local\Temp\tmpq43ko2m5
2026-02-19 13:07:14,141 - scraper - INFO - Browser closed
2026-02-19 13:07:14,141 - __main__ - INFO - ======================================================================
2026-02-19 13:07:14,141 - __main__ - INFO - STEP 4: Parsing Data & Updating Master
2026-02-19 13:07:14,141 - __main__ - INFO - ======================================================================
2026-02-19 13:07:14,141 - parser - INFO - Parsing downloaded CSV: D:\Projects\SIMBA-RUNBOOKS\FREIGHTINFO_MARAD_Runbook\downloads\20260219_130635\1.1 Capacity of Containerships (Line).csv
2026-02-19 13:07:14,177 - parser - INFO -   Successfully read CSV with encoding: utf-16
2026-02-19 13:07:14,177 - parser - INFO -   CSV has 373 lines
2026-02-19 13:07:14,181 - parser - INFO -   Parsed 0 unique dates (371 rows skipped)
2026-02-19 13:07:14,181 - __main__ - ERROR - Failed to parse downloaded CSV
2026-02-19 13:07:14,182 - uc - INFO - ensuring close
2026-02-19 13:07:14,209 - uc - DEBUG - webdriver process ended
