2026-06-30 13:56:33,913 [INFO] Log → D:\Projects\SIMBA-RUNBOOKS\FREIGHTINFO_MARAD_Runbook\logs\pixel_20260630_135633\pixel_20260630_135633.log
2026-06-30 13:56:33,913 [INFO] ============================================================
2026-06-30 13:56:33,913 [INFO] PIXEL SCAN  x=580→740  (pixel-exact line tracking)
2026-06-30 13:56:33,913 [INFO] ============================================================
2026-06-30 13:56:36,138 [INFO] Navigating → https://www.bts.gov/freight-indicators#anchored-offshore
2026-06-30 13:56:49,393 [INFO] Searching for Tableau iframe ...
2026-06-30 13:56:50,214 [INFO]   Frame: https://explore.dot.gov/views/FreightIndicators/ContainershipsAnchored?:embed=y&:showVizHome=no&:hos
2026-06-30 13:56:50,313 [INFO] Waiting 15 s for Tableau to render ...
2026-06-30 13:57:05,895 [INFO] Frame: {'title': 'Workbook: Freight Indicators', 'denied': False, 'canvases': [{'w': 30, 'h': 39, 'cls': ''}, {'w': 744, 'h': 423, 'cls': 'tabCanvas tab-widget'}, {'w': 744, 'h': 423, 'cls': 'tabCanvas tab-widget'}, {'w': 744, 'h': 423, 'cls': 'tabCanvas tab-widget'}]}
2026-06-30 13:57:06,292 [INFO] Canvas: page_x=496 page_y=316 w=744 h=423
2026-06-30 13:57:06,293 [INFO] Enabling highlight mode ...
2026-06-30 13:57:09,008 [INFO]   Highlight btn aria-pressed=true
2026-06-30 13:57:09,052 [INFO] 
──────────────────────────────────────────────────
REGION: East
──────────────────────────────────────────────────
2026-06-30 13:57:11,710 [INFO]   Legend item 'East' → aria-selected=true
2026-06-30 13:57:11,710 [INFO]   Scanning 161 columns (pixel-exact y tracking)...
2026-06-30 13:57:47,558 [INFO]   [East] NULL_FB x=720 y=400  →  6/23/2026 West=1
2026-06-30 13:57:48,822 [INFO]   [East] NULL_FB x=719 y=370  →  6/23/2026 East=5
2026-06-30 13:57:58,827 [INFO]   [East] x=705 y=381 rgb=(49,161,179) sat=73%  →  6/9/2026 East=2
2026-06-30 13:57:59,126 [INFO]   [East] x=702 y=376 rgb=(49,161,179) sat=73%  →  6/2/2026 East=6
2026-06-30 13:57:59,293 [INFO]   [East] x=700 y=362 rgb=(49,161,179) sat=73%  →  5/26/2026 East=9
2026-06-30 13:57:59,928 [INFO]   [East] x=693 y=376 rgb=(49,161,179) sat=73%  →  5/12/2026 East=2
2026-06-30 13:58:00,018 [INFO]   [East] x=692 y=383 rgb=(49,161,179) sat=73%  →  5/5/2026 East=3
2026-06-30 13:58:00,277 [INFO]   [East] x=689 y=382 rgb=(49,161,179) sat=73%  →  4/28/2026 East=4
2026-06-30 13:58:00,544 [INFO]   [East] x=686 y=379 rgb=(49,161,179) sat=73%  →  4/14/2026 East=5
2026-06-30 13:58:00,644 [INFO]   [East] x=685 y=381 rgb=(49,161,179) sat=73%  →  4/21/2026 East=3
2026-06-30 13:58:00,980 [INFO]   [East] x=681 y=371 rgb=(49,161,179) sat=73%  →  4/7/2026 East=6
2026-06-30 13:58:01,248 [INFO]   [East] x=678 y=352 rgb=(49,161,179) sat=73%  →  3/31/2026 East=10
2026-06-30 13:58:01,414 [INFO]   [East] x=676 y=346 rgb=(49,161,179) sat=73%  →  3/17/2026 East=11
2026-06-30 13:58:01,629 [INFO]   [East] x=674 y=357 rgb=(49,161,179) sat=73%  →  3/24/2026 East=6
2026-06-30 13:58:02,034 [INFO]   [East] x=670 y=320 rgb=(49,161,179) sat=73%  →  3/10/2026 East=16
2026-06-30 13:58:02,463 [INFO]   [East] x=665 y=348 rgb=(49,161,179) sat=73%  →  3/3/2026 East=9
2026-06-30 13:58:02,564 [INFO]   [East] x=664 y=352 rgb=(49,161,179) sat=73%  →  2/24/2026 East=9
2026-06-30 13:58:02,740 [INFO]   [East] x=662 y=352 rgb=(49,161,179) sat=73%  →  2/10/2026 East=9
2026-06-30 13:58:03,515 [INFO]   [East] x=654 y=367 rgb=(49,161,179) sat=73%  →  1/20/2026 East=8
2026-06-30 13:58:03,611 [INFO]   [East] x=653 y=372 rgb=(49,161,179) sat=73%  →  1/27/2026 East=4
2026-06-30 13:58:03,869 [INFO]   [East] x=650 y=356 rgb=(49,161,179) sat=73%  →  1/13/2026 East=9
2026-06-30 13:58:04,119 [INFO]   [East] x=647 y=347 rgb=(49,161,179) sat=73%  →  1/6/2026 East=11
2026-06-30 13:58:04,743 [INFO]   [East] x=640 y=361 rgb=(49,161,179) sat=73%  →  12/23/2025 East=6
2026-06-30 13:58:04,817 [INFO]   [East] x=639 y=366 rgb=(49,161,179) sat=73%  →  12/16/2025 East=5
2026-06-30 13:58:05,113 [INFO]   [East] x=636 y=354 rgb=(49,161,179) sat=73%  →  12/9/2025 East=10
2026-06-30 13:58:05,515 [INFO]   [East] x=631 y=365 rgb=(49,161,179) sat=73%  →  11/25/2025 East=5
2026-06-30 13:58:05,809 [INFO]   [East] x=628 y=352 rgb=(49,161,179) sat=73%  →  11/18/2025 East=10
2026-06-30 13:58:06,917 [INFO]   [East] x=616 y=358 rgb=(49,161,179) sat=73%  →  9/30/2025 East=6
2026-06-30 13:58:07,718 [INFO]   [East] x=608 y=362 rgb=(49,161,179) sat=73%  →  9/23/2025 East=9
2026-06-30 13:58:08,085 [INFO]   [East] x=604 y=356 rgb=(49,161,179) sat=73%  →  9/9/2025 East=8
2026-06-30 13:58:08,567 [INFO]   [East] x=599 y=303 rgb=(49,161,179) sat=73%  →  9/2/2025 East=20
2026-06-30 13:58:08,992 [INFO]   [East] x=594 y=332 rgb=(49,161,179) sat=73%  →  8/26/2025 East=12
2026-06-30 13:58:09,081 [INFO]   [East] x=593 y=347 rgb=(49,161,179) sat=73%  →  8/12/2025 East=10
2026-06-30 13:58:09,427 [INFO]   [East] x=589 y=340 rgb=(49,161,179) sat=73%  →  8/5/2025 East=12
2026-06-30 13:58:09,886 [INFO]   [East] x=584 y=359 rgb=(49,161,179) sat=73%  →  7/29/2025 East=6
2026-06-30 13:58:09,961 [INFO]   [East] x=583 y=364 rgb=(49,161,179) sat=73%  →  7/22/2025 East=7
2026-06-30 13:58:10,050 [INFO]   [East] x=582 y=362 rgb=(49,161,179) sat=73%  →  7/15/2025 East=8
2026-06-30 13:58:10,254 [INFO]   [East] done: 37 hits | 31 columns no line found
2026-06-30 13:58:10,254 [INFO] 
──────────────────────────────────────────────────
REGION: West
──────────────────────────────────────────────────
2026-06-30 13:58:12,326 [INFO]   Legend item 'West' → aria-selected=true
2026-06-30 13:58:12,326 [INFO]   Scanning 161 columns (pixel-exact y tracking)...
2026-06-30 13:58:33,702 [INFO]   [West] NULL_FB x=720 y=400  →  6/23/2026 West=1
2026-06-30 13:58:34,642 [INFO]   [West] NULL_FB x=719 y=370  →  6/23/2026 East=5
2026-06-30 13:58:43,480 [INFO]   [West] x=708 y=394 rgb=(129,117,170) sat=31%  →  6/16/2026 West=2
2026-06-30 13:58:43,663 [INFO]   [West] x=706 y=390 rgb=(129,116,169) sat=31%  →  6/9/2026 East=2
2026-06-30 13:58:43,821 [INFO]   [West] HUNT  x=706 y=389  →  6/16/2026 East=3
2026-06-30 13:58:44,316 [INFO]   [West] HUNT  x=706 y=395  →  6/9/2026 West=1
2026-06-30 13:58:44,661 [INFO]   [West] x=703 y=393 rgb=(129,117,170) sat=31%  →  6/2/2026 West=2
2026-06-30 13:58:44,934 [INFO]   [West] x=700 y=390 rgb=(129,116,169) sat=31%  →  5/26/2026 West=2
2026-06-30 13:58:45,308 [INFO]   [West] x=696 y=390 rgb=(129,117,170) sat=31%  →  5/12/2026 East=2
2026-06-30 13:58:45,939 [INFO]   [West] HUNT  x=696 y=395  →  5/12/2026 West=1
2026-06-30 13:58:46,379 [INFO]   [West] x=692 y=395 rgb=(128,116,169) sat=31%  →  5/5/2026 Gulf=1
2026-06-30 13:58:46,441 [INFO]   [West] HUNT  x=692 y=396  →  5/5/2026 West=1
2026-06-30 13:58:46,996 [INFO]   [West] x=687 y=401 rgb=(128,116,170) sat=32%  →  4/28/2026 West=0
2026-06-30 13:58:47,188 [INFO]   [West] x=685 y=393 rgb=(129,117,170) sat=31%  →  4/21/2026 West=1
2026-06-30 13:58:47,282 [INFO]   [West] x=684 y=385 rgb=(129,117,170) sat=31%  →  4/14/2026 West=5
2026-06-30 13:58:47,474 [INFO]   [West] x=682 y=374 rgb=(129,116,169) sat=31%  →  4/14/2026 East=5
2026-06-30 13:58:47,744 [INFO]   [West] x=679 y=401 rgb=(128,116,169) sat=31%  →  4/7/2026 West=0
2026-06-30 13:58:47,841 [INFO]   [West] x=678 y=398 rgb=(128,116,169) sat=31%  →  3/31/2026 West=1
2026-06-30 13:58:48,029 [INFO]   [West] x=676 y=396 rgb=(128,116,170) sat=32%  →  3/24/2026 Gulf=2
2026-06-30 13:58:48,535 [INFO]   [West] HUNT  x=676 y=400  →  3/24/2026 West=0
2026-06-30 13:58:48,789 [INFO]   [West] x=674 y=398 rgb=(129,117,170) sat=31%  →  3/17/2026 Gulf=1
2026-06-30 13:58:50,759 [INFO]   [West] HUNT  x=674 y=384  →  3/3/2026 West=3
2026-06-30 13:58:50,856 [INFO]   [West] x=673 y=401 rgb=(128,117,170) sat=31%  →  3/17/2026 West=0
2026-06-30 13:58:51,119 [INFO]   [West] x=670 y=397 rgb=(129,117,170) sat=31%  →  3/10/2026 West=1
2026-06-30 13:58:51,528 [INFO]   [West] x=665 y=385 rgb=(128,116,170) sat=32%  →  2/24/2026 Gulf=3
2026-06-30 13:58:52,282 [INFO]   [West] HUNT  x=665 y=380  →  2/17/2026 East=5
2026-06-30 13:58:52,927 [INFO]   [West] HUNT  x=665 y=395  →  2/24/2026 West=0
2026-06-30 13:58:53,199 [INFO]   [West] x=663 y=395 rgb=(129,117,170) sat=31%  →  2/17/2026 West=1
2026-06-30 13:58:53,474 [INFO]   [West] x=660 y=392 rgb=(129,117,170) sat=31%  →  2/10/2026 West=2
2026-06-30 13:58:53,927 [INFO]   [West] x=655 y=394 rgb=(129,117,170) sat=31%  →  1/20/2026 Gulf=0
2026-06-30 13:58:54,269 [INFO]   [West] HUNT  x=655 y=397  →  1/27/2026 West=0
2026-06-30 13:58:54,346 [INFO]   [West] HUNT  x=655 y=391  →  1/27/2026 Gulf=4
2026-06-30 13:58:54,614 [INFO]   [West] x=652 y=399 rgb=(128,116,170) sat=32%  →  1/20/2026 West=1
2026-06-30 13:58:54,802 [INFO]   [West] x=650 y=395 rgb=(128,116,169) sat=31%  →  1/13/2026 Gulf=2
2026-06-30 13:58:54,864 [INFO]   [West] HUNT  x=650 y=396  →  1/13/2026 West=1
2026-06-30 13:58:55,277 [INFO]   [West] x=647 y=395 rgb=(128,116,170) sat=32%  →  1/6/2026 West=1
2026-06-30 13:58:55,746 [INFO]   [West] x=643 y=396 rgb=(129,117,170) sat=31%  →  12/23/2025 West=0
2026-06-30 13:58:56,272 [INFO]   [West] x=638 y=375 rgb=(129,117,170) sat=31%  →  12/16/2025 West=5
2026-06-30 13:58:56,367 [INFO]   [West] x=637 y=374 rgb=(128,116,170) sat=32%  →  12/16/2025 East=5
2026-06-30 13:58:56,663 [INFO]   [West] x=634 y=396 rgb=(128,116,170) sat=32%  →  12/2/2025 West=1
2026-06-30 13:58:56,944 [INFO]   [West] x=631 y=389 rgb=(129,117,170) sat=31%  →  11/25/2025 West=3
2026-06-30 13:58:57,147 [INFO]   [West] x=629 y=385 rgb=(128,116,170) sat=32%  →  11/25/2025 Gulf=3
2026-06-30 13:58:57,415 [INFO]   [West] x=626 y=397 rgb=(129,117,170) sat=31%  →  11/18/2025 West=0
2026-06-30 13:58:58,042 [INFO]   [West] x=619 y=398 rgb=(129,117,170) sat=31%  →  9/30/2025 West=1
2026-06-30 13:58:59,091 [INFO]   [West] x=607 y=391 rgb=(129,117,170) sat=31%  →  9/23/2025 West=2
2026-06-30 13:58:59,191 [INFO]   [West] x=606 y=390 rgb=(128,116,169) sat=31%  →  9/16/2025 East=2
2026-06-30 13:58:59,826 [INFO]   [West] HUNT  x=606 y=395  →  9/16/2025 West=1
2026-06-30 13:59:00,173 [INFO]   [West] x=603 y=393 rgb=(129,117,170) sat=31%  →  9/9/2025 Gulf=2
2026-06-30 13:59:00,393 [INFO]   [West] HUNT  x=603 y=395  →  9/16/2025 Gulf=1
2026-06-30 13:59:01,149 [INFO]   [West] HUNT  x=603 y=400  →  9/9/2025 West=0
2026-06-30 13:59:01,494 [INFO]   [West] x=600 y=399 rgb=(129,117,170) sat=31%  →  9/2/2025 West=0
2026-06-30 13:59:01,874 [INFO]   [West] x=596 y=391 rgb=(129,117,170) sat=31%  →  8/26/2025 West=2
2026-06-30 13:59:02,158 [INFO]   [West] x=593 y=385 rgb=(129,116,170) sat=32%  →  8/19/2025 West=3
2026-06-30 13:59:02,441 [INFO]   [West] x=590 y=396 rgb=(128,116,170) sat=32%  →  8/12/2025 West=1
2026-06-30 13:59:02,647 [INFO]   [West] x=588 y=390 rgb=(129,116,169) sat=31%  →  8/5/2025 West=2
2026-06-30 13:59:02,820 [INFO]   [West] x=586 y=392 rgb=(128,116,170) sat=32%  →  7/29/2025 Gulf=0
2026-06-30 13:59:02,961 [INFO]   [West] HUNT  x=586 y=391  →  7/22/2025 Gulf=4
2026-06-30 13:59:03,026 [INFO]   [West] HUNT  x=586 y=394  →  7/29/2025 West=1
2026-06-30 13:59:03,282 [INFO]   [West] x=584 y=396 rgb=(129,116,169) sat=31%  →  7/22/2025 West=1
2026-06-30 13:59:03,563 [INFO]   [West] x=581 y=395 rgb=(129,117,170) sat=31%  →  7/15/2025 West=1
2026-06-30 13:59:03,657 [INFO]   [West] done: 60 hits | 31 columns no line found
2026-06-30 13:59:03,657 [INFO] 
──────────────────────────────────────────────────
REGION: Gulf
──────────────────────────────────────────────────
2026-06-30 13:59:05,654 [INFO]   Legend item 'Gulf' → aria-selected=true
2026-06-30 13:59:05,655 [INFO]   Scanning 161 columns (pixel-exact y tracking)...
2026-06-30 13:59:27,238 [INFO]   [Gulf] NULL_FB x=720 y=400  →  6/23/2026 West=1
2026-06-30 13:59:28,171 [INFO]   [Gulf] NULL_FB x=719 y=370  →  6/23/2026 East=5
2026-06-30 13:59:37,310 [INFO]   [Gulf] x=709 y=390 rgb=(157,212,197) sat=26%  →  6/23/2026 Gulf=2
2026-06-30 13:59:37,397 [INFO]   [Gulf] x=708 y=390 rgb=(148,208,192) sat=29%  →  6/16/2026 West=2
2026-06-30 13:59:37,534 [INFO]   [Gulf] HUNT  x=708 y=389  →  6/16/2026 East=3
2026-06-30 13:59:37,981 [INFO]   [Gulf] HUNT  x=708 y=395  →  6/16/2026 Gulf=1
2026-06-30 13:59:38,212 [INFO]   [Gulf] x=706 y=392 rgb=(148,208,192) sat=29%  →  6/9/2026 Gulf=2
2026-06-30 13:59:38,579 [INFO]   [Gulf] x=702 y=390 rgb=(147,208,192) sat=29%  →  6/2/2026 Gulf=2
2026-06-30 13:59:38,662 [INFO]   [Gulf] x=701 y=389 rgb=(148,208,192) sat=29%  →  6/2/2026 West=2
2026-06-30 13:59:38,762 [INFO]   [Gulf] x=700 y=390 rgb=(147,208,192) sat=29%  →  5/26/2026 West=2
2026-06-30 13:59:39,178 [INFO]   [Gulf] HUNT  x=700 y=387  →  6/9/2026 East=2
2026-06-30 13:59:39,697 [INFO]   [Gulf] HUNT  x=700 y=397  →  5/26/2026 Gulf=0
2026-06-30 13:59:40,112 [INFO]   [Gulf] x=696 y=398 rgb=(147,208,192) sat=29%  →  5/12/2026 Gulf=1
2026-06-30 13:59:40,421 [INFO]   [Gulf] x=693 y=395 rgb=(147,208,192) sat=29%  →  5/12/2026 West=1
2026-06-30 13:59:40,511 [INFO]   [Gulf] x=692 y=395 rgb=(146,207,192) sat=29%  →  5/5/2026 Gulf=1
2026-06-30 13:59:40,714 [INFO]   [Gulf] x=690 y=394 rgb=(148,208,192) sat=29%  →  4/28/2026 Gulf=2
2026-06-30 13:59:40,978 [INFO]   [Gulf] x=687 y=390 rgb=(147,207,192) sat=29%  →  4/21/2026 Gulf=2
2026-06-30 13:59:41,238 [INFO]   [Gulf] x=684 y=391 rgb=(147,208,192) sat=29%  →  4/21/2026 West=1
2026-06-30 13:59:41,329 [INFO]   [Gulf] x=683 y=391 rgb=(148,208,192) sat=29%  →  4/7/2026 West=0
2026-06-30 13:59:41,607 [INFO]   [Gulf] HUNT  x=683 y=389  →  4/14/2026 West=5
2026-06-30 13:59:42,089 [INFO]   [Gulf] HUNT  x=683 y=397  →  4/14/2026 Gulf=0
2026-06-30 13:59:42,615 [INFO]   [Gulf] x=678 y=400 rgb=(148,208,192) sat=29%  →  3/31/2026 Gulf=0
2026-06-30 13:59:42,796 [INFO]   [Gulf] x=676 y=395 rgb=(148,208,192) sat=29%  →  3/24/2026 Gulf=2
2026-06-30 13:59:43,285 [INFO]   [Gulf] x=671 y=394 rgb=(148,208,192) sat=29%  →  3/10/2026 West=1
2026-06-30 13:59:43,508 [INFO]   [Gulf] HUNT  x=671 y=396  →  3/10/2026 Gulf=1
2026-06-30 13:59:43,828 [INFO]   [Gulf] x=668 y=395 rgb=(148,208,192) sat=29%  →  3/3/2026 Gulf=1
2026-06-30 13:59:44,109 [INFO]   [Gulf] x=665 y=388 rgb=(148,208,192) sat=29%  →  2/24/2026 Gulf=3
2026-06-30 13:59:44,365 [INFO]   [Gulf] x=662 y=389 rgb=(147,208,192) sat=29%  →  2/17/2026 Gulf=2
2026-06-30 13:59:44,456 [INFO]   [Gulf] x=661 y=387 rgb=(148,208,192) sat=29%  →  2/10/2026 Gulf=3
2026-06-30 13:59:44,881 [INFO]   [Gulf] x=656 y=382 rgb=(148,208,192) sat=29%  →  1/27/2026 Gulf=4
2026-06-30 13:59:45,266 [INFO]   [Gulf] x=652 y=379 rgb=(148,208,192) sat=29%  →  1/27/2026 East=4
2026-06-30 13:59:45,349 [INFO]   [Gulf] x=651 y=401 rgb=(147,208,192) sat=29%  →  1/20/2026 Gulf=0
2026-06-30 13:59:45,441 [INFO]   [Gulf] x=650 y=392 rgb=(148,208,192) sat=29%  →  1/13/2026 Gulf=2
2026-06-30 13:59:45,831 [INFO]   [Gulf] x=646 y=364 rgb=(148,208,192) sat=29%  →  1/6/2026 Gulf=7
2026-06-30 13:59:46,009 [INFO]   [Gulf] x=644 y=363 rgb=(147,208,192) sat=29%  →  12/23/2025 East=6
2026-06-30 13:59:46,604 [INFO]   [Gulf] HUNT  x=644 y=368  →  12/23/2025 Gulf=6
2026-06-30 13:59:47,104 [INFO]   [Gulf] x=639 y=369 rgb=(147,207,192) sat=29%  →  12/16/2025 East=5
2026-06-30 13:59:48,190 [INFO]   [Gulf] HUNT  x=639 y=361  →  12/9/2025 East=10
2026-06-30 13:59:48,398 [INFO]   [Gulf] HUNT  x=639 y=379  →  12/16/2025 Gulf=3
2026-06-30 13:59:48,753 [INFO]   [Gulf] x=636 y=385 rgb=(147,208,192) sat=29%  →  12/16/2025 West=5
2026-06-30 13:59:48,828 [INFO]   [Gulf] x=635 y=387 rgb=(148,208,192) sat=29%  →  12/9/2025 West=1
2026-06-30 13:59:49,180 [INFO]   [Gulf] HUNT  x=635 y=390  →  12/9/2025 Gulf=2
2026-06-30 13:59:49,344 [INFO]   [Gulf] x=634 y=389 rgb=(148,208,192) sat=29%  →  12/2/2025 Gulf=2
2026-06-30 13:59:49,668 [INFO]   [Gulf] x=630 y=385 rgb=(148,208,192) sat=29%  →  11/25/2025 Gulf=3
2026-06-30 13:59:49,939 [INFO]   [Gulf] x=627 y=379 rgb=(147,208,192) sat=29%  →  11/18/2025 Gulf=4
2026-06-30 13:59:50,802 [INFO]   [Gulf] x=617 y=384 rgb=(148,208,192) sat=29%  →  9/30/2025 Gulf=2
2026-06-30 13:59:51,687 [INFO]   [Gulf] x=608 y=390 rgb=(147,208,192) sat=29%  →  9/23/2025 West=2
2026-06-30 13:59:51,960 [INFO]   [Gulf] HUNT  x=608 y=388  →  9/16/2025 East=2
2026-06-30 13:59:52,287 [INFO]   [Gulf] HUNT  x=608 y=395  →  9/23/2025 Gulf=1
2026-06-30 13:59:52,629 [INFO]   [Gulf] x=605 y=395 rgb=(147,208,192) sat=29%  →  9/16/2025 Gulf=1
2026-06-30 13:59:52,974 [INFO]   [Gulf] x=601 y=390 rgb=(148,208,192) sat=29%  →  9/9/2025 Gulf=2
2026-06-30 13:59:53,060 [INFO]   [Gulf] x=600 y=390 rgb=(148,208,192) sat=29%  →  9/2/2025 Gulf=2
2026-06-30 13:59:53,232 [INFO]   [Gulf] x=598 y=389 rgb=(148,208,192) sat=29%  →  8/26/2025 West=2
2026-06-30 13:59:53,490 [INFO]   [Gulf] HUNT  x=598 y=387  →  8/19/2025 West=3
2026-06-30 13:59:53,957 [INFO]   [Gulf] HUNT  x=598 y=395  →  8/26/2025 Gulf=1
2026-06-30 13:59:54,373 [INFO]   [Gulf] x=594 y=395 rgb=(147,208,192) sat=29%  →  8/19/2025 Gulf=1
2026-06-30 13:59:54,503 [INFO]   [Gulf] x=593 y=395 rgb=(148,208,192) sat=29%  →  8/12/2025 West=1
2026-06-30 13:59:55,705 [INFO]   [Gulf] HUNT  x=593 y=401  →  8/12/2025 Gulf=1
2026-06-30 13:59:56,206 [INFO]   [Gulf] x=588 y=397 rgb=(148,208,192) sat=29%  →  7/29/2025 West=1
2026-06-30 13:59:56,408 [INFO]   [Gulf] HUNT  x=588 y=399  →  8/5/2025 Gulf=0
2026-06-30 13:59:56,557 [INFO]   [Gulf] x=587 y=399 rgb=(148,208,192) sat=29%  →  7/29/2025 Gulf=0
2026-06-30 13:59:56,922 [INFO]   [Gulf] x=583 y=381 rgb=(148,208,192) sat=29%  →  7/22/2025 Gulf=4
2026-06-30 13:59:57,207 [INFO]   [Gulf] x=580 y=374 rgb=(148,208,192) sat=29%  →  7/15/2025 Gulf=5
2026-06-30 13:59:57,208 [INFO]   [Gulf] done: 63 hits | 31 columns no line found
2026-06-30 13:59:57,216 [INFO] 
============================================================
2026-06-30 13:59:57,216 [INFO] RESULTS  41 dates  |  38 fully complete
2026-06-30 13:59:57,216 [INFO] Range    7/15/2025  →  6/23/2026
2026-06-30 13:59:57,216 [INFO] ============================================================
2026-06-30 13:59:57,216 [INFO]   7/15/2025     E=  8  W=  1  G=  5  OK
2026-06-30 13:59:57,216 [INFO]   7/22/2025     E=  7  W=  1  G=  4  OK
2026-06-30 13:59:57,217 [INFO]   7/29/2025     E=  6  W=  1  G=  0  OK
2026-06-30 13:59:57,217 [INFO]   8/5/2025      E= 12  W=  2  G=  0  OK
2026-06-30 13:59:57,217 [INFO]   8/12/2025     E= 10  W=  1  G=  1  OK
2026-06-30 13:59:57,217 [INFO]   8/19/2025     E=  ?  W=  3  G=  1  MISS:East
2026-06-30 13:59:57,217 [INFO]   8/26/2025     E= 12  W=  2  G=  1  OK
2026-06-30 13:59:57,217 [INFO]   9/2/2025      E= 20  W=  0  G=  2  OK
2026-06-30 13:59:57,217 [INFO]   9/9/2025      E=  8  W=  0  G=  2  OK
2026-06-30 13:59:57,217 [INFO]   9/16/2025     E=  2  W=  1  G=  1  OK
2026-06-30 13:59:57,217 [INFO]   9/23/2025     E=  9  W=  2  G=  1  OK
2026-06-30 13:59:57,217 [INFO]   9/30/2025     E=  6  W=  1  G=  2  OK
2026-06-30 13:59:57,218 [INFO]   11/18/2025    E= 10  W=  0  G=  4  OK
2026-06-30 13:59:57,218 [INFO]   11/25/2025    E=  5  W=  3  G=  3  OK
2026-06-30 13:59:57,218 [INFO]   12/2/2025     E=  ?  W=  1  G=  2  MISS:East
2026-06-30 13:59:57,218 [INFO]   12/9/2025     E= 10  W=  1  G=  2  OK
2026-06-30 13:59:57,218 [INFO]   12/16/2025    E=  5  W=  5  G=  3  OK
2026-06-30 13:59:57,218 [INFO]   12/23/2025    E=  6  W=  0  G=  6  OK
2026-06-30 13:59:57,218 [INFO]   1/6/2026      E= 11  W=  1  G=  7  OK
2026-06-30 13:59:57,218 [INFO]   1/13/2026     E=  9  W=  1  G=  2  OK
2026-06-30 13:59:57,218 [INFO]   1/20/2026     E=  8  W=  1  G=  0  OK
2026-06-30 13:59:57,218 [INFO]   1/27/2026     E=  4  W=  0  G=  4  OK
2026-06-30 13:59:57,218 [INFO]   2/10/2026     E=  9  W=  2  G=  3  OK
2026-06-30 13:59:57,219 [INFO]   2/17/2026     E=  5  W=  1  G=  2  OK
2026-06-30 13:59:57,219 [INFO]   2/24/2026     E=  9  W=  0  G=  3  OK
2026-06-30 13:59:57,219 [INFO]   3/3/2026      E=  9  W=  3  G=  1  OK
2026-06-30 13:59:57,219 [INFO]   3/10/2026     E= 16  W=  1  G=  1  OK
2026-06-30 13:59:57,219 [INFO]   3/17/2026     E= 11  W=  0  G=  1  OK
2026-06-30 13:59:57,219 [INFO]   3/24/2026     E=  6  W=  0  G=  2  OK
2026-06-30 13:59:57,219 [INFO]   3/31/2026     E= 10  W=  1  G=  0  OK
2026-06-30 13:59:57,219 [INFO]   4/7/2026      E=  6  W=  0  G=  ?  MISS:Gulf
2026-06-30 13:59:57,219 [INFO]   4/14/2026     E=  5  W=  5  G=  0  OK
2026-06-30 13:59:57,220 [INFO]   4/21/2026     E=  3  W=  1  G=  2  OK
2026-06-30 13:59:57,220 [INFO]   4/28/2026     E=  4  W=  0  G=  2  OK
2026-06-30 13:59:57,220 [INFO]   5/5/2026      E=  3  W=  1  G=  1  OK
2026-06-30 13:59:57,220 [INFO]   5/12/2026     E=  2  W=  1  G=  1  OK
2026-06-30 13:59:57,220 [INFO]   5/26/2026     E=  9  W=  2  G=  0  OK
2026-06-30 13:59:57,220 [INFO]   6/2/2026      E=  6  W=  2  G=  2  OK
2026-06-30 13:59:57,220 [INFO]   6/9/2026      E=  2  W=  1  G=  2  OK
2026-06-30 13:59:57,220 [INFO]   6/16/2026     E=  3  W=  2  G=  1  OK
2026-06-30 13:59:57,220 [INFO]   6/23/2026     E=  5  W=  1  G=  2  OK
2026-06-30 13:59:57,222 [INFO] Saved → test_pixel_results.csv
