2026-07-01 09:27:08,259 - root - INFO - ======================================================================
2026-07-01 09:27:08,259 - root - INFO - Logging initialized: D:\Projects\SIMBA-RUNBOOKS\FREIGHTINFO_MARAD_Runbook\logs\20260701_092706\freightinfo_marad_20260701_092706.log
2026-07-01 09:27:08,259 - root - INFO - ======================================================================
2026-07-01 09:27:08,260 - __main__ - INFO - ======================================================================
2026-07-01 09:27:08,260 - __main__ - INFO - STEP 1: Checking Master Data
2026-07-01 09:27:08,260 - __main__ - INFO - ======================================================================
2026-07-01 09:27:08,262 - parser - INFO - Loaded master: 69 data rows
2026-07-01 09:27:08,262 - parser - INFO -   Date range: 2025-01 to 2026-26
2026-07-01 09:27:08,262 - __main__ - INFO - Last week in master: 2026-26
2026-07-01 09:27:08,262 - __main__ - INFO - ======================================================================
2026-07-01 09:27:08,262 - __main__ - INFO - STEP 2: Fetching Week Mapping Data
2026-07-01 09:27:08,262 - __main__ - INFO - ======================================================================
2026-07-01 09:27:08,264 - scraper - INFO - Using cached week mapping data
2026-07-01 09:27:08,264 - parser - INFO - Loaded week mapping: 3 years, 157 weeks total
2026-07-01 09:27:08,264 - __main__ - INFO - ======================================================================
2026-07-01 09:27:08,264 - __main__ - INFO - STEP 3: Fetching Chart Data from BTS
2026-07-01 09:27:08,265 - __main__ - INFO - ======================================================================
2026-07-01 09:27:08,265 - parser - INFO - Loaded master: 69 data rows
2026-07-01 09:27:08,265 - parser - INFO -   Date range: 2025-01 to 2026-26
2026-07-01 09:27:08,270 - scraper - INFO - fetch_chart_data: x=640→740 (incremental)
2026-07-01 09:27:08,271 - asyncio - DEBUG - Using proactor: IocpProactor
2026-07-01 09:27:10,393 - scraper - INFO - Navigating → https://www.bts.gov/freight-indicators#anchored-offshore
2026-07-01 09:27:27,179 - scraper - INFO - Searching for Tableau iframe ...
2026-07-01 09:27:30,664 - scraper - INFO -   Found: https://explore.dot.gov/views/FreightIndicators/ContainershipsAnchored?:embed=y&
2026-07-01 09:27:30,789 - scraper - INFO - Waiting 15 s for Tableau to render ...
2026-07-01 09:27:46,901 - scraper - INFO -   Frame OK — 4 canvas(es)
2026-07-01 09:27:48,958 - scraper - INFO - Canvas: page_x=503 page_y=271 w=744 h=423
2026-07-01 09:27:48,958 - scraper - INFO - Enabling legend highlight mode ...
2026-07-01 09:28:06,203 - scraper - INFO -   Highlight btn: aria-pressed=true (OK)
2026-07-01 09:28:06,203 - scraper - INFO -   Region pass: East
2026-07-01 09:28:11,685 - scraper - DEBUG -   Legend 'East' selected
2026-07-01 09:28:21,688 - scraper - DEBUG -     [East] x=709 6/30/2026 East=5
2026-07-01 09:28:22,515 - scraper - DEBUG -     [East] x=707 6/23/2026 East=5
2026-07-01 09:28:22,516 - scraper - DEBUG -     [East] early exit at x=707 (crossed into old dates after 1 new)
2026-07-01 09:28:22,516 - scraper - INFO -     East: 2 tooltips, 1 new dates
2026-07-01 09:28:22,516 - scraper - INFO -   Region pass: West
2026-07-01 09:28:27,262 - scraper - DEBUG -   Legend 'West' selected
2026-07-01 09:28:34,506 - scraper - DEBUG -     [West] x=709 6/30/2026 East=5
2026-07-01 09:28:37,390 - scraper - DEBUG -     [West] HUNT x=709 y=379 6/23/2026 East=5
2026-07-01 09:28:38,239 - scraper - DEBUG -     [West] HUNT x=709 y=381 6/16/2026 East=3
2026-07-01 09:28:42,802 - scraper - DEBUG -     [West] HUNT x=709 y=387 6/30/2026 Gulf=2
2026-07-01 09:28:43,961 - scraper - DEBUG -     [West] HUNT x=709 y=388 6/30/2026 Gulf=2
2026-07-01 09:28:45,218 - scraper - DEBUG -     [West] HUNT x=709 y=394 6/30/2026 West=1
2026-07-01 09:28:46,088 - scraper - DEBUG -     [West] x=701 6/9/2026 East=2
2026-07-01 09:28:46,978 - scraper - DEBUG -     [West] HUNT x=701 y=392 6/16/2026 West=2
2026-07-01 09:28:47,059 - scraper - DEBUG -     [West] early exit at x=700 (old target date found in hunt, 1 new collected)
2026-07-01 09:28:47,059 - scraper - INFO -     West: 8 tooltips, 1 new dates
2026-07-01 09:28:47,060 - scraper - INFO -   Region pass: Gulf
2026-07-01 09:28:49,094 - scraper - DEBUG -   Legend 'Gulf' selected
2026-07-01 09:28:49,333 - scraper - DEBUG -     [Gulf] x=709 6/30/2026 Gulf=2
2026-07-01 09:28:49,528 - scraper - DEBUG -     [Gulf] x=707 6/23/2026 Gulf=2
2026-07-01 09:28:49,528 - scraper - DEBUG -     [Gulf] early exit at x=707 (crossed into old dates after 1 new)
2026-07-01 09:28:49,528 - scraper - INFO -     Gulf: 2 tooltips, 1 new dates
2026-07-01 09:28:49,985 - scraper - INFO - Incremental: 1 new date(s) beyond 2026-06-28
2026-07-01 09:28:49,986 - scraper - INFO - Captured 1 date(s) for downstream processing
2026-07-01 09:28:49,995 - scraper - INFO - Saved → D:\Projects\SIMBA-RUNBOOKS\FREIGHTINFO_MARAD_Runbook\downloads\20260701_092706\Scanned_Chart_Data.csv
2026-07-01 09:28:49,995 - __main__ - INFO - ======================================================================
2026-07-01 09:28:49,995 - __main__ - INFO - STEP 4: Parsing Data & Updating Master
2026-07-01 09:28:49,995 - __main__ - INFO - ======================================================================
2026-07-01 09:28:49,996 - parser - INFO - Parsing downloaded CSV: D:\Projects\SIMBA-RUNBOOKS\FREIGHTINFO_MARAD_Runbook\downloads\20260701_092706\Scanned_Chart_Data.csv
2026-07-01 09:28:50,026 - parser - INFO -   Successfully read CSV with encoding: utf-16
2026-07-01 09:28:50,026 - parser - INFO -   CSV has 5 lines
2026-07-01 09:28:50,026 - parser - INFO -   Parsed 1 unique dates (0 rows skipped)
2026-07-01 09:28:50,026 - parser - DEBUG -     6/30/2026: {'East': 5, 'West': 1, 'Gulf': 2}
2026-07-01 09:28:50,027 - parser - INFO - Mapped 1 weeks (0 dates unmapped)
2026-07-01 09:28:50,028 - parser - INFO - Loaded master: 69 data rows
2026-07-01 09:28:50,028 - parser - INFO -   Date range: 2025-01 to 2026-26
2026-07-01 09:28:50,028 - parser - INFO - Master's last week: 2026-26
2026-07-01 09:28:50,028 - parser - INFO - Adding 1 new week(s) to master:
2026-07-01 09:28:50,028 - parser - INFO -   2026-27: East=5, West=1, Gulf=2
2026-07-01 09:28:50,029 - parser - INFO - Master saved: 70 rows -> D:\Projects\SIMBA-RUNBOOKS\FREIGHTINFO_MARAD_Runbook\Master_Data\Master_FREIGHTINFO_MARAD_DATA.csv
2026-07-01 09:28:50,029 - __main__ - INFO - ======================================================================
2026-07-01 09:28:50,029 - __main__ - INFO - STEP 5: Generating Output Files
2026-07-01 09:28:50,029 - __main__ - INFO - ======================================================================
2026-07-01 09:28:50,033 - file_generator - INFO - ======================================================================
2026-07-01 09:28:50,033 - file_generator - INFO - Generating output files...
2026-07-01 09:28:50,033 - file_generator - INFO - Output directory: D:\Projects\SIMBA-RUNBOOKS\FREIGHTINFO_MARAD_Runbook\output\20260701_092706
2026-07-01 09:28:50,033 - file_generator - INFO - ======================================================================
2026-07-01 09:28:50,125 - file_generator - INFO - DATA XLSX created: D:\Projects\SIMBA-RUNBOOKS\FREIGHTINFO_MARAD_Runbook\output\20260701_092706\FREIGHTINFO_MARAD_DATA_20260701.xlsx
2026-07-01 09:28:50,147 - file_generator - INFO - META XLSX created: D:\Projects\SIMBA-RUNBOOKS\FREIGHTINFO_MARAD_Runbook\output\20260701_092706\FREIGHTINFO_MARAD_META_20260701.xlsx
2026-07-01 09:28:50,209 - file_generator - INFO - ZIP created: D:\Projects\SIMBA-RUNBOOKS\FREIGHTINFO_MARAD_Runbook\output\20260701_092706\FREIGHTINFO_MARAD_20260701.zip
2026-07-01 09:28:50,214 - file_generator - INFO -   Copied to latest: FREIGHTINFO_MARAD_DATA_20260701.xlsx
2026-07-01 09:28:50,221 - file_generator - INFO -   Copied to latest: FREIGHTINFO_MARAD_META_20260701.xlsx
2026-07-01 09:28:50,244 - file_generator - INFO -   Copied to latest: FREIGHTINFO_MARAD_20260701.zip
2026-07-01 09:28:50,244 - file_generator - INFO - File generation complete
2026-07-01 09:28:50,244 - __main__ - INFO - ======================================================================
2026-07-01 09:28:50,244 - __main__ - INFO - EXECUTION SUMMARY
2026-07-01 09:28:50,245 - __main__ - INFO - ======================================================================
2026-07-01 09:28:50,245 - __main__ - INFO -   Master data rows: 70
2026-07-01 09:28:50,245 - __main__ - INFO -   Date range: 2025-01 to 2026-27
2026-07-01 09:28:50,245 - __main__ - INFO -   Output files:
2026-07-01 09:28:50,245 - __main__ - INFO -     data: D:\Projects\SIMBA-RUNBOOKS\FREIGHTINFO_MARAD_Runbook\output\20260701_092706\FREIGHTINFO_MARAD_DATA_20260701.xlsx
2026-07-01 09:28:50,246 - __main__ - INFO -     meta: D:\Projects\SIMBA-RUNBOOKS\FREIGHTINFO_MARAD_Runbook\output\20260701_092706\FREIGHTINFO_MARAD_META_20260701.xlsx
2026-07-01 09:28:50,246 - __main__ - INFO -     zip: D:\Projects\SIMBA-RUNBOOKS\FREIGHTINFO_MARAD_Runbook\output\20260701_092706\FREIGHTINFO_MARAD_20260701.zip
2026-07-01 09:28:50,246 - __main__ - INFO - ======================================================================
2026-07-01 09:28:50,249 - __main__ - DEBUG - Pruned old run dir: D:\Projects\SIMBA-RUNBOOKS\FREIGHTINFO_MARAD_Runbook\logs\20260701_091732
2026-07-01 09:28:50,252 - __main__ - DEBUG - Pruned old run dir: D:\Projects\SIMBA-RUNBOOKS\FREIGHTINFO_MARAD_Runbook\downloads\20260304_095707
2026-07-01 09:28:50,259 - __main__ - DEBUG - Pruned old run dir: D:\Projects\SIMBA-RUNBOOKS\FREIGHTINFO_MARAD_Runbook\output\20260304_095707
2026-07-01 09:28:50,259 - __main__ - INFO - Run history pruned — kept last 14 runs
