2026-06-30 11:52:38,361 [INFO] Log → D:\Projects\SIMBA-RUNBOOKS\FREIGHTINFO_MARAD_Runbook\logs\pixel_20260630_115238\pixel_20260630_115238.log
2026-06-30 11:52:38,361 [INFO] ============================================================
2026-06-30 11:52:38,361 [INFO] PIXEL SCAN  x=580→740  (pixel-exact line tracking)
2026-06-30 11:52:38,362 [INFO] ============================================================
2026-06-30 11:52:40,140 [INFO] Navigating → https://www.bts.gov/freight-indicators#anchored-offshore
2026-06-30 11:52:54,255 [INFO] Searching for Tableau iframe ...
2026-06-30 11:52:55,073 [INFO]   Frame: https://explore.dot.gov/views/FreightIndicators/ContainershipsAnchored?:embed=y&:showVizHome=no&:hos
2026-06-30 11:52:55,167 [INFO] Waiting 15 s for Tableau to render ...
2026-06-30 11:53:10,478 [INFO] Frame: {'title': 'Workbook: Freight Indicators', 'denied': False, 'canvases': [{'w': 30, 'h': 39, 'cls': ''}, {'w': 744, 'h': 423, 'cls': 'tabCanvas tab-widget'}, {'w': 744, 'h': 423, 'cls': 'tabCanvas tab-widget'}, {'w': 744, 'h': 423, 'cls': 'tabCanvas tab-widget'}]}
2026-06-30 11:53:10,669 [INFO] Canvas: page_x=496 page_y=216 w=744 h=423
2026-06-30 11:53:10,670 [INFO] Enabling highlight mode ...
2026-06-30 11:53:17,458 [INFO]   Highlight btn aria-pressed=true
2026-06-30 11:53:17,500 [INFO] 
──────────────────────────────────────────────────
REGION: East
──────────────────────────────────────────────────
2026-06-30 11:53:20,295 [INFO]   Legend item 'East' → aria-selected=true
2026-06-30 11:53:20,296 [INFO]   Scanning 161 columns (pixel-exact y tracking)...
2026-06-30 11:53:21,014 [INFO]   [East] x=709 y=374 rgb=(50,161,179) sat=72%  →  6/23/2026 East=5
2026-06-30 11:53:22,349 [INFO]   [East] x=705 y=381 rgb=(49,161,179) sat=73%  →  6/16/2026 East=3
2026-06-30 11:53:22,607 [INFO]   [East] x=703 y=384 rgb=(49,161,179) sat=73%  →  6/9/2026 East=2
2026-06-30 11:53:23,047 [INFO]   [East] x=702 y=376 rgb=(49,161,179) sat=73%  →  6/2/2026 East=6
2026-06-30 11:53:25,305 [INFO]   [East] x=699 y=356 rgb=(49,161,179) sat=73%  →  5/26/2026 East=9
2026-06-30 11:53:26,010 [INFO]   [East] x=693 y=376 rgb=(49,161,179) sat=73%  →  5/12/2026 East=2
2026-06-30 11:53:26,317 [INFO]   [East] x=691 y=386 rgb=(49,161,179) sat=73%  →  5/5/2026 East=3
2026-06-30 11:53:26,487 [INFO]   [East] x=689 y=382 rgb=(49,161,179) sat=73%  →  4/28/2026 East=4
2026-06-30 11:53:29,191 [INFO]   [East] x=684 y=380 rgb=(49,161,179) sat=73%  →  4/21/2026 East=3
2026-06-30 11:53:29,789 [INFO]   [East] x=683 y=376 rgb=(49,161,179) sat=73%  →  4/14/2026 East=5
2026-06-30 11:53:31,368 [INFO]   [East] x=681 y=371 rgb=(49,161,179) sat=73%  →  4/7/2026 East=6
2026-06-30 11:53:31,864 [INFO]   [East] x=678 y=352 rgb=(49,161,179) sat=73%  →  3/31/2026 East=10
2026-06-30 11:53:32,529 [INFO]   [East] x=674 y=357 rgb=(49,161,179) sat=73%  →  3/24/2026 East=6
2026-06-30 11:53:33,514 [INFO]   [East] x=673 y=350 rgb=(49,161,179) sat=73%  →  3/17/2026 East=11
2026-06-30 11:53:35,009 [INFO]   [East] x=670 y=320 rgb=(49,161,179) sat=73%  →  3/10/2026 East=16
2026-06-30 11:53:38,014 [INFO]   [East] x=665 y=348 rgb=(49,161,179) sat=73%  →  3/3/2026 East=9
2026-06-30 11:53:38,196 [INFO]   [East] x=664 y=352 rgb=(49,161,179) sat=73%  →  2/24/2026 East=9
2026-06-30 11:53:38,592 [INFO]   [East] x=661 y=361 rgb=(49,161,179) sat=73%  →  2/10/2026 East=9
2026-06-30 11:53:40,678 [INFO]   [East] x=654 y=367 rgb=(49,161,179) sat=73%  →  1/27/2026 East=4
2026-06-30 11:53:40,853 [INFO]   [East] x=652 y=365 rgb=(49,161,179) sat=73%  →  1/20/2026 East=8
2026-06-30 11:53:41,288 [INFO]   [East] x=649 y=354 rgb=(49,161,179) sat=73%  →  1/13/2026 East=9
2026-06-30 11:53:41,475 [INFO]   [East] x=647 y=347 rgb=(49,161,179) sat=73%  →  1/6/2026 East=11
2026-06-30 11:53:42,757 [INFO]   [East] x=641 y=356 rgb=(49,161,179) sat=73%  →  12/23/2025 East=6
2026-06-30 11:53:43,303 [INFO]   [East] x=637 y=364 rgb=(49,161,179) sat=73%  →  12/16/2025 East=5
2026-06-30 11:53:43,414 [INFO]   [East] x=636 y=354 rgb=(49,161,179) sat=73%  →  12/9/2025 East=10
2026-06-30 11:53:43,825 [INFO]   [East] x=631 y=365 rgb=(49,161,179) sat=73%  →  12/2/2025 East=6
2026-06-30 11:53:44,024 [INFO]   [East] x=629 y=363 rgb=(49,161,179) sat=73%  →  11/25/2025 East=5
2026-06-30 11:53:44,109 [INFO]   [East] x=628 y=352 rgb=(49,161,179) sat=73%  →  11/18/2025 East=10
2026-06-30 11:53:45,124 [INFO]   [East] x=616 y=358 rgb=(49,161,179) sat=73%  →  9/30/2025 East=6
2026-06-30 11:53:45,978 [INFO]   [East] x=607 y=356 rgb=(49,161,179) sat=73%  →  9/23/2025 East=9
2026-06-30 11:53:46,435 [INFO]   [East] x=603 y=370 rgb=(49,161,179) sat=73%  →  9/9/2025 East=8
2026-06-30 11:53:46,801 [INFO]   [East] x=599 y=303 rgb=(49,161,179) sat=73%  →  9/2/2025 East=20
2026-06-30 11:53:47,201 [INFO]   [East] x=595 y=316 rgb=(49,161,179) sat=73%  →  8/26/2025 East=12
2026-06-30 11:53:47,491 [INFO]   [East] x=592 y=360 rgb=(49,161,179) sat=73%  →  8/12/2025 East=10
2026-06-30 11:53:47,744 [INFO]   [East] x=589 y=340 rgb=(49,161,179) sat=73%  →  8/5/2025 East=12
2026-06-30 11:53:48,228 [INFO]   [East] x=584 y=359 rgb=(49,161,179) sat=73%  →  7/29/2025 East=6
2026-06-30 11:53:48,312 [INFO]   [East] x=583 y=364 rgb=(49,161,179) sat=73%  →  7/22/2025 East=7
2026-06-30 11:53:48,511 [INFO]   [East] x=581 y=360 rgb=(49,161,179) sat=73%  →  7/15/2025 East=8
2026-06-30 11:53:48,605 [INFO]   [East] done: 38 hits | 31 columns no line found
2026-06-30 11:53:48,605 [INFO] 
──────────────────────────────────────────────────
REGION: West
──────────────────────────────────────────────────
2026-06-30 11:53:50,674 [INFO]   Legend item 'West' → aria-selected=true
2026-06-30 11:53:50,674 [INFO]   Scanning 161 columns (pixel-exact y tracking)...
2026-06-30 11:53:51,711 [INFO]   [West] x=709 y=395 rgb=(140,130,178) sat=27%  →  6/23/2026 West=1
2026-06-30 11:53:51,897 [INFO]   [West] x=707 y=392 rgb=(129,117,170) sat=31%  →  6/16/2026 West=2
2026-06-30 11:53:52,470 [INFO]   [West] x=703 y=393 rgb=(129,117,170) sat=31%  →  6/9/2026 West=1
2026-06-30 11:53:52,890 [INFO]   [West] x=702 y=392 rgb=(129,116,170) sat=32%  →  6/2/2026 West=2
2026-06-30 11:53:53,567 [INFO]   [West] x=698 y=389 rgb=(129,117,170) sat=31%  →  5/26/2026 West=2
2026-06-30 11:53:54,031 [INFO]   [West] x=693 y=393 rgb=(129,117,170) sat=31%  →  5/12/2026 West=1
2026-06-30 11:53:54,232 [INFO]   [West] x=691 y=395 rgb=(129,117,170) sat=31%  →  5/5/2026 West=1
2026-06-30 11:53:54,573 [INFO]   [West] x=687 y=401 rgb=(128,116,170) sat=32%  →  4/28/2026 West=0
2026-06-30 11:53:54,756 [INFO]   [West] x=685 y=393 rgb=(129,117,170) sat=31%  →  4/21/2026 West=1
2026-06-30 11:53:54,837 [INFO]   [West] x=684 y=385 rgb=(129,117,170) sat=31%  →  4/14/2026 West=5
2026-06-30 11:53:55,268 [INFO]   [West] x=679 y=401 rgb=(128,116,169) sat=31%  →  4/7/2026 West=0
2026-06-30 11:53:55,360 [INFO]   [West] x=678 y=398 rgb=(128,116,169) sat=31%  →  3/31/2026 West=1
2026-06-30 11:53:55,750 [INFO]   [West] x=674 y=398 rgb=(129,117,170) sat=31%  →  3/24/2026 West=0
2026-06-30 11:53:55,950 [INFO]   [West] x=672 y=400 rgb=(129,116,169) sat=31%  →  3/17/2026 West=0
2026-06-30 11:53:56,149 [INFO]   [West] x=670 y=397 rgb=(129,117,170) sat=31%  →  3/10/2026 West=1
2026-06-30 11:53:56,451 [INFO]   [West] x=667 y=385 rgb=(129,117,170) sat=31%  →  3/3/2026 West=3
2026-06-30 11:53:56,715 [INFO]   [West] x=664 y=401 rgb=(129,116,170) sat=32%  →  2/24/2026 West=0
2026-06-30 11:53:57,018 [INFO]   [West] x=661 y=395 rgb=(128,116,169) sat=31%  →  2/17/2026 West=1
2026-06-30 11:53:57,099 [INFO]   [West] x=660 y=392 rgb=(129,117,170) sat=31%  →  2/10/2026 West=2
2026-06-30 11:53:57,660 [INFO]   [West] x=654 y=396 rgb=(129,117,170) sat=31%  →  1/27/2026 West=0
2026-06-30 11:53:57,932 [INFO]   [West] x=651 y=396 rgb=(129,117,170) sat=31%  →  1/20/2026 West=1
2026-06-30 11:53:58,210 [INFO]   [West] x=648 y=395 rgb=(129,117,170) sat=31%  →  1/13/2026 West=1
2026-06-30 11:53:58,395 [INFO]   [West] x=646 y=395 rgb=(129,117,170) sat=31%  →  1/6/2026 West=1
2026-06-30 11:53:58,907 [INFO]   [West] x=641 y=398 rgb=(129,117,170) sat=31%  →  12/23/2025 West=0
2026-06-30 11:53:59,179 [INFO]   [West] x=638 y=375 rgb=(129,117,170) sat=31%  →  12/16/2025 West=5
2026-06-30 11:53:59,560 [INFO]   [West] x=634 y=396 rgb=(128,116,170) sat=32%  →  12/9/2025 West=1
2026-06-30 11:53:59,637 [INFO]   [West] x=633 y=395 rgb=(129,116,170) sat=32%  →  12/2/2025 West=1
2026-06-30 11:53:59,800 [INFO]   [West] x=631 y=389 rgb=(129,117,170) sat=31%  →  11/25/2025 West=3
2026-06-30 11:54:00,220 [INFO]   [West] x=626 y=397 rgb=(129,117,170) sat=31%  →  11/18/2025 West=0
2026-06-30 11:54:01,022 [INFO]   [West] x=617 y=397 rgb=(129,117,170) sat=31%  →  9/30/2025 West=1
2026-06-30 11:54:01,903 [INFO]   [West] x=607 y=391 rgb=(129,117,170) sat=31%  →  9/23/2025 West=2
2026-06-30 11:54:02,256 [INFO]   [West] x=603 y=393 rgb=(129,117,170) sat=31%  →  9/16/2025 West=1
2026-06-30 11:54:02,422 [INFO]   [West] x=601 y=401 rgb=(129,116,170) sat=32%  →  9/9/2025 West=0
2026-06-30 11:54:02,607 [INFO]   [West] x=599 y=400 rgb=(128,116,170) sat=32%  →  9/2/2025 West=0
2026-06-30 11:54:02,852 [INFO]   [West] x=596 y=391 rgb=(129,117,170) sat=31%  →  8/26/2025 West=2
2026-06-30 11:54:03,105 [INFO]   [West] x=593 y=385 rgb=(129,116,170) sat=32%  →  8/19/2025 West=3
2026-06-30 11:54:03,386 [INFO]   [West] x=590 y=396 rgb=(128,116,170) sat=32%  →  8/12/2025 West=1
2026-06-30 11:54:03,553 [INFO]   [West] x=588 y=390 rgb=(129,116,169) sat=31%  →  8/5/2025 West=2
2026-06-30 11:54:03,818 [INFO]   [West] x=585 y=396 rgb=(128,116,169) sat=31%  →  7/29/2025 West=1
2026-06-30 11:54:04,008 [INFO]   [West] x=583 y=395 rgb=(128,116,170) sat=32%  →  7/22/2025 West=1
2026-06-30 11:54:04,273 [INFO]   [West] x=580 y=395 rgb=(129,117,170) sat=31%  →  7/15/2025 West=1
2026-06-30 11:54:04,273 [INFO]   [West] done: 41 hits | 31 columns no line found
2026-06-30 11:54:04,273 [INFO] 
──────────────────────────────────────────────────
REGION: Gulf
──────────────────────────────────────────────────
2026-06-30 11:54:06,279 [INFO]   Legend item 'Gulf' → aria-selected=true
2026-06-30 11:54:06,279 [INFO]   Scanning 161 columns (pixel-exact y tracking)...
2026-06-30 11:54:06,488 [INFO]   [Gulf] x=709 y=390 rgb=(157,212,197) sat=26%  →  6/23/2026 Gulf=2
2026-06-30 11:54:06,904 [INFO]   [Gulf] x=705 y=393 rgb=(147,207,192) sat=29%  →  6/16/2026 Gulf=1
2026-06-30 11:54:07,100 [INFO]   [Gulf] x=703 y=390 rgb=(147,208,192) sat=29%  →  6/9/2026 Gulf=2
2026-06-30 11:54:07,273 [INFO]   [Gulf] x=701 y=389 rgb=(148,208,192) sat=29%  →  6/2/2026 Gulf=2
2026-06-30 11:54:07,557 [INFO]   [Gulf] x=698 y=401 rgb=(147,208,192) sat=29%  →  5/26/2026 Gulf=0
2026-06-30 11:54:07,842 [INFO]   [Gulf] x=695 y=397 rgb=(148,208,192) sat=29%  →  5/12/2026 Gulf=1
2026-06-30 11:54:08,289 [INFO]   [Gulf] x=690 y=394 rgb=(148,208,192) sat=29%  →  5/5/2026 Gulf=1
2026-06-30 11:54:08,473 [INFO]   [Gulf] x=688 y=391 rgb=(148,208,192) sat=29%  →  4/28/2026 Gulf=2
2026-06-30 11:54:08,737 [INFO]   [Gulf] x=685 y=391 rgb=(147,208,192) sat=29%  →  4/21/2026 Gulf=2
2026-06-30 11:54:09,035 [INFO]   [Gulf] x=682 y=401 rgb=(147,208,192) sat=29%  →  4/14/2026 Gulf=0
2026-06-30 11:54:09,215 [INFO]   [Gulf] x=680 y=400 rgb=(147,208,192) sat=29%  →  4/7/2026 Gulf=0
2026-06-30 11:54:09,386 [INFO]   [Gulf] x=678 y=400 rgb=(148,208,192) sat=29%  →  3/31/2026 Gulf=0
2026-06-30 11:54:09,555 [INFO]   [Gulf] x=676 y=395 rgb=(148,208,192) sat=29%  →  3/24/2026 Gulf=2
2026-06-30 11:54:10,025 [INFO]   [Gulf] x=671 y=394 rgb=(148,208,192) sat=29%  →  3/17/2026 Gulf=1
2026-06-30 11:54:10,109 [INFO]   [Gulf] x=670 y=395 rgb=(148,208,192) sat=29%  →  3/10/2026 Gulf=1
2026-06-30 11:54:10,375 [INFO]   [Gulf] x=667 y=395 rgb=(148,208,192) sat=29%  →  3/3/2026 Gulf=1
2026-06-30 11:54:10,577 [INFO]   [Gulf] x=665 y=388 rgb=(148,208,192) sat=29%  →  2/24/2026 Gulf=3
2026-06-30 11:54:10,859 [INFO]   [Gulf] x=662 y=389 rgb=(147,208,192) sat=29%  →  2/17/2026 Gulf=2
2026-06-30 11:54:11,186 [INFO]   [Gulf] x=659 y=385 rgb=(148,208,192) sat=29%  →  2/10/2026 Gulf=3
2026-06-30 11:54:11,834 [INFO]   [Gulf] x=656 y=382 rgb=(148,208,192) sat=29%  →  1/27/2026 Gulf=4
2026-06-30 11:54:12,510 [INFO]   [Gulf] x=651 y=401 rgb=(147,208,192) sat=29%  →  1/20/2026 Gulf=0
2026-06-30 11:54:12,709 [INFO]   [Gulf] x=649 y=393 rgb=(147,208,192) sat=29%  →  1/13/2026 Gulf=2
2026-06-30 11:54:12,959 [INFO]   [Gulf] x=646 y=364 rgb=(148,208,192) sat=29%  →  1/6/2026 Gulf=7
2026-06-30 11:54:13,449 [INFO]   [Gulf] x=641 y=366 rgb=(148,208,192) sat=29%  →  12/23/2025 Gulf=6
2026-06-30 11:54:13,708 [INFO]   [Gulf] x=638 y=385 rgb=(147,208,192) sat=29%  →  12/16/2025 Gulf=3
2026-06-30 11:54:14,074 [INFO]   [Gulf] x=634 y=389 rgb=(148,208,192) sat=29%  →  12/9/2025 Gulf=2
2026-06-30 11:54:14,166 [INFO]   [Gulf] x=633 y=390 rgb=(148,208,192) sat=29%  →  12/2/2025 Gulf=2
2026-06-30 11:54:14,428 [INFO]   [Gulf] x=630 y=385 rgb=(148,208,192) sat=29%  →  11/25/2025 Gulf=3
2026-06-30 11:54:14,679 [INFO]   [Gulf] x=627 y=379 rgb=(147,208,192) sat=29%  →  11/18/2025 Gulf=4
2026-06-30 11:54:15,781 [INFO]   [Gulf] x=616 y=385 rgb=(148,208,192) sat=29%  →  9/30/2025 Gulf=2
2026-06-30 11:54:16,813 [INFO]   [Gulf] x=605 y=395 rgb=(147,208,192) sat=29%  →  9/23/2025 Gulf=1
2026-06-30 11:54:16,895 [INFO]   [Gulf] x=604 y=395 rgb=(147,208,192) sat=29%  →  9/16/2025 Gulf=1
2026-06-30 11:54:17,143 [INFO]   [Gulf] x=601 y=390 rgb=(148,208,192) sat=29%  →  9/9/2025 Gulf=2
2026-06-30 11:54:17,347 [INFO]   [Gulf] x=599 y=390 rgb=(147,208,192) sat=29%  →  9/2/2025 Gulf=2
2026-06-30 11:54:17,729 [INFO]   [Gulf] x=595 y=396 rgb=(147,207,192) sat=29%  →  8/26/2025 Gulf=1
2026-06-30 11:54:17,896 [INFO]   [Gulf] x=593 y=395 rgb=(148,208,192) sat=29%  →  8/19/2025 Gulf=1
2026-06-30 11:54:18,080 [INFO]   [Gulf] x=591 y=395 rgb=(148,208,192) sat=29%  →  8/12/2025 Gulf=1
2026-06-30 11:54:18,472 [INFO]   [Gulf] x=587 y=399 rgb=(148,208,192) sat=29%  →  8/5/2025 Gulf=0
2026-06-30 11:54:18,548 [INFO]   [Gulf] x=586 y=400 rgb=(147,208,192) sat=29%  →  7/29/2025 Gulf=0
2026-06-30 11:54:18,832 [INFO]   [Gulf] x=583 y=381 rgb=(148,208,192) sat=29%  →  7/22/2025 Gulf=4
2026-06-30 11:54:19,113 [INFO]   [Gulf] x=580 y=374 rgb=(148,208,192) sat=29%  →  7/15/2025 Gulf=5
2026-06-30 11:54:19,113 [INFO]   [Gulf] done: 41 hits | 31 columns no line found
2026-06-30 11:54:19,113 [INFO] 
============================================================
2026-06-30 11:54:19,113 [INFO] RESULTS  41 dates  |  38 fully complete
2026-06-30 11:54:19,113 [INFO] Range    7/15/2025  →  6/23/2026
2026-06-30 11:54:19,113 [INFO] ============================================================
2026-06-30 11:54:19,113 [INFO]   7/15/2025     E=  8  W=  1  G=  5  OK
2026-06-30 11:54:19,113 [INFO]   7/22/2025     E=  7  W=  1  G=  4  OK
2026-06-30 11:54:19,113 [INFO]   7/29/2025     E=  6  W=  1  G=  0  OK
2026-06-30 11:54:19,113 [INFO]   8/5/2025      E= 12  W=  2  G=  0  OK
2026-06-30 11:54:19,113 [INFO]   8/12/2025     E= 10  W=  1  G=  1  OK
2026-06-30 11:54:19,113 [INFO]   8/19/2025     E=  ?  W=  3  G=  1  MISS:East
2026-06-30 11:54:19,113 [INFO]   8/26/2025     E= 12  W=  2  G=  1  OK
2026-06-30 11:54:19,113 [INFO]   9/2/2025      E= 20  W=  0  G=  2  OK
2026-06-30 11:54:19,113 [INFO]   9/9/2025      E=  8  W=  0  G=  2  OK
2026-06-30 11:54:19,113 [INFO]   9/16/2025     E=  ?  W=  1  G=  1  MISS:East
2026-06-30 11:54:19,113 [INFO]   9/23/2025     E=  9  W=  2  G=  1  OK
2026-06-30 11:54:19,113 [INFO]   9/30/2025     E=  6  W=  1  G=  2  OK
2026-06-30 11:54:19,113 [INFO]   11/18/2025    E= 10  W=  0  G=  4  OK
2026-06-30 11:54:19,113 [INFO]   11/25/2025    E=  5  W=  3  G=  3  OK
2026-06-30 11:54:19,113 [INFO]   12/2/2025     E=  6  W=  1  G=  2  OK
2026-06-30 11:54:19,113 [INFO]   12/9/2025     E= 10  W=  1  G=  2  OK
2026-06-30 11:54:19,113 [INFO]   12/16/2025    E=  5  W=  5  G=  3  OK
2026-06-30 11:54:19,113 [INFO]   12/23/2025    E=  6  W=  0  G=  6  OK
2026-06-30 11:54:19,113 [INFO]   1/6/2026      E= 11  W=  1  G=  7  OK
2026-06-30 11:54:19,113 [INFO]   1/13/2026     E=  9  W=  1  G=  2  OK
2026-06-30 11:54:19,113 [INFO]   1/20/2026     E=  8  W=  1  G=  0  OK
2026-06-30 11:54:19,113 [INFO]   1/27/2026     E=  4  W=  0  G=  4  OK
2026-06-30 11:54:19,113 [INFO]   2/10/2026     E=  9  W=  2  G=  3  OK
2026-06-30 11:54:19,113 [INFO]   2/17/2026     E=  ?  W=  1  G=  2  MISS:East
2026-06-30 11:54:19,113 [INFO]   2/24/2026     E=  9  W=  0  G=  3  OK
2026-06-30 11:54:19,113 [INFO]   3/3/2026      E=  9  W=  3  G=  1  OK
2026-06-30 11:54:19,113 [INFO]   3/10/2026     E= 16  W=  1  G=  1  OK
2026-06-30 11:54:19,113 [INFO]   3/17/2026     E= 11  W=  0  G=  1  OK
2026-06-30 11:54:19,113 [INFO]   3/24/2026     E=  6  W=  0  G=  2  OK
2026-06-30 11:54:19,113 [INFO]   3/31/2026     E= 10  W=  1  G=  0  OK
2026-06-30 11:54:19,113 [INFO]   4/7/2026      E=  6  W=  0  G=  0  OK
2026-06-30 11:54:19,113 [INFO]   4/14/2026     E=  5  W=  5  G=  0  OK
2026-06-30 11:54:19,113 [INFO]   4/21/2026     E=  3  W=  1  G=  2  OK
2026-06-30 11:54:19,113 [INFO]   4/28/2026     E=  4  W=  0  G=  2  OK
2026-06-30 11:54:19,113 [INFO]   5/5/2026      E=  3  W=  1  G=  1  OK
2026-06-30 11:54:19,113 [INFO]   5/12/2026     E=  2  W=  1  G=  1  OK
2026-06-30 11:54:19,113 [INFO]   5/26/2026     E=  9  W=  2  G=  0  OK
2026-06-30 11:54:19,113 [INFO]   6/2/2026      E=  6  W=  2  G=  2  OK
2026-06-30 11:54:19,113 [INFO]   6/9/2026      E=  2  W=  1  G=  2  OK
2026-06-30 11:54:19,113 [INFO]   6/16/2026     E=  3  W=  2  G=  1  OK
2026-06-30 11:54:19,113 [INFO]   6/23/2026     E=  5  W=  1  G=  2  OK
2026-06-30 11:54:19,127 [INFO] Saved → test_pixel_results.csv
