2026-06-30 11:48:27,148 [INFO] Log → D:\Projects\SIMBA-RUNBOOKS\FREIGHTINFO_MARAD_Runbook\logs\pixel_20260630_114827\pixel_20260630_114827.log
2026-06-30 11:48:27,148 [INFO] ============================================================
2026-06-30 11:48:27,149 [INFO] PIXEL SCAN  x=580→740  (pixel-exact line tracking)
2026-06-30 11:48:27,149 [INFO] ============================================================
2026-06-30 11:48:29,268 [INFO] Navigating → https://www.bts.gov/freight-indicators#anchored-offshore
2026-06-30 11:48:42,188 [INFO] Searching for Tableau iframe ...
2026-06-30 11:48:44,635 [INFO]   Frame: https://explore.dot.gov/views/FreightIndicators/ContainershipsAnchored?:embed=y&:showVizHome=no&:hos
2026-06-30 11:48:44,765 [INFO] Waiting 15 s for Tableau to render ...
2026-06-30 11:49:00,024 [INFO] Frame: {'title': 'Workbook: Freight Indicators', 'denied': False, 'canvases': [{'w': 30, 'h': 39, 'cls': ''}, {'w': 744, 'h': 423, 'cls': 'tabCanvas tab-widget'}, {'w': 744, 'h': 423, 'cls': 'tabCanvas tab-widget'}, {'w': 744, 'h': 423, 'cls': 'tabCanvas tab-widget'}]}
2026-06-30 11:49:01,096 [INFO] Canvas: page_x=496 page_y=271 w=744 h=423
2026-06-30 11:49:01,097 [INFO] Enabling highlight mode ...
2026-06-30 11:49:05,505 [INFO]   Highlight btn aria-pressed=true
2026-06-30 11:49:05,616 [INFO] 
──────────────────────────────────────────────────
REGION: East
──────────────────────────────────────────────────
2026-06-30 11:49:08,780 [INFO]   Legend item 'East' → aria-selected=true
2026-06-30 11:49:08,890 [INFO]   Scanning 161 columns (pixel-exact y tracking)...
2026-06-30 11:49:09,493 [INFO]   [East] x=709 y=374 rgb=(50,161,179) sat=72%  →  6/23/2026 East=5
2026-06-30 11:49:10,046 [INFO]   [East] x=705 y=381 rgb=(49,161,179) sat=73%  →  6/9/2026 East=2
2026-06-30 11:49:10,981 [INFO]   [East] x=702 y=376 rgb=(49,161,179) sat=73%  →  6/2/2026 East=6
2026-06-30 11:49:12,391 [INFO]   [East] x=700 y=362 rgb=(49,161,179) sat=73%  →  5/26/2026 East=9
2026-06-30 11:49:14,390 [INFO]   [East] x=693 y=376 rgb=(49,161,179) sat=73%  →  5/12/2026 East=2
2026-06-30 11:49:14,680 [INFO]   [East] x=692 y=383 rgb=(49,161,179) sat=73%  →  5/5/2026 East=3
2026-06-30 11:49:15,425 [INFO]   [East] x=689 y=382 rgb=(49,161,179) sat=73%  →  4/28/2026 East=4
2026-06-30 11:49:15,892 [INFO]   [East] x=686 y=379 rgb=(49,161,179) sat=73%  →  4/14/2026 East=5
2026-06-30 11:49:15,967 [INFO]   [East] x=685 y=381 rgb=(49,161,179) sat=73%  →  4/21/2026 East=3
2026-06-30 11:49:17,164 [INFO]   [East] x=681 y=371 rgb=(49,161,179) sat=73%  →  4/7/2026 East=6
2026-06-30 11:49:18,103 [INFO]   [East] x=678 y=352 rgb=(49,161,179) sat=73%  →  3/31/2026 East=10
2026-06-30 11:49:18,494 [INFO]   [East] x=676 y=346 rgb=(49,161,179) sat=73%  →  3/17/2026 East=11
2026-06-30 11:49:18,762 [INFO]   [East] x=674 y=357 rgb=(49,161,179) sat=73%  →  3/24/2026 East=6
2026-06-30 11:49:19,697 [INFO]   [East] x=670 y=320 rgb=(49,161,179) sat=73%  →  3/10/2026 East=16
2026-06-30 11:49:21,455 [INFO]   [East] x=665 y=348 rgb=(49,161,179) sat=73%  →  3/3/2026 East=9
2026-06-30 11:49:21,595 [INFO]   [East] x=664 y=352 rgb=(49,161,179) sat=73%  →  2/24/2026 East=9
2026-06-30 11:49:21,898 [INFO]   [East] x=662 y=352 rgb=(49,161,179) sat=73%  →  2/10/2026 East=9
2026-06-30 11:49:24,576 [INFO]   [East] x=654 y=367 rgb=(49,161,179) sat=73%  →  1/20/2026 East=8
2026-06-30 11:49:25,066 [INFO]   [East] x=653 y=372 rgb=(49,161,179) sat=73%  →  1/27/2026 East=4
2026-06-30 11:49:25,674 [INFO]   [East] x=650 y=356 rgb=(49,161,179) sat=73%  →  1/13/2026 East=9
2026-06-30 11:49:27,440 [INFO]   [East] x=647 y=347 rgb=(49,161,179) sat=73%  →  1/6/2026 East=11
2026-06-30 11:49:28,604 [INFO]   [East] x=640 y=361 rgb=(49,161,179) sat=73%  →  12/23/2025 East=6
2026-06-30 11:49:28,737 [INFO]   [East] x=639 y=366 rgb=(49,161,179) sat=73%  →  12/16/2025 East=5
2026-06-30 11:49:30,560 [INFO]   [East] x=636 y=354 rgb=(49,161,179) sat=73%  →  12/9/2025 East=10
2026-06-30 11:49:31,168 [INFO]   [East] x=631 y=365 rgb=(49,161,179) sat=73%  →  11/25/2025 East=5
2026-06-30 11:49:31,870 [INFO]   [East] x=628 y=352 rgb=(49,161,179) sat=73%  →  11/18/2025 East=10
2026-06-30 11:49:33,972 [INFO]   [East] x=616 y=358 rgb=(49,161,179) sat=73%  →  9/30/2025 East=6
2026-06-30 11:49:34,707 [INFO]   [East] x=608 y=362 rgb=(49,161,179) sat=73%  →  9/23/2025 East=9
2026-06-30 11:49:35,088 [INFO]   [East] x=604 y=356 rgb=(49,161,179) sat=73%  →  9/9/2025 East=8
2026-06-30 11:49:35,505 [INFO]   [East] x=599 y=303 rgb=(49,161,179) sat=73%  →  9/2/2025 East=20
2026-06-30 11:49:35,923 [INFO]   [East] x=594 y=332 rgb=(49,161,179) sat=73%  →  8/26/2025 East=12
2026-06-30 11:49:36,006 [INFO]   [East] x=593 y=347 rgb=(49,161,179) sat=73%  →  8/12/2025 East=10
2026-06-30 11:49:36,342 [INFO]   [East] x=589 y=340 rgb=(49,161,179) sat=73%  →  8/5/2025 East=12
2026-06-30 11:49:36,790 [INFO]   [East] x=584 y=359 rgb=(49,161,179) sat=73%  →  7/29/2025 East=6
2026-06-30 11:49:36,874 [INFO]   [East] x=583 y=364 rgb=(49,161,179) sat=73%  →  7/22/2025 East=7
2026-06-30 11:49:36,959 [INFO]   [East] x=582 y=362 rgb=(49,161,179) sat=73%  →  7/15/2025 East=8
2026-06-30 11:49:37,155 [INFO]   [East] done: 36 hits | 31 columns no line found
2026-06-30 11:49:37,155 [INFO] 
──────────────────────────────────────────────────
REGION: West
──────────────────────────────────────────────────
2026-06-30 11:49:39,226 [INFO]   Legend item 'West' → aria-selected=true
2026-06-30 11:49:39,226 [INFO]   Scanning 161 columns (pixel-exact y tracking)...
2026-06-30 11:49:39,458 [INFO]   [West] x=709 y=395 rgb=(140,130,178) sat=27%  →  6/23/2026 West=1
2026-06-30 11:49:39,541 [INFO]   [West] x=708 y=394 rgb=(129,117,170) sat=31%  →  6/16/2026 West=2
2026-06-30 11:49:39,727 [INFO]   [West] x=706 y=390 rgb=(129,116,169) sat=31%  →  6/9/2026 East=2
2026-06-30 11:49:39,991 [INFO]   [West] x=703 y=393 rgb=(129,117,170) sat=31%  →  6/2/2026 West=2
2026-06-30 11:49:40,307 [INFO]   [West] x=700 y=390 rgb=(129,116,169) sat=31%  →  5/26/2026 West=2
2026-06-30 11:49:40,974 [INFO]   [West] x=696 y=390 rgb=(129,117,170) sat=31%  →  5/12/2026 East=2
2026-06-30 11:49:41,493 [INFO]   [West] x=692 y=395 rgb=(128,116,169) sat=31%  →  5/5/2026 Gulf=1
2026-06-30 11:49:41,746 [INFO]   [West] x=689 y=397 rgb=(129,116,170) sat=32%  →  5/5/2026 West=1
2026-06-30 11:49:41,913 [INFO]   [West] x=687 y=401 rgb=(128,116,170) sat=32%  →  4/28/2026 West=0
2026-06-30 11:49:42,130 [INFO]   [West] x=685 y=393 rgb=(129,117,170) sat=31%  →  4/21/2026 West=1
2026-06-30 11:49:42,211 [INFO]   [West] x=684 y=385 rgb=(129,117,170) sat=31%  →  4/14/2026 West=5
2026-06-30 11:49:42,412 [INFO]   [West] x=682 y=374 rgb=(129,116,169) sat=31%  →  4/14/2026 East=5
2026-06-30 11:49:42,680 [INFO]   [West] x=679 y=401 rgb=(128,116,169) sat=31%  →  4/7/2026 West=0
2026-06-30 11:49:42,776 [INFO]   [West] x=678 y=398 rgb=(128,116,169) sat=31%  →  3/31/2026 West=1
2026-06-30 11:49:42,945 [INFO]   [West] x=676 y=396 rgb=(128,116,170) sat=32%  →  3/24/2026 Gulf=2
2026-06-30 11:49:43,127 [INFO]   [West] x=674 y=398 rgb=(129,117,170) sat=31%  →  3/17/2026 Gulf=1
2026-06-30 11:49:43,206 [INFO]   [West] x=673 y=401 rgb=(128,117,170) sat=31%  →  3/17/2026 West=0
2026-06-30 11:49:43,475 [INFO]   [West] x=670 y=397 rgb=(129,117,170) sat=31%  →  3/10/2026 West=1
2026-06-30 11:49:43,746 [INFO]   [West] x=667 y=385 rgb=(129,117,170) sat=31%  →  3/3/2026 West=3
2026-06-30 11:49:43,927 [INFO]   [West] x=665 y=385 rgb=(128,116,170) sat=32%  →  2/24/2026 Gulf=3
2026-06-30 11:49:44,011 [INFO]   [West] x=664 y=401 rgb=(129,116,170) sat=32%  →  2/24/2026 West=0
2026-06-30 11:49:44,095 [INFO]   [West] x=663 y=395 rgb=(129,117,170) sat=31%  →  2/17/2026 West=1
2026-06-30 11:49:44,428 [INFO]   [West] x=660 y=392 rgb=(129,117,170) sat=31%  →  2/10/2026 West=2
2026-06-30 11:49:44,943 [INFO]   [West] x=655 y=394 rgb=(129,117,170) sat=31%  →  1/20/2026 Gulf=0
2026-06-30 11:49:45,131 [INFO]   [West] x=653 y=401 rgb=(128,116,169) sat=31%  →  1/27/2026 West=0
2026-06-30 11:49:45,214 [INFO]   [West] x=652 y=399 rgb=(128,116,170) sat=32%  →  1/20/2026 West=1
2026-06-30 11:49:45,413 [INFO]   [West] x=650 y=395 rgb=(128,116,169) sat=31%  →  1/13/2026 Gulf=2
2026-06-30 11:49:45,497 [INFO]   [West] x=649 y=396 rgb=(128,116,170) sat=32%  →  1/13/2026 West=1
2026-06-30 11:49:45,691 [INFO]   [West] x=647 y=395 rgb=(128,116,170) sat=32%  →  1/6/2026 West=1
2026-06-30 11:49:46,082 [INFO]   [West] x=643 y=396 rgb=(129,117,170) sat=31%  →  12/23/2025 West=0
2026-06-30 11:49:46,597 [INFO]   [West] x=638 y=375 rgb=(129,117,170) sat=31%  →  12/16/2025 West=5
2026-06-30 11:49:46,681 [INFO]   [West] x=637 y=374 rgb=(128,116,170) sat=32%  →  12/16/2025 East=5
2026-06-30 11:49:46,983 [INFO]   [West] x=634 y=396 rgb=(128,116,170) sat=32%  →  12/2/2025 West=1
2026-06-30 11:49:47,243 [INFO]   [West] x=631 y=389 rgb=(129,117,170) sat=31%  →  11/25/2025 West=3
2026-06-30 11:49:47,425 [INFO]   [West] x=629 y=385 rgb=(128,116,170) sat=32%  →  11/25/2025 Gulf=3
2026-06-30 11:49:47,697 [INFO]   [West] x=626 y=397 rgb=(129,117,170) sat=31%  →  11/18/2025 West=0
2026-06-30 11:49:48,314 [INFO]   [West] x=619 y=398 rgb=(129,117,170) sat=31%  →  9/30/2025 West=1
2026-06-30 11:49:49,421 [INFO]   [West] x=607 y=391 rgb=(129,117,170) sat=31%  →  9/23/2025 West=2
2026-06-30 11:49:49,534 [INFO]   [West] x=606 y=390 rgb=(128,116,169) sat=31%  →  9/16/2025 East=2
2026-06-30 11:49:49,878 [INFO]   [West] x=603 y=393 rgb=(129,117,170) sat=31%  →  9/9/2025 Gulf=2
2026-06-30 11:49:49,955 [INFO]   [West] x=602 y=396 rgb=(129,117,170) sat=31%  →  9/16/2025 Gulf=1
2026-06-30 11:49:50,051 [INFO]   [West] x=601 y=401 rgb=(129,116,170) sat=32%  →  9/9/2025 West=0
2026-06-30 11:49:50,135 [INFO]   [West] x=600 y=399 rgb=(129,117,170) sat=31%  →  9/2/2025 West=0
2026-06-30 11:49:50,477 [INFO]   [West] x=596 y=391 rgb=(129,117,170) sat=31%  →  8/26/2025 West=2
2026-06-30 11:49:50,730 [INFO]   [West] x=593 y=385 rgb=(129,116,170) sat=32%  →  8/19/2025 West=3
2026-06-30 11:49:51,003 [INFO]   [West] x=590 y=396 rgb=(128,116,170) sat=32%  →  8/12/2025 West=1
2026-06-30 11:49:51,168 [INFO]   [West] x=588 y=390 rgb=(129,116,169) sat=31%  →  8/5/2025 West=2
2026-06-30 11:49:51,366 [INFO]   [West] x=586 y=392 rgb=(128,116,170) sat=32%  →  7/29/2025 Gulf=0
2026-06-30 11:49:51,466 [INFO]   [West] x=585 y=396 rgb=(128,116,169) sat=31%  →  7/29/2025 West=1
2026-06-30 11:49:51,544 [INFO]   [West] x=584 y=396 rgb=(129,116,169) sat=31%  →  7/22/2025 West=1
2026-06-30 11:49:51,822 [INFO]   [West] x=581 y=395 rgb=(129,117,170) sat=31%  →  7/15/2025 West=1
2026-06-30 11:49:51,915 [INFO]   [West] done: 51 hits | 31 columns no line found
2026-06-30 11:49:51,915 [INFO] 
──────────────────────────────────────────────────
REGION: Gulf
──────────────────────────────────────────────────
2026-06-30 11:49:53,911 [INFO]   Legend item 'Gulf' → aria-selected=true
2026-06-30 11:49:53,911 [INFO]   Scanning 161 columns (pixel-exact y tracking)...
2026-06-30 11:49:54,135 [INFO]   [Gulf] x=709 y=390 rgb=(157,212,197) sat=26%  →  6/23/2026 Gulf=2
2026-06-30 11:49:54,218 [INFO]   [Gulf] x=708 y=390 rgb=(148,208,192) sat=29%  →  6/16/2026 West=2
2026-06-30 11:49:54,401 [INFO]   [Gulf] x=706 y=392 rgb=(148,208,192) sat=29%  →  6/9/2026 Gulf=2
2026-06-30 11:49:54,615 [INFO]   [Gulf] x=704 y=395 rgb=(147,208,192) sat=29%  →  6/16/2026 Gulf=1
2026-06-30 11:49:54,783 [INFO]   [Gulf] x=702 y=390 rgb=(147,208,192) sat=29%  →  6/2/2026 Gulf=2
2026-06-30 11:49:54,866 [INFO]   [Gulf] x=701 y=389 rgb=(148,208,192) sat=29%  →  6/2/2026 West=2
2026-06-30 11:49:54,968 [INFO]   [Gulf] x=700 y=390 rgb=(147,208,192) sat=29%  →  5/26/2026 West=2
2026-06-30 11:49:55,150 [INFO]   [Gulf] x=698 y=401 rgb=(147,208,192) sat=29%  →  5/26/2026 Gulf=0
2026-06-30 11:49:55,322 [INFO]   [Gulf] x=696 y=398 rgb=(147,208,192) sat=29%  →  5/12/2026 Gulf=1
2026-06-30 11:49:55,595 [INFO]   [Gulf] x=693 y=395 rgb=(147,208,192) sat=29%  →  5/12/2026 West=1
2026-06-30 11:49:55,689 [INFO]   [Gulf] x=692 y=395 rgb=(146,207,192) sat=29%  →  5/5/2026 Gulf=1
2026-06-30 11:49:55,858 [INFO]   [Gulf] x=690 y=394 rgb=(148,208,192) sat=29%  →  4/28/2026 Gulf=2
2026-06-30 11:49:56,121 [INFO]   [Gulf] x=687 y=390 rgb=(147,207,192) sat=29%  →  4/21/2026 Gulf=2
2026-06-30 11:49:56,356 [INFO]   [Gulf] x=684 y=391 rgb=(147,208,192) sat=29%  →  4/21/2026 West=1
2026-06-30 11:49:56,455 [INFO]   [Gulf] x=683 y=391 rgb=(148,208,192) sat=29%  →  4/7/2026 West=0
2026-06-30 11:49:56,541 [INFO]   [Gulf] x=682 y=401 rgb=(147,208,192) sat=29%  →  4/14/2026 Gulf=0
2026-06-30 11:49:56,904 [INFO]   [Gulf] x=678 y=400 rgb=(148,208,192) sat=29%  →  3/31/2026 Gulf=0
2026-06-30 11:49:57,055 [INFO]   [Gulf] x=676 y=395 rgb=(148,208,192) sat=29%  →  3/24/2026 Gulf=2
2026-06-30 11:49:57,523 [INFO]   [Gulf] x=671 y=394 rgb=(148,208,192) sat=29%  →  3/10/2026 West=1
2026-06-30 11:49:57,793 [INFO]   [Gulf] x=668 y=395 rgb=(148,208,192) sat=29%  →  3/3/2026 Gulf=1
2026-06-30 11:49:58,081 [INFO]   [Gulf] x=665 y=388 rgb=(148,208,192) sat=29%  →  2/24/2026 Gulf=3
2026-06-30 11:49:58,354 [INFO]   [Gulf] x=662 y=389 rgb=(147,208,192) sat=29%  →  2/17/2026 Gulf=2
2026-06-30 11:49:58,438 [INFO]   [Gulf] x=661 y=387 rgb=(148,208,192) sat=29%  →  2/10/2026 Gulf=3
2026-06-30 11:49:58,922 [INFO]   [Gulf] x=656 y=382 rgb=(148,208,192) sat=29%  →  1/27/2026 Gulf=4
2026-06-30 11:49:59,285 [INFO]   [Gulf] x=652 y=379 rgb=(148,208,192) sat=29%  →  1/27/2026 East=4
2026-06-30 11:49:59,373 [INFO]   [Gulf] x=651 y=401 rgb=(147,208,192) sat=29%  →  1/20/2026 Gulf=0
2026-06-30 11:49:59,471 [INFO]   [Gulf] x=650 y=392 rgb=(148,208,192) sat=29%  →  1/13/2026 Gulf=2
2026-06-30 11:49:59,823 [INFO]   [Gulf] x=646 y=364 rgb=(148,208,192) sat=29%  →  1/6/2026 Gulf=7
2026-06-30 11:50:00,024 [INFO]   [Gulf] x=644 y=363 rgb=(147,208,192) sat=29%  →  12/23/2025 East=6
2026-06-30 11:50:00,390 [INFO]   [Gulf] x=640 y=369 rgb=(147,208,192) sat=29%  →  12/23/2025 Gulf=6
2026-06-30 11:50:00,474 [INFO]   [Gulf] x=639 y=369 rgb=(147,207,192) sat=29%  →  12/16/2025 East=5
2026-06-30 11:50:00,561 [INFO]   [Gulf] x=638 y=385 rgb=(147,208,192) sat=29%  →  12/16/2025 Gulf=3
2026-06-30 11:50:00,739 [INFO]   [Gulf] x=636 y=385 rgb=(147,208,192) sat=29%  →  12/16/2025 West=5
2026-06-30 11:50:00,841 [INFO]   [Gulf] x=635 y=387 rgb=(148,208,192) sat=29%  →  12/9/2025 West=1
2026-06-30 11:50:00,922 [INFO]   [Gulf] x=634 y=389 rgb=(148,208,192) sat=29%  →  12/2/2025 Gulf=2
2026-06-30 11:50:01,346 [INFO]   [Gulf] x=630 y=385 rgb=(148,208,192) sat=29%  →  11/25/2025 Gulf=3
2026-06-30 11:50:01,626 [INFO]   [Gulf] x=627 y=379 rgb=(147,208,192) sat=29%  →  11/18/2025 Gulf=4
2026-06-30 11:50:02,642 [INFO]   [Gulf] x=617 y=384 rgb=(148,208,192) sat=29%  →  9/30/2025 Gulf=2
2026-06-30 11:50:03,492 [INFO]   [Gulf] x=608 y=390 rgb=(147,208,192) sat=29%  →  9/23/2025 West=2
2026-06-30 11:50:03,755 [INFO]   [Gulf] x=605 y=395 rgb=(147,208,192) sat=29%  →  9/16/2025 Gulf=1
2026-06-30 11:50:04,088 [INFO]   [Gulf] x=601 y=390 rgb=(148,208,192) sat=29%  →  9/9/2025 Gulf=2
2026-06-30 11:50:04,187 [INFO]   [Gulf] x=600 y=390 rgb=(148,208,192) sat=29%  →  9/2/2025 Gulf=2
2026-06-30 11:50:04,360 [INFO]   [Gulf] x=598 y=389 rgb=(148,208,192) sat=29%  →  8/26/2025 West=2
2026-06-30 11:50:04,618 [INFO]   [Gulf] x=595 y=396 rgb=(147,207,192) sat=29%  →  8/26/2025 Gulf=1
2026-06-30 11:50:04,708 [INFO]   [Gulf] x=594 y=395 rgb=(147,208,192) sat=29%  →  8/19/2025 Gulf=1
2026-06-30 11:50:04,809 [INFO]   [Gulf] x=593 y=395 rgb=(148,208,192) sat=29%  →  8/12/2025 West=1
2026-06-30 11:50:05,262 [INFO]   [Gulf] x=588 y=397 rgb=(148,208,192) sat=29%  →  7/29/2025 West=1
2026-06-30 11:50:05,357 [INFO]   [Gulf] x=587 y=399 rgb=(148,208,192) sat=29%  →  7/29/2025 Gulf=0
2026-06-30 11:50:05,726 [INFO]   [Gulf] x=583 y=381 rgb=(148,208,192) sat=29%  →  7/22/2025 Gulf=4
2026-06-30 11:50:06,011 [INFO]   [Gulf] x=580 y=374 rgb=(148,208,192) sat=29%  →  7/15/2025 Gulf=5
2026-06-30 11:50:06,011 [INFO]   [Gulf] done: 50 hits | 31 columns no line found
2026-06-30 11:50:06,015 [INFO] 
============================================================
2026-06-30 11:50:06,015 [INFO] RESULTS  41 dates  |  28 fully complete
2026-06-30 11:50:06,016 [INFO] Range    7/15/2025  →  6/23/2026
2026-06-30 11:50:06,016 [INFO] ============================================================
2026-06-30 11:50:06,016 [INFO]   7/15/2025     E=  8  W=  1  G=  5  OK
2026-06-30 11:50:06,016 [INFO]   7/22/2025     E=  7  W=  1  G=  4  OK
2026-06-30 11:50:06,016 [INFO]   7/29/2025     E=  6  W=  1  G=  0  OK
2026-06-30 11:50:06,016 [INFO]   8/5/2025      E= 12  W=  2  G=  ?  MISS:Gulf
2026-06-30 11:50:06,016 [INFO]   8/12/2025     E= 10  W=  1  G=  ?  MISS:Gulf
2026-06-30 11:50:06,016 [INFO]   8/19/2025     E=  ?  W=  3  G=  1  MISS:East
2026-06-30 11:50:06,017 [INFO]   8/26/2025     E= 12  W=  2  G=  1  OK
2026-06-30 11:50:06,017 [INFO]   9/2/2025      E= 20  W=  0  G=  2  OK
2026-06-30 11:50:06,017 [INFO]   9/9/2025      E=  8  W=  0  G=  2  OK
2026-06-30 11:50:06,017 [INFO]   9/16/2025     E=  2  W=  ?  G=  1  MISS:West
2026-06-30 11:50:06,017 [INFO]   9/23/2025     E=  9  W=  2  G=  ?  MISS:Gulf
2026-06-30 11:50:06,017 [INFO]   9/30/2025     E=  6  W=  1  G=  2  OK
2026-06-30 11:50:06,017 [INFO]   11/18/2025    E= 10  W=  0  G=  4  OK
2026-06-30 11:50:06,017 [INFO]   11/25/2025    E=  5  W=  3  G=  3  OK
2026-06-30 11:50:06,018 [INFO]   12/2/2025     E=  ?  W=  1  G=  2  MISS:East
2026-06-30 11:50:06,018 [INFO]   12/9/2025     E= 10  W=  1  G=  ?  MISS:Gulf
2026-06-30 11:50:06,018 [INFO]   12/16/2025    E=  5  W=  5  G=  3  OK
2026-06-30 11:50:06,018 [INFO]   12/23/2025    E=  6  W=  0  G=  6  OK
2026-06-30 11:50:06,018 [INFO]   1/6/2026      E= 11  W=  1  G=  7  OK
2026-06-30 11:50:06,018 [INFO]   1/13/2026     E=  9  W=  1  G=  2  OK
2026-06-30 11:50:06,018 [INFO]   1/20/2026     E=  8  W=  1  G=  0  OK
2026-06-30 11:50:06,018 [INFO]   1/27/2026     E=  4  W=  0  G=  4  OK
2026-06-30 11:50:06,019 [INFO]   2/10/2026     E=  9  W=  2  G=  3  OK
2026-06-30 11:50:06,019 [INFO]   2/17/2026     E=  ?  W=  1  G=  2  MISS:East
2026-06-30 11:50:06,019 [INFO]   2/24/2026     E=  9  W=  0  G=  3  OK
2026-06-30 11:50:06,019 [INFO]   3/3/2026      E=  9  W=  3  G=  1  OK
2026-06-30 11:50:06,019 [INFO]   3/10/2026     E= 16  W=  1  G=  ?  MISS:Gulf
2026-06-30 11:50:06,019 [INFO]   3/17/2026     E= 11  W=  0  G=  1  OK
2026-06-30 11:50:06,019 [INFO]   3/24/2026     E=  6  W=  ?  G=  2  MISS:West
2026-06-30 11:50:06,019 [INFO]   3/31/2026     E= 10  W=  1  G=  0  OK
2026-06-30 11:50:06,020 [INFO]   4/7/2026      E=  6  W=  0  G=  ?  MISS:Gulf
2026-06-30 11:50:06,020 [INFO]   4/14/2026     E=  5  W=  5  G=  0  OK
2026-06-30 11:50:06,020 [INFO]   4/21/2026     E=  3  W=  1  G=  2  OK
2026-06-30 11:50:06,020 [INFO]   4/28/2026     E=  4  W=  0  G=  2  OK
2026-06-30 11:50:06,020 [INFO]   5/5/2026      E=  3  W=  1  G=  1  OK
2026-06-30 11:50:06,020 [INFO]   5/12/2026     E=  2  W=  1  G=  1  OK
2026-06-30 11:50:06,020 [INFO]   5/26/2026     E=  9  W=  2  G=  0  OK
2026-06-30 11:50:06,020 [INFO]   6/2/2026      E=  6  W=  2  G=  2  OK
2026-06-30 11:50:06,020 [INFO]   6/9/2026      E=  2  W=  ?  G=  2  MISS:West
2026-06-30 11:50:06,021 [INFO]   6/16/2026     E=  ?  W=  2  G=  1  MISS:East
2026-06-30 11:50:06,021 [INFO]   6/23/2026     E=  5  W=  1  G=  2  OK
2026-06-30 11:50:06,023 [INFO] Saved → test_pixel_results.csv
