2026-02-19 13:04:22,013 - root - INFO - ======================================================================
2026-02-19 13:04:22,013 - root - INFO - Logging initialized: D:\Projects\SIMBA-RUNBOOKS\FREIGHTINFO_MARAD_Runbook\logs\20260219_130421\freightinfo_marad_20260219_130421.log
2026-02-19 13:04:22,013 - root - INFO - ======================================================================
2026-02-19 13:04:22,013 - __main__ - INFO - ======================================================================
2026-02-19 13:04:22,014 - __main__ - INFO - STEP 1: Checking Master Data
2026-02-19 13:04:22,014 - __main__ - INFO - ======================================================================
2026-02-19 13:04:22,015 - parser - INFO - Loaded master: 52 data rows
2026-02-19 13:04:22,015 - parser - INFO -   Date range: 2025-01 to 2026-08
2026-02-19 13:04:22,015 - __main__ - INFO - Last week in master: 2026-08
2026-02-19 13:04:22,015 - __main__ - INFO - ======================================================================
2026-02-19 13:04:22,015 - __main__ - INFO - STEP 2: Fetching Week Mapping Data
2026-02-19 13:04:22,015 - __main__ - INFO - ======================================================================
2026-02-19 13:04:22,016 - scraper - INFO - Week mapping cache is up to date
2026-02-19 13:04:22,016 - scraper - INFO - Using cached week mapping data
2026-02-19 13:04:22,016 - parser - INFO - Loaded week mapping: 3 years, 157 weeks total
2026-02-19 13:04:22,017 - __main__ - INFO - ======================================================================
2026-02-19 13:04:22,017 - __main__ - INFO - STEP 3: Fetching Chart Data from BTS
2026-02-19 13:04:22,017 - __main__ - INFO - ======================================================================
2026-02-19 13:04:22,017 - scraper - INFO - ======================================================================
2026-02-19 13:04:22,017 - scraper - INFO - Fetching chart data from BTS Tableau...
2026-02-19 13:04:22,017 - scraper - INFO - URL: https://www.bts.gov/freight-indicators#anchored-offshore
2026-02-19 13:04:22,017 - scraper - INFO - ======================================================================
2026-02-19 13:04:22,743 - scraper - INFO - Checking Windows Registry for Chrome version...
2026-02-19 13:04:22,743 - scraper - INFO - Found Chrome version: 145.0.7632.76 (major: 145)
2026-02-19 13:04:22,746 - undetected_chromedriver.patcher - DEBUG - getting release number from /latest-versions-per-milestone-with-downloads.json
2026-02-19 13:04:23,199 - undetected_chromedriver.patcher - DEBUG - downloading from https://storage.googleapis.com/chrome-for-testing-public/145.0.7632.77/win32/chromedriver-win32.zip
2026-02-19 13:04:23,516 - undetected_chromedriver.patcher - DEBUG - unzipping C:\Users\MARKCA~1\AppData\Local\Temp\tmprrewzeqi
2026-02-19 13:04:23,692 - undetected_chromedriver.patcher - INFO - patching driver executable C:\Users\Mark Castro\appdata\roaming\undetected_chromedriver\undetected_chromedriver.exe
2026-02-19 13:04:25,013 - undetected_chromedriver.patcher - DEBUG - found block:
b'{window.cdc_adoQpoasnfa76pfcZLmcfl_Array = window.Array;window.cdc_adoQpoasnfa76pfcZLmcfl_Object = window.Object;window.cdc_adoQpoasnfa76pfcZLmcfl_Promise = window.Promise;window.cdc_adoQpoasnfa76pfcZLmcfl_Proxy = window.Proxy;window.cdc_adoQpoasnfa76pfcZLmcfl_Symbol = window.Symbol;window.cdc_adoQpoasnfa76pfcZLmcfl_JSON = window.JSON;window.cdc_adoQpoasnfa76pfcZLmcfl_Window = window.Window;}'
replacing with:
b'{console.log("undetected chromedriver 1337!")}                                                                                                                                                                                                                                                                                                                                                             '
2026-02-19 13:04:25,021 - undetected_chromedriver.patcher - DEBUG - patching took us 1.33 seconds
2026-02-19 13:04:26,394 - uc - DEBUG - created a temporary folder in which the user-data (profile) will be stored during this
session, and added it to chrome startup arguments: --user-data-dir=C:\Users\MARKCA~1\AppData\Local\Temp\tmp6af2xnrb
2026-02-19 13:04:26,395 - uc - DEBUG - checking if C:\Program Files (x86)\Google/Chrome/Application\chrome.exe exists and is executable
2026-02-19 13:04:26,395 - uc - DEBUG - checking if C:\Program Files\Google/Chrome/Application\chrome.exe exists and is executable
2026-02-19 13:04:26,395 - uc - DEBUG - found! using C:\Program Files\Google/Chrome/Application\chrome.exe
2026-02-19 13:04:26,408 - uc - DEBUG - did not find a bad exit_type flag 
2026-02-19 13:04:26,413 - selenium.webdriver.common.driver_finder - DEBUG - Skipping Selenium Manager; path to chrome driver specified in Service class: C:\Users\Mark Castro\appdata\roaming\undetected_chromedriver\undetected_chromedriver.exe
2026-02-19 13:04:28,738 - selenium.webdriver.common.service - DEBUG - Started executable: `C:\Users\Mark Castro\appdata\roaming\undetected_chromedriver\undetected_chromedriver.exe` in a child process with pid: 14524 using 0 to output -3
2026-02-19 13:04:29,249 - selenium.webdriver.remote.remote_connection - DEBUG - POST http://localhost:54466/session {'capabilities': {'firstMatch': [{}], 'alwaysMatch': {'browserName': 'chrome', 'pageLoadStrategy': <PageLoadStrategy.normal: 'normal'>, 'goog:chromeOptions': {'extensions': [], 'binary': 'C:\\Program Files\\Google\\Chrome\\Application\\chrome.exe', 'args': ['--no-sandbox', '--disable-dev-shm-usage', '--disable-gpu', '--window-size=1920,1080', '--remote-debugging-host=127.0.0.1', '--remote-debugging-port=54465', '--user-data-dir=C:\\Users\\MARKCA~1\\AppData\\Local\\Temp\\tmp6af2xnrb', '--lang=en-US', '--no-default-browser-check', '--no-first-run', '--no-sandbox', '--test-type', '--window-size=1920,1080', '--start-maximized', '--no-sandbox', '--log-level=0'], 'debuggerAddress': '127.0.0.1:54465'}}}}
2026-02-19 13:04:29,251 - urllib3.connectionpool - DEBUG - Starting new HTTP connection (1): localhost:54466
2026-02-19 13:04:29,300 - urllib3.connectionpool - DEBUG - http://localhost:54466 "POST /session HTTP/1.1" 200 0
2026-02-19 13:04:29,301 - selenium.webdriver.remote.remote_connection - DEBUG - Remote response: status=200 | data={"value":{"capabilities":{"acceptInsecureCerts":false,"browserName":"chrome","browserVersion":"145.0.7632.76","chrome":{"chromedriverVersion":"145.0.7632.77 (da516187054a90a4669ee732027b919261341392-refs/branch-heads/7632_45@{#16})"},"fedcm:accounts":true,"goog:chromeOptions":{"debuggerAddress":"127.0.0.1:54465"},"pageLoadStrategy":"normal","platformName":"","proxy":{},"setWindowRect":false,"strictFileInteractability":false,"timeouts":{"implicit":0,"pageLoad":300000,"script":30000},"unhandledPromptBehavior":"dismiss and notify","webauthn:extension:credBlob":true,"webauthn:extension:largeBlob":true,"webauthn:extension:minPinLength":true,"webauthn:extension:prf":true,"webauthn:virtualAuthenticators":true},"sessionId":"0b55c610f3409ececef6b7b5e6fc765c"}} | headers=HTTPHeaderDict({'Content-Length': '761', 'Content-Type': 'application/json; charset=utf-8', 'cache-control': 'no-cache'})
2026-02-19 13:04:29,301 - selenium.webdriver.remote.remote_connection - DEBUG - Finished Request
2026-02-19 13:04:29,301 - selenium.webdriver.remote.remote_connection - DEBUG - POST http://localhost:54466/session/0b55c610f3409ececef6b7b5e6fc765c/timeouts {'pageLoad': 120000}
2026-02-19 13:04:29,303 - urllib3.connectionpool - DEBUG - http://localhost:54466 "POST /session/0b55c610f3409ececef6b7b5e6fc765c/timeouts HTTP/1.1" 200 0
2026-02-19 13:04:29,303 - selenium.webdriver.remote.remote_connection - DEBUG - Remote response: status=200 | data={"value":null} | headers=HTTPHeaderDict({'Content-Length': '14', 'Content-Type': 'application/json; charset=utf-8', 'cache-control': 'no-cache'})
2026-02-19 13:04:29,304 - selenium.webdriver.remote.remote_connection - DEBUG - Finished Request
2026-02-19 13:04:29,304 - scraper - INFO - Chrome driver initialized successfully
2026-02-19 13:04:29,304 - scraper - INFO - Navigating to: https://www.bts.gov/freight-indicators#anchored-offshore
2026-02-19 13:04:29,304 - selenium.webdriver.remote.remote_connection - DEBUG - POST http://localhost:54466/session/0b55c610f3409ececef6b7b5e6fc765c/url {'url': 'https://www.bts.gov/freight-indicators#anchored-offshore'}
2026-02-19 13:04:34,533 - urllib3.connectionpool - DEBUG - http://localhost:54466 "POST /session/0b55c610f3409ececef6b7b5e6fc765c/url HTTP/1.1" 200 0
2026-02-19 13:04:34,533 - selenium.webdriver.remote.remote_connection - DEBUG - Remote response: status=200 | data={"value":null} | headers=HTTPHeaderDict({'Content-Length': '14', 'Content-Type': 'application/json; charset=utf-8', 'cache-control': 'no-cache'})
2026-02-19 13:04:34,534 - selenium.webdriver.remote.remote_connection - DEBUG - Finished Request
2026-02-19 13:04:34,538 - scraper - INFO - Waiting for Tableau chart to load...
2026-02-19 13:04:39,540 - selenium.webdriver.remote.remote_connection - DEBUG - POST http://localhost:54466/session/0b55c610f3409ececef6b7b5e6fc765c/elements {'using': 'tag name', 'value': 'iframe'}
2026-02-19 13:04:39,573 - urllib3.connectionpool - DEBUG - http://localhost:54466 "POST /session/0b55c610f3409ececef6b7b5e6fc765c/elements HTTP/1.1" 200 0
2026-02-19 13:04:39,573 - selenium.webdriver.remote.remote_connection - DEBUG - Remote response: status=200 | data={"value":[{"element-6066-11e4-a52e-4f735466cecf":"f.2C138ACF9B483A98B473579A44E388C2.d.91BCF3CB8E1BC3EB56ACAD14EBC17F3E.e.73"},{"element-6066-11e4-a52e-4f735466cecf":"f.2C138ACF9B483A98B473579A44E388C2.d.91BCF3CB8E1BC3EB56ACAD14EBC17F3E.e.74"},{"element-6066-11e4-a52e-4f735466cecf":"f.2C138ACF9B483A98B473579A44E388C2.d.91BCF3CB8E1BC3EB56ACAD14EBC17F3E.e.75"},{"element-6066-11e4-a52e-4f735466cecf":"f.2C138ACF9B483A98B473579A44E388C2.d.91BCF3CB8E1BC3EB56ACAD14EBC17F3E.e.76"},{"element-6066-11e4-a52e-4f735466cecf":"f.2C138ACF9B483A98B473579A44E388C2.d.91BCF3CB8E1BC3EB56ACAD14EBC17F3E.e.77"},{"element-6066-11e4-a52e-4f735466cecf":"f.2C138ACF9B483A98B473579A44E388C2.d.91BCF3CB8E1BC3EB56ACAD14EBC17F3E.e.78"},{"element-6066-11e4-a52e-4f735466cecf":"f.2C138ACF9B483A98B473579A44E388C2.d.91BCF3CB8E1BC3EB56ACAD14EBC17F3E.e.79"},{"element-6066-11e4-a52e-4f735466cecf":"f.2C138ACF9B483A98B473579A44E388C2.d.91BCF3CB8E1BC3EB56ACAD14EBC17F3E.e.80"},{"element-6066-11e4-a52e-4f735466cecf":"f.2C138ACF9B483A98B473579A44E388C2.d.91BCF3CB8E1BC3EB56ACAD14EBC17F3E.e.81"},{"element-6066-11e4-a52e-4f735466cecf":"f.2C138ACF9B483A98B473579A44E388C2.d.91BCF3CB8E1BC3EB56ACAD14EBC17F3E.e.82"},{"element-6066-11e4-a52e-4f735466cecf":"f.2C138ACF9B483A98B473579A44E388C2.d.91BCF3CB8E1BC3EB56ACAD14EBC17F3E.e.83"},{"element-6066-11e4-a52e-4f735466cecf":"f.2C138ACF9B483A98B473579A44E388C2.d.91BCF3CB8E1BC3EB56ACAD14EBC17F3E.e.84"},{"element-6066-11e4-a52e-4f735466cecf":"f.2C138ACF9B483A98B473579A44E388C2.d.91BCF3CB8E1BC3EB56ACAD14EBC17F3E.e.85"},{"element-6066-11e4-a52e-4f735466cecf":"f.2C138ACF9B483A98B473579A44E388C2.d.91BCF3CB8E1BC3EB56ACAD14EBC17F3E.e.86"},{"element-6066-11e4-a52e-4f735466cecf":"f.2C138ACF9B483A98B473579A44E388C2.d.91BCF3CB8E1BC3EB56ACAD14EBC17F3E.e.87"},{"element-6066-11e4-a52e-4f735466cecf":"f.2C138ACF9B483A98B473579A44E388C2.d.91BCF3CB8E1BC3EB56ACAD14EBC17F3E.e.88"},{"element-6066-11e4-a52e-4f735466cecf":"f.2C138ACF9B483A98B473579A44E388C2.d.91BCF3CB8E1BC3EB56ACAD14EBC17F3E.e.89"},{"element-6066-11e4-a52e-4f735466cecf":"f.2C138ACF9B483A98B473579A44E388C2.d.91BCF3CB8E1BC3EB56ACAD14EBC17F3E.e.90"},{"element-6066-11e4-a52e-4f735466cecf":"f.2C138ACF9B483A98B473579A44E388C2.d.91BCF3CB8E1BC3EB56ACAD14EBC17F3E.e.91"},{"element-6066-11e4-a52e-4f735466cecf":"f.2C138ACF9B483A98B473579A44E388C2.d.91BCF3CB8E1BC3EB56ACAD14EBC17F3E.e.92"},{"element-6066-11e4-a52e-4f735466cecf":"f.2C138ACF9B483A98B473579A44E388C2.d.91BCF3CB8E1BC3EB56ACAD14EBC17F3E.e.93"},{"element-6066-11e4-a52e-4f735466cecf":"f.2C138ACF9B483A98B473579A44E388C2.d.91BCF3CB8E1BC3EB56ACAD14EBC17F3E.e.94"},{"element-6066-11e4-a52e-4f735466cecf":"f.2C138ACF9B483A98B473579A44E388C2.d.91BCF3CB8E1BC3EB56ACAD14EBC17F3E.e.95"},{"element-6066-11e4-a52e-4f735466cecf":"f.2C138ACF9B483A98B473579A44E388C2.d.91BCF3CB8E1BC3EB56ACAD14EBC17F3E.e.96"},{"element-6066-11e4-a52e-4f735466cecf":"f.2C138ACF9B483A98B473579A44E388C2.d.91BCF3CB8E1BC3EB56ACAD14EBC17F3E.e.97"},{"element-6066-11e4-a52e-4f735466cecf":"f.2C138ACF9B483A98B473579A44E388C2.d.91BCF3CB8E1BC3EB56ACAD14EBC17F3E.e.98"},{"element-6066-11e4-a52e-4f735466cecf":"f.2C138ACF9B483A98B473579A44E388C2.d.91BCF3CB8E1BC3EB56ACAD14EBC17F3E.e.99"},{"element-6066-11e4-a52e-4f735466cecf":"f.2C138ACF9B483A98B473579A44E388C2.d.91BCF3CB8E1BC3EB56ACAD14EBC17F3E.e.100"},{"element-6066-11e4-a52e-4f735466cecf":"f.2C138ACF9B483A98B473579A44E388C2.d.91BCF3CB8E1BC3EB56ACAD14EBC17F3E.e.101"},{"element-6066-11e4-a52e-4f735466cecf":"f.2C138ACF9B483A98B473579A44E388C2.d.91BCF3CB8E1BC3EB56ACAD14EBC17F3E.e.102"},{"element-6066-11e4-a52e-4f735466cecf":"f.2C138ACF9B483A98B473579A44E388C2.d.91BCF3CB8E1BC3EB56ACAD14EBC17F3E.e.103"},{"element-6066-11e4-a52e-4f735466cecf":"f.2C138ACF9B483A98B473579A44E388C2.d.91BCF3CB8E1BC3EB56ACAD14EBC17F3E.e.104"},{"element-6066-11e4-a52e-4f735466cecf":"f.2C138ACF9B483A98B473579A44E388C2.d.91BCF3CB8E1BC3EB56ACAD14EBC17F3E.e.105"},{"element-6066-11e4-a52e-4f735466cecf":"f.2C138ACF9B483A98B473579A44E388C2.d.91BCF3CB8E1BC3EB56ACAD14EBC17F3E.e.106"},{"element-6066-11e4-a52e-4f735466cecf":"f.2C138ACF9B483A98B473579A44E388C2.d.91BCF3CB8E1BC3EB56ACAD14EBC17F3E.e.107"},{"element-6066-11e4-a52e-4f735466cecf":"f.2C138ACF9B483A98B473579A44E388C2.d.91BCF3CB8E1BC3EB56ACAD14EBC17F3E.e.108"},{"element-6066-11e4-a52e-4f735466cecf":"f.2C138ACF9B483A98B473579A44E388C2.d.91BCF3CB8E1BC3EB56ACAD14EBC17F3E.e.109"},{"element-6066-11e4-a52e-4f735466cecf":"f.2C138ACF9B483A98B473579A44E388C2.d.91BCF3CB8E1BC3EB56ACAD14EBC17F3E.e.110"},{"element-6066-11e4-a52e-4f735466cecf":"f.2C138ACF9B483A98B473579A44E388C2.d.91BCF3CB8E1BC3EB56ACAD14EBC17F3E.e.111"},{"element-6066-11e4-a52e-4f735466cecf":"f.2C138ACF9B483A98B473579A44E388C2.d.91BCF3CB8E1BC3EB56ACAD14EBC17F3E.e.112"},{"element-6066-11e4-a52e-4f735466cecf":"f.2C138ACF9B483A98B473579A44E388C2.d.91BCF3CB8E1BC3EB56ACAD14EBC17F3E.e.113"},{"element-6066-11e4-a52e-4f735466cecf":"f.2C138ACF9B483A98B473579A44E388C2.d.91BCF3CB8E1BC3EB56ACAD14EBC17F3E.e.114"},{"element-6066-11e4-a52e-4f735466cecf":"f.2C138ACF9B483A98B473579A44E388C2.d.91BCF3CB8E1BC3EB56ACAD14EBC17F3E.e.115"},{"element-6066-11e4-a52e-4f735466cecf":"f.2C138ACF9B483A98B473579A44E388C2.d.91BCF3CB8E1BC3EB56ACAD14EBC17F3E.e.116"},{"element-6066-11e4-a52e-4f735466cecf":"f.2C138ACF9B483A98B473579A44E388C2.d.91BCF3CB8E1BC3EB56ACAD14EBC17F3E.e.117"}]} | headers=HTTPHeaderDict({'Content-Length': '5294', 'Content-Type': 'application/json; charset=utf-8', 'cache-control': 'no-cache'})
2026-02-19 13:04:39,573 - selenium.webdriver.remote.remote_connection - DEBUG - Finished Request
2026-02-19 13:04:39,574 - scraper - INFO - Found 45 iframes on page
2026-02-19 13:04:39,574 - selenium.webdriver.remote.remote_connection - DEBUG - POST http://localhost:54466/session/0b55c610f3409ececef6b7b5e6fc765c/execute/sync {'script': '/* getAttribute */return (function(){return (function(){var d=this||self;function f(a,b){function c(...', 'args': [{'element-6066-11e4-a52e-4f735466cecf': 'f.2C138ACF9B483A98B473579A44E388C2.d.91BCF3CB8E1BC3EB56ACAD14EBC17F3E.e.73'}, 'src']}
2026-02-19 13:04:39,586 - urllib3.connectionpool - DEBUG - http://localhost:54466 "POST /session/0b55c610f3409ececef6b7b5e6fc765c/execute/sync HTTP/1.1" 200 0
2026-02-19 13:04:39,586 - selenium.webdriver.remote.remote_connection - DEBUG - Remote response: status=200 | data={"value":"https://explore.dot.gov/views/FreightIndicators/ContainerShipCapacity?:embed=y&:showVizHome=no&:host_url=https%3A%2F%2Fexplore.dot.gov%2F&:embed_code_version=3&:tabs=no&:toolbar=yes&:showAppBanner=false&:display_spinner=no&:loadOrderID=0"} | headers=HTTPHeaderDict({'Content-Length': '249', 'Content-Type': 'application/json; charset=utf-8', 'cache-control': 'no-cache'})
2026-02-19 13:04:39,586 - selenium.webdriver.remote.remote_connection - DEBUG - Finished Request
2026-02-19 13:04:39,586 - scraper - INFO - Found target Tableau iframe: https://explore.dot.gov/views/FreightIndicators/ContainerShipCapacity?:embed=y&:showVizHome=no&:host_url=https%3A%2F%2Fe
2026-02-19 13:04:39,586 - selenium.webdriver.remote.remote_connection - DEBUG - POST http://localhost:54466/session/0b55c610f3409ececef6b7b5e6fc765c/execute/sync {'script': "arguments[0].scrollIntoView({block: 'center'});", 'args': [{'element-6066-11e4-a52e-4f735466cecf': 'f.2C138ACF9B483A98B473579A44E388C2.d.91BCF3CB8E1BC3EB56ACAD14EBC17F3E.e.73'}]}
2026-02-19 13:04:39,594 - urllib3.connectionpool - DEBUG - http://localhost:54466 "POST /session/0b55c610f3409ececef6b7b5e6fc765c/execute/sync HTTP/1.1" 200 0
2026-02-19 13:04:39,594 - selenium.webdriver.remote.remote_connection - DEBUG - Remote response: status=200 | data={"value":null} | headers=HTTPHeaderDict({'Content-Length': '14', 'Content-Type': 'application/json; charset=utf-8', 'cache-control': 'no-cache'})
2026-02-19 13:04:39,594 - selenium.webdriver.remote.remote_connection - DEBUG - Finished Request
2026-02-19 13:04:40,597 - selenium.webdriver.remote.remote_connection - DEBUG - POST http://localhost:54466/session/0b55c610f3409ececef6b7b5e6fc765c/frame {'id': {'element-6066-11e4-a52e-4f735466cecf': 'f.2C138ACF9B483A98B473579A44E388C2.d.91BCF3CB8E1BC3EB56ACAD14EBC17F3E.e.73'}}
2026-02-19 13:04:40,725 - urllib3.connectionpool - DEBUG - http://localhost:54466 "POST /session/0b55c610f3409ececef6b7b5e6fc765c/frame HTTP/1.1" 200 0
2026-02-19 13:04:40,725 - selenium.webdriver.remote.remote_connection - DEBUG - Remote response: status=200 | data={"value":null} | headers=HTTPHeaderDict({'Content-Length': '14', 'Content-Type': 'application/json; charset=utf-8', 'cache-control': 'no-cache'})
2026-02-19 13:04:40,725 - selenium.webdriver.remote.remote_connection - DEBUG - Finished Request
2026-02-19 13:04:40,725 - scraper - INFO - Switched to Tableau iframe
2026-02-19 13:04:40,726 - selenium.webdriver.remote.remote_connection - DEBUG - POST http://localhost:54466/session/0b55c610f3409ececef6b7b5e6fc765c/element {'using': 'css selector', 'value': '[data-tb-test-id="viz-viewer-toolbar-button-download"]'}
2026-02-19 13:04:40,921 - urllib3.connectionpool - DEBUG - http://localhost:54466 "POST /session/0b55c610f3409ececef6b7b5e6fc765c/element HTTP/1.1" 200 0
2026-02-19 13:04:40,921 - selenium.webdriver.remote.remote_connection - DEBUG - Remote response: status=200 | data={"value":{"element-6066-11e4-a52e-4f735466cecf":"f.5B53C7C6AFC81850B16AD73A550B60E7.d.A7C1AD886894C6E23D67E65659F6575F.e.40"}} | headers=HTTPHeaderDict({'Content-Length': '126', 'Content-Type': 'application/json; charset=utf-8', 'cache-control': 'no-cache'})
2026-02-19 13:04:40,921 - selenium.webdriver.remote.remote_connection - DEBUG - Finished Request
2026-02-19 13:04:40,922 - scraper - INFO - Tableau download button detected - chart is loaded
2026-02-19 13:04:43,923 - scraper - INFO - Clicking Download button...
2026-02-19 13:04:43,923 - selenium.webdriver.remote.remote_connection - DEBUG - POST http://localhost:54466/session/0b55c610f3409ececef6b7b5e6fc765c/element {'using': 'css selector', 'value': '[data-tb-test-id="viz-viewer-toolbar-button-download"]'}
2026-02-19 13:04:44,542 - urllib3.connectionpool - DEBUG - http://localhost:54466 "POST /session/0b55c610f3409ececef6b7b5e6fc765c/element HTTP/1.1" 200 0
2026-02-19 13:04:44,543 - selenium.webdriver.remote.remote_connection - DEBUG - Remote response: status=200 | data={"value":{"element-6066-11e4-a52e-4f735466cecf":"f.5B53C7C6AFC81850B16AD73A550B60E7.d.A7C1AD886894C6E23D67E65659F6575F.e.40"}} | headers=HTTPHeaderDict({'Content-Length': '126', 'Content-Type': 'application/json; charset=utf-8', 'cache-control': 'no-cache'})
2026-02-19 13:04:44,543 - selenium.webdriver.remote.remote_connection - DEBUG - Finished Request
2026-02-19 13:04:44,543 - selenium.webdriver.remote.remote_connection - DEBUG - POST http://localhost:54466/session/0b55c610f3409ececef6b7b5e6fc765c/execute/sync {'script': 'arguments[0].click();', 'args': [{'element-6066-11e4-a52e-4f735466cecf': 'f.5B53C7C6AFC81850B16AD73A550B60E7.d.A7C1AD886894C6E23D67E65659F6575F.e.40'}]}
2026-02-19 13:04:44,576 - urllib3.connectionpool - DEBUG - http://localhost:54466 "POST /session/0b55c610f3409ececef6b7b5e6fc765c/execute/sync HTTP/1.1" 200 0
2026-02-19 13:04:44,576 - selenium.webdriver.remote.remote_connection - DEBUG - Remote response: status=200 | data={"value":null} | headers=HTTPHeaderDict({'Content-Length': '14', 'Content-Type': 'application/json; charset=utf-8', 'cache-control': 'no-cache'})
2026-02-19 13:04:44,576 - selenium.webdriver.remote.remote_connection - DEBUG - Finished Request
2026-02-19 13:04:46,577 - scraper - INFO - Clicking Crosstab option...
2026-02-19 13:04:46,577 - selenium.webdriver.remote.remote_connection - DEBUG - POST http://localhost:54466/session/0b55c610f3409ececef6b7b5e6fc765c/element {'using': 'css selector', 'value': '[data-tb-test-id="download-flyout-download-crosstab-MenuItem"]'}
2026-02-19 13:04:46,773 - urllib3.connectionpool - DEBUG - http://localhost:54466 "POST /session/0b55c610f3409ececef6b7b5e6fc765c/element HTTP/1.1" 200 0
2026-02-19 13:04:46,773 - selenium.webdriver.remote.remote_connection - DEBUG - Remote response: status=200 | data={"value":{"element-6066-11e4-a52e-4f735466cecf":"f.5B53C7C6AFC81850B16AD73A550B60E7.d.A7C1AD886894C6E23D67E65659F6575F.e.63"}} | headers=HTTPHeaderDict({'Content-Length': '126', 'Content-Type': 'application/json; charset=utf-8', 'cache-control': 'no-cache'})
2026-02-19 13:04:46,773 - selenium.webdriver.remote.remote_connection - DEBUG - Finished Request
2026-02-19 13:04:46,774 - selenium.webdriver.remote.remote_connection - DEBUG - POST http://localhost:54466/session/0b55c610f3409ececef6b7b5e6fc765c/execute/sync {'script': 'arguments[0].click();', 'args': [{'element-6066-11e4-a52e-4f735466cecf': 'f.5B53C7C6AFC81850B16AD73A550B60E7.d.A7C1AD886894C6E23D67E65659F6575F.e.63'}]}
2026-02-19 13:04:46,789 - urllib3.connectionpool - DEBUG - http://localhost:54466 "POST /session/0b55c610f3409ececef6b7b5e6fc765c/execute/sync HTTP/1.1" 200 0
2026-02-19 13:04:46,789 - selenium.webdriver.remote.remote_connection - DEBUG - Remote response: status=200 | data={"value":null} | headers=HTTPHeaderDict({'Content-Length': '14', 'Content-Type': 'application/json; charset=utf-8', 'cache-control': 'no-cache'})
2026-02-19 13:04:46,789 - selenium.webdriver.remote.remote_connection - DEBUG - Finished Request
2026-02-19 13:04:49,790 - scraper - INFO - Waiting for Download Crosstab modal...
2026-02-19 13:04:49,790 - selenium.webdriver.remote.remote_connection - DEBUG - POST http://localhost:54466/session/0b55c610f3409ececef6b7b5e6fc765c/element {'using': 'css selector', 'value': '[data-tb-test-id="export-crosstab-export-Button"]'}
2026-02-19 13:04:49,930 - urllib3.connectionpool - DEBUG - http://localhost:54466 "POST /session/0b55c610f3409ececef6b7b5e6fc765c/element HTTP/1.1" 200 0
2026-02-19 13:04:49,930 - selenium.webdriver.remote.remote_connection - DEBUG - Remote response: status=200 | data={"value":{"element-6066-11e4-a52e-4f735466cecf":"f.5B53C7C6AFC81850B16AD73A550B60E7.d.A7C1AD886894C6E23D67E65659F6575F.e.79"}} | headers=HTTPHeaderDict({'Content-Length': '126', 'Content-Type': 'application/json; charset=utf-8', 'cache-control': 'no-cache'})
2026-02-19 13:04:49,931 - selenium.webdriver.remote.remote_connection - DEBUG - Finished Request
2026-02-19 13:04:49,931 - scraper - INFO - Selecting CSV format...
2026-02-19 13:04:49,931 - selenium.webdriver.remote.remote_connection - DEBUG - POST http://localhost:54466/session/0b55c610f3409ececef6b7b5e6fc765c/element {'using': 'css selector', 'value': '[data-tb-test-id="crosstab-options-dialog-radio-csv-Label"]'}
2026-02-19 13:04:49,948 - urllib3.connectionpool - DEBUG - http://localhost:54466 "POST /session/0b55c610f3409ececef6b7b5e6fc765c/element HTTP/1.1" 200 0
2026-02-19 13:04:49,949 - selenium.webdriver.remote.remote_connection - DEBUG - Remote response: status=200 | data={"value":{"element-6066-11e4-a52e-4f735466cecf":"f.5B53C7C6AFC81850B16AD73A550B60E7.d.A7C1AD886894C6E23D67E65659F6575F.e.80"}} | headers=HTTPHeaderDict({'Content-Length': '126', 'Content-Type': 'application/json; charset=utf-8', 'cache-control': 'no-cache'})
2026-02-19 13:04:49,949 - selenium.webdriver.remote.remote_connection - DEBUG - Finished Request
2026-02-19 13:04:49,949 - selenium.webdriver.remote.remote_connection - DEBUG - POST http://localhost:54466/session/0b55c610f3409ececef6b7b5e6fc765c/execute/sync {'script': 'arguments[0].click();', 'args': [{'element-6066-11e4-a52e-4f735466cecf': 'f.5B53C7C6AFC81850B16AD73A550B60E7.d.A7C1AD886894C6E23D67E65659F6575F.e.80'}]}
2026-02-19 13:04:49,960 - urllib3.connectionpool - DEBUG - http://localhost:54466 "POST /session/0b55c610f3409ececef6b7b5e6fc765c/execute/sync HTTP/1.1" 200 0
2026-02-19 13:04:49,961 - selenium.webdriver.remote.remote_connection - DEBUG - Remote response: status=200 | data={"value":null} | headers=HTTPHeaderDict({'Content-Length': '14', 'Content-Type': 'application/json; charset=utf-8', 'cache-control': 'no-cache'})
2026-02-19 13:04:49,961 - selenium.webdriver.remote.remote_connection - DEBUG - Finished Request
2026-02-19 13:04:50,965 - scraper - INFO - Clicking Export button...
2026-02-19 13:04:50,966 - selenium.webdriver.remote.remote_connection - DEBUG - POST http://localhost:54466/session/0b55c610f3409ececef6b7b5e6fc765c/element {'using': 'css selector', 'value': '[data-tb-test-id="export-crosstab-export-Button"]'}
2026-02-19 13:04:50,994 - urllib3.connectionpool - DEBUG - http://localhost:54466 "POST /session/0b55c610f3409ececef6b7b5e6fc765c/element HTTP/1.1" 200 0
2026-02-19 13:04:50,994 - selenium.webdriver.remote.remote_connection - DEBUG - Remote response: status=200 | data={"value":{"element-6066-11e4-a52e-4f735466cecf":"f.5B53C7C6AFC81850B16AD73A550B60E7.d.A7C1AD886894C6E23D67E65659F6575F.e.79"}} | headers=HTTPHeaderDict({'Content-Length': '126', 'Content-Type': 'application/json; charset=utf-8', 'cache-control': 'no-cache'})
2026-02-19 13:04:50,994 - selenium.webdriver.remote.remote_connection - DEBUG - Finished Request
2026-02-19 13:04:50,994 - selenium.webdriver.remote.remote_connection - DEBUG - POST http://localhost:54466/session/0b55c610f3409ececef6b7b5e6fc765c/execute/sync {'script': 'arguments[0].click();', 'args': [{'element-6066-11e4-a52e-4f735466cecf': 'f.5B53C7C6AFC81850B16AD73A550B60E7.d.A7C1AD886894C6E23D67E65659F6575F.e.79'}]}
2026-02-19 13:04:51,011 - urllib3.connectionpool - DEBUG - http://localhost:54466 "POST /session/0b55c610f3409ececef6b7b5e6fc765c/execute/sync HTTP/1.1" 200 0
2026-02-19 13:04:51,012 - selenium.webdriver.remote.remote_connection - DEBUG - Remote response: status=200 | data={"value":null} | headers=HTTPHeaderDict({'Content-Length': '14', 'Content-Type': 'application/json; charset=utf-8', 'cache-control': 'no-cache'})
2026-02-19 13:04:51,012 - selenium.webdriver.remote.remote_connection - DEBUG - Finished Request
2026-02-19 13:04:51,012 - scraper - INFO - Download triggered, waiting for file...
2026-02-19 13:04:54,017 - scraper - INFO - Download complete: 1.1 Capacity of Containerships (Line).csv
2026-02-19 13:04:54,017 - uc - DEBUG - webdriver process ended
2026-02-19 13:04:54,019 - uc - DEBUG - gracefully closed browser
2026-02-19 13:04:54,123 - uc - DEBUG - When removing the temp profile, a PermissionError occured: [WinError 32] The process cannot access the file because it is being used by another process: 'C:\\Users\\MARKCA~1\\AppData\\Local\\Temp\\tmp6af2xnrb\\CrashpadMetrics-active.pma'
retrying...
2026-02-19 13:04:54,226 - uc - DEBUG - When removing the temp profile, a PermissionError occured: [WinError 32] The process cannot access the file because it is being used by another process: 'C:\\Users\\MARKCA~1\\AppData\\Local\\Temp\\tmp6af2xnrb\\CrashpadMetrics-active.pma'
retrying...
2026-02-19 13:04:54,592 - uc - DEBUG - successfully removed C:\Users\MARKCA~1\AppData\Local\Temp\tmp6af2xnrb
2026-02-19 13:04:54,592 - scraper - INFO - Browser closed
2026-02-19 13:04:54,592 - __main__ - INFO - ======================================================================
2026-02-19 13:04:54,592 - __main__ - INFO - STEP 4: Parsing Data & Updating Master
2026-02-19 13:04:54,592 - __main__ - INFO - ======================================================================
2026-02-19 13:04:54,592 - parser - INFO - Parsing downloaded CSV: D:\Projects\SIMBA-RUNBOOKS\FREIGHTINFO_MARAD_Runbook\downloads\20260219_130421\1.1 Capacity of Containerships (Line).csv
2026-02-19 13:04:54,647 - parser - INFO -   Successfully read CSV with encoding: utf-16
2026-02-19 13:04:54,648 - parser - INFO -   CSV has 373 lines
2026-02-19 13:04:54,655 - parser - INFO -   Parsed 0 unique dates (371 rows skipped)
2026-02-19 13:04:54,656 - __main__ - ERROR - Failed to parse downloaded CSV
2026-02-19 13:04:54,657 - uc - INFO - ensuring close
2026-02-19 13:04:54,693 - uc - DEBUG - webdriver process ended
