2026-06-30 11:23:40,710 [INFO] Log → D:\Projects\SIMBA-RUNBOOKS\FREIGHTINFO_MARAD_Runbook\logs\pw_20260630_112340\pw_20260630_112340.log
2026-06-30 11:23:40,712 [INFO] ============================================================
2026-06-30 11:23:40,712 [INFO] PLAYWRIGHT HIGHLIGHT SCAN  x=580→740
2026-06-30 11:23:40,712 [INFO] ============================================================
2026-06-30 11:23:53,147 [INFO] Navigating to https://www.bts.gov/freight-indicators#anchored-offshore
2026-06-30 11:24:06,560 [INFO] Looking for iframe with 'ContainershipsAnchored' in src ...
2026-06-30 11:24:09,867 [INFO]   Found frame: https://explore.dot.gov/views/FreightIndicators/ContainershipsAnchored?:embed=y&:showVizHome=no&:hos
2026-06-30 11:24:10,258 [INFO] Waiting 15 s for Tableau to fully render ...
2026-06-30 11:24:25,267 [INFO] Locating canvas inside iframe ...
2026-06-30 11:24:25,694 [INFO] Frame status: {'url': 'https://explore.dot.gov/views/FreightIndicators/ContainershipsAnchored?%3Aembed=y&%3AshowVizHome=no&%3Ahost_url=https%3A%2F%2Fexplore.dot.gov%2F&%3Aembed_code_version=3&%3Atabs=no&%3Atoolbar=yes&%3AshowAppBanner=false&%3Adisplay_spinner=no&%3AloadOrderID=5', 'title': 'Workbook: Freight Indicators', 'canvases': [{'w': 30, 'h': 39, 'cls': '', 'vis': True}, {'w': 744, 'h': 423, 'cls': 'tabCanvas tab-widget', 'vis': True}, {'w': 744, 'h': 423, 'cls': 'tabCanvas tab-widget', 'vis': True}, {'w': 744, 'h': 423, 'cls': 'tabCanvas tab-widget', 'vis': True}], 'denied': False}
2026-06-30 11:24:26,201 [INFO] Canvas found via '.tab-tvView canvas': x=496 y=271 w=744 h=423
2026-06-30 11:24:26,201 [INFO] Enabling legend highlight mode ...
2026-06-30 11:24:29,617 [INFO]   Hovered legend panel
2026-06-30 11:24:29,625 [INFO]   Controls state: {'ctrl_opacity': '1', 'ctrl_pointer': 'auto', 'ctrl_display': 'block', 'btn_pressed': 'false', 'btn_class': 'tabLegendHighlighterButton tabLegendTitleControlsButtons tabHighlightDisabled'}
2026-06-30 11:24:31,577 [INFO]   Highlight button clicked → aria-pressed=true
2026-06-30 11:24:31,856 [INFO] 
──────────────────────────────────────────────────
2026-06-30 11:24:31,857 [INFO] REGION PASS: East
2026-06-30 11:24:31,857 [INFO] ──────────────────────────────────────────────────
2026-06-30 11:24:35,112 [INFO]   Clicked 'East' item → aria-selected=true
2026-06-30 11:24:35,143 [INFO]   Scanning 81 x-pos × 7 y-pos = 567 moves
2026-06-30 11:24:47,351 [INFO]     [East] 6/23/2026 → Gulf=2
2026-06-30 11:24:49,366 [INFO]     [East] 6/23/2026 → Gulf=2
2026-06-30 11:24:56,211 [INFO]     [East] 6/16/2026 → West=2
2026-06-30 11:24:58,626 [INFO]     [East] 6/9/2026 → East=2
2026-06-30 11:25:01,746 [INFO]     [East] 6/2/2026 → Gulf=2
2026-06-30 11:25:03,098 [INFO]   140/567 moves | 5 hits
2026-06-30 11:25:03,286 [INFO]     [East] 5/26/2026 → West=2
2026-06-30 11:25:06,425 [INFO]     [East] 5/26/2026 → West=2
2026-06-30 11:25:07,952 [INFO]     [East] 5/12/2026 → East=2
2026-06-30 11:25:10,398 [INFO]     [East] 4/28/2026 → Gulf=2
2026-06-30 11:25:11,921 [INFO]     [East] 4/21/2026 → West=1
2026-06-30 11:25:12,749 [INFO]     [East] 3/31/2026 → East=10
2026-06-30 11:25:13,400 [INFO]     [East] 4/7/2026 → West=0
2026-06-30 11:25:14,230 [INFO]     [East] 3/17/2026 → East=11
2026-06-30 11:25:14,834 [INFO]     [East] 3/24/2026 → Gulf=2
2026-06-30 11:25:17,656 [INFO]     [East] 3/3/2026 → West=3
2026-06-30 11:25:17,758 [INFO]     [East] 3/3/2026 → East=9
2026-06-30 11:25:20,539 [INFO]     [East] 2/24/2026 → Gulf=3
2026-06-30 11:25:21,271 [INFO]     [East] 2/17/2026 → Gulf=2
2026-06-30 11:25:21,891 [INFO]   280/567 moves | 18 hits
2026-06-30 11:25:22,693 [INFO]     [East] 2/10/2026 → West=2
2026-06-30 11:25:23,393 [INFO]     [East] 1/27/2026 → Gulf=4
2026-06-30 11:25:23,493 [INFO]     [East] 1/6/2026 → East=11
2026-06-30 11:25:25,584 [INFO]     [East] 1/13/2026 → Gulf=2
2026-06-30 11:25:27,794 [INFO]     [East] 12/23/2025 → West=0
2026-06-30 11:25:30,002 [INFO]     [East] 12/9/2025 → West=1
2026-06-30 11:25:30,816 [INFO]     [East] 12/9/2025 → East=10
2026-06-30 11:25:31,447 [INFO]     [East] 12/2/2025 → Gulf=2
2026-06-30 11:25:32,182 [INFO]     [East] 11/25/2025 → West=3
2026-06-30 11:25:32,981 [INFO]     [East] 11/18/2025 → East=10
2026-06-30 11:25:35,902 [INFO]     [East] 11/18/2025 → Gulf=4
2026-06-30 11:25:36,524 [INFO]   420/567 moves | 29 hits
2026-06-30 11:25:36,632 [INFO]     [East] 9/30/2025 → Gulf=2
2026-06-30 11:25:39,752 [INFO]     [East] 9/9/2025 → East=8
2026-06-30 11:25:41,191 [INFO]     [East] 9/23/2025 → West=2
2026-06-30 11:25:41,925 [INFO]     [East] 9/16/2025 → East=2
2026-06-30 11:25:43,408 [INFO]     [East] 9/9/2025 → Gulf=2
2026-06-30 11:25:44,121 [INFO]     [East] 9/2/2025 → Gulf=2
2026-06-30 11:25:44,954 [INFO]     [East] 8/26/2025 → East=12
2026-06-30 11:25:45,576 [INFO]     [East] 8/26/2025 → West=2
2026-06-30 11:25:46,996 [INFO]     [East] 8/19/2025 → West=3
2026-06-30 11:25:47,110 [INFO]     [East] 8/5/2025 → East=12
2026-06-30 11:25:47,774 [INFO]     [East] 8/5/2025 → West=2
2026-06-30 11:25:49,276 [INFO]     [East] 7/22/2025 → Gulf=4
2026-06-30 11:25:51,389 [INFO]   560/567 moves | 41 hits
2026-06-30 11:25:51,497 [INFO]     [East] 7/8/2025 → Gulf=2
2026-06-30 11:25:52,113 [INFO]   [East] done → 42 tooltips
2026-06-30 11:25:52,114 [INFO] 
──────────────────────────────────────────────────
2026-06-30 11:25:52,114 [INFO] REGION PASS: West
2026-06-30 11:25:52,115 [INFO] ──────────────────────────────────────────────────
2026-06-30 11:25:54,910 [INFO]   Clicked 'West' item → aria-selected=true
2026-06-30 11:25:54,910 [INFO]   Scanning 81 x-pos × 7 y-pos = 567 moves
2026-06-30 11:26:02,597 [INFO]     [West] 6/23/2026 → Gulf=2
2026-06-30 11:26:07,004 [INFO]     [West] 6/16/2026 → West=2
2026-06-30 11:26:07,756 [INFO]     [West] 6/9/2026 → East=2
2026-06-30 11:26:09,228 [INFO]     [West] 6/2/2026 → Gulf=2
2026-06-30 11:26:09,885 [INFO]   140/567 moves | 4 hits
2026-06-30 11:26:09,991 [INFO]     [West] 5/26/2026 → West=2
2026-06-30 11:26:11,470 [INFO]     [West] 5/12/2026 → East=2
2026-06-30 11:26:13,654 [INFO]     [West] 4/28/2026 → Gulf=2
2026-06-30 11:26:15,144 [INFO]     [West] 4/21/2026 → West=1
2026-06-30 11:26:16,029 [INFO]     [West] 3/31/2026 → East=10
2026-06-30 11:26:16,645 [INFO]     [West] 4/7/2026 → West=0
2026-06-30 11:26:17,493 [INFO]     [West] 3/17/2026 → East=11
2026-06-30 11:26:18,114 [INFO]     [West] 3/24/2026 → Gulf=2
2026-06-30 11:26:20,965 [INFO]     [West] 3/3/2026 → West=3
2026-06-30 11:26:21,081 [INFO]     [West] 3/3/2026 → East=9
2026-06-30 11:26:23,181 [INFO]     [West] 2/24/2026 → Gulf=3
2026-06-30 11:26:23,895 [INFO]     [West] 2/17/2026 → Gulf=2
2026-06-30 11:26:24,511 [INFO]   280/567 moves | 16 hits
2026-06-30 11:26:25,350 [INFO]     [West] 2/10/2026 → West=2
2026-06-30 11:26:26,085 [INFO]     [West] 1/27/2026 → Gulf=4
2026-06-30 11:26:26,199 [INFO]     [West] 1/6/2026 → East=11
2026-06-30 11:26:28,300 [INFO]     [West] 1/13/2026 → Gulf=2
2026-06-30 11:26:30,601 [INFO]     [West] 12/23/2025 → West=0
2026-06-30 11:26:32,787 [INFO]     [West] 12/9/2025 → West=1
2026-06-30 11:26:33,606 [INFO]     [West] 12/9/2025 → East=10
2026-06-30 11:26:34,224 [INFO]     [West] 12/2/2025 → Gulf=2
2026-06-30 11:26:34,938 [INFO]     [West] 11/25/2025 → West=3
2026-06-30 11:26:35,993 [INFO]     [West] 11/18/2025 → East=10
2026-06-30 11:26:39,044 [INFO]     [West] 11/18/2025 → Gulf=4
2026-06-30 11:26:39,638 [INFO]   420/567 moves | 27 hits
2026-06-30 11:26:39,743 [INFO]     [West] 9/30/2025 → Gulf=2
2026-06-30 11:26:42,761 [INFO]     [West] 9/9/2025 → East=8
2026-06-30 11:26:44,109 [INFO]     [West] 9/23/2025 → West=2
2026-06-30 11:26:44,846 [INFO]     [West] 9/16/2025 → East=2
2026-06-30 11:26:46,316 [INFO]     [West] 9/9/2025 → Gulf=2
2026-06-30 11:26:47,026 [INFO]     [West] 9/2/2025 → Gulf=2
2026-06-30 11:26:47,854 [INFO]     [West] 8/26/2025 → East=12
2026-06-30 11:26:48,468 [INFO]     [West] 8/26/2025 → West=2
2026-06-30 11:26:49,918 [INFO]     [West] 8/19/2025 → West=3
2026-06-30 11:26:50,014 [INFO]     [West] 8/5/2025 → East=12
2026-06-30 11:26:50,633 [INFO]     [West] 8/5/2025 → West=2
2026-06-30 11:26:52,085 [INFO]     [West] 7/22/2025 → Gulf=4
2026-06-30 11:26:54,164 [INFO]   560/567 moves | 39 hits
2026-06-30 11:26:54,286 [INFO]     [West] 7/8/2025 → Gulf=2
2026-06-30 11:26:54,898 [INFO]   [West] done → 40 tooltips
2026-06-30 11:26:54,898 [INFO] 
──────────────────────────────────────────────────
2026-06-30 11:26:54,898 [INFO] REGION PASS: Gulf
2026-06-30 11:26:54,898 [INFO] ──────────────────────────────────────────────────
2026-06-30 11:26:57,047 [INFO]   Clicked 'Gulf' item → aria-selected=true
2026-06-30 11:26:57,061 [INFO]   Scanning 81 x-pos × 7 y-pos = 567 moves
2026-06-30 11:27:04,633 [INFO]     [Gulf] 6/23/2026 → Gulf=2
2026-06-30 11:27:08,980 [INFO]     [Gulf] 6/16/2026 → West=2
2026-06-30 11:27:09,697 [INFO]     [Gulf] 6/9/2026 → East=2
2026-06-30 11:27:10,482 [INFO]     [Gulf] 6/9/2026 → Gulf=2
2026-06-30 11:27:11,232 [INFO]     [Gulf] 6/2/2026 → Gulf=2
2026-06-30 11:27:11,877 [INFO]   140/567 moves | 5 hits
2026-06-30 11:27:11,982 [INFO]     [Gulf] 5/26/2026 → West=2
2026-06-30 11:27:13,465 [INFO]     [Gulf] 5/12/2026 → East=2
2026-06-30 11:27:15,633 [INFO]     [Gulf] 4/28/2026 → Gulf=2
2026-06-30 11:27:17,083 [INFO]     [Gulf] 4/21/2026 → Gulf=2
2026-06-30 11:27:17,851 [INFO]     [Gulf] 4/21/2026 → West=1
2026-06-30 11:27:17,952 [INFO]     [Gulf] 3/31/2026 → East=10
2026-06-30 11:27:18,593 [INFO]     [Gulf] 4/7/2026 → West=0
2026-06-30 11:27:19,435 [INFO]     [Gulf] 3/17/2026 → East=11
2026-06-30 11:27:20,102 [INFO]     [Gulf] 3/24/2026 → Gulf=2
2026-06-30 11:27:23,505 [INFO]     [Gulf] 3/3/2026 → West=3
2026-06-30 11:27:23,622 [INFO]     [Gulf] 3/3/2026 → East=9
2026-06-30 11:27:24,991 [INFO]     [Gulf] 2/24/2026 → Gulf=3
2026-06-30 11:27:26,476 [INFO]     [Gulf] 2/17/2026 → Gulf=2
2026-06-30 11:27:27,107 [INFO]   280/567 moves | 18 hits
2026-06-30 11:27:27,878 [INFO]     [Gulf] 2/10/2026 → West=2
2026-06-30 11:27:28,589 [INFO]     [Gulf] 1/27/2026 → Gulf=4
2026-06-30 11:27:28,680 [INFO]     [Gulf] 1/6/2026 → East=11
2026-06-30 11:27:30,693 [INFO]     [Gulf] 1/13/2026 → Gulf=2
2026-06-30 11:27:32,794 [INFO]     [Gulf] 12/23/2025 → West=0
2026-06-30 11:27:35,509 [INFO]     [Gulf] 12/9/2025 → Gulf=2
2026-06-30 11:27:36,612 [INFO]     [Gulf] 12/9/2025 → East=10
2026-06-30 11:27:37,337 [INFO]     [Gulf] 12/2/2025 → Gulf=2
2026-06-30 11:27:38,849 [INFO]     [Gulf] 11/25/2025 → West=3
2026-06-30 11:27:38,976 [INFO]     [Gulf] 11/18/2025 → East=10
2026-06-30 11:27:41,560 [INFO]     [Gulf] 11/18/2025 → Gulf=4
2026-06-30 11:27:42,102 [INFO]   420/567 moves | 29 hits
2026-06-30 11:27:42,202 [INFO]     [Gulf] 9/30/2025 → Gulf=2
2026-06-30 11:27:45,124 [INFO]     [Gulf] 9/9/2025 → East=8
2026-06-30 11:27:46,371 [INFO]     [Gulf] 9/23/2025 → West=2
2026-06-30 11:27:47,207 [INFO]     [Gulf] 9/16/2025 → East=2
2026-06-30 11:27:48,823 [INFO]     [Gulf] 9/9/2025 → Gulf=2
2026-06-30 11:27:49,589 [INFO]     [Gulf] 9/2/2025 → Gulf=2
2026-06-30 11:27:50,492 [INFO]     [Gulf] 8/26/2025 → East=12
2026-06-30 11:27:51,418 [INFO]     [Gulf] 8/26/2025 → West=2
2026-06-30 11:27:52,858 [INFO]     [Gulf] 8/19/2025 → West=3
2026-06-30 11:27:53,018 [INFO]     [Gulf] 8/5/2025 → East=12
2026-06-30 11:27:53,661 [INFO]     [Gulf] 8/5/2025 → West=2
2026-06-30 11:27:55,064 [INFO]     [Gulf] 7/22/2025 → Gulf=4
2026-06-30 11:27:57,095 [INFO]   560/567 moves | 41 hits
2026-06-30 11:27:57,608 [INFO]     [Gulf] 7/8/2025 → Gulf=2
2026-06-30 11:27:58,218 [INFO]   [Gulf] done → 42 tooltips
2026-06-30 11:27:58,228 [INFO] 
============================================================
2026-06-30 11:27:58,228 [INFO] RESULTS  34 dates  |  1 complete
2026-06-30 11:27:58,228 [INFO] Range    7/8/2025 → 6/23/2026
2026-06-30 11:27:58,228 [INFO] ============================================================
2026-06-30 11:27:58,228 [INFO]   7/8/2025      E=  ?  W=  ?  G=  2  MISS:East,West
2026-06-30 11:27:58,228 [INFO]   7/22/2025     E=  ?  W=  ?  G=  4  MISS:East,West
2026-06-30 11:27:58,228 [INFO]   8/5/2025      E= 12  W=  2  G=  ?  MISS:Gulf
2026-06-30 11:27:58,228 [INFO]   8/19/2025     E=  ?  W=  3  G=  ?  MISS:East,Gulf
2026-06-30 11:27:58,228 [INFO]   8/26/2025     E= 12  W=  2  G=  ?  MISS:Gulf
2026-06-30 11:27:58,228 [INFO]   9/2/2025      E=  ?  W=  ?  G=  2  MISS:East,West
2026-06-30 11:27:58,228 [INFO]   9/9/2025      E=  8  W=  ?  G=  2  MISS:West
2026-06-30 11:27:58,228 [INFO]   9/16/2025     E=  2  W=  ?  G=  ?  MISS:West,Gulf
2026-06-30 11:27:58,228 [INFO]   9/23/2025     E=  ?  W=  2  G=  ?  MISS:East,Gulf
2026-06-30 11:27:58,228 [INFO]   9/30/2025     E=  ?  W=  ?  G=  2  MISS:East,West
2026-06-30 11:27:58,228 [INFO]   11/18/2025    E= 10  W=  ?  G=  4  MISS:West
2026-06-30 11:27:58,228 [INFO]   11/25/2025    E=  ?  W=  3  G=  ?  MISS:East,Gulf
2026-06-30 11:27:58,228 [INFO]   12/2/2025     E=  ?  W=  ?  G=  2  MISS:East,West
2026-06-30 11:27:58,228 [INFO]   12/9/2025     E= 10  W=  1  G=  2  OK
2026-06-30 11:27:58,228 [INFO]   12/23/2025    E=  ?  W=  0  G=  ?  MISS:East,Gulf
2026-06-30 11:27:58,228 [INFO]   1/6/2026      E= 11  W=  ?  G=  ?  MISS:West,Gulf
2026-06-30 11:27:58,228 [INFO]   1/13/2026     E=  ?  W=  ?  G=  2  MISS:East,West
2026-06-30 11:27:58,228 [INFO]   1/27/2026     E=  ?  W=  ?  G=  4  MISS:East,West
2026-06-30 11:27:58,228 [INFO]   2/10/2026     E=  ?  W=  2  G=  ?  MISS:East,Gulf
2026-06-30 11:27:58,228 [INFO]   2/17/2026     E=  ?  W=  ?  G=  2  MISS:East,West
2026-06-30 11:27:58,228 [INFO]   2/24/2026     E=  ?  W=  ?  G=  3  MISS:East,West
2026-06-30 11:27:58,228 [INFO]   3/3/2026      E=  9  W=  3  G=  ?  MISS:Gulf
2026-06-30 11:27:58,228 [INFO]   3/17/2026     E= 11  W=  ?  G=  ?  MISS:West,Gulf
2026-06-30 11:27:58,228 [INFO]   3/24/2026     E=  ?  W=  ?  G=  2  MISS:East,West
2026-06-30 11:27:58,228 [INFO]   3/31/2026     E= 10  W=  ?  G=  ?  MISS:West,Gulf
2026-06-30 11:27:58,228 [INFO]   4/7/2026      E=  ?  W=  0  G=  ?  MISS:East,Gulf
2026-06-30 11:27:58,228 [INFO]   4/21/2026     E=  ?  W=  1  G=  2  MISS:East
2026-06-30 11:27:58,228 [INFO]   4/28/2026     E=  ?  W=  ?  G=  2  MISS:East,West
2026-06-30 11:27:58,228 [INFO]   5/12/2026     E=  2  W=  ?  G=  ?  MISS:West,Gulf
2026-06-30 11:27:58,228 [INFO]   5/26/2026     E=  ?  W=  2  G=  ?  MISS:East,Gulf
2026-06-30 11:27:58,228 [INFO]   6/2/2026      E=  ?  W=  ?  G=  2  MISS:East,West
2026-06-30 11:27:58,228 [INFO]   6/9/2026      E=  2  W=  ?  G=  2  MISS:West
2026-06-30 11:27:58,228 [INFO]   6/16/2026     E=  ?  W=  2  G=  ?  MISS:East,Gulf
2026-06-30 11:27:58,228 [INFO]   6/23/2026     E=  ?  W=  ?  G=  2  MISS:East,West
2026-06-30 11:27:58,228 [INFO] Saved → test_pw_results.csv
